<?xml version="1.0" encoding="utf-8"?>
<TestRun id="215a6781-0bba-49c8-a574-13f964074c5f" name="CharlesMcCullough@MSI 2022-12-29 12:10:04" runUser="AzureAD\CharlesMcCullough" xmlns="http://microsoft.com/schemas/VisualStudio/TeamTest/2010">
  <Times creation="2022-12-29T12:10:04.6130781-06:00" queuing="2022-12-29T12:10:04.6130800-06:00" start="2022-12-29T12:10:01.6792351-06:00" finish="2022-12-29T12:10:04.6138980-06:00" />
  <TestSettings name="default" id="2948dbf9-8a01-4606-ad0c-46a541c268a0">
    <Deployment runDeploymentRoot="CharlesMcCullough_MSI_2022-12-29_12_10_04" />
  </TestSettings>
  <TestLists>
    <TestList name="Results Not in a List" id="8c84fa94-04c1-424b-9868-57a2d4851a1d" />
    <TestList name="All Loaded Results" id="19431567-8539-422a-85d7-44ee4e166bda" />
  </TestLists>
  <ResultSummary outcome="Completed">
    <Counters total="0" executed="0" passed="0" failed="0" error="0" timeout="0" aborted="0" inconclusive="0" passedButRunAborted="0" notRunnable="0" notExecuted="0" disconnected="0" warning="0" completed="0" inProgress="0" pending="0" />
    <Output>
      <StdOut>[xUnit.net 00:00:00.00] xUnit.net VSTest Adapter v2.4.5+1caef2f33e (64-bit .NET 7.0.1)&#xD;
[xUnit.net 00:00:01.30]   Discovering: S2Cognition.Integrations.NetSuite.Core.Tests&#xD;
[xUnit.net 00:00:01.36]   Discovered:  S2Cognition.Integrations.NetSuite.Core.Tests&#xD;
</StdOut>
    </Output>
    <RunInfos>
      <RunInfo computerName="MSI" outcome="Warning" timestamp="2022-12-29T12:10:04.3399689-06:00">
        <Text>No test is available in C:\Integrations\S2Cognition.Integrations\S2Cognition.Integrations.NetSuite.Core.Tests\bin\Debug\net7.0\S2Cognition.Integrations.NetSuite.Core.Tests.dll. Make sure that test discoverer &amp; executors are registered and platform &amp; framework version settings are appropriate and try again.</Text>
      </RunInfo>
    </RunInfos>
  </ResultSummary>
</TestRun>