<?xml version="1.0" encoding="utf-8"?>
<TestRun id="ddd7968e-773a-4a36-84ff-6ebfa174d820" name="CharlesMcCullough@MSI 2022-12-29 15:17:14" runUser="AzureAD\CharlesMcCullough" xmlns="http://microsoft.com/schemas/VisualStudio/TeamTest/2010">
  <Times creation="2022-12-29T15:17:14.6807838-06:00" queuing="2022-12-29T15:17:14.6807841-06:00" start="2022-12-29T15:17:12.1003589-06:00" finish="2022-12-29T15:17:14.6815265-06:00" />
  <TestSettings name="default" id="956bc295-e61c-49f0-b116-b30e5a5c373b">
    <Deployment runDeploymentRoot="CharlesMcCullough_MSI_2022-12-29_15_17_14" />
  </TestSettings>
  <TestLists>
    <TestList name="Results Not in a List" id="8c84fa94-04c1-424b-9868-57a2d4851a1d" />
    <TestList name="All Loaded Results" id="19431567-8539-422a-85d7-44ee4e166bda" />
  </TestLists>
  <ResultSummary outcome="Completed">
    <Counters total="0" executed="0" passed="0" failed="0" error="0" timeout="0" aborted="0" inconclusive="0" passedButRunAborted="0" notRunnable="0" notExecuted="0" disconnected="0" warning="0" completed="0" inProgress="0" pending="0" />
    <Output>
      <StdOut>[xUnit.net 00:00:00.00] xUnit.net VSTest Adapter v2.4.5+1caef2f33e (64-bit .NET 7.0.1)&#xD;
[xUnit.net 00:00:01.09]   Discovering: S2Cognition.Integrations.NetSuite.Core.Tests&#xD;
[xUnit.net 00:00:01.15]   Discovered:  S2Cognition.Integrations.NetSuite.Core.Tests&#xD;
</StdOut>
    </Output>
    <RunInfos>
      <RunInfo computerName="MSI" outcome="Warning" timestamp="2022-12-29T15:17:14.4970525-06:00">
        <Text>No test is available in C:\Integrations\S2Cognition.Integrations\S2Cognition.Integrations.NetSuite.Core.Tests\bin\Debug\net7.0\S2Cognition.Integrations.NetSuite.Core.Tests.dll. Make sure that test discoverer &amp; executors are registered and platform &amp; framework version settings are appropriate and try again.</Text>
      </RunInfo>
    </RunInfos>
  </ResultSummary>
</TestRun>