<?xml version="1.0" encoding="utf-8"?>
<TestRun id="5cad639e-faa0-4d05-99cb-378728d9ceb5" name="CharlesMcCullough@MSI 2022-12-29 15:17:14" runUser="AzureAD\CharlesMcCullough" xmlns="http://microsoft.com/schemas/VisualStudio/TeamTest/2010">
  <Times creation="2022-12-29T15:17:14.6948737-06:00" queuing="2022-12-29T15:17:14.6948740-06:00" start="2022-12-29T15:17:12.1964560-06:00" finish="2022-12-29T15:17:14.6956265-06:00" />
  <TestSettings name="default" id="b5f86335-c0c2-47e3-9eae-8bcda4b53d17">
    <Deployment runDeploymentRoot="CharlesMcCullough_MSI_2022-12-29_15_17_14" />
  </TestSettings>
  <TestLists>
    <TestList name="Results Not in a List" id="8c84fa94-04c1-424b-9868-57a2d4851a1d" />
    <TestList name="All Loaded Results" id="19431567-8539-422a-85d7-44ee4e166bda" />
  </TestLists>
  <ResultSummary outcome="Completed">
    <Counters total="0" executed="0" passed="0" failed="0" error="0" timeout="0" aborted="0" inconclusive="0" passedButRunAborted="0" notRunnable="0" notExecuted="0" disconnected="0" warning="0" completed="0" inProgress="0" pending="0" />
    <Output>
      <StdOut>[xUnit.net 00:00:00.00] xUnit.net VSTest Adapter v2.4.5+1caef2f33e (64-bit .NET 7.0.1)&#xD;
[xUnit.net 00:00:01.07]   Discovering: S2Cognition.Integrations.Microsoft.Core.Tests&#xD;
[xUnit.net 00:00:01.11]   Discovered:  S2Cognition.Integrations.Microsoft.Core.Tests&#xD;
</StdOut>
    </Output>
    <RunInfos>
      <RunInfo computerName="MSI" outcome="Warning" timestamp="2022-12-29T15:17:14.5174516-06:00">
        <Text>No test is available in C:\Integrations\S2Cognition.Integrations\S2Cognition.Integrations.Microsoft.Core.Tests\bin\Debug\net7.0\S2Cognition.Integrations.Microsoft.Core.Tests.dll. Make sure that test discoverer &amp; executors are registered and platform &amp; framework version settings are appropriate and try again.</Text>
      </RunInfo>
    </RunInfos>
  </ResultSummary>
</TestRun>