<?xml version="1.0" encoding="utf-8"?>
<TestRun id="cc03cbdf-0cb3-436f-82b1-7da72f8b2e4f" name="CharlesMcCullough@MSI 2022-12-29 15:15:01" runUser="AzureAD\CharlesMcCullough" xmlns="http://microsoft.com/schemas/VisualStudio/TeamTest/2010">
  <Times creation="2022-12-29T15:15:01.5729915-06:00" queuing="2022-12-29T15:15:01.5729918-06:00" start="2022-12-29T15:15:00.1324167-06:00" finish="2022-12-29T15:15:01.6590662-06:00" />
  <TestSettings name="default" id="5ee37b6d-18b0-4a06-9c4c-730cf1c90cde">
    <Deployment runDeploymentRoot="CharlesMcCullough_MSI_2022-12-29_15_15_01" />
  </TestSettings>
  <Results>
    <UnitTestResult executionId="6c068487-6ccf-4e4a-8ca0-ef8d700d53b5" testId="e9af5911-ac89-b1d9-f02f-d942b57cba23" testName="S2Cognition.Integrations.Monday.Core.Tests.Internal.QueryOptionsTests.EnsureGetTeamsWithNewQueryOptionsDefaultsToSameAsOriginalQuery" computerName="MSI" duration="00:00:00.0006231" startTime="2022-12-29T15:15:01.5826291-06:00" endTime="2022-12-29T15:15:01.5826292-06:00" testType="13cdc9d9-ddb5-4fa4-a97d-d965ccfc6d4b" outcome="Passed" testListId="8c84fa94-04c1-424b-9868-57a2d4851a1d" relativeResultsDirectory="6c068487-6ccf-4e4a-8ca0-ef8d700d53b5" />
    <UnitTestResult executionId="d2d1933e-47e9-49ea-8be8-b0c13e9ee84c" testId="904befda-a066-d594-f096-7682165f1bea" testName="S2Cognition.Integrations.Monday.Core.Tests.Internal.QueryOptionsTests.EnsureGetTagsWithNewQueryOptionsDefaultsToSameAsOriginalQuery" computerName="MSI" duration="00:00:00.0012194" startTime="2022-12-29T15:15:01.5642568-06:00" endTime="2022-12-29T15:15:01.5642570-06:00" testType="13cdc9d9-ddb5-4fa4-a97d-d965ccfc6d4b" outcome="Passed" testListId="8c84fa94-04c1-424b-9868-57a2d4851a1d" relativeResultsDirectory="d2d1933e-47e9-49ea-8be8-b0c13e9ee84c" />
    <UnitTestResult executionId="be0b6eb4-9a27-4a2a-877c-2656b714fddb" testId="e1d12073-8a41-eb5a-464c-27f8af3d47be" testName="S2Cognition.Integrations.Monday.Core.Tests.Internal.QueryOptionsTests.EnsureGetTeamCanReturnMaximums" computerName="MSI" duration="00:00:00.0007180" startTime="2022-12-29T15:15:01.5855425-06:00" endTime="2022-12-29T15:15:01.5855426-06:00" testType="13cdc9d9-ddb5-4fa4-a97d-d965ccfc6d4b" outcome="Passed" testListId="8c84fa94-04c1-424b-9868-57a2d4851a1d" relativeResultsDirectory="be0b6eb4-9a27-4a2a-877c-2656b714fddb" />
    <UnitTestResult executionId="4f4720ce-b72d-4e79-8a72-e8b5274271d1" testId="f1227b7d-c8f7-8375-5cb6-1b981226c09d" testName="S2Cognition.Integrations.Monday.Core.Tests.Internal.QueryOptionsTests.EnsureGetItemsCanReturnMaximums" computerName="MSI" duration="00:00:00.0011016" startTime="2022-12-29T15:15:01.5881416-06:00" endTime="2022-12-29T15:15:01.5881417-06:00" testType="13cdc9d9-ddb5-4fa4-a97d-d965ccfc6d4b" outcome="Passed" testListId="8c84fa94-04c1-424b-9868-57a2d4851a1d" relativeResultsDirectory="4f4720ce-b72d-4e79-8a72-e8b5274271d1" />
    <UnitTestResult executionId="5a0e0408-e76a-489b-a269-929061b6b2d1" testId="70e1e943-d839-5738-2e19-ede049e672ad" testName="S2Cognition.Integrations.Monday.Core.Tests.Internal.MondayItemsTests.ArchiveItem_Pass" computerName="MSI" duration="00:00:00.0015496" startTime="2022-12-29T15:15:01.5617035-06:00" endTime="2022-12-29T15:15:01.5617036-06:00" testType="13cdc9d9-ddb5-4fa4-a97d-d965ccfc6d4b" outcome="Passed" testListId="8c84fa94-04c1-424b-9868-57a2d4851a1d" relativeResultsDirectory="5a0e0408-e76a-489b-a269-929061b6b2d1" />
    <UnitTestResult executionId="a0e2e282-fda4-471e-9861-c3c0336412dc" testId="21705279-1176-84a3-7593-433546a218f6" testName="S2Cognition.Integrations.Monday.Core.Tests.Internal.MondayUserTests.GetUser_Pass" computerName="MSI" duration="00:00:00.1092985" startTime="2022-12-29T15:15:01.5614191-06:00" endTime="2022-12-29T15:15:01.5614191-06:00" testType="13cdc9d9-ddb5-4fa4-a97d-d965ccfc6d4b" outcome="Passed" testListId="8c84fa94-04c1-424b-9868-57a2d4851a1d" relativeResultsDirectory="a0e2e282-fda4-471e-9861-c3c0336412dc" />
    <UnitTestResult executionId="8d477539-e6f3-444a-b4ac-e31609bac01c" testId="6772f89f-c983-ba69-e6fa-efff4c2a9593" testName="S2Cognition.Integrations.Monday.Core.Tests.Internal.MondayGroupsTests.ArchiveGroup_Pass" computerName="MSI" duration="00:00:00.0016492" startTime="2022-12-29T15:15:01.5612675-06:00" endTime="2022-12-29T15:15:01.5612676-06:00" testType="13cdc9d9-ddb5-4fa4-a97d-d965ccfc6d4b" outcome="Passed" testListId="8c84fa94-04c1-424b-9868-57a2d4851a1d" relativeResultsDirectory="8d477539-e6f3-444a-b4ac-e31609bac01c" />
    <UnitTestResult executionId="8a755f2a-198f-483a-a01b-c838be589056" testId="6f70f028-4b1a-be4e-c821-5b04f77f1689" testName="S2Cognition.Integrations.Monday.Core.Tests.Internal.MondayItemsTests.GetItem_Pass" computerName="MSI" duration="00:00:00.0014215" startTime="2022-12-29T15:15:01.5622631-06:00" endTime="2022-12-29T15:15:01.5622631-06:00" testType="13cdc9d9-ddb5-4fa4-a97d-d965ccfc6d4b" outcome="Passed" testListId="8c84fa94-04c1-424b-9868-57a2d4851a1d" relativeResultsDirectory="8a755f2a-198f-483a-a01b-c838be589056" />
    <UnitTestResult executionId="0f305fe8-f562-48a0-adeb-f33ff728de02" testId="7785283e-2fa2-577d-b099-0811bd86332e" testName="S2Cognition.Integrations.Monday.Core.Tests.Internal.MondayBoardTests.GetBoard_Pass" computerName="MSI" duration="00:00:00.0052838" startTime="2022-12-29T15:15:01.5614452-06:00" endTime="2022-12-29T15:15:01.5614452-06:00" testType="13cdc9d9-ddb5-4fa4-a97d-d965ccfc6d4b" outcome="Passed" testListId="8c84fa94-04c1-424b-9868-57a2d4851a1d" relativeResultsDirectory="0f305fe8-f562-48a0-adeb-f33ff728de02" />
    <UnitTestResult executionId="d7c49530-88a4-42b1-8af6-fad2f524f566" testId="670e15a2-2818-00a1-83de-8910400e8cfd" testName="S2Cognition.Integrations.Monday.Core.Tests.Internal.QueryOptionsTests.EnsureGetItemCanReturnMinimums" computerName="MSI" duration="00:00:00.0005834" startTime="2022-12-29T15:15:01.5756031-06:00" endTime="2022-12-29T15:15:01.5756032-06:00" testType="13cdc9d9-ddb5-4fa4-a97d-d965ccfc6d4b" outcome="Passed" testListId="8c84fa94-04c1-424b-9868-57a2d4851a1d" relativeResultsDirectory="d7c49530-88a4-42b1-8af6-fad2f524f566" />
    <UnitTestResult executionId="15d22ff0-af02-43f6-b103-757287f6f7b9" testId="699e6104-9a78-55e1-d40b-119cadc433c3" testName="S2Cognition.Integrations.Monday.Core.Tests.Internal.MondayTeamTests.GetTeam_Pass" computerName="MSI" duration="00:00:00.0976258" startTime="2022-12-29T15:15:01.5426770-06:00" endTime="2022-12-29T15:15:01.5426771-06:00" testType="13cdc9d9-ddb5-4fa4-a97d-d965ccfc6d4b" outcome="Passed" testListId="8c84fa94-04c1-424b-9868-57a2d4851a1d" relativeResultsDirectory="15d22ff0-af02-43f6-b103-757287f6f7b9" />
    <UnitTestResult executionId="67da1a43-11a5-48fa-baf8-3a0808447349" testId="3aa2df7a-4bcf-30d2-3510-215610c27c6a" testName="S2Cognition.Integrations.Monday.Core.Tests.Internal.MondayUpdatesTests.CreateUpdate_Pass" computerName="MSI" duration="00:00:00.0078342" startTime="2022-12-29T15:15:01.5613743-06:00" endTime="2022-12-29T15:15:01.5613743-06:00" testType="13cdc9d9-ddb5-4fa4-a97d-d965ccfc6d4b" outcome="Passed" testListId="8c84fa94-04c1-424b-9868-57a2d4851a1d" relativeResultsDirectory="67da1a43-11a5-48fa-baf8-3a0808447349" />
    <UnitTestResult executionId="0f592c95-64ac-4d7f-a1a6-0787a40f0b28" testId="b4784567-afa7-ed1d-3bc1-4928fe30a7c6" testName="S2Cognition.Integrations.Monday.Core.Tests.Internal.QueryOptionsTests.EnsureGetUsersCanReturnMinimums" computerName="MSI" duration="00:00:00.0007002" startTime="2022-12-29T15:15:01.5663088-06:00" endTime="2022-12-29T15:15:01.5663089-06:00" testType="13cdc9d9-ddb5-4fa4-a97d-d965ccfc6d4b" outcome="Passed" testListId="8c84fa94-04c1-424b-9868-57a2d4851a1d" relativeResultsDirectory="0f592c95-64ac-4d7f-a1a6-0787a40f0b28" />
    <UnitTestResult executionId="fd5d98a0-fc5f-4c2c-b2d0-6fe67e4ffbcd" testId="c245435d-b0a3-64c2-7ed0-ff76f4852c23" testName="S2Cognition.Integrations.Monday.Core.Tests.Internal.MondayColumnTests.UpdateColumn_Pass" computerName="MSI" duration="00:00:00.0942940" startTime="2022-12-29T15:15:01.5331759-06:00" endTime="2022-12-29T15:15:01.5332222-06:00" testType="13cdc9d9-ddb5-4fa4-a97d-d965ccfc6d4b" outcome="Passed" testListId="8c84fa94-04c1-424b-9868-57a2d4851a1d" relativeResultsDirectory="fd5d98a0-fc5f-4c2c-b2d0-6fe67e4ffbcd" />
    <UnitTestResult executionId="c85bf202-51a3-4d1e-8c36-07be82901e81" testId="60fd7a38-e994-b056-025f-4b68bd7e74bb" testName="S2Cognition.Integrations.Monday.Core.Tests.Internal.QueryOptionsTests.EnsureGetBoardCanReturnMinimums" computerName="MSI" duration="00:00:00.0007075" startTime="2022-12-29T15:15:01.5763544-06:00" endTime="2022-12-29T15:15:01.5763545-06:00" testType="13cdc9d9-ddb5-4fa4-a97d-d965ccfc6d4b" outcome="Passed" testListId="8c84fa94-04c1-424b-9868-57a2d4851a1d" relativeResultsDirectory="c85bf202-51a3-4d1e-8c36-07be82901e81" />
    <UnitTestResult executionId="df1b7328-96f3-4e30-ba6b-e32df6bd5bc2" testId="85571e0c-41e0-2a36-b25a-34ddc2fba4c9" testName="S2Cognition.Integrations.Monday.Core.Tests.Internal.MondayGroupsTests.UpdateItemGroup_Pass" computerName="MSI" duration="00:00:00.0014693" startTime="2022-12-29T15:15:01.5601441-06:00" endTime="2022-12-29T15:15:01.5601441-06:00" testType="13cdc9d9-ddb5-4fa4-a97d-d965ccfc6d4b" outcome="Passed" testListId="8c84fa94-04c1-424b-9868-57a2d4851a1d" relativeResultsDirectory="df1b7328-96f3-4e30-ba6b-e32df6bd5bc2" />
    <UnitTestResult executionId="a7fd9703-63b5-45d8-a9f8-09f6c4f9751c" testId="b6024c5e-cc9f-6000-9f44-e91bed693a04" testName="S2Cognition.Integrations.Monday.Core.Tests.Internal.MondaySystemTests.GetComplexity_Pass" computerName="MSI" duration="00:00:00.0017058" startTime="2022-12-29T15:15:01.5601707-06:00" endTime="2022-12-29T15:15:01.5601707-06:00" testType="13cdc9d9-ddb5-4fa4-a97d-d965ccfc6d4b" outcome="Passed" testListId="8c84fa94-04c1-424b-9868-57a2d4851a1d" relativeResultsDirectory="a7fd9703-63b5-45d8-a9f8-09f6c4f9751c" />
    <UnitTestResult executionId="c1e5d1e8-eb80-418e-9450-f8b54775c1b5" testId="b6298783-c9b1-ba27-491e-9e45d1b4abea" testName="S2Cognition.Integrations.Monday.Core.Tests.Internal.QueryOptionsTests.EnsureGetBoardsCanReturnMaximums" computerName="MSI" duration="00:00:00.0034518" startTime="2022-12-29T15:15:01.5717637-06:00" endTime="2022-12-29T15:15:01.5717639-06:00" testType="13cdc9d9-ddb5-4fa4-a97d-d965ccfc6d4b" outcome="Passed" testListId="8c84fa94-04c1-424b-9868-57a2d4851a1d" relativeResultsDirectory="c1e5d1e8-eb80-418e-9450-f8b54775c1b5" />
    <UnitTestResult executionId="0954e56c-6a9f-424f-b46b-36baba03e1ca" testId="e3d40a78-7398-4a22-fa97-68b3e9fe9d7e" testName="S2Cognition.Integrations.Monday.Core.Tests.Internal.MondayItemsTests.DeleteItem_Pass" computerName="MSI" duration="00:00:00.0009605" startTime="2022-12-29T15:15:01.5621916-06:00" endTime="2022-12-29T15:15:01.5621916-06:00" testType="13cdc9d9-ddb5-4fa4-a97d-d965ccfc6d4b" outcome="Passed" testListId="8c84fa94-04c1-424b-9868-57a2d4851a1d" relativeResultsDirectory="0954e56c-6a9f-424f-b46b-36baba03e1ca" />
    <UnitTestResult executionId="eabb2e68-0e54-42cb-95d6-4890c72df2e6" testId="5ff0fe88-c4c8-57d3-5b1a-3f39e1a69737" testName="S2Cognition.Integrations.Monday.Core.Tests.Internal.MondayTagsTests.GetTag_Pass" computerName="MSI" duration="00:00:00.0046122" startTime="2022-12-29T15:15:01.5617515-06:00" endTime="2022-12-29T15:15:01.5617515-06:00" testType="13cdc9d9-ddb5-4fa4-a97d-d965ccfc6d4b" outcome="Passed" testListId="8c84fa94-04c1-424b-9868-57a2d4851a1d" relativeResultsDirectory="eabb2e68-0e54-42cb-95d6-4890c72df2e6" />
    <UnitTestResult executionId="bdd8cc1f-1e57-4358-b804-1d072c294f5d" testId="97c9bf93-e9b6-7153-32b6-e6a19e001765" testName="S2Cognition.Integrations.Monday.Core.Tests.Internal.QueryOptionsTests.EnsureGetUserCanReturnMinimums" computerName="MSI" duration="00:00:00.0005901" startTime="2022-12-29T15:15:01.5832731-06:00" endTime="2022-12-29T15:15:01.5832733-06:00" testType="13cdc9d9-ddb5-4fa4-a97d-d965ccfc6d4b" outcome="Passed" testListId="8c84fa94-04c1-424b-9868-57a2d4851a1d" relativeResultsDirectory="bdd8cc1f-1e57-4358-b804-1d072c294f5d" />
    <UnitTestResult executionId="71dd1d02-5a2e-4d56-992e-43ad1dcd33a0" testId="6a7b4e50-2875-002c-db7c-87121ab38351" testName="S2Cognition.Integrations.Monday.Core.Tests.Internal.QueryOptionsTests.EnsureGetTagsCanReturnMaximums" computerName="MSI" duration="00:00:00.0006549" startTime="2022-12-29T15:15:01.5806696-06:00" endTime="2022-12-29T15:15:01.5806697-06:00" testType="13cdc9d9-ddb5-4fa4-a97d-d965ccfc6d4b" outcome="Passed" testListId="8c84fa94-04c1-424b-9868-57a2d4851a1d" relativeResultsDirectory="71dd1d02-5a2e-4d56-992e-43ad1dcd33a0" />
    <UnitTestResult executionId="d66f5c04-258b-45c0-980a-3e9d2bd92b35" testId="a6be2696-0cfa-7509-97d1-769ed4f8bc42" testName="S2Cognition.Integrations.Monday.Core.Tests.Internal.MondayUserTests.GetUsers_Pass" computerName="MSI" duration="00:00:00.0011494" startTime="2022-12-29T15:15:01.5618403-06:00" endTime="2022-12-29T15:15:01.5618403-06:00" testType="13cdc9d9-ddb5-4fa4-a97d-d965ccfc6d4b" outcome="Passed" testListId="8c84fa94-04c1-424b-9868-57a2d4851a1d" relativeResultsDirectory="d66f5c04-258b-45c0-980a-3e9d2bd92b35" />
    <UnitTestResult executionId="232b10f7-1265-4fd1-ada3-64b1ea3a89e8" testId="e200f5e5-ea4d-ef93-2426-d0d7b0ec2c29" testName="S2Cognition.Integrations.Monday.Core.Tests.Internal.MondayItemsTests.CreateItem_Pass" computerName="MSI" duration="00:00:00.0130868" startTime="2022-12-29T15:15:01.5619021-06:00" endTime="2022-12-29T15:15:01.5619021-06:00" testType="13cdc9d9-ddb5-4fa4-a97d-d965ccfc6d4b" outcome="Passed" testListId="8c84fa94-04c1-424b-9868-57a2d4851a1d" relativeResultsDirectory="232b10f7-1265-4fd1-ada3-64b1ea3a89e8" />
    <UnitTestResult executionId="2ec15dd5-e692-4f53-9c20-c08a80ed8e16" testId="fd5759ff-5cef-d692-26f2-712fc30c6007" testName="S2Cognition.Integrations.Monday.Core.Tests.Internal.MondayColumnTests.CreateColumn_Pass" computerName="MSI" duration="00:00:00.0118494" startTime="2022-12-29T15:15:01.5617702-06:00" endTime="2022-12-29T15:15:01.5617702-06:00" testType="13cdc9d9-ddb5-4fa4-a97d-d965ccfc6d4b" outcome="Passed" testListId="8c84fa94-04c1-424b-9868-57a2d4851a1d" relativeResultsDirectory="2ec15dd5-e692-4f53-9c20-c08a80ed8e16" />
    <UnitTestResult executionId="680acee9-f2fb-457b-93ad-f4820d7f5fd6" testId="37321cf0-c01b-eed6-3d62-c68e4caefa2a" testName="S2Cognition.Integrations.Monday.Core.Tests.Internal.QueryOptionsTests.EnsureGetBoardWithNewQueryOptionsDefaultsToSameAsOriginalQuery" computerName="MSI" duration="00:00:00.0007379" startTime="2022-12-29T15:15:01.5869801-06:00" endTime="2022-12-29T15:15:01.5869802-06:00" testType="13cdc9d9-ddb5-4fa4-a97d-d965ccfc6d4b" outcome="Passed" testListId="8c84fa94-04c1-424b-9868-57a2d4851a1d" relativeResultsDirectory="680acee9-f2fb-457b-93ad-f4820d7f5fd6" />
    <UnitTestResult executionId="478f5d95-e15e-4c23-a0e2-f7bbb2870719" testId="0989752e-4baa-5cb4-5a19-785a2f9a8b1c" testName="S2Cognition.Integrations.Monday.Core.Tests.Internal.QueryOptionsTests.EnsureGetGroupsWithNewQueryOptionsDefaultsToSameAsOriginalQuery" computerName="MSI" duration="00:00:00.0006717" startTime="2022-12-29T15:15:01.5839952-06:00" endTime="2022-12-29T15:15:01.5839952-06:00" testType="13cdc9d9-ddb5-4fa4-a97d-d965ccfc6d4b" outcome="Passed" testListId="8c84fa94-04c1-424b-9868-57a2d4851a1d" relativeResultsDirectory="478f5d95-e15e-4c23-a0e2-f7bbb2870719" />
    <UnitTestResult executionId="6c7ad539-c197-4c6e-a070-f6900ed37910" testId="b2cf74ef-0af5-e7f1-61af-1a4383953923" testName="S2Cognition.Integrations.Monday.Core.Tests.Internal.MondayGroupsTests.DeleteGroup_Pass" computerName="MSI" duration="00:00:00.0020875" startTime="2022-12-29T15:15:01.5601850-06:00" endTime="2022-12-29T15:15:01.5601851-06:00" testType="13cdc9d9-ddb5-4fa4-a97d-d965ccfc6d4b" outcome="Passed" testListId="8c84fa94-04c1-424b-9868-57a2d4851a1d" relativeResultsDirectory="6c7ad539-c197-4c6e-a070-f6900ed37910" />
    <UnitTestResult executionId="394810df-e38d-4d0e-9b00-0ef8a61533f8" testId="f2e1c8e0-2aa8-c927-fab7-283c464add20" testName="S2Cognition.Integrations.Monday.Core.Tests.Internal.QueryOptionsTests.EnsureGetTeamWithNewQueryOptionsDefaultsToSameAsOriginalQuery" computerName="MSI" duration="00:00:00.0007728" startTime="2022-12-29T15:15:01.5771926-06:00" endTime="2022-12-29T15:15:01.5771928-06:00" testType="13cdc9d9-ddb5-4fa4-a97d-d965ccfc6d4b" outcome="Passed" testListId="8c84fa94-04c1-424b-9868-57a2d4851a1d" relativeResultsDirectory="394810df-e38d-4d0e-9b00-0ef8a61533f8" />
    <UnitTestResult executionId="4ff43022-b897-4649-a479-00b49eae0c31" testId="856bbfd7-07ce-4e80-13d9-f04e4e3755c8" testName="S2Cognition.Integrations.Monday.Core.Tests.Internal.QueryOptionsTests.EnsureGetBoardCanReturnMaximums" computerName="MSI" duration="00:00:00.0011538" startTime="2022-12-29T15:15:01.5899753-06:00" endTime="2022-12-29T15:15:01.5899754-06:00" testType="13cdc9d9-ddb5-4fa4-a97d-d965ccfc6d4b" outcome="Passed" testListId="8c84fa94-04c1-424b-9868-57a2d4851a1d" relativeResultsDirectory="4ff43022-b897-4649-a479-00b49eae0c31" />
    <UnitTestResult executionId="78b45d38-45a1-44e3-9f8e-2bc701f206e7" testId="582bd4da-d563-0a40-db6b-689ff84cf20b" testName="S2Cognition.Integrations.Monday.Core.Tests.Internal.QueryOptionsTests.EnsureGetItemsWithNewQueryOptionsDefaultsToSameAsOriginalQuery" computerName="MSI" duration="00:00:00.0013802" startTime="2022-12-29T15:15:01.5742114-06:00" endTime="2022-12-29T15:15:01.5742116-06:00" testType="13cdc9d9-ddb5-4fa4-a97d-d965ccfc6d4b" outcome="Passed" testListId="8c84fa94-04c1-424b-9868-57a2d4851a1d" relativeResultsDirectory="78b45d38-45a1-44e3-9f8e-2bc701f206e7" />
    <UnitTestResult executionId="09abcb18-d573-4def-9a6b-12d6f8adaf64" testId="c2cd20d0-54ba-4173-27de-9e34dd6187a2" testName="S2Cognition.Integrations.Monday.Core.Tests.Internal.QueryOptionsTests.EnsureGetBoardsCanReturnMinimums" computerName="MSI" duration="00:00:00.0005511" startTime="2022-12-29T15:15:01.5793601-06:00" endTime="2022-12-29T15:15:01.5793602-06:00" testType="13cdc9d9-ddb5-4fa4-a97d-d965ccfc6d4b" outcome="Passed" testListId="8c84fa94-04c1-424b-9868-57a2d4851a1d" relativeResultsDirectory="09abcb18-d573-4def-9a6b-12d6f8adaf64" />
    <UnitTestResult executionId="53db8f31-5f38-44a1-9b5b-a1a41c4e9b6c" testId="4020b962-22b9-9020-b548-6e681ed8f485" testName="S2Cognition.Integrations.Monday.Core.Tests.Internal.QueryOptionsTests.EnsureGetUsersWithNewQueryOptionsDefaultsToSameAsOriginalQuery" computerName="MSI" duration="00:00:00.0006428" startTime="2022-12-29T15:15:01.5819612-06:00" endTime="2022-12-29T15:15:01.5819613-06:00" testType="13cdc9d9-ddb5-4fa4-a97d-d965ccfc6d4b" outcome="Passed" testListId="8c84fa94-04c1-424b-9868-57a2d4851a1d" relativeResultsDirectory="53db8f31-5f38-44a1-9b5b-a1a41c4e9b6c" />
    <UnitTestResult executionId="e89c4869-632c-4313-ad13-440db92001da" testId="83d01415-0376-964e-248c-a57968d4c4ba" testName="S2Cognition.Integrations.Monday.Core.Tests.Internal.QueryOptionsTests.EnsureGetTagsCanReturnMinimums" computerName="MSI" duration="00:00:00.0005521" startTime="2022-12-29T15:15:01.5812704-06:00" endTime="2022-12-29T15:15:01.5812705-06:00" testType="13cdc9d9-ddb5-4fa4-a97d-d965ccfc6d4b" outcome="Passed" testListId="8c84fa94-04c1-424b-9868-57a2d4851a1d" relativeResultsDirectory="e89c4869-632c-4313-ad13-440db92001da" />
    <UnitTestResult executionId="7a4c76fc-32ee-4a29-a3fa-577bd34f898d" testId="002eaebf-a01f-d452-7b16-eb46be988df6" testName="S2Cognition.Integrations.Monday.Core.Tests.Internal.QueryOptionsTests.EnsureGetTeamsCanReturnMinimums" computerName="MSI" duration="00:00:00.0006991" startTime="2022-12-29T15:15:01.5749680-06:00" endTime="2022-12-29T15:15:01.5749685-06:00" testType="13cdc9d9-ddb5-4fa4-a97d-d965ccfc6d4b" outcome="Passed" testListId="8c84fa94-04c1-424b-9868-57a2d4851a1d" relativeResultsDirectory="7a4c76fc-32ee-4a29-a3fa-577bd34f898d" />
    <UnitTestResult executionId="a6774dfc-30e4-4c5b-9e56-81ce0b6f2441" testId="9494a386-627a-d9e9-f044-8a9379f54cd7" testName="S2Cognition.Integrations.Monday.Core.Tests.Internal.QueryOptionsTests.EnsureGetTeamCanReturnMinimums" computerName="MSI" duration="00:00:00.0017010" startTime="2022-12-29T15:15:01.5622850-06:00" endTime="2022-12-29T15:15:01.5622850-06:00" testType="13cdc9d9-ddb5-4fa4-a97d-d965ccfc6d4b" outcome="Passed" testListId="8c84fa94-04c1-424b-9868-57a2d4851a1d" relativeResultsDirectory="a6774dfc-30e4-4c5b-9e56-81ce0b6f2441" />
    <UnitTestResult executionId="ab851683-89be-415b-a033-edad161c9a11" testId="4de8177c-a3ef-ef0e-c081-9ae3f23c7531" testName="S2Cognition.Integrations.Monday.Core.Tests.Internal.MondaySystemTests.GetRateLimit_Pass" computerName="MSI" duration="00:00:00.0967064" startTime="2022-12-29T15:15:01.5415125-06:00" endTime="2022-12-29T15:15:01.5415129-06:00" testType="13cdc9d9-ddb5-4fa4-a97d-d965ccfc6d4b" outcome="Passed" testListId="8c84fa94-04c1-424b-9868-57a2d4851a1d" relativeResultsDirectory="ab851683-89be-415b-a033-edad161c9a11" />
    <UnitTestResult executionId="7eea4ac2-2c8e-4aeb-9e50-89c20677d1b0" testId="a94027fb-8741-0358-60a0-79da4714131a" testName="S2Cognition.Integrations.Monday.Core.Tests.Internal.QueryOptionsTests.EnsureGetUserWithNewQueryOptionsDefaultsToSameAsOriginalQuery" computerName="MSI" duration="00:00:00.0009608" startTime="2022-12-29T15:15:01.5623125-06:00" endTime="2022-12-29T15:15:01.5623125-06:00" testType="13cdc9d9-ddb5-4fa4-a97d-d965ccfc6d4b" outcome="Passed" testListId="8c84fa94-04c1-424b-9868-57a2d4851a1d" relativeResultsDirectory="7eea4ac2-2c8e-4aeb-9e50-89c20677d1b0" />
    <UnitTestResult executionId="af76f257-7f7a-445f-be0b-a59a2889818d" testId="c72e751f-4715-ef7d-d196-f91200915af9" testName="S2Cognition.Integrations.Monday.Core.Tests.Internal.QueryOptionsTests.EnsureGetTagWithNewQueryOptionsDefaultsToSameAsOriginalQuery" computerName="MSI" duration="00:00:00.0006386" startTime="2022-12-29T15:15:01.5682410-06:00" endTime="2022-12-29T15:15:01.5682411-06:00" testType="13cdc9d9-ddb5-4fa4-a97d-d965ccfc6d4b" outcome="Passed" testListId="8c84fa94-04c1-424b-9868-57a2d4851a1d" relativeResultsDirectory="af76f257-7f7a-445f-be0b-a59a2889818d" />
    <UnitTestResult executionId="89556262-bceb-4c3b-80b6-3a7dac9ba9e5" testId="b0364036-532a-17f0-e240-4b2f7553b7e5" testName="S2Cognition.Integrations.Monday.Core.Tests.Internal.QueryOptionsTests.EnsureGetItemCanReturnMaximums" computerName="MSI" duration="00:00:00.1236193" startTime="2022-12-29T15:15:01.5621636-06:00" endTime="2022-12-29T15:15:01.5621636-06:00" testType="13cdc9d9-ddb5-4fa4-a97d-d965ccfc6d4b" outcome="Passed" testListId="8c84fa94-04c1-424b-9868-57a2d4851a1d" relativeResultsDirectory="89556262-bceb-4c3b-80b6-3a7dac9ba9e5" />
    <UnitTestResult executionId="24c53881-f65e-4159-ae06-9841086e2970" testId="7879c22d-f4bb-a045-6a39-bd0221cad0a9" testName="S2Cognition.Integrations.Monday.Core.Tests.MondayTests.EnsureGetUsersIsCallable" computerName="MSI" duration="00:00:00.1224371" startTime="2022-12-29T15:15:01.5618831-06:00" endTime="2022-12-29T15:15:01.5618831-06:00" testType="13cdc9d9-ddb5-4fa4-a97d-d965ccfc6d4b" outcome="Passed" testListId="8c84fa94-04c1-424b-9868-57a2d4851a1d" relativeResultsDirectory="24c53881-f65e-4159-ae06-9841086e2970" />
    <UnitTestResult executionId="0d606e82-a229-4216-96dd-3aec5fa1e763" testId="7d34bcc7-299a-cd33-e29a-dd50b189da87" testName="S2Cognition.Integrations.Monday.Core.Tests.Internal.QueryOptionsTests.EnsureGetGroupsCanReturnMinimums" computerName="MSI" duration="00:00:00.0012228" startTime="2022-12-29T15:15:01.5675440-06:00" endTime="2022-12-29T15:15:01.5675441-06:00" testType="13cdc9d9-ddb5-4fa4-a97d-d965ccfc6d4b" outcome="Passed" testListId="8c84fa94-04c1-424b-9868-57a2d4851a1d" relativeResultsDirectory="0d606e82-a229-4216-96dd-3aec5fa1e763" />
    <UnitTestResult executionId="91ea4c72-8938-4e5c-976f-f2cf41c196ac" testId="74274b9a-6c05-5e11-57f4-f07a126b1d72" testName="S2Cognition.Integrations.Monday.Core.Tests.Internal.QueryOptionsTests.EnsureGetBoardsWithNewQueryOptionsDefaultsToSameAsOriginalQuery" computerName="MSI" duration="00:00:00.0011944" startTime="2022-12-29T15:15:01.5655122-06:00" endTime="2022-12-29T15:15:01.5655125-06:00" testType="13cdc9d9-ddb5-4fa4-a97d-d965ccfc6d4b" outcome="Passed" testListId="8c84fa94-04c1-424b-9868-57a2d4851a1d" relativeResultsDirectory="91ea4c72-8938-4e5c-976f-f2cf41c196ac" />
    <UnitTestResult executionId="0377f720-2a5c-4746-ad2a-881eeefab5db" testId="3cc1457a-7db2-e650-a582-3cc4ef74bd86" testName="S2Cognition.Integrations.Monday.Core.Tests.Internal.MondayTagsTests.GetTags_Pass" computerName="MSI" duration="00:00:00.0068608" startTime="2022-12-29T15:15:01.5613351-06:00" endTime="2022-12-29T15:15:01.5613351-06:00" testType="13cdc9d9-ddb5-4fa4-a97d-d965ccfc6d4b" outcome="Passed" testListId="8c84fa94-04c1-424b-9868-57a2d4851a1d" relativeResultsDirectory="0377f720-2a5c-4746-ad2a-881eeefab5db" />
    <UnitTestResult executionId="bcb681fa-7a6b-484c-822a-fa0e10019473" testId="29e39a12-0b1b-13ca-8d6c-998304c252ed" testName="S2Cognition.Integrations.Monday.Core.Tests.Internal.MondayTeamTests.GetTeams_Pass" computerName="MSI" duration="00:00:00.0044624" startTime="2022-12-29T15:15:01.5602103-06:00" endTime="2022-12-29T15:15:01.5602103-06:00" testType="13cdc9d9-ddb5-4fa4-a97d-d965ccfc6d4b" outcome="Passed" testListId="8c84fa94-04c1-424b-9868-57a2d4851a1d" relativeResultsDirectory="bcb681fa-7a6b-484c-822a-fa0e10019473" />
    <UnitTestResult executionId="78569318-b404-4150-8595-9735d92b5493" testId="ca8cc89b-95c4-4a59-05b6-133bc1edac9b" testName="S2Cognition.Integrations.Monday.Core.Tests.Internal.QueryOptionsTests.EnsureGetUsersByAccessTypeWithNewQueryOptionsDefaultsToSameAsOriginalQuery" computerName="MSI" duration="00:00:00.0006957" startTime="2022-12-29T15:15:01.5787623-06:00" endTime="2022-12-29T15:15:01.5787624-06:00" testType="13cdc9d9-ddb5-4fa4-a97d-d965ccfc6d4b" outcome="Passed" testListId="8c84fa94-04c1-424b-9868-57a2d4851a1d" relativeResultsDirectory="78569318-b404-4150-8595-9735d92b5493" />
    <UnitTestResult executionId="fe4cbc44-e6c5-4264-8cc9-d8150afc8c71" testId="f40f4a10-7804-b0b1-19cc-183b8b6034d9" testName="S2Cognition.Integrations.Monday.Core.Tests.Internal.QueryOptionsTests.EnsureGetItemsCanReturnMinimums" computerName="MSI" duration="00:00:00.0005820" startTime="2022-12-29T15:15:01.5887739-06:00" endTime="2022-12-29T15:15:01.5887740-06:00" testType="13cdc9d9-ddb5-4fa4-a97d-d965ccfc6d4b" outcome="Passed" testListId="8c84fa94-04c1-424b-9868-57a2d4851a1d" relativeResultsDirectory="fe4cbc44-e6c5-4264-8cc9-d8150afc8c71" />
    <UnitTestResult executionId="58929783-cbf2-42f6-9db4-a6d29304694b" testId="3b41359e-553a-c4ee-01d7-ffa32d869aeb" testName="S2Cognition.Integrations.Monday.Core.Tests.Internal.QueryOptionsTests.EnsureGetGroupsCanReturnMaximums" computerName="MSI" duration="00:00:00.0006091" startTime="2022-12-29T15:15:01.5861998-06:00" endTime="2022-12-29T15:15:01.5861999-06:00" testType="13cdc9d9-ddb5-4fa4-a97d-d965ccfc6d4b" outcome="Passed" testListId="8c84fa94-04c1-424b-9868-57a2d4851a1d" relativeResultsDirectory="58929783-cbf2-42f6-9db4-a6d29304694b" />
    <UnitTestResult executionId="0c60c935-75be-4a98-ac4a-a636dac3c644" testId="8ed8a62c-d6e9-198e-ae0c-26687ea775fc" testName="S2Cognition.Integrations.Monday.Core.Tests.Internal.QueryOptionsTests.EnsureGetUserCanReturnMaximums" computerName="MSI" duration="00:00:00.0015656" startTime="2022-12-29T15:15:01.5622303-06:00" endTime="2022-12-29T15:15:01.5622304-06:00" testType="13cdc9d9-ddb5-4fa4-a97d-d965ccfc6d4b" outcome="Passed" testListId="8c84fa94-04c1-424b-9868-57a2d4851a1d" relativeResultsDirectory="0c60c935-75be-4a98-ac4a-a636dac3c644" />
    <UnitTestResult executionId="3b548669-ee4a-4aca-b036-cdf2fc2ad4dc" testId="58de10b4-534b-6f18-2f4c-a723eb0766d0" testName="S2Cognition.Integrations.Monday.Core.Tests.Internal.MondayUserTests.GetUsers_UserAccessTypes_Pass" computerName="MSI" duration="00:00:00.0110523" startTime="2022-12-29T15:15:01.5618115-06:00" endTime="2022-12-29T15:15:01.5618116-06:00" testType="13cdc9d9-ddb5-4fa4-a97d-d965ccfc6d4b" outcome="Passed" testListId="8c84fa94-04c1-424b-9868-57a2d4851a1d" relativeResultsDirectory="3b548669-ee4a-4aca-b036-cdf2fc2ad4dc" />
    <UnitTestResult executionId="10a3b04d-6f69-4b83-95ca-ecd1eaaedbb7" testId="6c79372e-ce76-4557-ad0c-f31c0d46e60d" testName="S2Cognition.Integrations.Monday.Core.Tests.Internal.MondayGroupsTests.GetGroups_Pass" computerName="MSI" duration="00:00:00.0060546" startTime="2022-12-29T15:15:01.5617333-06:00" endTime="2022-12-29T15:15:01.5617333-06:00" testType="13cdc9d9-ddb5-4fa4-a97d-d965ccfc6d4b" outcome="Passed" testListId="8c84fa94-04c1-424b-9868-57a2d4851a1d" relativeResultsDirectory="10a3b04d-6f69-4b83-95ca-ecd1eaaedbb7" />
    <UnitTestResult executionId="860a02bb-2298-4e44-ad69-ec942853d647" testId="6e24f7c2-254d-33e4-faf1-26dea1d1bc54" testName="S2Cognition.Integrations.Monday.Core.Tests.Internal.MondayTagsTests.CreateTag_Pass" computerName="MSI" duration="00:00:00.0948521" startTime="2022-12-29T15:15:01.5426669-06:00" endTime="2022-12-29T15:15:01.5426676-06:00" testType="13cdc9d9-ddb5-4fa4-a97d-d965ccfc6d4b" outcome="Passed" testListId="8c84fa94-04c1-424b-9868-57a2d4851a1d" relativeResultsDirectory="860a02bb-2298-4e44-ad69-ec942853d647" />
    <UnitTestResult executionId="542c72bf-40f5-48af-bb05-4cd9809a3e48" testId="286a79c1-cf38-10b2-3c66-6238db8d2e6b" testName="S2Cognition.Integrations.Monday.Core.Tests.Internal.MondayItemsTests.GetItems_Pass" computerName="MSI" duration="00:00:00.0094288" startTime="2022-12-29T15:15:01.5613929-06:00" endTime="2022-12-29T15:15:01.5613929-06:00" testType="13cdc9d9-ddb5-4fa4-a97d-d965ccfc6d4b" outcome="Passed" testListId="8c84fa94-04c1-424b-9868-57a2d4851a1d" relativeResultsDirectory="542c72bf-40f5-48af-bb05-4cd9809a3e48" />
    <UnitTestResult executionId="76d620b1-2d87-4ad2-beba-3c8495571126" testId="5acd4d80-5c98-c1e6-89be-c4543e302d25" testName="S2Cognition.Integrations.Monday.Core.Tests.Internal.QueryOptionsTests.EnsureGetTagCanReturnMinimums" computerName="MSI" duration="00:00:00.0015026" startTime="2022-12-29T15:15:01.5629758-06:00" endTime="2022-12-29T15:15:01.5629759-06:00" testType="13cdc9d9-ddb5-4fa4-a97d-d965ccfc6d4b" outcome="Passed" testListId="8c84fa94-04c1-424b-9868-57a2d4851a1d" relativeResultsDirectory="76d620b1-2d87-4ad2-beba-3c8495571126" />
    <UnitTestResult executionId="42ad954b-4d90-40cf-ac5a-4b194262c799" testId="5e07aaee-af05-c07d-f2b3-414cd34710c1" testName="S2Cognition.Integrations.Monday.Core.Tests.Internal.MondayBoardTests.CreateBoard_Pass" computerName="MSI" duration="00:00:00.0044662" startTime="2022-12-29T15:15:01.5602520-06:00" endTime="2022-12-29T15:15:01.5602521-06:00" testType="13cdc9d9-ddb5-4fa4-a97d-d965ccfc6d4b" outcome="Passed" testListId="8c84fa94-04c1-424b-9868-57a2d4851a1d" relativeResultsDirectory="42ad954b-4d90-40cf-ac5a-4b194262c799" />
    <UnitTestResult executionId="51e3e049-bbd2-4cae-a5e3-64c25601e4e6" testId="46c88540-33b2-2fcf-a4ea-24e23c1d5ff9" testName="S2Cognition.Integrations.Monday.Core.Tests.Internal.MondayBoardTests.GetBoards_Pass" computerName="MSI" duration="00:00:00.0996414" startTime="2022-12-29T15:15:01.5600980-06:00" endTime="2022-12-29T15:15:01.5600981-06:00" testType="13cdc9d9-ddb5-4fa4-a97d-d965ccfc6d4b" outcome="Passed" testListId="8c84fa94-04c1-424b-9868-57a2d4851a1d" relativeResultsDirectory="51e3e049-bbd2-4cae-a5e3-64c25601e4e6" />
    <UnitTestResult executionId="025f57e0-654a-4802-9b6c-72b7b488070a" testId="bf6d4cfe-f7f8-bda4-adec-4a809b3ae095" testName="S2Cognition.Integrations.Monday.Core.Tests.Internal.QueryOptionsTests.EnsureGetTeamsCanReturnMaximums" computerName="MSI" duration="00:00:00.0007062" startTime="2022-12-29T15:15:01.5847621-06:00" endTime="2022-12-29T15:15:01.5847622-06:00" testType="13cdc9d9-ddb5-4fa4-a97d-d965ccfc6d4b" outcome="Passed" testListId="8c84fa94-04c1-424b-9868-57a2d4851a1d" relativeResultsDirectory="025f57e0-654a-4802-9b6c-72b7b488070a" />
    <UnitTestResult executionId="6a256b0a-11f5-4650-ac96-f2338ff8f8ea" testId="c4ed5dd6-97b8-f60b-60a1-3ed3850e6fa1" testName="S2Cognition.Integrations.Monday.Core.Tests.Internal.QueryOptionsTests.EnsureGetItemWithNewQueryOptionsDefaultsToSameAsOriginalQuery" computerName="MSI" duration="00:00:00.0009488" startTime="2022-12-29T15:15:01.5727746-06:00" endTime="2022-12-29T15:15:01.5727748-06:00" testType="13cdc9d9-ddb5-4fa4-a97d-d965ccfc6d4b" outcome="Passed" testListId="8c84fa94-04c1-424b-9868-57a2d4851a1d" relativeResultsDirectory="6a256b0a-11f5-4650-ac96-f2338ff8f8ea" />
    <UnitTestResult executionId="0e642304-bd79-40c6-98f8-201319025abf" testId="8687e80b-497d-c3e0-d1a0-623791adeab4" testName="S2Cognition.Integrations.Monday.Core.Tests.Internal.MondayGroupsTests.CreateGroup_Pass" computerName="MSI" duration="00:00:00.0959224" startTime="2022-12-29T15:15:01.5426544-06:00" endTime="2022-12-29T15:15:01.5426544-06:00" testType="13cdc9d9-ddb5-4fa4-a97d-d965ccfc6d4b" outcome="Passed" testListId="8c84fa94-04c1-424b-9868-57a2d4851a1d" relativeResultsDirectory="0e642304-bd79-40c6-98f8-201319025abf" />
    <UnitTestResult executionId="e3a6d117-7e0c-4b16-8b82-c213e4a7e4ba" testId="5ba5d283-3fc5-9bfc-7776-8e3e68851e24" testName="S2Cognition.Integrations.Monday.Core.Tests.Internal.MondayUpdatesTests.ClearItemUpdates_Pass" computerName="MSI" duration="00:00:00.0942630" startTime="2022-12-29T15:15:01.5425337-06:00" endTime="2022-12-29T15:15:01.5425339-06:00" testType="13cdc9d9-ddb5-4fa4-a97d-d965ccfc6d4b" outcome="Passed" testListId="8c84fa94-04c1-424b-9868-57a2d4851a1d" relativeResultsDirectory="e3a6d117-7e0c-4b16-8b82-c213e4a7e4ba" />
    <UnitTestResult executionId="14f831f4-6cff-4fde-8242-076c2a958c7b" testId="37051fb3-77bb-cf2b-6c03-648a546869cc" testName="S2Cognition.Integrations.Monday.Core.Tests.Internal.MondayBoardTests.ArchiveBoard_Pass" computerName="MSI" duration="00:00:00.0013359" startTime="2022-12-29T15:15:01.5617879-06:00" endTime="2022-12-29T15:15:01.5617879-06:00" testType="13cdc9d9-ddb5-4fa4-a97d-d965ccfc6d4b" outcome="Passed" testListId="8c84fa94-04c1-424b-9868-57a2d4851a1d" relativeResultsDirectory="14f831f4-6cff-4fde-8242-076c2a958c7b" />
    <UnitTestResult executionId="bc2afe17-0610-4afc-b29c-b5a90568448e" testId="1e4cf267-2c9b-233b-e477-c77c4907d14b" testName="S2Cognition.Integrations.Monday.Core.Tests.Internal.QueryOptionsTests.EnsureGetTagCanReturnMaximums" computerName="MSI" duration="00:00:00.0005568" startTime="2022-12-29T15:15:01.5799629-06:00" endTime="2022-12-29T15:15:01.5799630-06:00" testType="13cdc9d9-ddb5-4fa4-a97d-d965ccfc6d4b" outcome="Passed" testListId="8c84fa94-04c1-424b-9868-57a2d4851a1d" relativeResultsDirectory="bc2afe17-0610-4afc-b29c-b5a90568448e" />
    <UnitTestResult executionId="2babfa8f-a921-483a-87b1-3a11c570030b" testId="1f28150e-cea8-6a19-096e-e7f09fc4f033" testName="S2Cognition.Integrations.Monday.Core.Tests.Internal.MondayItemsTests.CustomQueryOrMutation_Pass" computerName="MSI" duration="00:00:00.0958190" startTime="2022-12-29T15:15:01.5426369-06:00" endTime="2022-12-29T15:15:01.5426371-06:00" testType="13cdc9d9-ddb5-4fa4-a97d-d965ccfc6d4b" outcome="Passed" testListId="8c84fa94-04c1-424b-9868-57a2d4851a1d" relativeResultsDirectory="2babfa8f-a921-483a-87b1-3a11c570030b" />
    <UnitTestResult executionId="ebe2ee98-bc62-4eeb-bd68-553728832b87" testId="b7d3a67a-8e46-fe49-d504-31fe9e1a6693" testName="S2Cognition.Integrations.Monday.Core.Tests.Internal.QueryOptionsTests.EnsureGetUsersCanReturnMaximums" computerName="MSI" duration="00:00:00.0007616" startTime="2022-12-29T15:15:01.5780192-06:00" endTime="2022-12-29T15:15:01.5780194-06:00" testType="13cdc9d9-ddb5-4fa4-a97d-d965ccfc6d4b" outcome="Passed" testListId="8c84fa94-04c1-424b-9868-57a2d4851a1d" relativeResultsDirectory="ebe2ee98-bc62-4eeb-bd68-553728832b87" />
  </Results>
  <TestDefinitions>
    <UnitTest name="S2Cognition.Integrations.Monday.Core.Tests.Internal.QueryOptionsTests.EnsureGetUsersByAccessTypeWithNewQueryOptionsDefaultsToSameAsOriginalQuery" storage="c:\integrations\s2cognition.integrations\s2cognition.integrations.monday.core.tests\bin\debug\net7.0\s2cognition.integrations.monday.core.tests.dll" id="ca8cc89b-95c4-4a59-05b6-133bc1edac9b">
      <Execution id="78569318-b404-4150-8595-9735d92b5493" />
      <TestMethod codeBase="C:\Integrations\S2Cognition.Integrations\S2Cognition.Integrations.Monday.Core.Tests\bin\Debug\net7.0\S2Cognition.Integrations.Monday.Core.Tests.dll" adapterTypeName="executor://xunit/VsTestRunner2/netcoreapp" className="S2Cognition.Integrations.Monday.Core.Tests.Internal.QueryOptionsTests" name="EnsureGetUsersByAccessTypeWithNewQueryOptionsDefaultsToSameAsOriginalQuery" />
    </UnitTest>
    <UnitTest name="S2Cognition.Integrations.Monday.Core.Tests.MondayTests.EnsureGetUsersIsCallable" storage="c:\integrations\s2cognition.integrations\s2cognition.integrations.monday.core.tests\bin\debug\net7.0\s2cognition.integrations.monday.core.tests.dll" id="7879c22d-f4bb-a045-6a39-bd0221cad0a9">
      <Execution id="24c53881-f65e-4159-ae06-9841086e2970" />
      <TestMethod codeBase="C:\Integrations\S2Cognition.Integrations\S2Cognition.Integrations.Monday.Core.Tests\bin\Debug\net7.0\S2Cognition.Integrations.Monday.Core.Tests.dll" adapterTypeName="executor://xunit/VsTestRunner2/netcoreapp" className="S2Cognition.Integrations.Monday.Core.Tests.MondayTests" name="EnsureGetUsersIsCallable" />
    </UnitTest>
    <UnitTest name="S2Cognition.Integrations.Monday.Core.Tests.Internal.MondayItemsTests.ArchiveItem_Pass" storage="c:\integrations\s2cognition.integrations\s2cognition.integrations.monday.core.tests\bin\debug\net7.0\s2cognition.integrations.monday.core.tests.dll" id="70e1e943-d839-5738-2e19-ede049e672ad">
      <Execution id="5a0e0408-e76a-489b-a269-929061b6b2d1" />
      <TestMethod codeBase="C:\Integrations\S2Cognition.Integrations\S2Cognition.Integrations.Monday.Core.Tests\bin\Debug\net7.0\S2Cognition.Integrations.Monday.Core.Tests.dll" adapterTypeName="executor://xunit/VsTestRunner2/netcoreapp" className="S2Cognition.Integrations.Monday.Core.Tests.Internal.MondayItemsTests" name="ArchiveItem_Pass" />
    </UnitTest>
    <UnitTest name="S2Cognition.Integrations.Monday.Core.Tests.Internal.QueryOptionsTests.EnsureGetItemsCanReturnMinimums" storage="c:\integrations\s2cognition.integrations\s2cognition.integrations.monday.core.tests\bin\debug\net7.0\s2cognition.integrations.monday.core.tests.dll" id="f40f4a10-7804-b0b1-19cc-183b8b6034d9">
      <Execution id="fe4cbc44-e6c5-4264-8cc9-d8150afc8c71" />
      <TestMethod codeBase="C:\Integrations\S2Cognition.Integrations\S2Cognition.Integrations.Monday.Core.Tests\bin\Debug\net7.0\S2Cognition.Integrations.Monday.Core.Tests.dll" adapterTypeName="executor://xunit/VsTestRunner2/netcoreapp" className="S2Cognition.Integrations.Monday.Core.Tests.Internal.QueryOptionsTests" name="EnsureGetItemsCanReturnMinimums" />
    </UnitTest>
    <UnitTest name="S2Cognition.Integrations.Monday.Core.Tests.Internal.QueryOptionsTests.EnsureGetTagsWithNewQueryOptionsDefaultsToSameAsOriginalQuery" storage="c:\integrations\s2cognition.integrations\s2cognition.integrations.monday.core.tests\bin\debug\net7.0\s2cognition.integrations.monday.core.tests.dll" id="904befda-a066-d594-f096-7682165f1bea">
      <Execution id="d2d1933e-47e9-49ea-8be8-b0c13e9ee84c" />
      <TestMethod codeBase="C:\Integrations\S2Cognition.Integrations\S2Cognition.Integrations.Monday.Core.Tests\bin\Debug\net7.0\S2Cognition.Integrations.Monday.Core.Tests.dll" adapterTypeName="executor://xunit/VsTestRunner2/netcoreapp" className="S2Cognition.Integrations.Monday.Core.Tests.Internal.QueryOptionsTests" name="EnsureGetTagsWithNewQueryOptionsDefaultsToSameAsOriginalQuery" />
    </UnitTest>
    <UnitTest name="S2Cognition.Integrations.Monday.Core.Tests.Internal.QueryOptionsTests.EnsureGetTagCanReturnMinimums" storage="c:\integrations\s2cognition.integrations\s2cognition.integrations.monday.core.tests\bin\debug\net7.0\s2cognition.integrations.monday.core.tests.dll" id="5acd4d80-5c98-c1e6-89be-c4543e302d25">
      <Execution id="76d620b1-2d87-4ad2-beba-3c8495571126" />
      <TestMethod codeBase="C:\Integrations\S2Cognition.Integrations\S2Cognition.Integrations.Monday.Core.Tests\bin\Debug\net7.0\S2Cognition.Integrations.Monday.Core.Tests.dll" adapterTypeName="executor://xunit/VsTestRunner2/netcoreapp" className="S2Cognition.Integrations.Monday.Core.Tests.Internal.QueryOptionsTests" name="EnsureGetTagCanReturnMinimums" />
    </UnitTest>
    <UnitTest name="S2Cognition.Integrations.Monday.Core.Tests.Internal.MondayColumnTests.CreateColumn_Pass" storage="c:\integrations\s2cognition.integrations\s2cognition.integrations.monday.core.tests\bin\debug\net7.0\s2cognition.integrations.monday.core.tests.dll" id="fd5759ff-5cef-d692-26f2-712fc30c6007">
      <Execution id="2ec15dd5-e692-4f53-9c20-c08a80ed8e16" />
      <TestMethod codeBase="C:\Integrations\S2Cognition.Integrations\S2Cognition.Integrations.Monday.Core.Tests\bin\Debug\net7.0\S2Cognition.Integrations.Monday.Core.Tests.dll" adapterTypeName="executor://xunit/VsTestRunner2/netcoreapp" className="S2Cognition.Integrations.Monday.Core.Tests.Internal.MondayColumnTests" name="CreateColumn_Pass" />
    </UnitTest>
    <UnitTest name="S2Cognition.Integrations.Monday.Core.Tests.Internal.QueryOptionsTests.EnsureGetBoardWithNewQueryOptionsDefaultsToSameAsOriginalQuery" storage="c:\integrations\s2cognition.integrations\s2cognition.integrations.monday.core.tests\bin\debug\net7.0\s2cognition.integrations.monday.core.tests.dll" id="37321cf0-c01b-eed6-3d62-c68e4caefa2a">
      <Execution id="680acee9-f2fb-457b-93ad-f4820d7f5fd6" />
      <TestMethod codeBase="C:\Integrations\S2Cognition.Integrations\S2Cognition.Integrations.Monday.Core.Tests\bin\Debug\net7.0\S2Cognition.Integrations.Monday.Core.Tests.dll" adapterTypeName="executor://xunit/VsTestRunner2/netcoreapp" className="S2Cognition.Integrations.Monday.Core.Tests.Internal.QueryOptionsTests" name="EnsureGetBoardWithNewQueryOptionsDefaultsToSameAsOriginalQuery" />
    </UnitTest>
    <UnitTest name="S2Cognition.Integrations.Monday.Core.Tests.Internal.QueryOptionsTests.EnsureGetGroupsCanReturnMaximums" storage="c:\integrations\s2cognition.integrations\s2cognition.integrations.monday.core.tests\bin\debug\net7.0\s2cognition.integrations.monday.core.tests.dll" id="3b41359e-553a-c4ee-01d7-ffa32d869aeb">
      <Execution id="58929783-cbf2-42f6-9db4-a6d29304694b" />
      <TestMethod codeBase="C:\Integrations\S2Cognition.Integrations\S2Cognition.Integrations.Monday.Core.Tests\bin\Debug\net7.0\S2Cognition.Integrations.Monday.Core.Tests.dll" adapterTypeName="executor://xunit/VsTestRunner2/netcoreapp" className="S2Cognition.Integrations.Monday.Core.Tests.Internal.QueryOptionsTests" name="EnsureGetGroupsCanReturnMaximums" />
    </UnitTest>
    <UnitTest name="S2Cognition.Integrations.Monday.Core.Tests.Internal.MondayTeamTests.GetTeams_Pass" storage="c:\integrations\s2cognition.integrations\s2cognition.integrations.monday.core.tests\bin\debug\net7.0\s2cognition.integrations.monday.core.tests.dll" id="29e39a12-0b1b-13ca-8d6c-998304c252ed">
      <Execution id="bcb681fa-7a6b-484c-822a-fa0e10019473" />
      <TestMethod codeBase="C:\Integrations\S2Cognition.Integrations\S2Cognition.Integrations.Monday.Core.Tests\bin\Debug\net7.0\S2Cognition.Integrations.Monday.Core.Tests.dll" adapterTypeName="executor://xunit/VsTestRunner2/netcoreapp" className="S2Cognition.Integrations.Monday.Core.Tests.Internal.MondayTeamTests" name="GetTeams_Pass" />
    </UnitTest>
    <UnitTest name="S2Cognition.Integrations.Monday.Core.Tests.Internal.QueryOptionsTests.EnsureGetUsersCanReturnMaximums" storage="c:\integrations\s2cognition.integrations\s2cognition.integrations.monday.core.tests\bin\debug\net7.0\s2cognition.integrations.monday.core.tests.dll" id="b7d3a67a-8e46-fe49-d504-31fe9e1a6693">
      <Execution id="ebe2ee98-bc62-4eeb-bd68-553728832b87" />
      <TestMethod codeBase="C:\Integrations\S2Cognition.Integrations\S2Cognition.Integrations.Monday.Core.Tests\bin\Debug\net7.0\S2Cognition.Integrations.Monday.Core.Tests.dll" adapterTypeName="executor://xunit/VsTestRunner2/netcoreapp" className="S2Cognition.Integrations.Monday.Core.Tests.Internal.QueryOptionsTests" name="EnsureGetUsersCanReturnMaximums" />
    </UnitTest>
    <UnitTest name="S2Cognition.Integrations.Monday.Core.Tests.Internal.MondayItemsTests.DeleteItem_Pass" storage="c:\integrations\s2cognition.integrations\s2cognition.integrations.monday.core.tests\bin\debug\net7.0\s2cognition.integrations.monday.core.tests.dll" id="e3d40a78-7398-4a22-fa97-68b3e9fe9d7e">
      <Execution id="0954e56c-6a9f-424f-b46b-36baba03e1ca" />
      <TestMethod codeBase="C:\Integrations\S2Cognition.Integrations\S2Cognition.Integrations.Monday.Core.Tests\bin\Debug\net7.0\S2Cognition.Integrations.Monday.Core.Tests.dll" adapterTypeName="executor://xunit/VsTestRunner2/netcoreapp" className="S2Cognition.Integrations.Monday.Core.Tests.Internal.MondayItemsTests" name="DeleteItem_Pass" />
    </UnitTest>
    <UnitTest name="S2Cognition.Integrations.Monday.Core.Tests.Internal.QueryOptionsTests.EnsureGetUserCanReturnMinimums" storage="c:\integrations\s2cognition.integrations\s2cognition.integrations.monday.core.tests\bin\debug\net7.0\s2cognition.integrations.monday.core.tests.dll" id="97c9bf93-e9b6-7153-32b6-e6a19e001765">
      <Execution id="bdd8cc1f-1e57-4358-b804-1d072c294f5d" />
      <TestMethod codeBase="C:\Integrations\S2Cognition.Integrations\S2Cognition.Integrations.Monday.Core.Tests\bin\Debug\net7.0\S2Cognition.Integrations.Monday.Core.Tests.dll" adapterTypeName="executor://xunit/VsTestRunner2/netcoreapp" className="S2Cognition.Integrations.Monday.Core.Tests.Internal.QueryOptionsTests" name="EnsureGetUserCanReturnMinimums" />
    </UnitTest>
    <UnitTest name="S2Cognition.Integrations.Monday.Core.Tests.Internal.QueryOptionsTests.EnsureGetUserCanReturnMaximums" storage="c:\integrations\s2cognition.integrations\s2cognition.integrations.monday.core.tests\bin\debug\net7.0\s2cognition.integrations.monday.core.tests.dll" id="8ed8a62c-d6e9-198e-ae0c-26687ea775fc">
      <Execution id="0c60c935-75be-4a98-ac4a-a636dac3c644" />
      <TestMethod codeBase="C:\Integrations\S2Cognition.Integrations\S2Cognition.Integrations.Monday.Core.Tests\bin\Debug\net7.0\S2Cognition.Integrations.Monday.Core.Tests.dll" adapterTypeName="executor://xunit/VsTestRunner2/netcoreapp" className="S2Cognition.Integrations.Monday.Core.Tests.Internal.QueryOptionsTests" name="EnsureGetUserCanReturnMaximums" />
    </UnitTest>
    <UnitTest name="S2Cognition.Integrations.Monday.Core.Tests.Internal.MondaySystemTests.GetComplexity_Pass" storage="c:\integrations\s2cognition.integrations\s2cognition.integrations.monday.core.tests\bin\debug\net7.0\s2cognition.integrations.monday.core.tests.dll" id="b6024c5e-cc9f-6000-9f44-e91bed693a04">
      <Execution id="a7fd9703-63b5-45d8-a9f8-09f6c4f9751c" />
      <TestMethod codeBase="C:\Integrations\S2Cognition.Integrations\S2Cognition.Integrations.Monday.Core.Tests\bin\Debug\net7.0\S2Cognition.Integrations.Monday.Core.Tests.dll" adapterTypeName="executor://xunit/VsTestRunner2/netcoreapp" className="S2Cognition.Integrations.Monday.Core.Tests.Internal.MondaySystemTests" name="GetComplexity_Pass" />
    </UnitTest>
    <UnitTest name="S2Cognition.Integrations.Monday.Core.Tests.Internal.QueryOptionsTests.EnsureGetTagCanReturnMaximums" storage="c:\integrations\s2cognition.integrations\s2cognition.integrations.monday.core.tests\bin\debug\net7.0\s2cognition.integrations.monday.core.tests.dll" id="1e4cf267-2c9b-233b-e477-c77c4907d14b">
      <Execution id="bc2afe17-0610-4afc-b29c-b5a90568448e" />
      <TestMethod codeBase="C:\Integrations\S2Cognition.Integrations\S2Cognition.Integrations.Monday.Core.Tests\bin\Debug\net7.0\S2Cognition.Integrations.Monday.Core.Tests.dll" adapterTypeName="executor://xunit/VsTestRunner2/netcoreapp" className="S2Cognition.Integrations.Monday.Core.Tests.Internal.QueryOptionsTests" name="EnsureGetTagCanReturnMaximums" />
    </UnitTest>
    <UnitTest name="S2Cognition.Integrations.Monday.Core.Tests.Internal.MondayTeamTests.GetTeam_Pass" storage="c:\integrations\s2cognition.integrations\s2cognition.integrations.monday.core.tests\bin\debug\net7.0\s2cognition.integrations.monday.core.tests.dll" id="699e6104-9a78-55e1-d40b-119cadc433c3">
      <Execution id="15d22ff0-af02-43f6-b103-757287f6f7b9" />
      <TestMethod codeBase="C:\Integrations\S2Cognition.Integrations\S2Cognition.Integrations.Monday.Core.Tests\bin\Debug\net7.0\S2Cognition.Integrations.Monday.Core.Tests.dll" adapterTypeName="executor://xunit/VsTestRunner2/netcoreapp" className="S2Cognition.Integrations.Monday.Core.Tests.Internal.MondayTeamTests" name="GetTeam_Pass" />
    </UnitTest>
    <UnitTest name="S2Cognition.Integrations.Monday.Core.Tests.Internal.MondayItemsTests.CustomQueryOrMutation_Pass" storage="c:\integrations\s2cognition.integrations\s2cognition.integrations.monday.core.tests\bin\debug\net7.0\s2cognition.integrations.monday.core.tests.dll" id="1f28150e-cea8-6a19-096e-e7f09fc4f033">
      <Execution id="2babfa8f-a921-483a-87b1-3a11c570030b" />
      <TestMethod codeBase="C:\Integrations\S2Cognition.Integrations\S2Cognition.Integrations.Monday.Core.Tests\bin\Debug\net7.0\S2Cognition.Integrations.Monday.Core.Tests.dll" adapterTypeName="executor://xunit/VsTestRunner2/netcoreapp" className="S2Cognition.Integrations.Monday.Core.Tests.Internal.MondayItemsTests" name="CustomQueryOrMutation_Pass" />
    </UnitTest>
    <UnitTest name="S2Cognition.Integrations.Monday.Core.Tests.Internal.QueryOptionsTests.EnsureGetGroupsCanReturnMinimums" storage="c:\integrations\s2cognition.integrations\s2cognition.integrations.monday.core.tests\bin\debug\net7.0\s2cognition.integrations.monday.core.tests.dll" id="7d34bcc7-299a-cd33-e29a-dd50b189da87">
      <Execution id="0d606e82-a229-4216-96dd-3aec5fa1e763" />
      <TestMethod codeBase="C:\Integrations\S2Cognition.Integrations\S2Cognition.Integrations.Monday.Core.Tests\bin\Debug\net7.0\S2Cognition.Integrations.Monday.Core.Tests.dll" adapterTypeName="executor://xunit/VsTestRunner2/netcoreapp" className="S2Cognition.Integrations.Monday.Core.Tests.Internal.QueryOptionsTests" name="EnsureGetGroupsCanReturnMinimums" />
    </UnitTest>
    <UnitTest name="S2Cognition.Integrations.Monday.Core.Tests.Internal.QueryOptionsTests.EnsureGetGroupsWithNewQueryOptionsDefaultsToSameAsOriginalQuery" storage="c:\integrations\s2cognition.integrations\s2cognition.integrations.monday.core.tests\bin\debug\net7.0\s2cognition.integrations.monday.core.tests.dll" id="0989752e-4baa-5cb4-5a19-785a2f9a8b1c">
      <Execution id="478f5d95-e15e-4c23-a0e2-f7bbb2870719" />
      <TestMethod codeBase="C:\Integrations\S2Cognition.Integrations\S2Cognition.Integrations.Monday.Core.Tests\bin\Debug\net7.0\S2Cognition.Integrations.Monday.Core.Tests.dll" adapterTypeName="executor://xunit/VsTestRunner2/netcoreapp" className="S2Cognition.Integrations.Monday.Core.Tests.Internal.QueryOptionsTests" name="EnsureGetGroupsWithNewQueryOptionsDefaultsToSameAsOriginalQuery" />
    </UnitTest>
    <UnitTest name="S2Cognition.Integrations.Monday.Core.Tests.Internal.MondayColumnTests.UpdateColumn_Pass" storage="c:\integrations\s2cognition.integrations\s2cognition.integrations.monday.core.tests\bin\debug\net7.0\s2cognition.integrations.monday.core.tests.dll" id="c245435d-b0a3-64c2-7ed0-ff76f4852c23">
      <Execution id="fd5d98a0-fc5f-4c2c-b2d0-6fe67e4ffbcd" />
      <TestMethod codeBase="C:\Integrations\S2Cognition.Integrations\S2Cognition.Integrations.Monday.Core.Tests\bin\Debug\net7.0\S2Cognition.Integrations.Monday.Core.Tests.dll" adapterTypeName="executor://xunit/VsTestRunner2/netcoreapp" className="S2Cognition.Integrations.Monday.Core.Tests.Internal.MondayColumnTests" name="UpdateColumn_Pass" />
    </UnitTest>
    <UnitTest name="S2Cognition.Integrations.Monday.Core.Tests.Internal.QueryOptionsTests.EnsureGetUsersWithNewQueryOptionsDefaultsToSameAsOriginalQuery" storage="c:\integrations\s2cognition.integrations\s2cognition.integrations.monday.core.tests\bin\debug\net7.0\s2cognition.integrations.monday.core.tests.dll" id="4020b962-22b9-9020-b548-6e681ed8f485">
      <Execution id="53db8f31-5f38-44a1-9b5b-a1a41c4e9b6c" />
      <TestMethod codeBase="C:\Integrations\S2Cognition.Integrations\S2Cognition.Integrations.Monday.Core.Tests\bin\Debug\net7.0\S2Cognition.Integrations.Monday.Core.Tests.dll" adapterTypeName="executor://xunit/VsTestRunner2/netcoreapp" className="S2Cognition.Integrations.Monday.Core.Tests.Internal.QueryOptionsTests" name="EnsureGetUsersWithNewQueryOptionsDefaultsToSameAsOriginalQuery" />
    </UnitTest>
    <UnitTest name="S2Cognition.Integrations.Monday.Core.Tests.Internal.MondayItemsTests.GetItems_Pass" storage="c:\integrations\s2cognition.integrations\s2cognition.integrations.monday.core.tests\bin\debug\net7.0\s2cognition.integrations.monday.core.tests.dll" id="286a79c1-cf38-10b2-3c66-6238db8d2e6b">
      <Execution id="542c72bf-40f5-48af-bb05-4cd9809a3e48" />
      <TestMethod codeBase="C:\Integrations\S2Cognition.Integrations\S2Cognition.Integrations.Monday.Core.Tests\bin\Debug\net7.0\S2Cognition.Integrations.Monday.Core.Tests.dll" adapterTypeName="executor://xunit/VsTestRunner2/netcoreapp" className="S2Cognition.Integrations.Monday.Core.Tests.Internal.MondayItemsTests" name="GetItems_Pass" />
    </UnitTest>
    <UnitTest name="S2Cognition.Integrations.Monday.Core.Tests.Internal.QueryOptionsTests.EnsureGetItemCanReturnMinimums" storage="c:\integrations\s2cognition.integrations\s2cognition.integrations.monday.core.tests\bin\debug\net7.0\s2cognition.integrations.monday.core.tests.dll" id="670e15a2-2818-00a1-83de-8910400e8cfd">
      <Execution id="d7c49530-88a4-42b1-8af6-fad2f524f566" />
      <TestMethod codeBase="C:\Integrations\S2Cognition.Integrations\S2Cognition.Integrations.Monday.Core.Tests\bin\Debug\net7.0\S2Cognition.Integrations.Monday.Core.Tests.dll" adapterTypeName="executor://xunit/VsTestRunner2/netcoreapp" className="S2Cognition.Integrations.Monday.Core.Tests.Internal.QueryOptionsTests" name="EnsureGetItemCanReturnMinimums" />
    </UnitTest>
    <UnitTest name="S2Cognition.Integrations.Monday.Core.Tests.Internal.MondayGroupsTests.ArchiveGroup_Pass" storage="c:\integrations\s2cognition.integrations\s2cognition.integrations.monday.core.tests\bin\debug\net7.0\s2cognition.integrations.monday.core.tests.dll" id="6772f89f-c983-ba69-e6fa-efff4c2a9593">
      <Execution id="8d477539-e6f3-444a-b4ac-e31609bac01c" />
      <TestMethod codeBase="C:\Integrations\S2Cognition.Integrations\S2Cognition.Integrations.Monday.Core.Tests\bin\Debug\net7.0\S2Cognition.Integrations.Monday.Core.Tests.dll" adapterTypeName="executor://xunit/VsTestRunner2/netcoreapp" className="S2Cognition.Integrations.Monday.Core.Tests.Internal.MondayGroupsTests" name="ArchiveGroup_Pass" />
    </UnitTest>
    <UnitTest name="S2Cognition.Integrations.Monday.Core.Tests.Internal.MondayBoardTests.ArchiveBoard_Pass" storage="c:\integrations\s2cognition.integrations\s2cognition.integrations.monday.core.tests\bin\debug\net7.0\s2cognition.integrations.monday.core.tests.dll" id="37051fb3-77bb-cf2b-6c03-648a546869cc">
      <Execution id="14f831f4-6cff-4fde-8242-076c2a958c7b" />
      <TestMethod codeBase="C:\Integrations\S2Cognition.Integrations\S2Cognition.Integrations.Monday.Core.Tests\bin\Debug\net7.0\S2Cognition.Integrations.Monday.Core.Tests.dll" adapterTypeName="executor://xunit/VsTestRunner2/netcoreapp" className="S2Cognition.Integrations.Monday.Core.Tests.Internal.MondayBoardTests" name="ArchiveBoard_Pass" />
    </UnitTest>
    <UnitTest name="S2Cognition.Integrations.Monday.Core.Tests.Internal.QueryOptionsTests.EnsureGetItemsCanReturnMaximums" storage="c:\integrations\s2cognition.integrations\s2cognition.integrations.monday.core.tests\bin\debug\net7.0\s2cognition.integrations.monday.core.tests.dll" id="f1227b7d-c8f7-8375-5cb6-1b981226c09d">
      <Execution id="4f4720ce-b72d-4e79-8a72-e8b5274271d1" />
      <TestMethod codeBase="C:\Integrations\S2Cognition.Integrations\S2Cognition.Integrations.Monday.Core.Tests\bin\Debug\net7.0\S2Cognition.Integrations.Monday.Core.Tests.dll" adapterTypeName="executor://xunit/VsTestRunner2/netcoreapp" className="S2Cognition.Integrations.Monday.Core.Tests.Internal.QueryOptionsTests" name="EnsureGetItemsCanReturnMaximums" />
    </UnitTest>
    <UnitTest name="S2Cognition.Integrations.Monday.Core.Tests.Internal.QueryOptionsTests.EnsureGetTagsCanReturnMaximums" storage="c:\integrations\s2cognition.integrations\s2cognition.integrations.monday.core.tests\bin\debug\net7.0\s2cognition.integrations.monday.core.tests.dll" id="6a7b4e50-2875-002c-db7c-87121ab38351">
      <Execution id="71dd1d02-5a2e-4d56-992e-43ad1dcd33a0" />
      <TestMethod codeBase="C:\Integrations\S2Cognition.Integrations\S2Cognition.Integrations.Monday.Core.Tests\bin\Debug\net7.0\S2Cognition.Integrations.Monday.Core.Tests.dll" adapterTypeName="executor://xunit/VsTestRunner2/netcoreapp" className="S2Cognition.Integrations.Monday.Core.Tests.Internal.QueryOptionsTests" name="EnsureGetTagsCanReturnMaximums" />
    </UnitTest>
    <UnitTest name="S2Cognition.Integrations.Monday.Core.Tests.Internal.QueryOptionsTests.EnsureGetTagWithNewQueryOptionsDefaultsToSameAsOriginalQuery" storage="c:\integrations\s2cognition.integrations\s2cognition.integrations.monday.core.tests\bin\debug\net7.0\s2cognition.integrations.monday.core.tests.dll" id="c72e751f-4715-ef7d-d196-f91200915af9">
      <Execution id="af76f257-7f7a-445f-be0b-a59a2889818d" />
      <TestMethod codeBase="C:\Integrations\S2Cognition.Integrations\S2Cognition.Integrations.Monday.Core.Tests\bin\Debug\net7.0\S2Cognition.Integrations.Monday.Core.Tests.dll" adapterTypeName="executor://xunit/VsTestRunner2/netcoreapp" className="S2Cognition.Integrations.Monday.Core.Tests.Internal.QueryOptionsTests" name="EnsureGetTagWithNewQueryOptionsDefaultsToSameAsOriginalQuery" />
    </UnitTest>
    <UnitTest name="S2Cognition.Integrations.Monday.Core.Tests.Internal.QueryOptionsTests.EnsureGetTeamCanReturnMaximums" storage="c:\integrations\s2cognition.integrations\s2cognition.integrations.monday.core.tests\bin\debug\net7.0\s2cognition.integrations.monday.core.tests.dll" id="e1d12073-8a41-eb5a-464c-27f8af3d47be">
      <Execution id="be0b6eb4-9a27-4a2a-877c-2656b714fddb" />
      <TestMethod codeBase="C:\Integrations\S2Cognition.Integrations\S2Cognition.Integrations.Monday.Core.Tests\bin\Debug\net7.0\S2Cognition.Integrations.Monday.Core.Tests.dll" adapterTypeName="executor://xunit/VsTestRunner2/netcoreapp" className="S2Cognition.Integrations.Monday.Core.Tests.Internal.QueryOptionsTests" name="EnsureGetTeamCanReturnMaximums" />
    </UnitTest>
    <UnitTest name="S2Cognition.Integrations.Monday.Core.Tests.Internal.MondayTagsTests.GetTag_Pass" storage="c:\integrations\s2cognition.integrations\s2cognition.integrations.monday.core.tests\bin\debug\net7.0\s2cognition.integrations.monday.core.tests.dll" id="5ff0fe88-c4c8-57d3-5b1a-3f39e1a69737">
      <Execution id="eabb2e68-0e54-42cb-95d6-4890c72df2e6" />
      <TestMethod codeBase="C:\Integrations\S2Cognition.Integrations\S2Cognition.Integrations.Monday.Core.Tests\bin\Debug\net7.0\S2Cognition.Integrations.Monday.Core.Tests.dll" adapterTypeName="executor://xunit/VsTestRunner2/netcoreapp" className="S2Cognition.Integrations.Monday.Core.Tests.Internal.MondayTagsTests" name="GetTag_Pass" />
    </UnitTest>
    <UnitTest name="S2Cognition.Integrations.Monday.Core.Tests.Internal.QueryOptionsTests.EnsureGetTagsCanReturnMinimums" storage="c:\integrations\s2cognition.integrations\s2cognition.integrations.monday.core.tests\bin\debug\net7.0\s2cognition.integrations.monday.core.tests.dll" id="83d01415-0376-964e-248c-a57968d4c4ba">
      <Execution id="e89c4869-632c-4313-ad13-440db92001da" />
      <TestMethod codeBase="C:\Integrations\S2Cognition.Integrations\S2Cognition.Integrations.Monday.Core.Tests\bin\Debug\net7.0\S2Cognition.Integrations.Monday.Core.Tests.dll" adapterTypeName="executor://xunit/VsTestRunner2/netcoreapp" className="S2Cognition.Integrations.Monday.Core.Tests.Internal.QueryOptionsTests" name="EnsureGetTagsCanReturnMinimums" />
    </UnitTest>
    <UnitTest name="S2Cognition.Integrations.Monday.Core.Tests.Internal.MondayUserTests.GetUsers_Pass" storage="c:\integrations\s2cognition.integrations\s2cognition.integrations.monday.core.tests\bin\debug\net7.0\s2cognition.integrations.monday.core.tests.dll" id="a6be2696-0cfa-7509-97d1-769ed4f8bc42">
      <Execution id="d66f5c04-258b-45c0-980a-3e9d2bd92b35" />
      <TestMethod codeBase="C:\Integrations\S2Cognition.Integrations\S2Cognition.Integrations.Monday.Core.Tests\bin\Debug\net7.0\S2Cognition.Integrations.Monday.Core.Tests.dll" adapterTypeName="executor://xunit/VsTestRunner2/netcoreapp" className="S2Cognition.Integrations.Monday.Core.Tests.Internal.MondayUserTests" name="GetUsers_Pass" />
    </UnitTest>
    <UnitTest name="S2Cognition.Integrations.Monday.Core.Tests.Internal.MondayUpdatesTests.CreateUpdate_Pass" storage="c:\integrations\s2cognition.integrations\s2cognition.integrations.monday.core.tests\bin\debug\net7.0\s2cognition.integrations.monday.core.tests.dll" id="3aa2df7a-4bcf-30d2-3510-215610c27c6a">
      <Execution id="67da1a43-11a5-48fa-baf8-3a0808447349" />
      <TestMethod codeBase="C:\Integrations\S2Cognition.Integrations\S2Cognition.Integrations.Monday.Core.Tests\bin\Debug\net7.0\S2Cognition.Integrations.Monday.Core.Tests.dll" adapterTypeName="executor://xunit/VsTestRunner2/netcoreapp" className="S2Cognition.Integrations.Monday.Core.Tests.Internal.MondayUpdatesTests" name="CreateUpdate_Pass" />
    </UnitTest>
    <UnitTest name="S2Cognition.Integrations.Monday.Core.Tests.Internal.QueryOptionsTests.EnsureGetItemWithNewQueryOptionsDefaultsToSameAsOriginalQuery" storage="c:\integrations\s2cognition.integrations\s2cognition.integrations.monday.core.tests\bin\debug\net7.0\s2cognition.integrations.monday.core.tests.dll" id="c4ed5dd6-97b8-f60b-60a1-3ed3850e6fa1">
      <Execution id="6a256b0a-11f5-4650-ac96-f2338ff8f8ea" />
      <TestMethod codeBase="C:\Integrations\S2Cognition.Integrations\S2Cognition.Integrations.Monday.Core.Tests\bin\Debug\net7.0\S2Cognition.Integrations.Monday.Core.Tests.dll" adapterTypeName="executor://xunit/VsTestRunner2/netcoreapp" className="S2Cognition.Integrations.Monday.Core.Tests.Internal.QueryOptionsTests" name="EnsureGetItemWithNewQueryOptionsDefaultsToSameAsOriginalQuery" />
    </UnitTest>
    <UnitTest name="S2Cognition.Integrations.Monday.Core.Tests.Internal.MondayTagsTests.GetTags_Pass" storage="c:\integrations\s2cognition.integrations\s2cognition.integrations.monday.core.tests\bin\debug\net7.0\s2cognition.integrations.monday.core.tests.dll" id="3cc1457a-7db2-e650-a582-3cc4ef74bd86">
      <Execution id="0377f720-2a5c-4746-ad2a-881eeefab5db" />
      <TestMethod codeBase="C:\Integrations\S2Cognition.Integrations\S2Cognition.Integrations.Monday.Core.Tests\bin\Debug\net7.0\S2Cognition.Integrations.Monday.Core.Tests.dll" adapterTypeName="executor://xunit/VsTestRunner2/netcoreapp" className="S2Cognition.Integrations.Monday.Core.Tests.Internal.MondayTagsTests" name="GetTags_Pass" />
    </UnitTest>
    <UnitTest name="S2Cognition.Integrations.Monday.Core.Tests.Internal.MondayBoardTests.GetBoards_Pass" storage="c:\integrations\s2cognition.integrations\s2cognition.integrations.monday.core.tests\bin\debug\net7.0\s2cognition.integrations.monday.core.tests.dll" id="46c88540-33b2-2fcf-a4ea-24e23c1d5ff9">
      <Execution id="51e3e049-bbd2-4cae-a5e3-64c25601e4e6" />
      <TestMethod codeBase="C:\Integrations\S2Cognition.Integrations\S2Cognition.Integrations.Monday.Core.Tests\bin\Debug\net7.0\S2Cognition.Integrations.Monday.Core.Tests.dll" adapterTypeName="executor://xunit/VsTestRunner2/netcoreapp" className="S2Cognition.Integrations.Monday.Core.Tests.Internal.MondayBoardTests" name="GetBoards_Pass" />
    </UnitTest>
    <UnitTest name="S2Cognition.Integrations.Monday.Core.Tests.Internal.MondayItemsTests.CreateItem_Pass" storage="c:\integrations\s2cognition.integrations\s2cognition.integrations.monday.core.tests\bin\debug\net7.0\s2cognition.integrations.monday.core.tests.dll" id="e200f5e5-ea4d-ef93-2426-d0d7b0ec2c29">
      <Execution id="232b10f7-1265-4fd1-ada3-64b1ea3a89e8" />
      <TestMethod codeBase="C:\Integrations\S2Cognition.Integrations\S2Cognition.Integrations.Monday.Core.Tests\bin\Debug\net7.0\S2Cognition.Integrations.Monday.Core.Tests.dll" adapterTypeName="executor://xunit/VsTestRunner2/netcoreapp" className="S2Cognition.Integrations.Monday.Core.Tests.Internal.MondayItemsTests" name="CreateItem_Pass" />
    </UnitTest>
    <UnitTest name="S2Cognition.Integrations.Monday.Core.Tests.Internal.QueryOptionsTests.EnsureGetBoardCanReturnMaximums" storage="c:\integrations\s2cognition.integrations\s2cognition.integrations.monday.core.tests\bin\debug\net7.0\s2cognition.integrations.monday.core.tests.dll" id="856bbfd7-07ce-4e80-13d9-f04e4e3755c8">
      <Execution id="4ff43022-b897-4649-a479-00b49eae0c31" />
      <TestMethod codeBase="C:\Integrations\S2Cognition.Integrations\S2Cognition.Integrations.Monday.Core.Tests\bin\Debug\net7.0\S2Cognition.Integrations.Monday.Core.Tests.dll" adapterTypeName="executor://xunit/VsTestRunner2/netcoreapp" className="S2Cognition.Integrations.Monday.Core.Tests.Internal.QueryOptionsTests" name="EnsureGetBoardCanReturnMaximums" />
    </UnitTest>
    <UnitTest name="S2Cognition.Integrations.Monday.Core.Tests.Internal.QueryOptionsTests.EnsureGetTeamsCanReturnMaximums" storage="c:\integrations\s2cognition.integrations\s2cognition.integrations.monday.core.tests\bin\debug\net7.0\s2cognition.integrations.monday.core.tests.dll" id="bf6d4cfe-f7f8-bda4-adec-4a809b3ae095">
      <Execution id="025f57e0-654a-4802-9b6c-72b7b488070a" />
      <TestMethod codeBase="C:\Integrations\S2Cognition.Integrations\S2Cognition.Integrations.Monday.Core.Tests\bin\Debug\net7.0\S2Cognition.Integrations.Monday.Core.Tests.dll" adapterTypeName="executor://xunit/VsTestRunner2/netcoreapp" className="S2Cognition.Integrations.Monday.Core.Tests.Internal.QueryOptionsTests" name="EnsureGetTeamsCanReturnMaximums" />
    </UnitTest>
    <UnitTest name="S2Cognition.Integrations.Monday.Core.Tests.Internal.MondayTagsTests.CreateTag_Pass" storage="c:\integrations\s2cognition.integrations\s2cognition.integrations.monday.core.tests\bin\debug\net7.0\s2cognition.integrations.monday.core.tests.dll" id="6e24f7c2-254d-33e4-faf1-26dea1d1bc54">
      <Execution id="860a02bb-2298-4e44-ad69-ec942853d647" />
      <TestMethod codeBase="C:\Integrations\S2Cognition.Integrations\S2Cognition.Integrations.Monday.Core.Tests\bin\Debug\net7.0\S2Cognition.Integrations.Monday.Core.Tests.dll" adapterTypeName="executor://xunit/VsTestRunner2/netcoreapp" className="S2Cognition.Integrations.Monday.Core.Tests.Internal.MondayTagsTests" name="CreateTag_Pass" />
    </UnitTest>
    <UnitTest name="S2Cognition.Integrations.Monday.Core.Tests.Internal.QueryOptionsTests.EnsureGetItemsWithNewQueryOptionsDefaultsToSameAsOriginalQuery" storage="c:\integrations\s2cognition.integrations\s2cognition.integrations.monday.core.tests\bin\debug\net7.0\s2cognition.integrations.monday.core.tests.dll" id="582bd4da-d563-0a40-db6b-689ff84cf20b">
      <Execution id="78b45d38-45a1-44e3-9f8e-2bc701f206e7" />
      <TestMethod codeBase="C:\Integrations\S2Cognition.Integrations\S2Cognition.Integrations.Monday.Core.Tests\bin\Debug\net7.0\S2Cognition.Integrations.Monday.Core.Tests.dll" adapterTypeName="executor://xunit/VsTestRunner2/netcoreapp" className="S2Cognition.Integrations.Monday.Core.Tests.Internal.QueryOptionsTests" name="EnsureGetItemsWithNewQueryOptionsDefaultsToSameAsOriginalQuery" />
    </UnitTest>
    <UnitTest name="S2Cognition.Integrations.Monday.Core.Tests.Internal.MondayUpdatesTests.ClearItemUpdates_Pass" storage="c:\integrations\s2cognition.integrations\s2cognition.integrations.monday.core.tests\bin\debug\net7.0\s2cognition.integrations.monday.core.tests.dll" id="5ba5d283-3fc5-9bfc-7776-8e3e68851e24">
      <Execution id="e3a6d117-7e0c-4b16-8b82-c213e4a7e4ba" />
      <TestMethod codeBase="C:\Integrations\S2Cognition.Integrations\S2Cognition.Integrations.Monday.Core.Tests\bin\Debug\net7.0\S2Cognition.Integrations.Monday.Core.Tests.dll" adapterTypeName="executor://xunit/VsTestRunner2/netcoreapp" className="S2Cognition.Integrations.Monday.Core.Tests.Internal.MondayUpdatesTests" name="ClearItemUpdates_Pass" />
    </UnitTest>
    <UnitTest name="S2Cognition.Integrations.Monday.Core.Tests.Internal.QueryOptionsTests.EnsureGetItemCanReturnMaximums" storage="c:\integrations\s2cognition.integrations\s2cognition.integrations.monday.core.tests\bin\debug\net7.0\s2cognition.integrations.monday.core.tests.dll" id="b0364036-532a-17f0-e240-4b2f7553b7e5">
      <Execution id="89556262-bceb-4c3b-80b6-3a7dac9ba9e5" />
      <TestMethod codeBase="C:\Integrations\S2Cognition.Integrations\S2Cognition.Integrations.Monday.Core.Tests\bin\Debug\net7.0\S2Cognition.Integrations.Monday.Core.Tests.dll" adapterTypeName="executor://xunit/VsTestRunner2/netcoreapp" className="S2Cognition.Integrations.Monday.Core.Tests.Internal.QueryOptionsTests" name="EnsureGetItemCanReturnMaximums" />
    </UnitTest>
    <UnitTest name="S2Cognition.Integrations.Monday.Core.Tests.Internal.QueryOptionsTests.EnsureGetUserWithNewQueryOptionsDefaultsToSameAsOriginalQuery" storage="c:\integrations\s2cognition.integrations\s2cognition.integrations.monday.core.tests\bin\debug\net7.0\s2cognition.integrations.monday.core.tests.dll" id="a94027fb-8741-0358-60a0-79da4714131a">
      <Execution id="7eea4ac2-2c8e-4aeb-9e50-89c20677d1b0" />
      <TestMethod codeBase="C:\Integrations\S2Cognition.Integrations\S2Cognition.Integrations.Monday.Core.Tests\bin\Debug\net7.0\S2Cognition.Integrations.Monday.Core.Tests.dll" adapterTypeName="executor://xunit/VsTestRunner2/netcoreapp" className="S2Cognition.Integrations.Monday.Core.Tests.Internal.QueryOptionsTests" name="EnsureGetUserWithNewQueryOptionsDefaultsToSameAsOriginalQuery" />
    </UnitTest>
    <UnitTest name="S2Cognition.Integrations.Monday.Core.Tests.Internal.QueryOptionsTests.EnsureGetBoardsCanReturnMaximums" storage="c:\integrations\s2cognition.integrations\s2cognition.integrations.monday.core.tests\bin\debug\net7.0\s2cognition.integrations.monday.core.tests.dll" id="b6298783-c9b1-ba27-491e-9e45d1b4abea">
      <Execution id="c1e5d1e8-eb80-418e-9450-f8b54775c1b5" />
      <TestMethod codeBase="C:\Integrations\S2Cognition.Integrations\S2Cognition.Integrations.Monday.Core.Tests\bin\Debug\net7.0\S2Cognition.Integrations.Monday.Core.Tests.dll" adapterTypeName="executor://xunit/VsTestRunner2/netcoreapp" className="S2Cognition.Integrations.Monday.Core.Tests.Internal.QueryOptionsTests" name="EnsureGetBoardsCanReturnMaximums" />
    </UnitTest>
    <UnitTest name="S2Cognition.Integrations.Monday.Core.Tests.Internal.MondayBoardTests.CreateBoard_Pass" storage="c:\integrations\s2cognition.integrations\s2cognition.integrations.monday.core.tests\bin\debug\net7.0\s2cognition.integrations.monday.core.tests.dll" id="5e07aaee-af05-c07d-f2b3-414cd34710c1">
      <Execution id="42ad954b-4d90-40cf-ac5a-4b194262c799" />
      <TestMethod codeBase="C:\Integrations\S2Cognition.Integrations\S2Cognition.Integrations.Monday.Core.Tests\bin\Debug\net7.0\S2Cognition.Integrations.Monday.Core.Tests.dll" adapterTypeName="executor://xunit/VsTestRunner2/netcoreapp" className="S2Cognition.Integrations.Monday.Core.Tests.Internal.MondayBoardTests" name="CreateBoard_Pass" />
    </UnitTest>
    <UnitTest name="S2Cognition.Integrations.Monday.Core.Tests.Internal.MondaySystemTests.GetRateLimit_Pass" storage="c:\integrations\s2cognition.integrations\s2cognition.integrations.monday.core.tests\bin\debug\net7.0\s2cognition.integrations.monday.core.tests.dll" id="4de8177c-a3ef-ef0e-c081-9ae3f23c7531">
      <Execution id="ab851683-89be-415b-a033-edad161c9a11" />
      <TestMethod codeBase="C:\Integrations\S2Cognition.Integrations\S2Cognition.Integrations.Monday.Core.Tests\bin\Debug\net7.0\S2Cognition.Integrations.Monday.Core.Tests.dll" adapterTypeName="executor://xunit/VsTestRunner2/netcoreapp" className="S2Cognition.Integrations.Monday.Core.Tests.Internal.MondaySystemTests" name="GetRateLimit_Pass" />
    </UnitTest>
    <UnitTest name="S2Cognition.Integrations.Monday.Core.Tests.Internal.MondayBoardTests.GetBoard_Pass" storage="c:\integrations\s2cognition.integrations\s2cognition.integrations.monday.core.tests\bin\debug\net7.0\s2cognition.integrations.monday.core.tests.dll" id="7785283e-2fa2-577d-b099-0811bd86332e">
      <Execution id="0f305fe8-f562-48a0-adeb-f33ff728de02" />
      <TestMethod codeBase="C:\Integrations\S2Cognition.Integrations\S2Cognition.Integrations.Monday.Core.Tests\bin\Debug\net7.0\S2Cognition.Integrations.Monday.Core.Tests.dll" adapterTypeName="executor://xunit/VsTestRunner2/netcoreapp" className="S2Cognition.Integrations.Monday.Core.Tests.Internal.MondayBoardTests" name="GetBoard_Pass" />
    </UnitTest>
    <UnitTest name="S2Cognition.Integrations.Monday.Core.Tests.Internal.QueryOptionsTests.EnsureGetTeamsCanReturnMinimums" storage="c:\integrations\s2cognition.integrations\s2cognition.integrations.monday.core.tests\bin\debug\net7.0\s2cognition.integrations.monday.core.tests.dll" id="002eaebf-a01f-d452-7b16-eb46be988df6">
      <Execution id="7a4c76fc-32ee-4a29-a3fa-577bd34f898d" />
      <TestMethod codeBase="C:\Integrations\S2Cognition.Integrations\S2Cognition.Integrations.Monday.Core.Tests\bin\Debug\net7.0\S2Cognition.Integrations.Monday.Core.Tests.dll" adapterTypeName="executor://xunit/VsTestRunner2/netcoreapp" className="S2Cognition.Integrations.Monday.Core.Tests.Internal.QueryOptionsTests" name="EnsureGetTeamsCanReturnMinimums" />
    </UnitTest>
    <UnitTest name="S2Cognition.Integrations.Monday.Core.Tests.Internal.QueryOptionsTests.EnsureGetTeamCanReturnMinimums" storage="c:\integrations\s2cognition.integrations\s2cognition.integrations.monday.core.tests\bin\debug\net7.0\s2cognition.integrations.monday.core.tests.dll" id="9494a386-627a-d9e9-f044-8a9379f54cd7">
      <Execution id="a6774dfc-30e4-4c5b-9e56-81ce0b6f2441" />
      <TestMethod codeBase="C:\Integrations\S2Cognition.Integrations\S2Cognition.Integrations.Monday.Core.Tests\bin\Debug\net7.0\S2Cognition.Integrations.Monday.Core.Tests.dll" adapterTypeName="executor://xunit/VsTestRunner2/netcoreapp" className="S2Cognition.Integrations.Monday.Core.Tests.Internal.QueryOptionsTests" name="EnsureGetTeamCanReturnMinimums" />
    </UnitTest>
    <UnitTest name="S2Cognition.Integrations.Monday.Core.Tests.Internal.QueryOptionsTests.EnsureGetBoardsWithNewQueryOptionsDefaultsToSameAsOriginalQuery" storage="c:\integrations\s2cognition.integrations\s2cognition.integrations.monday.core.tests\bin\debug\net7.0\s2cognition.integrations.monday.core.tests.dll" id="74274b9a-6c05-5e11-57f4-f07a126b1d72">
      <Execution id="91ea4c72-8938-4e5c-976f-f2cf41c196ac" />
      <TestMethod codeBase="C:\Integrations\S2Cognition.Integrations\S2Cognition.Integrations.Monday.Core.Tests\bin\Debug\net7.0\S2Cognition.Integrations.Monday.Core.Tests.dll" adapterTypeName="executor://xunit/VsTestRunner2/netcoreapp" className="S2Cognition.Integrations.Monday.Core.Tests.Internal.QueryOptionsTests" name="EnsureGetBoardsWithNewQueryOptionsDefaultsToSameAsOriginalQuery" />
    </UnitTest>
    <UnitTest name="S2Cognition.Integrations.Monday.Core.Tests.Internal.QueryOptionsTests.EnsureGetTeamWithNewQueryOptionsDefaultsToSameAsOriginalQuery" storage="c:\integrations\s2cognition.integrations\s2cognition.integrations.monday.core.tests\bin\debug\net7.0\s2cognition.integrations.monday.core.tests.dll" id="f2e1c8e0-2aa8-c927-fab7-283c464add20">
      <Execution id="394810df-e38d-4d0e-9b00-0ef8a61533f8" />
      <TestMethod codeBase="C:\Integrations\S2Cognition.Integrations\S2Cognition.Integrations.Monday.Core.Tests\bin\Debug\net7.0\S2Cognition.Integrations.Monday.Core.Tests.dll" adapterTypeName="executor://xunit/VsTestRunner2/netcoreapp" className="S2Cognition.Integrations.Monday.Core.Tests.Internal.QueryOptionsTests" name="EnsureGetTeamWithNewQueryOptionsDefaultsToSameAsOriginalQuery" />
    </UnitTest>
    <UnitTest name="S2Cognition.Integrations.Monday.Core.Tests.Internal.MondayUserTests.GetUsers_UserAccessTypes_Pass" storage="c:\integrations\s2cognition.integrations\s2cognition.integrations.monday.core.tests\bin\debug\net7.0\s2cognition.integrations.monday.core.tests.dll" id="58de10b4-534b-6f18-2f4c-a723eb0766d0">
      <Execution id="3b548669-ee4a-4aca-b036-cdf2fc2ad4dc" />
      <TestMethod codeBase="C:\Integrations\S2Cognition.Integrations\S2Cognition.Integrations.Monday.Core.Tests\bin\Debug\net7.0\S2Cognition.Integrations.Monday.Core.Tests.dll" adapterTypeName="executor://xunit/VsTestRunner2/netcoreapp" className="S2Cognition.Integrations.Monday.Core.Tests.Internal.MondayUserTests" name="GetUsers_UserAccessTypes_Pass" />
    </UnitTest>
    <UnitTest name="S2Cognition.Integrations.Monday.Core.Tests.Internal.MondayGroupsTests.CreateGroup_Pass" storage="c:\integrations\s2cognition.integrations\s2cognition.integrations.monday.core.tests\bin\debug\net7.0\s2cognition.integrations.monday.core.tests.dll" id="8687e80b-497d-c3e0-d1a0-623791adeab4">
      <Execution id="0e642304-bd79-40c6-98f8-201319025abf" />
      <TestMethod codeBase="C:\Integrations\S2Cognition.Integrations\S2Cognition.Integrations.Monday.Core.Tests\bin\Debug\net7.0\S2Cognition.Integrations.Monday.Core.Tests.dll" adapterTypeName="executor://xunit/VsTestRunner2/netcoreapp" className="S2Cognition.Integrations.Monday.Core.Tests.Internal.MondayGroupsTests" name="CreateGroup_Pass" />
    </UnitTest>
    <UnitTest name="S2Cognition.Integrations.Monday.Core.Tests.Internal.QueryOptionsTests.EnsureGetBoardCanReturnMinimums" storage="c:\integrations\s2cognition.integrations\s2cognition.integrations.monday.core.tests\bin\debug\net7.0\s2cognition.integrations.monday.core.tests.dll" id="60fd7a38-e994-b056-025f-4b68bd7e74bb">
      <Execution id="c85bf202-51a3-4d1e-8c36-07be82901e81" />
      <TestMethod codeBase="C:\Integrations\S2Cognition.Integrations\S2Cognition.Integrations.Monday.Core.Tests\bin\Debug\net7.0\S2Cognition.Integrations.Monday.Core.Tests.dll" adapterTypeName="executor://xunit/VsTestRunner2/netcoreapp" className="S2Cognition.Integrations.Monday.Core.Tests.Internal.QueryOptionsTests" name="EnsureGetBoardCanReturnMinimums" />
    </UnitTest>
    <UnitTest name="S2Cognition.Integrations.Monday.Core.Tests.Internal.QueryOptionsTests.EnsureGetBoardsCanReturnMinimums" storage="c:\integrations\s2cognition.integrations\s2cognition.integrations.monday.core.tests\bin\debug\net7.0\s2cognition.integrations.monday.core.tests.dll" id="c2cd20d0-54ba-4173-27de-9e34dd6187a2">
      <Execution id="09abcb18-d573-4def-9a6b-12d6f8adaf64" />
      <TestMethod codeBase="C:\Integrations\S2Cognition.Integrations\S2Cognition.Integrations.Monday.Core.Tests\bin\Debug\net7.0\S2Cognition.Integrations.Monday.Core.Tests.dll" adapterTypeName="executor://xunit/VsTestRunner2/netcoreapp" className="S2Cognition.Integrations.Monday.Core.Tests.Internal.QueryOptionsTests" name="EnsureGetBoardsCanReturnMinimums" />
    </UnitTest>
    <UnitTest name="S2Cognition.Integrations.Monday.Core.Tests.Internal.MondayUserTests.GetUser_Pass" storage="c:\integrations\s2cognition.integrations\s2cognition.integrations.monday.core.tests\bin\debug\net7.0\s2cognition.integrations.monday.core.tests.dll" id="21705279-1176-84a3-7593-433546a218f6">
      <Execution id="a0e2e282-fda4-471e-9861-c3c0336412dc" />
      <TestMethod codeBase="C:\Integrations\S2Cognition.Integrations\S2Cognition.Integrations.Monday.Core.Tests\bin\Debug\net7.0\S2Cognition.Integrations.Monday.Core.Tests.dll" adapterTypeName="executor://xunit/VsTestRunner2/netcoreapp" className="S2Cognition.Integrations.Monday.Core.Tests.Internal.MondayUserTests" name="GetUser_Pass" />
    </UnitTest>
    <UnitTest name="S2Cognition.Integrations.Monday.Core.Tests.Internal.MondayItemsTests.GetItem_Pass" storage="c:\integrations\s2cognition.integrations\s2cognition.integrations.monday.core.tests\bin\debug\net7.0\s2cognition.integrations.monday.core.tests.dll" id="6f70f028-4b1a-be4e-c821-5b04f77f1689">
      <Execution id="8a755f2a-198f-483a-a01b-c838be589056" />
      <TestMethod codeBase="C:\Integrations\S2Cognition.Integrations\S2Cognition.Integrations.Monday.Core.Tests\bin\Debug\net7.0\S2Cognition.Integrations.Monday.Core.Tests.dll" adapterTypeName="executor://xunit/VsTestRunner2/netcoreapp" className="S2Cognition.Integrations.Monday.Core.Tests.Internal.MondayItemsTests" name="GetItem_Pass" />
    </UnitTest>
    <UnitTest name="S2Cognition.Integrations.Monday.Core.Tests.Internal.MondayGroupsTests.DeleteGroup_Pass" storage="c:\integrations\s2cognition.integrations\s2cognition.integrations.monday.core.tests\bin\debug\net7.0\s2cognition.integrations.monday.core.tests.dll" id="b2cf74ef-0af5-e7f1-61af-1a4383953923">
      <Execution id="6c7ad539-c197-4c6e-a070-f6900ed37910" />
      <TestMethod codeBase="C:\Integrations\S2Cognition.Integrations\S2Cognition.Integrations.Monday.Core.Tests\bin\Debug\net7.0\S2Cognition.Integrations.Monday.Core.Tests.dll" adapterTypeName="executor://xunit/VsTestRunner2/netcoreapp" className="S2Cognition.Integrations.Monday.Core.Tests.Internal.MondayGroupsTests" name="DeleteGroup_Pass" />
    </UnitTest>
    <UnitTest name="S2Cognition.Integrations.Monday.Core.Tests.Internal.QueryOptionsTests.EnsureGetTeamsWithNewQueryOptionsDefaultsToSameAsOriginalQuery" storage="c:\integrations\s2cognition.integrations\s2cognition.integrations.monday.core.tests\bin\debug\net7.0\s2cognition.integrations.monday.core.tests.dll" id="e9af5911-ac89-b1d9-f02f-d942b57cba23">
      <Execution id="6c068487-6ccf-4e4a-8ca0-ef8d700d53b5" />
      <TestMethod codeBase="C:\Integrations\S2Cognition.Integrations\S2Cognition.Integrations.Monday.Core.Tests\bin\Debug\net7.0\S2Cognition.Integrations.Monday.Core.Tests.dll" adapterTypeName="executor://xunit/VsTestRunner2/netcoreapp" className="S2Cognition.Integrations.Monday.Core.Tests.Internal.QueryOptionsTests" name="EnsureGetTeamsWithNewQueryOptionsDefaultsToSameAsOriginalQuery" />
    </UnitTest>
    <UnitTest name="S2Cognition.Integrations.Monday.Core.Tests.Internal.MondayGroupsTests.UpdateItemGroup_Pass" storage="c:\integrations\s2cognition.integrations\s2cognition.integrations.monday.core.tests\bin\debug\net7.0\s2cognition.integrations.monday.core.tests.dll" id="85571e0c-41e0-2a36-b25a-34ddc2fba4c9">
      <Execution id="df1b7328-96f3-4e30-ba6b-e32df6bd5bc2" />
      <TestMethod codeBase="C:\Integrations\S2Cognition.Integrations\S2Cognition.Integrations.Monday.Core.Tests\bin\Debug\net7.0\S2Cognition.Integrations.Monday.Core.Tests.dll" adapterTypeName="executor://xunit/VsTestRunner2/netcoreapp" className="S2Cognition.Integrations.Monday.Core.Tests.Internal.MondayGroupsTests" name="UpdateItemGroup_Pass" />
    </UnitTest>
    <UnitTest name="S2Cognition.Integrations.Monday.Core.Tests.Internal.QueryOptionsTests.EnsureGetUsersCanReturnMinimums" storage="c:\integrations\s2cognition.integrations\s2cognition.integrations.monday.core.tests\bin\debug\net7.0\s2cognition.integrations.monday.core.tests.dll" id="b4784567-afa7-ed1d-3bc1-4928fe30a7c6">
      <Execution id="0f592c95-64ac-4d7f-a1a6-0787a40f0b28" />
      <TestMethod codeBase="C:\Integrations\S2Cognition.Integrations\S2Cognition.Integrations.Monday.Core.Tests\bin\Debug\net7.0\S2Cognition.Integrations.Monday.Core.Tests.dll" adapterTypeName="executor://xunit/VsTestRunner2/netcoreapp" className="S2Cognition.Integrations.Monday.Core.Tests.Internal.QueryOptionsTests" name="EnsureGetUsersCanReturnMinimums" />
    </UnitTest>
    <UnitTest name="S2Cognition.Integrations.Monday.Core.Tests.Internal.MondayGroupsTests.GetGroups_Pass" storage="c:\integrations\s2cognition.integrations\s2cognition.integrations.monday.core.tests\bin\debug\net7.0\s2cognition.integrations.monday.core.tests.dll" id="6c79372e-ce76-4557-ad0c-f31c0d46e60d">
      <Execution id="10a3b04d-6f69-4b83-95ca-ecd1eaaedbb7" />
      <TestMethod codeBase="C:\Integrations\S2Cognition.Integrations\S2Cognition.Integrations.Monday.Core.Tests\bin\Debug\net7.0\S2Cognition.Integrations.Monday.Core.Tests.dll" adapterTypeName="executor://xunit/VsTestRunner2/netcoreapp" className="S2Cognition.Integrations.Monday.Core.Tests.Internal.MondayGroupsTests" name="GetGroups_Pass" />
    </UnitTest>
  </TestDefinitions>
  <TestEntries>
    <TestEntry testId="e9af5911-ac89-b1d9-f02f-d942b57cba23" executionId="6c068487-6ccf-4e4a-8ca0-ef8d700d53b5" testListId="8c84fa94-04c1-424b-9868-57a2d4851a1d" />
    <TestEntry testId="904befda-a066-d594-f096-7682165f1bea" executionId="d2d1933e-47e9-49ea-8be8-b0c13e9ee84c" testListId="8c84fa94-04c1-424b-9868-57a2d4851a1d" />
    <TestEntry testId="e1d12073-8a41-eb5a-464c-27f8af3d47be" executionId="be0b6eb4-9a27-4a2a-877c-2656b714fddb" testListId="8c84fa94-04c1-424b-9868-57a2d4851a1d" />
    <TestEntry testId="f1227b7d-c8f7-8375-5cb6-1b981226c09d" executionId="4f4720ce-b72d-4e79-8a72-e8b5274271d1" testListId="8c84fa94-04c1-424b-9868-57a2d4851a1d" />
    <TestEntry testId="70e1e943-d839-5738-2e19-ede049e672ad" executionId="5a0e0408-e76a-489b-a269-929061b6b2d1" testListId="8c84fa94-04c1-424b-9868-57a2d4851a1d" />
    <TestEntry testId="21705279-1176-84a3-7593-433546a218f6" executionId="a0e2e282-fda4-471e-9861-c3c0336412dc" testListId="8c84fa94-04c1-424b-9868-57a2d4851a1d" />
    <TestEntry testId="6772f89f-c983-ba69-e6fa-efff4c2a9593" executionId="8d477539-e6f3-444a-b4ac-e31609bac01c" testListId="8c84fa94-04c1-424b-9868-57a2d4851a1d" />
    <TestEntry testId="6f70f028-4b1a-be4e-c821-5b04f77f1689" executionId="8a755f2a-198f-483a-a01b-c838be589056" testListId="8c84fa94-04c1-424b-9868-57a2d4851a1d" />
    <TestEntry testId="7785283e-2fa2-577d-b099-0811bd86332e" executionId="0f305fe8-f562-48a0-adeb-f33ff728de02" testListId="8c84fa94-04c1-424b-9868-57a2d4851a1d" />
    <TestEntry testId="670e15a2-2818-00a1-83de-8910400e8cfd" executionId="d7c49530-88a4-42b1-8af6-fad2f524f566" testListId="8c84fa94-04c1-424b-9868-57a2d4851a1d" />
    <TestEntry testId="699e6104-9a78-55e1-d40b-119cadc433c3" executionId="15d22ff0-af02-43f6-b103-757287f6f7b9" testListId="8c84fa94-04c1-424b-9868-57a2d4851a1d" />
    <TestEntry testId="3aa2df7a-4bcf-30d2-3510-215610c27c6a" executionId="67da1a43-11a5-48fa-baf8-3a0808447349" testListId="8c84fa94-04c1-424b-9868-57a2d4851a1d" />
    <TestEntry testId="b4784567-afa7-ed1d-3bc1-4928fe30a7c6" executionId="0f592c95-64ac-4d7f-a1a6-0787a40f0b28" testListId="8c84fa94-04c1-424b-9868-57a2d4851a1d" />
    <TestEntry testId="c245435d-b0a3-64c2-7ed0-ff76f4852c23" executionId="fd5d98a0-fc5f-4c2c-b2d0-6fe67e4ffbcd" testListId="8c84fa94-04c1-424b-9868-57a2d4851a1d" />
    <TestEntry testId="60fd7a38-e994-b056-025f-4b68bd7e74bb" executionId="c85bf202-51a3-4d1e-8c36-07be82901e81" testListId="8c84fa94-04c1-424b-9868-57a2d4851a1d" />
    <TestEntry testId="85571e0c-41e0-2a36-b25a-34ddc2fba4c9" executionId="df1b7328-96f3-4e30-ba6b-e32df6bd5bc2" testListId="8c84fa94-04c1-424b-9868-57a2d4851a1d" />
    <TestEntry testId="b6024c5e-cc9f-6000-9f44-e91bed693a04" executionId="a7fd9703-63b5-45d8-a9f8-09f6c4f9751c" testListId="8c84fa94-04c1-424b-9868-57a2d4851a1d" />
    <TestEntry testId="b6298783-c9b1-ba27-491e-9e45d1b4abea" executionId="c1e5d1e8-eb80-418e-9450-f8b54775c1b5" testListId="8c84fa94-04c1-424b-9868-57a2d4851a1d" />
    <TestEntry testId="e3d40a78-7398-4a22-fa97-68b3e9fe9d7e" executionId="0954e56c-6a9f-424f-b46b-36baba03e1ca" testListId="8c84fa94-04c1-424b-9868-57a2d4851a1d" />
    <TestEntry testId="5ff0fe88-c4c8-57d3-5b1a-3f39e1a69737" executionId="eabb2e68-0e54-42cb-95d6-4890c72df2e6" testListId="8c84fa94-04c1-424b-9868-57a2d4851a1d" />
    <TestEntry testId="97c9bf93-e9b6-7153-32b6-e6a19e001765" executionId="bdd8cc1f-1e57-4358-b804-1d072c294f5d" testListId="8c84fa94-04c1-424b-9868-57a2d4851a1d" />
    <TestEntry testId="6a7b4e50-2875-002c-db7c-87121ab38351" executionId="71dd1d02-5a2e-4d56-992e-43ad1dcd33a0" testListId="8c84fa94-04c1-424b-9868-57a2d4851a1d" />
    <TestEntry testId="a6be2696-0cfa-7509-97d1-769ed4f8bc42" executionId="d66f5c04-258b-45c0-980a-3e9d2bd92b35" testListId="8c84fa94-04c1-424b-9868-57a2d4851a1d" />
    <TestEntry testId="e200f5e5-ea4d-ef93-2426-d0d7b0ec2c29" executionId="232b10f7-1265-4fd1-ada3-64b1ea3a89e8" testListId="8c84fa94-04c1-424b-9868-57a2d4851a1d" />
    <TestEntry testId="fd5759ff-5cef-d692-26f2-712fc30c6007" executionId="2ec15dd5-e692-4f53-9c20-c08a80ed8e16" testListId="8c84fa94-04c1-424b-9868-57a2d4851a1d" />
    <TestEntry testId="37321cf0-c01b-eed6-3d62-c68e4caefa2a" executionId="680acee9-f2fb-457b-93ad-f4820d7f5fd6" testListId="8c84fa94-04c1-424b-9868-57a2d4851a1d" />
    <TestEntry testId="0989752e-4baa-5cb4-5a19-785a2f9a8b1c" executionId="478f5d95-e15e-4c23-a0e2-f7bbb2870719" testListId="8c84fa94-04c1-424b-9868-57a2d4851a1d" />
    <TestEntry testId="b2cf74ef-0af5-e7f1-61af-1a4383953923" executionId="6c7ad539-c197-4c6e-a070-f6900ed37910" testListId="8c84fa94-04c1-424b-9868-57a2d4851a1d" />
    <TestEntry testId="f2e1c8e0-2aa8-c927-fab7-283c464add20" executionId="394810df-e38d-4d0e-9b00-0ef8a61533f8" testListId="8c84fa94-04c1-424b-9868-57a2d4851a1d" />
    <TestEntry testId="856bbfd7-07ce-4e80-13d9-f04e4e3755c8" executionId="4ff43022-b897-4649-a479-00b49eae0c31" testListId="8c84fa94-04c1-424b-9868-57a2d4851a1d" />
    <TestEntry testId="582bd4da-d563-0a40-db6b-689ff84cf20b" executionId="78b45d38-45a1-44e3-9f8e-2bc701f206e7" testListId="8c84fa94-04c1-424b-9868-57a2d4851a1d" />
    <TestEntry testId="c2cd20d0-54ba-4173-27de-9e34dd6187a2" executionId="09abcb18-d573-4def-9a6b-12d6f8adaf64" testListId="8c84fa94-04c1-424b-9868-57a2d4851a1d" />
    <TestEntry testId="4020b962-22b9-9020-b548-6e681ed8f485" executionId="53db8f31-5f38-44a1-9b5b-a1a41c4e9b6c" testListId="8c84fa94-04c1-424b-9868-57a2d4851a1d" />
    <TestEntry testId="83d01415-0376-964e-248c-a57968d4c4ba" executionId="e89c4869-632c-4313-ad13-440db92001da" testListId="8c84fa94-04c1-424b-9868-57a2d4851a1d" />
    <TestEntry testId="002eaebf-a01f-d452-7b16-eb46be988df6" executionId="7a4c76fc-32ee-4a29-a3fa-577bd34f898d" testListId="8c84fa94-04c1-424b-9868-57a2d4851a1d" />
    <TestEntry testId="9494a386-627a-d9e9-f044-8a9379f54cd7" executionId="a6774dfc-30e4-4c5b-9e56-81ce0b6f2441" testListId="8c84fa94-04c1-424b-9868-57a2d4851a1d" />
    <TestEntry testId="4de8177c-a3ef-ef0e-c081-9ae3f23c7531" executionId="ab851683-89be-415b-a033-edad161c9a11" testListId="8c84fa94-04c1-424b-9868-57a2d4851a1d" />
    <TestEntry testId="a94027fb-8741-0358-60a0-79da4714131a" executionId="7eea4ac2-2c8e-4aeb-9e50-89c20677d1b0" testListId="8c84fa94-04c1-424b-9868-57a2d4851a1d" />
    <TestEntry testId="c72e751f-4715-ef7d-d196-f91200915af9" executionId="af76f257-7f7a-445f-be0b-a59a2889818d" testListId="8c84fa94-04c1-424b-9868-57a2d4851a1d" />
    <TestEntry testId="b0364036-532a-17f0-e240-4b2f7553b7e5" executionId="89556262-bceb-4c3b-80b6-3a7dac9ba9e5" testListId="8c84fa94-04c1-424b-9868-57a2d4851a1d" />
    <TestEntry testId="7879c22d-f4bb-a045-6a39-bd0221cad0a9" executionId="24c53881-f65e-4159-ae06-9841086e2970" testListId="8c84fa94-04c1-424b-9868-57a2d4851a1d" />
    <TestEntry testId="7d34bcc7-299a-cd33-e29a-dd50b189da87" executionId="0d606e82-a229-4216-96dd-3aec5fa1e763" testListId="8c84fa94-04c1-424b-9868-57a2d4851a1d" />
    <TestEntry testId="74274b9a-6c05-5e11-57f4-f07a126b1d72" executionId="91ea4c72-8938-4e5c-976f-f2cf41c196ac" testListId="8c84fa94-04c1-424b-9868-57a2d4851a1d" />
    <TestEntry testId="3cc1457a-7db2-e650-a582-3cc4ef74bd86" executionId="0377f720-2a5c-4746-ad2a-881eeefab5db" testListId="8c84fa94-04c1-424b-9868-57a2d4851a1d" />
    <TestEntry testId="29e39a12-0b1b-13ca-8d6c-998304c252ed" executionId="bcb681fa-7a6b-484c-822a-fa0e10019473" testListId="8c84fa94-04c1-424b-9868-57a2d4851a1d" />
    <TestEntry testId="ca8cc89b-95c4-4a59-05b6-133bc1edac9b" executionId="78569318-b404-4150-8595-9735d92b5493" testListId="8c84fa94-04c1-424b-9868-57a2d4851a1d" />
    <TestEntry testId="f40f4a10-7804-b0b1-19cc-183b8b6034d9" executionId="fe4cbc44-e6c5-4264-8cc9-d8150afc8c71" testListId="8c84fa94-04c1-424b-9868-57a2d4851a1d" />
    <TestEntry testId="3b41359e-553a-c4ee-01d7-ffa32d869aeb" executionId="58929783-cbf2-42f6-9db4-a6d29304694b" testListId="8c84fa94-04c1-424b-9868-57a2d4851a1d" />
    <TestEntry testId="8ed8a62c-d6e9-198e-ae0c-26687ea775fc" executionId="0c60c935-75be-4a98-ac4a-a636dac3c644" testListId="8c84fa94-04c1-424b-9868-57a2d4851a1d" />
    <TestEntry testId="58de10b4-534b-6f18-2f4c-a723eb0766d0" executionId="3b548669-ee4a-4aca-b036-cdf2fc2ad4dc" testListId="8c84fa94-04c1-424b-9868-57a2d4851a1d" />
    <TestEntry testId="6c79372e-ce76-4557-ad0c-f31c0d46e60d" executionId="10a3b04d-6f69-4b83-95ca-ecd1eaaedbb7" testListId="8c84fa94-04c1-424b-9868-57a2d4851a1d" />
    <TestEntry testId="6e24f7c2-254d-33e4-faf1-26dea1d1bc54" executionId="860a02bb-2298-4e44-ad69-ec942853d647" testListId="8c84fa94-04c1-424b-9868-57a2d4851a1d" />
    <TestEntry testId="286a79c1-cf38-10b2-3c66-6238db8d2e6b" executionId="542c72bf-40f5-48af-bb05-4cd9809a3e48" testListId="8c84fa94-04c1-424b-9868-57a2d4851a1d" />
    <TestEntry testId="5acd4d80-5c98-c1e6-89be-c4543e302d25" executionId="76d620b1-2d87-4ad2-beba-3c8495571126" testListId="8c84fa94-04c1-424b-9868-57a2d4851a1d" />
    <TestEntry testId="5e07aaee-af05-c07d-f2b3-414cd34710c1" executionId="42ad954b-4d90-40cf-ac5a-4b194262c799" testListId="8c84fa94-04c1-424b-9868-57a2d4851a1d" />
    <TestEntry testId="46c88540-33b2-2fcf-a4ea-24e23c1d5ff9" executionId="51e3e049-bbd2-4cae-a5e3-64c25601e4e6" testListId="8c84fa94-04c1-424b-9868-57a2d4851a1d" />
    <TestEntry testId="bf6d4cfe-f7f8-bda4-adec-4a809b3ae095" executionId="025f57e0-654a-4802-9b6c-72b7b488070a" testListId="8c84fa94-04c1-424b-9868-57a2d4851a1d" />
    <TestEntry testId="c4ed5dd6-97b8-f60b-60a1-3ed3850e6fa1" executionId="6a256b0a-11f5-4650-ac96-f2338ff8f8ea" testListId="8c84fa94-04c1-424b-9868-57a2d4851a1d" />
    <TestEntry testId="8687e80b-497d-c3e0-d1a0-623791adeab4" executionId="0e642304-bd79-40c6-98f8-201319025abf" testListId="8c84fa94-04c1-424b-9868-57a2d4851a1d" />
    <TestEntry testId="5ba5d283-3fc5-9bfc-7776-8e3e68851e24" executionId="e3a6d117-7e0c-4b16-8b82-c213e4a7e4ba" testListId="8c84fa94-04c1-424b-9868-57a2d4851a1d" />
    <TestEntry testId="37051fb3-77bb-cf2b-6c03-648a546869cc" executionId="14f831f4-6cff-4fde-8242-076c2a958c7b" testListId="8c84fa94-04c1-424b-9868-57a2d4851a1d" />
    <TestEntry testId="1e4cf267-2c9b-233b-e477-c77c4907d14b" executionId="bc2afe17-0610-4afc-b29c-b5a90568448e" testListId="8c84fa94-04c1-424b-9868-57a2d4851a1d" />
    <TestEntry testId="1f28150e-cea8-6a19-096e-e7f09fc4f033" executionId="2babfa8f-a921-483a-87b1-3a11c570030b" testListId="8c84fa94-04c1-424b-9868-57a2d4851a1d" />
    <TestEntry testId="b7d3a67a-8e46-fe49-d504-31fe9e1a6693" executionId="ebe2ee98-bc62-4eeb-bd68-553728832b87" testListId="8c84fa94-04c1-424b-9868-57a2d4851a1d" />
  </TestEntries>
  <TestLists>
    <TestList name="Results Not in a List" id="8c84fa94-04c1-424b-9868-57a2d4851a1d" />
    <TestList name="All Loaded Results" id="19431567-8539-422a-85d7-44ee4e166bda" />
  </TestLists>
  <ResultSummary outcome="Completed">
    <Counters total="64" executed="64" passed="64" failed="0" error="0" timeout="0" aborted="0" inconclusive="0" passedButRunAborted="0" notRunnable="0" notExecuted="0" disconnected="0" warning="0" completed="0" inProgress="0" pending="0" />
    <Output>
      <StdOut>[xUnit.net 00:00:00.00] xUnit.net VSTest Adapter v2.4.5+1caef2f33e (64-bit .NET 7.0.1)&#xD;
[xUnit.net 00:00:00.62]   Discovering: S2Cognition.Integrations.Monday.Core.Tests&#xD;
[xUnit.net 00:00:00.65]   Discovered:  S2Cognition.Integrations.Monday.Core.Tests&#xD;
[xUnit.net 00:00:00.66]   Starting:    S2Cognition.Integrations.Monday.Core.Tests&#xD;
[xUnit.net 00:00:00.86]   Finished:    S2Cognition.Integrations.Monday.Core.Tests&#xD;
</StdOut>
    </Output>
  </ResultSummary>
</TestRun>