<?xml version="1.0" encoding="utf-8"?>
<TestRun id="e64db9fd-100e-44cf-a7d7-54106ca30719" name="CharlesMcCullough@MSI 2022-12-29 15:18:56" runUser="AzureAD\CharlesMcCullough" xmlns="http://microsoft.com/schemas/VisualStudio/TeamTest/2010">
  <Times creation="2022-12-29T15:18:56.6467894-06:00" queuing="2022-12-29T15:18:56.6467903-06:00" start="2022-12-29T15:18:55.2137541-06:00" finish="2022-12-29T15:18:56.7564882-06:00" />
  <TestSettings name="default" id="6906754d-95af-4ece-9094-7a5524a3c404">
    <Deployment runDeploymentRoot="CharlesMcCullough_MSI_2022-12-29_15_18_56" />
  </TestSettings>
  <Results>
    <UnitTestResult executionId="c965612d-bee4-4a60-b3a6-5518075e1751" testId="37321cf0-c01b-eed6-3d62-c68e4caefa2a" testName="S2Cognition.Integrations.Monday.Core.Tests.Internal.QueryOptionsTests.EnsureGetBoardWithNewQueryOptionsDefaultsToSameAsOriginalQuery" computerName="MSI" duration="00:00:00.0011963" startTime="2022-12-29T15:18:56.6711178-06:00" endTime="2022-12-29T15:18:56.6711181-06:00" testType="13cdc9d9-ddb5-4fa4-a97d-d965ccfc6d4b" outcome="Passed" testListId="8c84fa94-04c1-424b-9868-57a2d4851a1d" relativeResultsDirectory="c965612d-bee4-4a60-b3a6-5518075e1751" />
    <UnitTestResult executionId="215d55b1-a28f-47b4-a5b0-cc58ccd2c3c2" testId="6f70f028-4b1a-be4e-c821-5b04f77f1689" testName="S2Cognition.Integrations.Monday.Core.Tests.Internal.MondayItemsTests.GetItem_Pass" computerName="MSI" duration="00:00:00.0017377" startTime="2022-12-29T15:18:56.6325593-06:00" endTime="2022-12-29T15:18:56.6325594-06:00" testType="13cdc9d9-ddb5-4fa4-a97d-d965ccfc6d4b" outcome="Passed" testListId="8c84fa94-04c1-424b-9868-57a2d4851a1d" relativeResultsDirectory="215d55b1-a28f-47b4-a5b0-cc58ccd2c3c2" />
    <UnitTestResult executionId="d14cdfe5-d5a0-4a72-ba5c-0ddad8dcfe98" testId="bf6d4cfe-f7f8-bda4-adec-4a809b3ae095" testName="S2Cognition.Integrations.Monday.Core.Tests.Internal.QueryOptionsTests.EnsureGetTeamsCanReturnMaximums" computerName="MSI" duration="00:00:00.0009638" startTime="2022-12-29T15:18:56.6674428-06:00" endTime="2022-12-29T15:18:56.6674430-06:00" testType="13cdc9d9-ddb5-4fa4-a97d-d965ccfc6d4b" outcome="Passed" testListId="8c84fa94-04c1-424b-9868-57a2d4851a1d" relativeResultsDirectory="d14cdfe5-d5a0-4a72-ba5c-0ddad8dcfe98" />
    <UnitTestResult executionId="38eaa56e-5986-42a0-84f1-2a0b74e665af" testId="21705279-1176-84a3-7593-433546a218f6" testName="S2Cognition.Integrations.Monday.Core.Tests.Internal.MondayUserTests.GetUser_Pass" computerName="MSI" duration="00:00:00.1278317" startTime="2022-12-29T15:18:56.6310813-06:00" endTime="2022-12-29T15:18:56.6310814-06:00" testType="13cdc9d9-ddb5-4fa4-a97d-d965ccfc6d4b" outcome="Passed" testListId="8c84fa94-04c1-424b-9868-57a2d4851a1d" relativeResultsDirectory="38eaa56e-5986-42a0-84f1-2a0b74e665af" />
    <UnitTestResult executionId="94060a38-7c5a-4a8a-96fa-3857f7249223" testId="002eaebf-a01f-d452-7b16-eb46be988df6" testName="S2Cognition.Integrations.Monday.Core.Tests.Internal.QueryOptionsTests.EnsureGetTeamsCanReturnMinimums" computerName="MSI" duration="00:00:00.0010677" startTime="2022-12-29T15:18:56.6543644-06:00" endTime="2022-12-29T15:18:56.6543650-06:00" testType="13cdc9d9-ddb5-4fa4-a97d-d965ccfc6d4b" outcome="Passed" testListId="8c84fa94-04c1-424b-9868-57a2d4851a1d" relativeResultsDirectory="94060a38-7c5a-4a8a-96fa-3857f7249223" />
    <UnitTestResult executionId="5b10e5e5-7e26-4dcc-8f62-26427ba88cde" testId="85571e0c-41e0-2a36-b25a-34ddc2fba4c9" testName="S2Cognition.Integrations.Monday.Core.Tests.Internal.MondayGroupsTests.UpdateItemGroup_Pass" computerName="MSI" duration="00:00:00.0015804" startTime="2022-12-29T15:18:56.6289619-06:00" endTime="2022-12-29T15:18:56.6289620-06:00" testType="13cdc9d9-ddb5-4fa4-a97d-d965ccfc6d4b" outcome="Passed" testListId="8c84fa94-04c1-424b-9868-57a2d4851a1d" relativeResultsDirectory="5b10e5e5-7e26-4dcc-8f62-26427ba88cde" />
    <UnitTestResult executionId="8b8a09ec-f84b-4c95-830b-c79d46e1e71e" testId="97c9bf93-e9b6-7153-32b6-e6a19e001765" testName="S2Cognition.Integrations.Monday.Core.Tests.Internal.QueryOptionsTests.EnsureGetUserCanReturnMinimums" computerName="MSI" duration="00:00:00.0006809" startTime="2022-12-29T15:18:56.6655420-06:00" endTime="2022-12-29T15:18:56.6655421-06:00" testType="13cdc9d9-ddb5-4fa4-a97d-d965ccfc6d4b" outcome="Passed" testListId="8c84fa94-04c1-424b-9868-57a2d4851a1d" relativeResultsDirectory="8b8a09ec-f84b-4c95-830b-c79d46e1e71e" />
    <UnitTestResult executionId="2d66ffa0-de4a-4686-b4f9-fd1a447bd4ed" testId="4de8177c-a3ef-ef0e-c081-9ae3f23c7531" testName="S2Cognition.Integrations.Monday.Core.Tests.Internal.MondaySystemTests.GetRateLimit_Pass" computerName="MSI" duration="00:00:00.1086363" startTime="2022-12-29T15:18:56.6061057-06:00" endTime="2022-12-29T15:18:56.6061058-06:00" testType="13cdc9d9-ddb5-4fa4-a97d-d965ccfc6d4b" outcome="Passed" testListId="8c84fa94-04c1-424b-9868-57a2d4851a1d" relativeResultsDirectory="2d66ffa0-de4a-4686-b4f9-fd1a447bd4ed" />
    <UnitTestResult executionId="4d3cb7b4-1254-41f6-a677-33d54174ddc4" testId="856bbfd7-07ce-4e80-13d9-f04e4e3755c8" testName="S2Cognition.Integrations.Monday.Core.Tests.Internal.QueryOptionsTests.EnsureGetBoardCanReturnMaximums" computerName="MSI" duration="00:00:00.0012639" startTime="2022-12-29T15:18:56.6747668-06:00" endTime="2022-12-29T15:18:56.6747669-06:00" testType="13cdc9d9-ddb5-4fa4-a97d-d965ccfc6d4b" outcome="Passed" testListId="8c84fa94-04c1-424b-9868-57a2d4851a1d" relativeResultsDirectory="4d3cb7b4-1254-41f6-a677-33d54174ddc4" />
    <UnitTestResult executionId="94c903cd-1ba2-405f-8810-5fb70b9ab049" testId="0989752e-4baa-5cb4-5a19-785a2f9a8b1c" testName="S2Cognition.Integrations.Monday.Core.Tests.Internal.QueryOptionsTests.EnsureGetGroupsWithNewQueryOptionsDefaultsToSameAsOriginalQuery" computerName="MSI" duration="00:00:00.0007862" startTime="2022-12-29T15:18:56.6663883-06:00" endTime="2022-12-29T15:18:56.6663884-06:00" testType="13cdc9d9-ddb5-4fa4-a97d-d965ccfc6d4b" outcome="Passed" testListId="8c84fa94-04c1-424b-9868-57a2d4851a1d" relativeResultsDirectory="94c903cd-1ba2-405f-8810-5fb70b9ab049" />
    <UnitTestResult executionId="195e6c6b-52a6-4b41-b516-aaf1962da51b" testId="582bd4da-d563-0a40-db6b-689ff84cf20b" testName="S2Cognition.Integrations.Monday.Core.Tests.Internal.QueryOptionsTests.EnsureGetItemsWithNewQueryOptionsDefaultsToSameAsOriginalQuery" computerName="MSI" duration="00:00:00.0017782" startTime="2022-12-29T15:18:56.6531864-06:00" endTime="2022-12-29T15:18:56.6531867-06:00" testType="13cdc9d9-ddb5-4fa4-a97d-d965ccfc6d4b" outcome="Passed" testListId="8c84fa94-04c1-424b-9868-57a2d4851a1d" relativeResultsDirectory="195e6c6b-52a6-4b41-b516-aaf1962da51b" />
    <UnitTestResult executionId="de9528f4-f2b1-43ed-a792-b05046256ab5" testId="fd5759ff-5cef-d692-26f2-712fc30c6007" testName="S2Cognition.Integrations.Monday.Core.Tests.Internal.MondayColumnTests.CreateColumn_Pass" computerName="MSI" duration="00:00:00.0118230" startTime="2022-12-29T15:18:56.6309380-06:00" endTime="2022-12-29T15:18:56.6309381-06:00" testType="13cdc9d9-ddb5-4fa4-a97d-d965ccfc6d4b" outcome="Passed" testListId="8c84fa94-04c1-424b-9868-57a2d4851a1d" relativeResultsDirectory="de9528f4-f2b1-43ed-a792-b05046256ab5" />
    <UnitTestResult executionId="76185134-7a5f-4fe4-8c83-b8b4008fa1c5" testId="f1227b7d-c8f7-8375-5cb6-1b981226c09d" testName="S2Cognition.Integrations.Monday.Core.Tests.Internal.QueryOptionsTests.EnsureGetItemsCanReturnMaximums" computerName="MSI" duration="00:00:00.0014342" startTime="2022-12-29T15:18:56.6726479-06:00" endTime="2022-12-29T15:18:56.6726481-06:00" testType="13cdc9d9-ddb5-4fa4-a97d-d965ccfc6d4b" outcome="Passed" testListId="8c84fa94-04c1-424b-9868-57a2d4851a1d" relativeResultsDirectory="76185134-7a5f-4fe4-8c83-b8b4008fa1c5" />
    <UnitTestResult executionId="ab13bfcb-e0ea-48f1-b600-830901fd028a" testId="f40f4a10-7804-b0b1-19cc-183b8b6034d9" testName="S2Cognition.Integrations.Monday.Core.Tests.Internal.QueryOptionsTests.EnsureGetItemsCanReturnMinimums" computerName="MSI" duration="00:00:00.0007285" startTime="2022-12-29T15:18:56.6734441-06:00" endTime="2022-12-29T15:18:56.6734443-06:00" testType="13cdc9d9-ddb5-4fa4-a97d-d965ccfc6d4b" outcome="Passed" testListId="8c84fa94-04c1-424b-9868-57a2d4851a1d" relativeResultsDirectory="ab13bfcb-e0ea-48f1-b600-830901fd028a" />
    <UnitTestResult executionId="dcba0779-c5a6-4b23-aec4-d50e162f0709" testId="58de10b4-534b-6f18-2f4c-a723eb0766d0" testName="S2Cognition.Integrations.Monday.Core.Tests.Internal.MondayUserTests.GetUsers_UserAccessTypes_Pass" computerName="MSI" duration="00:00:00.0142284" startTime="2022-12-29T15:18:56.6316722-06:00" endTime="2022-12-29T15:18:56.6316722-06:00" testType="13cdc9d9-ddb5-4fa4-a97d-d965ccfc6d4b" outcome="Passed" testListId="8c84fa94-04c1-424b-9868-57a2d4851a1d" relativeResultsDirectory="dcba0779-c5a6-4b23-aec4-d50e162f0709" />
    <UnitTestResult executionId="dc81f267-5b61-481d-aa2c-b18d9467ede1" testId="3aa2df7a-4bcf-30d2-3510-215610c27c6a" testName="S2Cognition.Integrations.Monday.Core.Tests.Internal.MondayUpdatesTests.CreateUpdate_Pass" computerName="MSI" duration="00:00:00.0070661" startTime="2022-12-29T15:18:56.6292138-06:00" endTime="2022-12-29T15:18:56.6292139-06:00" testType="13cdc9d9-ddb5-4fa4-a97d-d965ccfc6d4b" outcome="Passed" testListId="8c84fa94-04c1-424b-9868-57a2d4851a1d" relativeResultsDirectory="dc81f267-5b61-481d-aa2c-b18d9467ede1" />
    <UnitTestResult executionId="1595f4b3-b7aa-4654-b86d-257a69f6e8dc" testId="b4784567-afa7-ed1d-3bc1-4928fe30a7c6" testName="S2Cognition.Integrations.Monday.Core.Tests.Internal.QueryOptionsTests.EnsureGetUsersCanReturnMinimums" computerName="MSI" duration="00:00:00.0012271" startTime="2022-12-29T15:18:56.6398382-06:00" endTime="2022-12-29T15:18:56.6398384-06:00" testType="13cdc9d9-ddb5-4fa4-a97d-d965ccfc6d4b" outcome="Passed" testListId="8c84fa94-04c1-424b-9868-57a2d4851a1d" relativeResultsDirectory="1595f4b3-b7aa-4654-b86d-257a69f6e8dc" />
    <UnitTestResult executionId="24a53647-20b3-4d60-b846-5980cf18a2df" testId="29e39a12-0b1b-13ca-8d6c-998304c252ed" testName="S2Cognition.Integrations.Monday.Core.Tests.Internal.MondayTeamTests.GetTeams_Pass" computerName="MSI" duration="00:00:00.0042678" startTime="2022-12-29T15:18:56.6290640-06:00" endTime="2022-12-29T15:18:56.6290641-06:00" testType="13cdc9d9-ddb5-4fa4-a97d-d965ccfc6d4b" outcome="Passed" testListId="8c84fa94-04c1-424b-9868-57a2d4851a1d" relativeResultsDirectory="24a53647-20b3-4d60-b846-5980cf18a2df" />
    <UnitTestResult executionId="c4c74fb5-667b-4a0d-8bb3-6f53fa425023" testId="c245435d-b0a3-64c2-7ed0-ff76f4852c23" testName="S2Cognition.Integrations.Monday.Core.Tests.Internal.MondayColumnTests.UpdateColumn_Pass" computerName="MSI" duration="00:00:00.1116265" startTime="2022-12-29T15:18:56.6060703-06:00" endTime="2022-12-29T15:18:56.6060704-06:00" testType="13cdc9d9-ddb5-4fa4-a97d-d965ccfc6d4b" outcome="Passed" testListId="8c84fa94-04c1-424b-9868-57a2d4851a1d" relativeResultsDirectory="c4c74fb5-667b-4a0d-8bb3-6f53fa425023" />
    <UnitTestResult executionId="b638f736-0e0f-4286-8829-3e8902c98dcf" testId="f2e1c8e0-2aa8-c927-fab7-283c464add20" testName="S2Cognition.Integrations.Monday.Core.Tests.Internal.QueryOptionsTests.EnsureGetTeamWithNewQueryOptionsDefaultsToSameAsOriginalQuery" computerName="MSI" duration="00:00:00.0012316" startTime="2022-12-29T15:18:56.6585754-06:00" endTime="2022-12-29T15:18:56.6585757-06:00" testType="13cdc9d9-ddb5-4fa4-a97d-d965ccfc6d4b" outcome="Passed" testListId="8c84fa94-04c1-424b-9868-57a2d4851a1d" relativeResultsDirectory="b638f736-0e0f-4286-8829-3e8902c98dcf" />
    <UnitTestResult executionId="9b4ab1ad-5ea1-4963-aa0c-3c688dccf636" testId="e200f5e5-ea4d-ef93-2426-d0d7b0ec2c29" testName="S2Cognition.Integrations.Monday.Core.Tests.Internal.MondayItemsTests.CreateItem_Pass" computerName="MSI" duration="00:00:00.0157151" startTime="2022-12-29T15:18:56.6317275-06:00" endTime="2022-12-29T15:18:56.6317276-06:00" testType="13cdc9d9-ddb5-4fa4-a97d-d965ccfc6d4b" outcome="Passed" testListId="8c84fa94-04c1-424b-9868-57a2d4851a1d" relativeResultsDirectory="9b4ab1ad-5ea1-4963-aa0c-3c688dccf636" />
    <UnitTestResult executionId="1772674b-d569-498a-bb1e-c92f588767ca" testId="8687e80b-497d-c3e0-d1a0-623791adeab4" testName="S2Cognition.Integrations.Monday.Core.Tests.Internal.MondayGroupsTests.CreateGroup_Pass" computerName="MSI" duration="00:00:00.1079439" startTime="2022-12-29T15:18:56.6053415-06:00" endTime="2022-12-29T15:18:56.6053418-06:00" testType="13cdc9d9-ddb5-4fa4-a97d-d965ccfc6d4b" outcome="Passed" testListId="8c84fa94-04c1-424b-9868-57a2d4851a1d" relativeResultsDirectory="1772674b-d569-498a-bb1e-c92f588767ca" />
    <UnitTestResult executionId="b178f393-8cc8-4e9a-a2d8-783dbfb67979" testId="6a7b4e50-2875-002c-db7c-87121ab38351" testName="S2Cognition.Integrations.Monday.Core.Tests.Internal.QueryOptionsTests.EnsureGetTagsCanReturnMaximums" computerName="MSI" duration="00:00:00.0007721" startTime="2022-12-29T15:18:56.6625787-06:00" endTime="2022-12-29T15:18:56.6625788-06:00" testType="13cdc9d9-ddb5-4fa4-a97d-d965ccfc6d4b" outcome="Passed" testListId="8c84fa94-04c1-424b-9868-57a2d4851a1d" relativeResultsDirectory="b178f393-8cc8-4e9a-a2d8-783dbfb67979" />
    <UnitTestResult executionId="7f86f01b-9767-4a30-af6c-6166e9022c36" testId="7785283e-2fa2-577d-b099-0811bd86332e" testName="S2Cognition.Integrations.Monday.Core.Tests.Internal.MondayBoardTests.GetBoard_Pass" computerName="MSI" duration="00:00:00.0052991" startTime="2022-12-29T15:18:56.6310285-06:00" endTime="2022-12-29T15:18:56.6310286-06:00" testType="13cdc9d9-ddb5-4fa4-a97d-d965ccfc6d4b" outcome="Passed" testListId="8c84fa94-04c1-424b-9868-57a2d4851a1d" relativeResultsDirectory="7f86f01b-9767-4a30-af6c-6166e9022c36" />
    <UnitTestResult executionId="a563bfbd-2de3-44bf-8ccb-6d4dda94cd00" testId="7879c22d-f4bb-a045-6a39-bd0221cad0a9" testName="S2Cognition.Integrations.Monday.Core.Tests.MondayTests.EnsureGetUsersIsCallable" computerName="MSI" duration="00:00:00.1461520" startTime="2022-12-29T15:18:56.6318782-06:00" endTime="2022-12-29T15:18:56.6318783-06:00" testType="13cdc9d9-ddb5-4fa4-a97d-d965ccfc6d4b" outcome="Passed" testListId="8c84fa94-04c1-424b-9868-57a2d4851a1d" relativeResultsDirectory="a563bfbd-2de3-44bf-8ccb-6d4dda94cd00" />
    <UnitTestResult executionId="ac76d988-9c4c-4ef4-9b64-237a3a8c378c" testId="5e07aaee-af05-c07d-f2b3-414cd34710c1" testName="S2Cognition.Integrations.Monday.Core.Tests.Internal.MondayBoardTests.CreateBoard_Pass" computerName="MSI" duration="00:00:00.0077039" startTime="2022-12-29T15:18:56.6307711-06:00" endTime="2022-12-29T15:18:56.6307713-06:00" testType="13cdc9d9-ddb5-4fa4-a97d-d965ccfc6d4b" outcome="Passed" testListId="8c84fa94-04c1-424b-9868-57a2d4851a1d" relativeResultsDirectory="ac76d988-9c4c-4ef4-9b64-237a3a8c378c" />
    <UnitTestResult executionId="bf6e2095-240c-4b39-8fac-c2cd7ef0329b" testId="b0364036-532a-17f0-e240-4b2f7553b7e5" testName="S2Cognition.Integrations.Monday.Core.Tests.Internal.QueryOptionsTests.EnsureGetItemCanReturnMaximums" computerName="MSI" duration="00:00:00.1464896" startTime="2022-12-29T15:18:56.6319189-06:00" endTime="2022-12-29T15:18:56.6319190-06:00" testType="13cdc9d9-ddb5-4fa4-a97d-d965ccfc6d4b" outcome="Passed" testListId="8c84fa94-04c1-424b-9868-57a2d4851a1d" relativeResultsDirectory="bf6e2095-240c-4b39-8fac-c2cd7ef0329b" />
    <UnitTestResult executionId="1a15117f-bb0e-4df4-a82f-640c45264f29" testId="699e6104-9a78-55e1-d40b-119cadc433c3" testName="S2Cognition.Integrations.Monday.Core.Tests.Internal.MondayTeamTests.GetTeam_Pass" computerName="MSI" duration="00:00:00.1131685" startTime="2022-12-29T15:18:56.6058112-06:00" endTime="2022-12-29T15:18:56.6058113-06:00" testType="13cdc9d9-ddb5-4fa4-a97d-d965ccfc6d4b" outcome="Passed" testListId="8c84fa94-04c1-424b-9868-57a2d4851a1d" relativeResultsDirectory="1a15117f-bb0e-4df4-a82f-640c45264f29" />
    <UnitTestResult executionId="5d0d3966-9021-4081-853e-97ac8cf5c9f6" testId="670e15a2-2818-00a1-83de-8910400e8cfd" testName="S2Cognition.Integrations.Monday.Core.Tests.Internal.QueryOptionsTests.EnsureGetItemCanReturnMinimums" computerName="MSI" duration="00:00:00.0012426" startTime="2022-12-29T15:18:56.6557474-06:00" endTime="2022-12-29T15:18:56.6557478-06:00" testType="13cdc9d9-ddb5-4fa4-a97d-d965ccfc6d4b" outcome="Passed" testListId="8c84fa94-04c1-424b-9868-57a2d4851a1d" relativeResultsDirectory="5d0d3966-9021-4081-853e-97ac8cf5c9f6" />
    <UnitTestResult executionId="f82f762d-ee90-465f-bbf3-76b2bdc575db" testId="ca8cc89b-95c4-4a59-05b6-133bc1edac9b" testName="S2Cognition.Integrations.Monday.Core.Tests.Internal.QueryOptionsTests.EnsureGetUsersByAccessTypeWithNewQueryOptionsDefaultsToSameAsOriginalQuery" computerName="MSI" duration="00:00:00.0007693" startTime="2022-12-29T15:18:56.6604295-06:00" endTime="2022-12-29T15:18:56.6604296-06:00" testType="13cdc9d9-ddb5-4fa4-a97d-d965ccfc6d4b" outcome="Passed" testListId="8c84fa94-04c1-424b-9868-57a2d4851a1d" relativeResultsDirectory="f82f762d-ee90-465f-bbf3-76b2bdc575db" />
    <UnitTestResult executionId="72cfa455-0a9b-4897-9799-3e3db05034be" testId="4020b962-22b9-9020-b548-6e681ed8f485" testName="S2Cognition.Integrations.Monday.Core.Tests.Internal.QueryOptionsTests.EnsureGetUsersWithNewQueryOptionsDefaultsToSameAsOriginalQuery" computerName="MSI" duration="00:00:00.0007303" startTime="2022-12-29T15:18:56.6640419-06:00" endTime="2022-12-29T15:18:56.6640420-06:00" testType="13cdc9d9-ddb5-4fa4-a97d-d965ccfc6d4b" outcome="Passed" testListId="8c84fa94-04c1-424b-9868-57a2d4851a1d" relativeResultsDirectory="72cfa455-0a9b-4897-9799-3e3db05034be" />
    <UnitTestResult executionId="914ebaa9-cbc7-4ff3-ae71-344d7b11f666" testId="5ba5d283-3fc5-9bfc-7776-8e3e68851e24" testName="S2Cognition.Integrations.Monday.Core.Tests.Internal.MondayUpdatesTests.ClearItemUpdates_Pass" computerName="MSI" duration="00:00:00.1091499" startTime="2022-12-29T15:18:56.5975851-06:00" endTime="2022-12-29T15:18:56.5976184-06:00" testType="13cdc9d9-ddb5-4fa4-a97d-d965ccfc6d4b" outcome="Passed" testListId="8c84fa94-04c1-424b-9868-57a2d4851a1d" relativeResultsDirectory="914ebaa9-cbc7-4ff3-ae71-344d7b11f666" />
    <UnitTestResult executionId="63e79cd5-1eff-4f17-948f-b18b9b7b5f58" testId="74274b9a-6c05-5e11-57f4-f07a126b1d72" testName="S2Cognition.Integrations.Monday.Core.Tests.Internal.QueryOptionsTests.EnsureGetBoardsWithNewQueryOptionsDefaultsToSameAsOriginalQuery" computerName="MSI" duration="00:00:00.0020439" startTime="2022-12-29T15:18:56.6384624-06:00" endTime="2022-12-29T15:18:56.6384629-06:00" testType="13cdc9d9-ddb5-4fa4-a97d-d965ccfc6d4b" outcome="Passed" testListId="8c84fa94-04c1-424b-9868-57a2d4851a1d" relativeResultsDirectory="63e79cd5-1eff-4f17-948f-b18b9b7b5f58" />
    <UnitTestResult executionId="327eb2f9-71b0-4e02-bc3b-a6bd1ee3a134" testId="3cc1457a-7db2-e650-a582-3cc4ef74bd86" testName="S2Cognition.Integrations.Monday.Core.Tests.Internal.MondayTagsTests.GetTags_Pass" computerName="MSI" duration="00:00:00.0258185" startTime="2022-12-29T15:18:56.6316149-06:00" endTime="2022-12-29T15:18:56.6316150-06:00" testType="13cdc9d9-ddb5-4fa4-a97d-d965ccfc6d4b" outcome="Passed" testListId="8c84fa94-04c1-424b-9868-57a2d4851a1d" relativeResultsDirectory="327eb2f9-71b0-4e02-bc3b-a6bd1ee3a134" />
    <UnitTestResult executionId="facb54c9-68d1-47cc-891d-a430b4d367a5" testId="e1d12073-8a41-eb5a-464c-27f8af3d47be" testName="S2Cognition.Integrations.Monday.Core.Tests.Internal.QueryOptionsTests.EnsureGetTeamCanReturnMaximums" computerName="MSI" duration="00:00:00.0012329" startTime="2022-12-29T15:18:56.6687681-06:00" endTime="2022-12-29T15:18:56.6687682-06:00" testType="13cdc9d9-ddb5-4fa4-a97d-d965ccfc6d4b" outcome="Passed" testListId="8c84fa94-04c1-424b-9868-57a2d4851a1d" relativeResultsDirectory="facb54c9-68d1-47cc-891d-a430b4d367a5" />
    <UnitTestResult executionId="8c741360-1daf-4d9f-9577-abf38cc89a12" testId="70e1e943-d839-5738-2e19-ede049e672ad" testName="S2Cognition.Integrations.Monday.Core.Tests.Internal.MondayItemsTests.ArchiveItem_Pass" computerName="MSI" duration="00:00:00.0014731" startTime="2022-12-29T15:18:56.6309739-06:00" endTime="2022-12-29T15:18:56.6309740-06:00" testType="13cdc9d9-ddb5-4fa4-a97d-d965ccfc6d4b" outcome="Passed" testListId="8c84fa94-04c1-424b-9868-57a2d4851a1d" relativeResultsDirectory="8c741360-1daf-4d9f-9577-abf38cc89a12" />
    <UnitTestResult executionId="b4565882-1ffe-4248-bbfa-31885e617169" testId="46c88540-33b2-2fcf-a4ea-24e23c1d5ff9" testName="S2Cognition.Integrations.Monday.Core.Tests.Internal.MondayBoardTests.GetBoards_Pass" computerName="MSI" duration="00:00:00.1115378" startTime="2022-12-29T15:18:56.6060415-06:00" endTime="2022-12-29T15:18:56.6060428-06:00" testType="13cdc9d9-ddb5-4fa4-a97d-d965ccfc6d4b" outcome="Passed" testListId="8c84fa94-04c1-424b-9868-57a2d4851a1d" relativeResultsDirectory="b4565882-1ffe-4248-bbfa-31885e617169" />
    <UnitTestResult executionId="7695469c-0795-4ebe-b123-9697fd092ea9" testId="5ff0fe88-c4c8-57d3-5b1a-3f39e1a69737" testName="S2Cognition.Integrations.Monday.Core.Tests.Internal.MondayTagsTests.GetTag_Pass" computerName="MSI" duration="00:00:00.0044996" startTime="2022-12-29T15:18:56.6323890-06:00" endTime="2022-12-29T15:18:56.6323891-06:00" testType="13cdc9d9-ddb5-4fa4-a97d-d965ccfc6d4b" outcome="Passed" testListId="8c84fa94-04c1-424b-9868-57a2d4851a1d" relativeResultsDirectory="7695469c-0795-4ebe-b123-9697fd092ea9" />
    <UnitTestResult executionId="0dbcd54c-1661-45d1-a702-6157464c0573" testId="b7d3a67a-8e46-fe49-d504-31fe9e1a6693" testName="S2Cognition.Integrations.Monday.Core.Tests.Internal.QueryOptionsTests.EnsureGetUsersCanReturnMaximums" computerName="MSI" duration="00:00:00.0009174" startTime="2022-12-29T15:18:56.6595864-06:00" endTime="2022-12-29T15:18:56.6595866-06:00" testType="13cdc9d9-ddb5-4fa4-a97d-d965ccfc6d4b" outcome="Passed" testListId="8c84fa94-04c1-424b-9868-57a2d4851a1d" relativeResultsDirectory="0dbcd54c-1661-45d1-a702-6157464c0573" />
    <UnitTestResult executionId="48d24a46-dd02-4c8a-8f76-0efac8e6213b" testId="286a79c1-cf38-10b2-3c66-6238db8d2e6b" testName="S2Cognition.Integrations.Monday.Core.Tests.Internal.MondayItemsTests.GetItems_Pass" computerName="MSI" duration="00:00:00.0107236" startTime="2022-12-29T15:18:56.6308400-06:00" endTime="2022-12-29T15:18:56.6308401-06:00" testType="13cdc9d9-ddb5-4fa4-a97d-d965ccfc6d4b" outcome="Passed" testListId="8c84fa94-04c1-424b-9868-57a2d4851a1d" relativeResultsDirectory="48d24a46-dd02-4c8a-8f76-0efac8e6213b" />
    <UnitTestResult executionId="184c2f4e-ca76-4966-8a6c-c800d980f00f" testId="37051fb3-77bb-cf2b-6c03-648a546869cc" testName="S2Cognition.Integrations.Monday.Core.Tests.Internal.MondayBoardTests.ArchiveBoard_Pass" computerName="MSI" duration="00:00:00.0113512" startTime="2022-12-29T15:18:56.6315705-06:00" endTime="2022-12-29T15:18:56.6315706-06:00" testType="13cdc9d9-ddb5-4fa4-a97d-d965ccfc6d4b" outcome="Passed" testListId="8c84fa94-04c1-424b-9868-57a2d4851a1d" relativeResultsDirectory="184c2f4e-ca76-4966-8a6c-c800d980f00f" />
    <UnitTestResult executionId="e4e41240-a55b-482e-aebc-d2ee11d1b63b" testId="a6be2696-0cfa-7509-97d1-769ed4f8bc42" testName="S2Cognition.Integrations.Monday.Core.Tests.Internal.MondayUserTests.GetUsers_Pass" computerName="MSI" duration="00:00:00.0014562" startTime="2022-12-29T15:18:56.6318155-06:00" endTime="2022-12-29T15:18:56.6318156-06:00" testType="13cdc9d9-ddb5-4fa4-a97d-d965ccfc6d4b" outcome="Passed" testListId="8c84fa94-04c1-424b-9868-57a2d4851a1d" relativeResultsDirectory="e4e41240-a55b-482e-aebc-d2ee11d1b63b" />
    <UnitTestResult executionId="f87aa27d-749a-4104-b7a6-40e0cc89814c" testId="8ed8a62c-d6e9-198e-ae0c-26687ea775fc" testName="S2Cognition.Integrations.Monday.Core.Tests.Internal.QueryOptionsTests.EnsureGetUserCanReturnMaximums" computerName="MSI" duration="00:00:00.0018008" startTime="2022-12-29T15:18:56.6324919-06:00" endTime="2022-12-29T15:18:56.6324919-06:00" testType="13cdc9d9-ddb5-4fa4-a97d-d965ccfc6d4b" outcome="Passed" testListId="8c84fa94-04c1-424b-9868-57a2d4851a1d" relativeResultsDirectory="f87aa27d-749a-4104-b7a6-40e0cc89814c" />
    <UnitTestResult executionId="65be04c8-606e-41f7-a0ff-3d0d3acefeaa" testId="e3d40a78-7398-4a22-fa97-68b3e9fe9d7e" testName="S2Cognition.Integrations.Monday.Core.Tests.Internal.MondayItemsTests.DeleteItem_Pass" computerName="MSI" duration="00:00:00.0014601" startTime="2022-12-29T15:18:56.6324243-06:00" endTime="2022-12-29T15:18:56.6324244-06:00" testType="13cdc9d9-ddb5-4fa4-a97d-d965ccfc6d4b" outcome="Passed" testListId="8c84fa94-04c1-424b-9868-57a2d4851a1d" relativeResultsDirectory="65be04c8-606e-41f7-a0ff-3d0d3acefeaa" />
    <UnitTestResult executionId="b77e5a5f-da7c-4700-a01a-22455e75eb94" testId="c72e751f-4715-ef7d-d196-f91200915af9" testName="S2Cognition.Integrations.Monday.Core.Tests.Internal.QueryOptionsTests.EnsureGetTagWithNewQueryOptionsDefaultsToSameAsOriginalQuery" computerName="MSI" duration="00:00:00.0012446" startTime="2022-12-29T15:18:56.6436221-06:00" endTime="2022-12-29T15:18:56.6436225-06:00" testType="13cdc9d9-ddb5-4fa4-a97d-d965ccfc6d4b" outcome="Passed" testListId="8c84fa94-04c1-424b-9868-57a2d4851a1d" relativeResultsDirectory="b77e5a5f-da7c-4700-a01a-22455e75eb94" />
    <UnitTestResult executionId="2c7ef313-72aa-4b6d-8439-53f5b0cb9ebf" testId="b6298783-c9b1-ba27-491e-9e45d1b4abea" testName="S2Cognition.Integrations.Monday.Core.Tests.Internal.QueryOptionsTests.EnsureGetBoardsCanReturnMaximums" computerName="MSI" duration="00:00:00.0057752" startTime="2022-12-29T15:18:56.6495529-06:00" endTime="2022-12-29T15:18:56.6495532-06:00" testType="13cdc9d9-ddb5-4fa4-a97d-d965ccfc6d4b" outcome="Passed" testListId="8c84fa94-04c1-424b-9868-57a2d4851a1d" relativeResultsDirectory="2c7ef313-72aa-4b6d-8439-53f5b0cb9ebf" />
    <UnitTestResult executionId="caa6c2b6-220a-4cab-839e-1b702ef57b92" testId="b6024c5e-cc9f-6000-9f44-e91bed693a04" testName="S2Cognition.Integrations.Monday.Core.Tests.Internal.MondaySystemTests.GetComplexity_Pass" computerName="MSI" duration="00:00:00.0021421" startTime="2022-12-29T15:18:56.6289153-06:00" endTime="2022-12-29T15:18:56.6289155-06:00" testType="13cdc9d9-ddb5-4fa4-a97d-d965ccfc6d4b" outcome="Passed" testListId="8c84fa94-04c1-424b-9868-57a2d4851a1d" relativeResultsDirectory="caa6c2b6-220a-4cab-839e-1b702ef57b92" />
    <UnitTestResult executionId="c2773b88-b2b0-49f6-83fc-95543bddb409" testId="e9af5911-ac89-b1d9-f02f-d942b57cba23" testName="S2Cognition.Integrations.Monday.Core.Tests.Internal.QueryOptionsTests.EnsureGetTeamsWithNewQueryOptionsDefaultsToSameAsOriginalQuery" computerName="MSI" duration="00:00:00.0007130" startTime="2022-12-29T15:18:56.6648124-06:00" endTime="2022-12-29T15:18:56.6648125-06:00" testType="13cdc9d9-ddb5-4fa4-a97d-d965ccfc6d4b" outcome="Passed" testListId="8c84fa94-04c1-424b-9868-57a2d4851a1d" relativeResultsDirectory="c2773b88-b2b0-49f6-83fc-95543bddb409" />
    <UnitTestResult executionId="da1c73d0-ae2f-437e-b88f-c5cfb4ac4b50" testId="83d01415-0376-964e-248c-a57968d4c4ba" testName="S2Cognition.Integrations.Monday.Core.Tests.Internal.QueryOptionsTests.EnsureGetTagsCanReturnMinimums" computerName="MSI" duration="00:00:00.0006174" startTime="2022-12-29T15:18:56.6632456-06:00" endTime="2022-12-29T15:18:56.6632457-06:00" testType="13cdc9d9-ddb5-4fa4-a97d-d965ccfc6d4b" outcome="Passed" testListId="8c84fa94-04c1-424b-9868-57a2d4851a1d" relativeResultsDirectory="da1c73d0-ae2f-437e-b88f-c5cfb4ac4b50" />
    <UnitTestResult executionId="8e0bfb4a-f7be-4bda-9de3-70dcdd978402" testId="3b41359e-553a-c4ee-01d7-ffa32d869aeb" testName="S2Cognition.Integrations.Monday.Core.Tests.Internal.QueryOptionsTests.EnsureGetGroupsCanReturnMaximums" computerName="MSI" duration="00:00:00.0009692" startTime="2022-12-29T15:18:56.6698178-06:00" endTime="2022-12-29T15:18:56.6698180-06:00" testType="13cdc9d9-ddb5-4fa4-a97d-d965ccfc6d4b" outcome="Passed" testListId="8c84fa94-04c1-424b-9868-57a2d4851a1d" relativeResultsDirectory="8e0bfb4a-f7be-4bda-9de3-70dcdd978402" />
    <UnitTestResult executionId="a5894be0-d6ab-4b50-bc21-01125b816bf0" testId="904befda-a066-d594-f096-7682165f1bea" testName="S2Cognition.Integrations.Monday.Core.Tests.Internal.QueryOptionsTests.EnsureGetTagsWithNewQueryOptionsDefaultsToSameAsOriginalQuery" computerName="MSI" duration="00:00:00.0019304" startTime="2022-12-29T15:18:56.6362854-06:00" endTime="2022-12-29T15:18:56.6362859-06:00" testType="13cdc9d9-ddb5-4fa4-a97d-d965ccfc6d4b" outcome="Passed" testListId="8c84fa94-04c1-424b-9868-57a2d4851a1d" relativeResultsDirectory="a5894be0-d6ab-4b50-bc21-01125b816bf0" />
    <UnitTestResult executionId="c0996f3c-b005-4312-9ad8-e6092b863818" testId="a94027fb-8741-0358-60a0-79da4714131a" testName="S2Cognition.Integrations.Monday.Core.Tests.Internal.QueryOptionsTests.EnsureGetUserWithNewQueryOptionsDefaultsToSameAsOriginalQuery" computerName="MSI" duration="00:00:00.0008649" startTime="2022-12-29T15:18:56.6326643-06:00" endTime="2022-12-29T15:18:56.6326644-06:00" testType="13cdc9d9-ddb5-4fa4-a97d-d965ccfc6d4b" outcome="Passed" testListId="8c84fa94-04c1-424b-9868-57a2d4851a1d" relativeResultsDirectory="c0996f3c-b005-4312-9ad8-e6092b863818" />
    <UnitTestResult executionId="6b2dd9ab-4afc-4ffd-8f09-a3c99bf0c5ce" testId="60fd7a38-e994-b056-025f-4b68bd7e74bb" testName="S2Cognition.Integrations.Monday.Core.Tests.Internal.QueryOptionsTests.EnsureGetBoardCanReturnMinimums" computerName="MSI" duration="00:00:00.0013725" startTime="2022-12-29T15:18:56.6572344-06:00" endTime="2022-12-29T15:18:56.6572347-06:00" testType="13cdc9d9-ddb5-4fa4-a97d-d965ccfc6d4b" outcome="Passed" testListId="8c84fa94-04c1-424b-9868-57a2d4851a1d" relativeResultsDirectory="6b2dd9ab-4afc-4ffd-8f09-a3c99bf0c5ce" />
    <UnitTestResult executionId="0105767f-bbab-414f-bf78-6202c31ac6f7" testId="c2cd20d0-54ba-4173-27de-9e34dd6187a2" testName="S2Cognition.Integrations.Monday.Core.Tests.Internal.QueryOptionsTests.EnsureGetBoardsCanReturnMinimums" computerName="MSI" duration="00:00:00.0006017" startTime="2022-12-29T15:18:56.6610855-06:00" endTime="2022-12-29T15:18:56.6610856-06:00" testType="13cdc9d9-ddb5-4fa4-a97d-d965ccfc6d4b" outcome="Passed" testListId="8c84fa94-04c1-424b-9868-57a2d4851a1d" relativeResultsDirectory="0105767f-bbab-414f-bf78-6202c31ac6f7" />
    <UnitTestResult executionId="d76753b6-4a6b-423a-bcf7-1dcaafb184fe" testId="7d34bcc7-299a-cd33-e29a-dd50b189da87" testName="S2Cognition.Integrations.Monday.Core.Tests.Internal.QueryOptionsTests.EnsureGetGroupsCanReturnMinimums" computerName="MSI" duration="00:00:00.0022727" startTime="2022-12-29T15:18:56.6422552-06:00" endTime="2022-12-29T15:18:56.6422556-06:00" testType="13cdc9d9-ddb5-4fa4-a97d-d965ccfc6d4b" outcome="Passed" testListId="8c84fa94-04c1-424b-9868-57a2d4851a1d" relativeResultsDirectory="d76753b6-4a6b-423a-bcf7-1dcaafb184fe" />
    <UnitTestResult executionId="788a54fe-1bae-4103-b009-13c91f9df9dc" testId="6c79372e-ce76-4557-ad0c-f31c0d46e60d" testName="S2Cognition.Integrations.Monday.Core.Tests.Internal.MondayGroupsTests.GetGroups_Pass" computerName="MSI" duration="00:00:00.0058451" startTime="2022-12-29T15:18:56.6308995-06:00" endTime="2022-12-29T15:18:56.6308995-06:00" testType="13cdc9d9-ddb5-4fa4-a97d-d965ccfc6d4b" outcome="Passed" testListId="8c84fa94-04c1-424b-9868-57a2d4851a1d" relativeResultsDirectory="788a54fe-1bae-4103-b009-13c91f9df9dc" />
    <UnitTestResult executionId="6d7d14ca-d0c0-446d-8d8a-bdc72dc8af51" testId="b2cf74ef-0af5-e7f1-61af-1a4383953923" testName="S2Cognition.Integrations.Monday.Core.Tests.Internal.MondayGroupsTests.DeleteGroup_Pass" computerName="MSI" duration="00:00:00.0017706" startTime="2022-12-29T15:18:56.6290140-06:00" endTime="2022-12-29T15:18:56.6290141-06:00" testType="13cdc9d9-ddb5-4fa4-a97d-d965ccfc6d4b" outcome="Passed" testListId="8c84fa94-04c1-424b-9868-57a2d4851a1d" relativeResultsDirectory="6d7d14ca-d0c0-446d-8d8a-bdc72dc8af51" />
    <UnitTestResult executionId="bfe798c0-4879-469d-94bf-1d14936acee5" testId="1f28150e-cea8-6a19-096e-e7f09fc4f033" testName="S2Cognition.Integrations.Monday.Core.Tests.Internal.MondayItemsTests.CustomQueryOrMutation_Pass" computerName="MSI" duration="00:00:00.1116108" startTime="2022-12-29T15:18:56.6060202-06:00" endTime="2022-12-29T15:18:56.6060203-06:00" testType="13cdc9d9-ddb5-4fa4-a97d-d965ccfc6d4b" outcome="Passed" testListId="8c84fa94-04c1-424b-9868-57a2d4851a1d" relativeResultsDirectory="bfe798c0-4879-469d-94bf-1d14936acee5" />
    <UnitTestResult executionId="e22c3975-9a03-4c57-aa6e-a45567cbbceb" testId="9494a386-627a-d9e9-f044-8a9379f54cd7" testName="S2Cognition.Integrations.Monday.Core.Tests.Internal.QueryOptionsTests.EnsureGetTeamCanReturnMinimums" computerName="MSI" duration="00:00:00.0018589" startTime="2022-12-29T15:18:56.6326021-06:00" endTime="2022-12-29T15:18:56.6326022-06:00" testType="13cdc9d9-ddb5-4fa4-a97d-d965ccfc6d4b" outcome="Passed" testListId="8c84fa94-04c1-424b-9868-57a2d4851a1d" relativeResultsDirectory="e22c3975-9a03-4c57-aa6e-a45567cbbceb" />
    <UnitTestResult executionId="c25f5967-a637-4e37-8148-4211cc91d827" testId="c4ed5dd6-97b8-f60b-60a1-3ed3850e6fa1" testName="S2Cognition.Integrations.Monday.Core.Tests.Internal.QueryOptionsTests.EnsureGetItemWithNewQueryOptionsDefaultsToSameAsOriginalQuery" computerName="MSI" duration="00:00:00.0016217" startTime="2022-12-29T15:18:56.6512992-06:00" endTime="2022-12-29T15:18:56.6512995-06:00" testType="13cdc9d9-ddb5-4fa4-a97d-d965ccfc6d4b" outcome="Passed" testListId="8c84fa94-04c1-424b-9868-57a2d4851a1d" relativeResultsDirectory="c25f5967-a637-4e37-8148-4211cc91d827" />
    <UnitTestResult executionId="44a584c1-2a95-4551-9653-b7bee2dede99" testId="6e24f7c2-254d-33e4-faf1-26dea1d1bc54" testName="S2Cognition.Integrations.Monday.Core.Tests.Internal.MondayTagsTests.CreateTag_Pass" computerName="MSI" duration="00:00:00.1115887" startTime="2022-12-29T15:18:56.6036597-06:00" endTime="2022-12-29T15:18:56.6036604-06:00" testType="13cdc9d9-ddb5-4fa4-a97d-d965ccfc6d4b" outcome="Passed" testListId="8c84fa94-04c1-424b-9868-57a2d4851a1d" relativeResultsDirectory="44a584c1-2a95-4551-9653-b7bee2dede99" />
    <UnitTestResult executionId="546b6beb-c7f4-4afe-959a-f0d8d20a6f86" testId="5acd4d80-5c98-c1e6-89be-c4543e302d25" testName="S2Cognition.Integrations.Monday.Core.Tests.Internal.QueryOptionsTests.EnsureGetTagCanReturnMinimums" computerName="MSI" duration="00:00:00.0018956" startTime="2022-12-29T15:18:56.6342108-06:00" endTime="2022-12-29T15:18:56.6342111-06:00" testType="13cdc9d9-ddb5-4fa4-a97d-d965ccfc6d4b" outcome="Passed" testListId="8c84fa94-04c1-424b-9868-57a2d4851a1d" relativeResultsDirectory="546b6beb-c7f4-4afe-959a-f0d8d20a6f86" />
    <UnitTestResult executionId="90d6cdac-3f3f-4187-a035-72121dde0f85" testId="1e4cf267-2c9b-233b-e477-c77c4907d14b" testName="S2Cognition.Integrations.Monday.Core.Tests.Internal.QueryOptionsTests.EnsureGetTagCanReturnMaximums" computerName="MSI" duration="00:00:00.0005977" startTime="2022-12-29T15:18:56.6617549-06:00" endTime="2022-12-29T15:18:56.6617550-06:00" testType="13cdc9d9-ddb5-4fa4-a97d-d965ccfc6d4b" outcome="Passed" testListId="8c84fa94-04c1-424b-9868-57a2d4851a1d" relativeResultsDirectory="90d6cdac-3f3f-4187-a035-72121dde0f85" />
    <UnitTestResult executionId="e7a4c200-9c62-41cb-8633-10971cd89e65" testId="6772f89f-c983-ba69-e6fa-efff4c2a9593" testName="S2Cognition.Integrations.Monday.Core.Tests.Internal.MondayGroupsTests.ArchiveGroup_Pass" computerName="MSI" duration="00:00:00.0019568" startTime="2022-12-29T15:18:56.6291411-06:00" endTime="2022-12-29T15:18:56.6291413-06:00" testType="13cdc9d9-ddb5-4fa4-a97d-d965ccfc6d4b" outcome="Passed" testListId="8c84fa94-04c1-424b-9868-57a2d4851a1d" relativeResultsDirectory="e7a4c200-9c62-41cb-8633-10971cd89e65" />
  </Results>
  <TestDefinitions>
    <UnitTest name="S2Cognition.Integrations.Monday.Core.Tests.Internal.QueryOptionsTests.EnsureGetTeamsWithNewQueryOptionsDefaultsToSameAsOriginalQuery" storage="c:\integrations\s2cognition.integrations\s2cognition.integrations.monday.core.tests\bin\debug\net7.0\s2cognition.integrations.monday.core.tests.dll" id="e9af5911-ac89-b1d9-f02f-d942b57cba23">
      <Execution id="c2773b88-b2b0-49f6-83fc-95543bddb409" />
      <TestMethod codeBase="C:\Integrations\S2Cognition.Integrations\S2Cognition.Integrations.Monday.Core.Tests\bin\Debug\net7.0\S2Cognition.Integrations.Monday.Core.Tests.dll" adapterTypeName="executor://xunit/VsTestRunner2/netcoreapp" className="S2Cognition.Integrations.Monday.Core.Tests.Internal.QueryOptionsTests" name="EnsureGetTeamsWithNewQueryOptionsDefaultsToSameAsOriginalQuery" />
    </UnitTest>
    <UnitTest name="S2Cognition.Integrations.Monday.Core.Tests.Internal.QueryOptionsTests.EnsureGetBoardsCanReturnMaximums" storage="c:\integrations\s2cognition.integrations\s2cognition.integrations.monday.core.tests\bin\debug\net7.0\s2cognition.integrations.monday.core.tests.dll" id="b6298783-c9b1-ba27-491e-9e45d1b4abea">
      <Execution id="2c7ef313-72aa-4b6d-8439-53f5b0cb9ebf" />
      <TestMethod codeBase="C:\Integrations\S2Cognition.Integrations\S2Cognition.Integrations.Monday.Core.Tests\bin\Debug\net7.0\S2Cognition.Integrations.Monday.Core.Tests.dll" adapterTypeName="executor://xunit/VsTestRunner2/netcoreapp" className="S2Cognition.Integrations.Monday.Core.Tests.Internal.QueryOptionsTests" name="EnsureGetBoardsCanReturnMaximums" />
    </UnitTest>
    <UnitTest name="S2Cognition.Integrations.Monday.Core.Tests.Internal.MondayUserTests.GetUser_Pass" storage="c:\integrations\s2cognition.integrations\s2cognition.integrations.monday.core.tests\bin\debug\net7.0\s2cognition.integrations.monday.core.tests.dll" id="21705279-1176-84a3-7593-433546a218f6">
      <Execution id="38eaa56e-5986-42a0-84f1-2a0b74e665af" />
      <TestMethod codeBase="C:\Integrations\S2Cognition.Integrations\S2Cognition.Integrations.Monday.Core.Tests\bin\Debug\net7.0\S2Cognition.Integrations.Monday.Core.Tests.dll" adapterTypeName="executor://xunit/VsTestRunner2/netcoreapp" className="S2Cognition.Integrations.Monday.Core.Tests.Internal.MondayUserTests" name="GetUser_Pass" />
    </UnitTest>
    <UnitTest name="S2Cognition.Integrations.Monday.Core.Tests.Internal.QueryOptionsTests.EnsureGetUsersCanReturnMinimums" storage="c:\integrations\s2cognition.integrations\s2cognition.integrations.monday.core.tests\bin\debug\net7.0\s2cognition.integrations.monday.core.tests.dll" id="b4784567-afa7-ed1d-3bc1-4928fe30a7c6">
      <Execution id="1595f4b3-b7aa-4654-b86d-257a69f6e8dc" />
      <TestMethod codeBase="C:\Integrations\S2Cognition.Integrations\S2Cognition.Integrations.Monday.Core.Tests\bin\Debug\net7.0\S2Cognition.Integrations.Monday.Core.Tests.dll" adapterTypeName="executor://xunit/VsTestRunner2/netcoreapp" className="S2Cognition.Integrations.Monday.Core.Tests.Internal.QueryOptionsTests" name="EnsureGetUsersCanReturnMinimums" />
    </UnitTest>
    <UnitTest name="S2Cognition.Integrations.Monday.Core.Tests.Internal.MondayUserTests.GetUsers_Pass" storage="c:\integrations\s2cognition.integrations\s2cognition.integrations.monday.core.tests\bin\debug\net7.0\s2cognition.integrations.monday.core.tests.dll" id="a6be2696-0cfa-7509-97d1-769ed4f8bc42">
      <Execution id="e4e41240-a55b-482e-aebc-d2ee11d1b63b" />
      <TestMethod codeBase="C:\Integrations\S2Cognition.Integrations\S2Cognition.Integrations.Monday.Core.Tests\bin\Debug\net7.0\S2Cognition.Integrations.Monday.Core.Tests.dll" adapterTypeName="executor://xunit/VsTestRunner2/netcoreapp" className="S2Cognition.Integrations.Monday.Core.Tests.Internal.MondayUserTests" name="GetUsers_Pass" />
    </UnitTest>
    <UnitTest name="S2Cognition.Integrations.Monday.Core.Tests.Internal.QueryOptionsTests.EnsureGetBoardCanReturnMinimums" storage="c:\integrations\s2cognition.integrations\s2cognition.integrations.monday.core.tests\bin\debug\net7.0\s2cognition.integrations.monday.core.tests.dll" id="60fd7a38-e994-b056-025f-4b68bd7e74bb">
      <Execution id="6b2dd9ab-4afc-4ffd-8f09-a3c99bf0c5ce" />
      <TestMethod codeBase="C:\Integrations\S2Cognition.Integrations\S2Cognition.Integrations.Monday.Core.Tests\bin\Debug\net7.0\S2Cognition.Integrations.Monday.Core.Tests.dll" adapterTypeName="executor://xunit/VsTestRunner2/netcoreapp" className="S2Cognition.Integrations.Monday.Core.Tests.Internal.QueryOptionsTests" name="EnsureGetBoardCanReturnMinimums" />
    </UnitTest>
    <UnitTest name="S2Cognition.Integrations.Monday.Core.Tests.Internal.QueryOptionsTests.EnsureGetTeamsCanReturnMaximums" storage="c:\integrations\s2cognition.integrations\s2cognition.integrations.monday.core.tests\bin\debug\net7.0\s2cognition.integrations.monday.core.tests.dll" id="bf6d4cfe-f7f8-bda4-adec-4a809b3ae095">
      <Execution id="d14cdfe5-d5a0-4a72-ba5c-0ddad8dcfe98" />
      <TestMethod codeBase="C:\Integrations\S2Cognition.Integrations\S2Cognition.Integrations.Monday.Core.Tests\bin\Debug\net7.0\S2Cognition.Integrations.Monday.Core.Tests.dll" adapterTypeName="executor://xunit/VsTestRunner2/netcoreapp" className="S2Cognition.Integrations.Monday.Core.Tests.Internal.QueryOptionsTests" name="EnsureGetTeamsCanReturnMaximums" />
    </UnitTest>
    <UnitTest name="S2Cognition.Integrations.Monday.Core.Tests.Internal.QueryOptionsTests.EnsureGetGroupsCanReturnMaximums" storage="c:\integrations\s2cognition.integrations\s2cognition.integrations.monday.core.tests\bin\debug\net7.0\s2cognition.integrations.monday.core.tests.dll" id="3b41359e-553a-c4ee-01d7-ffa32d869aeb">
      <Execution id="8e0bfb4a-f7be-4bda-9de3-70dcdd978402" />
      <TestMethod codeBase="C:\Integrations\S2Cognition.Integrations\S2Cognition.Integrations.Monday.Core.Tests\bin\Debug\net7.0\S2Cognition.Integrations.Monday.Core.Tests.dll" adapterTypeName="executor://xunit/VsTestRunner2/netcoreapp" className="S2Cognition.Integrations.Monday.Core.Tests.Internal.QueryOptionsTests" name="EnsureGetGroupsCanReturnMaximums" />
    </UnitTest>
    <UnitTest name="S2Cognition.Integrations.Monday.Core.Tests.Internal.QueryOptionsTests.EnsureGetUsersCanReturnMaximums" storage="c:\integrations\s2cognition.integrations\s2cognition.integrations.monday.core.tests\bin\debug\net7.0\s2cognition.integrations.monday.core.tests.dll" id="b7d3a67a-8e46-fe49-d504-31fe9e1a6693">
      <Execution id="0dbcd54c-1661-45d1-a702-6157464c0573" />
      <TestMethod codeBase="C:\Integrations\S2Cognition.Integrations\S2Cognition.Integrations.Monday.Core.Tests\bin\Debug\net7.0\S2Cognition.Integrations.Monday.Core.Tests.dll" adapterTypeName="executor://xunit/VsTestRunner2/netcoreapp" className="S2Cognition.Integrations.Monday.Core.Tests.Internal.QueryOptionsTests" name="EnsureGetUsersCanReturnMaximums" />
    </UnitTest>
    <UnitTest name="S2Cognition.Integrations.Monday.Core.Tests.Internal.QueryOptionsTests.EnsureGetItemWithNewQueryOptionsDefaultsToSameAsOriginalQuery" storage="c:\integrations\s2cognition.integrations\s2cognition.integrations.monday.core.tests\bin\debug\net7.0\s2cognition.integrations.monday.core.tests.dll" id="c4ed5dd6-97b8-f60b-60a1-3ed3850e6fa1">
      <Execution id="c25f5967-a637-4e37-8148-4211cc91d827" />
      <TestMethod codeBase="C:\Integrations\S2Cognition.Integrations\S2Cognition.Integrations.Monday.Core.Tests\bin\Debug\net7.0\S2Cognition.Integrations.Monday.Core.Tests.dll" adapterTypeName="executor://xunit/VsTestRunner2/netcoreapp" className="S2Cognition.Integrations.Monday.Core.Tests.Internal.QueryOptionsTests" name="EnsureGetItemWithNewQueryOptionsDefaultsToSameAsOriginalQuery" />
    </UnitTest>
    <UnitTest name="S2Cognition.Integrations.Monday.Core.Tests.Internal.MondayItemsTests.GetItems_Pass" storage="c:\integrations\s2cognition.integrations\s2cognition.integrations.monday.core.tests\bin\debug\net7.0\s2cognition.integrations.monday.core.tests.dll" id="286a79c1-cf38-10b2-3c66-6238db8d2e6b">
      <Execution id="48d24a46-dd02-4c8a-8f76-0efac8e6213b" />
      <TestMethod codeBase="C:\Integrations\S2Cognition.Integrations\S2Cognition.Integrations.Monday.Core.Tests\bin\Debug\net7.0\S2Cognition.Integrations.Monday.Core.Tests.dll" adapterTypeName="executor://xunit/VsTestRunner2/netcoreapp" className="S2Cognition.Integrations.Monday.Core.Tests.Internal.MondayItemsTests" name="GetItems_Pass" />
    </UnitTest>
    <UnitTest name="S2Cognition.Integrations.Monday.Core.Tests.Internal.QueryOptionsTests.EnsureGetTeamWithNewQueryOptionsDefaultsToSameAsOriginalQuery" storage="c:\integrations\s2cognition.integrations\s2cognition.integrations.monday.core.tests\bin\debug\net7.0\s2cognition.integrations.monday.core.tests.dll" id="f2e1c8e0-2aa8-c927-fab7-283c464add20">
      <Execution id="b638f736-0e0f-4286-8829-3e8902c98dcf" />
      <TestMethod codeBase="C:\Integrations\S2Cognition.Integrations\S2Cognition.Integrations.Monday.Core.Tests\bin\Debug\net7.0\S2Cognition.Integrations.Monday.Core.Tests.dll" adapterTypeName="executor://xunit/VsTestRunner2/netcoreapp" className="S2Cognition.Integrations.Monday.Core.Tests.Internal.QueryOptionsTests" name="EnsureGetTeamWithNewQueryOptionsDefaultsToSameAsOriginalQuery" />
    </UnitTest>
    <UnitTest name="S2Cognition.Integrations.Monday.Core.Tests.Internal.QueryOptionsTests.EnsureGetItemCanReturnMaximums" storage="c:\integrations\s2cognition.integrations\s2cognition.integrations.monday.core.tests\bin\debug\net7.0\s2cognition.integrations.monday.core.tests.dll" id="b0364036-532a-17f0-e240-4b2f7553b7e5">
      <Execution id="bf6e2095-240c-4b39-8fac-c2cd7ef0329b" />
      <TestMethod codeBase="C:\Integrations\S2Cognition.Integrations\S2Cognition.Integrations.Monday.Core.Tests\bin\Debug\net7.0\S2Cognition.Integrations.Monday.Core.Tests.dll" adapterTypeName="executor://xunit/VsTestRunner2/netcoreapp" className="S2Cognition.Integrations.Monday.Core.Tests.Internal.QueryOptionsTests" name="EnsureGetItemCanReturnMaximums" />
    </UnitTest>
    <UnitTest name="S2Cognition.Integrations.Monday.Core.Tests.Internal.QueryOptionsTests.EnsureGetItemsCanReturnMaximums" storage="c:\integrations\s2cognition.integrations\s2cognition.integrations.monday.core.tests\bin\debug\net7.0\s2cognition.integrations.monday.core.tests.dll" id="f1227b7d-c8f7-8375-5cb6-1b981226c09d">
      <Execution id="76185134-7a5f-4fe4-8c83-b8b4008fa1c5" />
      <TestMethod codeBase="C:\Integrations\S2Cognition.Integrations\S2Cognition.Integrations.Monday.Core.Tests\bin\Debug\net7.0\S2Cognition.Integrations.Monday.Core.Tests.dll" adapterTypeName="executor://xunit/VsTestRunner2/netcoreapp" className="S2Cognition.Integrations.Monday.Core.Tests.Internal.QueryOptionsTests" name="EnsureGetItemsCanReturnMaximums" />
    </UnitTest>
    <UnitTest name="S2Cognition.Integrations.Monday.Core.Tests.Internal.MondayTagsTests.GetTags_Pass" storage="c:\integrations\s2cognition.integrations\s2cognition.integrations.monday.core.tests\bin\debug\net7.0\s2cognition.integrations.monday.core.tests.dll" id="3cc1457a-7db2-e650-a582-3cc4ef74bd86">
      <Execution id="327eb2f9-71b0-4e02-bc3b-a6bd1ee3a134" />
      <TestMethod codeBase="C:\Integrations\S2Cognition.Integrations\S2Cognition.Integrations.Monday.Core.Tests\bin\Debug\net7.0\S2Cognition.Integrations.Monday.Core.Tests.dll" adapterTypeName="executor://xunit/VsTestRunner2/netcoreapp" className="S2Cognition.Integrations.Monday.Core.Tests.Internal.MondayTagsTests" name="GetTags_Pass" />
    </UnitTest>
    <UnitTest name="S2Cognition.Integrations.Monday.Core.Tests.Internal.QueryOptionsTests.EnsureGetTagsCanReturnMinimums" storage="c:\integrations\s2cognition.integrations\s2cognition.integrations.monday.core.tests\bin\debug\net7.0\s2cognition.integrations.monday.core.tests.dll" id="83d01415-0376-964e-248c-a57968d4c4ba">
      <Execution id="da1c73d0-ae2f-437e-b88f-c5cfb4ac4b50" />
      <TestMethod codeBase="C:\Integrations\S2Cognition.Integrations\S2Cognition.Integrations.Monday.Core.Tests\bin\Debug\net7.0\S2Cognition.Integrations.Monday.Core.Tests.dll" adapterTypeName="executor://xunit/VsTestRunner2/netcoreapp" className="S2Cognition.Integrations.Monday.Core.Tests.Internal.QueryOptionsTests" name="EnsureGetTagsCanReturnMinimums" />
    </UnitTest>
    <UnitTest name="S2Cognition.Integrations.Monday.Core.Tests.Internal.MondayTagsTests.CreateTag_Pass" storage="c:\integrations\s2cognition.integrations\s2cognition.integrations.monday.core.tests\bin\debug\net7.0\s2cognition.integrations.monday.core.tests.dll" id="6e24f7c2-254d-33e4-faf1-26dea1d1bc54">
      <Execution id="44a584c1-2a95-4551-9653-b7bee2dede99" />
      <TestMethod codeBase="C:\Integrations\S2Cognition.Integrations\S2Cognition.Integrations.Monday.Core.Tests\bin\Debug\net7.0\S2Cognition.Integrations.Monday.Core.Tests.dll" adapterTypeName="executor://xunit/VsTestRunner2/netcoreapp" className="S2Cognition.Integrations.Monday.Core.Tests.Internal.MondayTagsTests" name="CreateTag_Pass" />
    </UnitTest>
    <UnitTest name="S2Cognition.Integrations.Monday.Core.Tests.Internal.QueryOptionsTests.EnsureGetTagWithNewQueryOptionsDefaultsToSameAsOriginalQuery" storage="c:\integrations\s2cognition.integrations\s2cognition.integrations.monday.core.tests\bin\debug\net7.0\s2cognition.integrations.monday.core.tests.dll" id="c72e751f-4715-ef7d-d196-f91200915af9">
      <Execution id="b77e5a5f-da7c-4700-a01a-22455e75eb94" />
      <TestMethod codeBase="C:\Integrations\S2Cognition.Integrations\S2Cognition.Integrations.Monday.Core.Tests\bin\Debug\net7.0\S2Cognition.Integrations.Monday.Core.Tests.dll" adapterTypeName="executor://xunit/VsTestRunner2/netcoreapp" className="S2Cognition.Integrations.Monday.Core.Tests.Internal.QueryOptionsTests" name="EnsureGetTagWithNewQueryOptionsDefaultsToSameAsOriginalQuery" />
    </UnitTest>
    <UnitTest name="S2Cognition.Integrations.Monday.Core.Tests.Internal.QueryOptionsTests.EnsureGetItemCanReturnMinimums" storage="c:\integrations\s2cognition.integrations\s2cognition.integrations.monday.core.tests\bin\debug\net7.0\s2cognition.integrations.monday.core.tests.dll" id="670e15a2-2818-00a1-83de-8910400e8cfd">
      <Execution id="5d0d3966-9021-4081-853e-97ac8cf5c9f6" />
      <TestMethod codeBase="C:\Integrations\S2Cognition.Integrations\S2Cognition.Integrations.Monday.Core.Tests\bin\Debug\net7.0\S2Cognition.Integrations.Monday.Core.Tests.dll" adapterTypeName="executor://xunit/VsTestRunner2/netcoreapp" className="S2Cognition.Integrations.Monday.Core.Tests.Internal.QueryOptionsTests" name="EnsureGetItemCanReturnMinimums" />
    </UnitTest>
    <UnitTest name="S2Cognition.Integrations.Monday.Core.Tests.Internal.MondayGroupsTests.UpdateItemGroup_Pass" storage="c:\integrations\s2cognition.integrations\s2cognition.integrations.monday.core.tests\bin\debug\net7.0\s2cognition.integrations.monday.core.tests.dll" id="85571e0c-41e0-2a36-b25a-34ddc2fba4c9">
      <Execution id="5b10e5e5-7e26-4dcc-8f62-26427ba88cde" />
      <TestMethod codeBase="C:\Integrations\S2Cognition.Integrations\S2Cognition.Integrations.Monday.Core.Tests\bin\Debug\net7.0\S2Cognition.Integrations.Monday.Core.Tests.dll" adapterTypeName="executor://xunit/VsTestRunner2/netcoreapp" className="S2Cognition.Integrations.Monday.Core.Tests.Internal.MondayGroupsTests" name="UpdateItemGroup_Pass" />
    </UnitTest>
    <UnitTest name="S2Cognition.Integrations.Monday.Core.Tests.Internal.QueryOptionsTests.EnsureGetUserCanReturnMinimums" storage="c:\integrations\s2cognition.integrations\s2cognition.integrations.monday.core.tests\bin\debug\net7.0\s2cognition.integrations.monday.core.tests.dll" id="97c9bf93-e9b6-7153-32b6-e6a19e001765">
      <Execution id="8b8a09ec-f84b-4c95-830b-c79d46e1e71e" />
      <TestMethod codeBase="C:\Integrations\S2Cognition.Integrations\S2Cognition.Integrations.Monday.Core.Tests\bin\Debug\net7.0\S2Cognition.Integrations.Monday.Core.Tests.dll" adapterTypeName="executor://xunit/VsTestRunner2/netcoreapp" className="S2Cognition.Integrations.Monday.Core.Tests.Internal.QueryOptionsTests" name="EnsureGetUserCanReturnMinimums" />
    </UnitTest>
    <UnitTest name="S2Cognition.Integrations.Monday.Core.Tests.Internal.QueryOptionsTests.EnsureGetTeamCanReturnMinimums" storage="c:\integrations\s2cognition.integrations\s2cognition.integrations.monday.core.tests\bin\debug\net7.0\s2cognition.integrations.monday.core.tests.dll" id="9494a386-627a-d9e9-f044-8a9379f54cd7">
      <Execution id="e22c3975-9a03-4c57-aa6e-a45567cbbceb" />
      <TestMethod codeBase="C:\Integrations\S2Cognition.Integrations\S2Cognition.Integrations.Monday.Core.Tests\bin\Debug\net7.0\S2Cognition.Integrations.Monday.Core.Tests.dll" adapterTypeName="executor://xunit/VsTestRunner2/netcoreapp" className="S2Cognition.Integrations.Monday.Core.Tests.Internal.QueryOptionsTests" name="EnsureGetTeamCanReturnMinimums" />
    </UnitTest>
    <UnitTest name="S2Cognition.Integrations.Monday.Core.Tests.Internal.MondayGroupsTests.DeleteGroup_Pass" storage="c:\integrations\s2cognition.integrations\s2cognition.integrations.monday.core.tests\bin\debug\net7.0\s2cognition.integrations.monday.core.tests.dll" id="b2cf74ef-0af5-e7f1-61af-1a4383953923">
      <Execution id="6d7d14ca-d0c0-446d-8d8a-bdc72dc8af51" />
      <TestMethod codeBase="C:\Integrations\S2Cognition.Integrations\S2Cognition.Integrations.Monday.Core.Tests\bin\Debug\net7.0\S2Cognition.Integrations.Monday.Core.Tests.dll" adapterTypeName="executor://xunit/VsTestRunner2/netcoreapp" className="S2Cognition.Integrations.Monday.Core.Tests.Internal.MondayGroupsTests" name="DeleteGroup_Pass" />
    </UnitTest>
    <UnitTest name="S2Cognition.Integrations.Monday.Core.Tests.Internal.QueryOptionsTests.EnsureGetGroupsWithNewQueryOptionsDefaultsToSameAsOriginalQuery" storage="c:\integrations\s2cognition.integrations\s2cognition.integrations.monday.core.tests\bin\debug\net7.0\s2cognition.integrations.monday.core.tests.dll" id="0989752e-4baa-5cb4-5a19-785a2f9a8b1c">
      <Execution id="94c903cd-1ba2-405f-8810-5fb70b9ab049" />
      <TestMethod codeBase="C:\Integrations\S2Cognition.Integrations\S2Cognition.Integrations.Monday.Core.Tests\bin\Debug\net7.0\S2Cognition.Integrations.Monday.Core.Tests.dll" adapterTypeName="executor://xunit/VsTestRunner2/netcoreapp" className="S2Cognition.Integrations.Monday.Core.Tests.Internal.QueryOptionsTests" name="EnsureGetGroupsWithNewQueryOptionsDefaultsToSameAsOriginalQuery" />
    </UnitTest>
    <UnitTest name="S2Cognition.Integrations.Monday.Core.Tests.Internal.MondayGroupsTests.CreateGroup_Pass" storage="c:\integrations\s2cognition.integrations\s2cognition.integrations.monday.core.tests\bin\debug\net7.0\s2cognition.integrations.monday.core.tests.dll" id="8687e80b-497d-c3e0-d1a0-623791adeab4">
      <Execution id="1772674b-d569-498a-bb1e-c92f588767ca" />
      <TestMethod codeBase="C:\Integrations\S2Cognition.Integrations\S2Cognition.Integrations.Monday.Core.Tests\bin\Debug\net7.0\S2Cognition.Integrations.Monday.Core.Tests.dll" adapterTypeName="executor://xunit/VsTestRunner2/netcoreapp" className="S2Cognition.Integrations.Monday.Core.Tests.Internal.MondayGroupsTests" name="CreateGroup_Pass" />
    </UnitTest>
    <UnitTest name="S2Cognition.Integrations.Monday.Core.Tests.Internal.MondayTeamTests.GetTeams_Pass" storage="c:\integrations\s2cognition.integrations\s2cognition.integrations.monday.core.tests\bin\debug\net7.0\s2cognition.integrations.monday.core.tests.dll" id="29e39a12-0b1b-13ca-8d6c-998304c252ed">
      <Execution id="24a53647-20b3-4d60-b846-5980cf18a2df" />
      <TestMethod codeBase="C:\Integrations\S2Cognition.Integrations\S2Cognition.Integrations.Monday.Core.Tests\bin\Debug\net7.0\S2Cognition.Integrations.Monday.Core.Tests.dll" adapterTypeName="executor://xunit/VsTestRunner2/netcoreapp" className="S2Cognition.Integrations.Monday.Core.Tests.Internal.MondayTeamTests" name="GetTeams_Pass" />
    </UnitTest>
    <UnitTest name="S2Cognition.Integrations.Monday.Core.Tests.Internal.QueryOptionsTests.EnsureGetTeamCanReturnMaximums" storage="c:\integrations\s2cognition.integrations\s2cognition.integrations.monday.core.tests\bin\debug\net7.0\s2cognition.integrations.monday.core.tests.dll" id="e1d12073-8a41-eb5a-464c-27f8af3d47be">
      <Execution id="facb54c9-68d1-47cc-891d-a430b4d367a5" />
      <TestMethod codeBase="C:\Integrations\S2Cognition.Integrations\S2Cognition.Integrations.Monday.Core.Tests\bin\Debug\net7.0\S2Cognition.Integrations.Monday.Core.Tests.dll" adapterTypeName="executor://xunit/VsTestRunner2/netcoreapp" className="S2Cognition.Integrations.Monday.Core.Tests.Internal.QueryOptionsTests" name="EnsureGetTeamCanReturnMaximums" />
    </UnitTest>
    <UnitTest name="S2Cognition.Integrations.Monday.Core.Tests.Internal.MondayUserTests.GetUsers_UserAccessTypes_Pass" storage="c:\integrations\s2cognition.integrations\s2cognition.integrations.monday.core.tests\bin\debug\net7.0\s2cognition.integrations.monday.core.tests.dll" id="58de10b4-534b-6f18-2f4c-a723eb0766d0">
      <Execution id="dcba0779-c5a6-4b23-aec4-d50e162f0709" />
      <TestMethod codeBase="C:\Integrations\S2Cognition.Integrations\S2Cognition.Integrations.Monday.Core.Tests\bin\Debug\net7.0\S2Cognition.Integrations.Monday.Core.Tests.dll" adapterTypeName="executor://xunit/VsTestRunner2/netcoreapp" className="S2Cognition.Integrations.Monday.Core.Tests.Internal.MondayUserTests" name="GetUsers_UserAccessTypes_Pass" />
    </UnitTest>
    <UnitTest name="S2Cognition.Integrations.Monday.Core.Tests.Internal.MondayColumnTests.UpdateColumn_Pass" storage="c:\integrations\s2cognition.integrations\s2cognition.integrations.monday.core.tests\bin\debug\net7.0\s2cognition.integrations.monday.core.tests.dll" id="c245435d-b0a3-64c2-7ed0-ff76f4852c23">
      <Execution id="c4c74fb5-667b-4a0d-8bb3-6f53fa425023" />
      <TestMethod codeBase="C:\Integrations\S2Cognition.Integrations\S2Cognition.Integrations.Monday.Core.Tests\bin\Debug\net7.0\S2Cognition.Integrations.Monday.Core.Tests.dll" adapterTypeName="executor://xunit/VsTestRunner2/netcoreapp" className="S2Cognition.Integrations.Monday.Core.Tests.Internal.MondayColumnTests" name="UpdateColumn_Pass" />
    </UnitTest>
    <UnitTest name="S2Cognition.Integrations.Monday.Core.Tests.Internal.MondayItemsTests.ArchiveItem_Pass" storage="c:\integrations\s2cognition.integrations\s2cognition.integrations.monday.core.tests\bin\debug\net7.0\s2cognition.integrations.monday.core.tests.dll" id="70e1e943-d839-5738-2e19-ede049e672ad">
      <Execution id="8c741360-1daf-4d9f-9577-abf38cc89a12" />
      <TestMethod codeBase="C:\Integrations\S2Cognition.Integrations\S2Cognition.Integrations.Monday.Core.Tests\bin\Debug\net7.0\S2Cognition.Integrations.Monday.Core.Tests.dll" adapterTypeName="executor://xunit/VsTestRunner2/netcoreapp" className="S2Cognition.Integrations.Monday.Core.Tests.Internal.MondayItemsTests" name="ArchiveItem_Pass" />
    </UnitTest>
    <UnitTest name="S2Cognition.Integrations.Monday.Core.Tests.Internal.QueryOptionsTests.EnsureGetItemsWithNewQueryOptionsDefaultsToSameAsOriginalQuery" storage="c:\integrations\s2cognition.integrations\s2cognition.integrations.monday.core.tests\bin\debug\net7.0\s2cognition.integrations.monday.core.tests.dll" id="582bd4da-d563-0a40-db6b-689ff84cf20b">
      <Execution id="195e6c6b-52a6-4b41-b516-aaf1962da51b" />
      <TestMethod codeBase="C:\Integrations\S2Cognition.Integrations\S2Cognition.Integrations.Monday.Core.Tests\bin\Debug\net7.0\S2Cognition.Integrations.Monday.Core.Tests.dll" adapterTypeName="executor://xunit/VsTestRunner2/netcoreapp" className="S2Cognition.Integrations.Monday.Core.Tests.Internal.QueryOptionsTests" name="EnsureGetItemsWithNewQueryOptionsDefaultsToSameAsOriginalQuery" />
    </UnitTest>
    <UnitTest name="S2Cognition.Integrations.Monday.Core.Tests.Internal.QueryOptionsTests.EnsureGetBoardsCanReturnMinimums" storage="c:\integrations\s2cognition.integrations\s2cognition.integrations.monday.core.tests\bin\debug\net7.0\s2cognition.integrations.monday.core.tests.dll" id="c2cd20d0-54ba-4173-27de-9e34dd6187a2">
      <Execution id="0105767f-bbab-414f-bf78-6202c31ac6f7" />
      <TestMethod codeBase="C:\Integrations\S2Cognition.Integrations\S2Cognition.Integrations.Monday.Core.Tests\bin\Debug\net7.0\S2Cognition.Integrations.Monday.Core.Tests.dll" adapterTypeName="executor://xunit/VsTestRunner2/netcoreapp" className="S2Cognition.Integrations.Monday.Core.Tests.Internal.QueryOptionsTests" name="EnsureGetBoardsCanReturnMinimums" />
    </UnitTest>
    <UnitTest name="S2Cognition.Integrations.Monday.Core.Tests.Internal.QueryOptionsTests.EnsureGetTagsWithNewQueryOptionsDefaultsToSameAsOriginalQuery" storage="c:\integrations\s2cognition.integrations\s2cognition.integrations.monday.core.tests\bin\debug\net7.0\s2cognition.integrations.monday.core.tests.dll" id="904befda-a066-d594-f096-7682165f1bea">
      <Execution id="a5894be0-d6ab-4b50-bc21-01125b816bf0" />
      <TestMethod codeBase="C:\Integrations\S2Cognition.Integrations\S2Cognition.Integrations.Monday.Core.Tests\bin\Debug\net7.0\S2Cognition.Integrations.Monday.Core.Tests.dll" adapterTypeName="executor://xunit/VsTestRunner2/netcoreapp" className="S2Cognition.Integrations.Monday.Core.Tests.Internal.QueryOptionsTests" name="EnsureGetTagsWithNewQueryOptionsDefaultsToSameAsOriginalQuery" />
    </UnitTest>
    <UnitTest name="S2Cognition.Integrations.Monday.Core.Tests.Internal.MondayGroupsTests.ArchiveGroup_Pass" storage="c:\integrations\s2cognition.integrations\s2cognition.integrations.monday.core.tests\bin\debug\net7.0\s2cognition.integrations.monday.core.tests.dll" id="6772f89f-c983-ba69-e6fa-efff4c2a9593">
      <Execution id="e7a4c200-9c62-41cb-8633-10971cd89e65" />
      <TestMethod codeBase="C:\Integrations\S2Cognition.Integrations\S2Cognition.Integrations.Monday.Core.Tests\bin\Debug\net7.0\S2Cognition.Integrations.Monday.Core.Tests.dll" adapterTypeName="executor://xunit/VsTestRunner2/netcoreapp" className="S2Cognition.Integrations.Monday.Core.Tests.Internal.MondayGroupsTests" name="ArchiveGroup_Pass" />
    </UnitTest>
    <UnitTest name="S2Cognition.Integrations.Monday.Core.Tests.Internal.QueryOptionsTests.EnsureGetTagsCanReturnMaximums" storage="c:\integrations\s2cognition.integrations\s2cognition.integrations.monday.core.tests\bin\debug\net7.0\s2cognition.integrations.monday.core.tests.dll" id="6a7b4e50-2875-002c-db7c-87121ab38351">
      <Execution id="b178f393-8cc8-4e9a-a2d8-783dbfb67979" />
      <TestMethod codeBase="C:\Integrations\S2Cognition.Integrations\S2Cognition.Integrations.Monday.Core.Tests\bin\Debug\net7.0\S2Cognition.Integrations.Monday.Core.Tests.dll" adapterTypeName="executor://xunit/VsTestRunner2/netcoreapp" className="S2Cognition.Integrations.Monday.Core.Tests.Internal.QueryOptionsTests" name="EnsureGetTagsCanReturnMaximums" />
    </UnitTest>
    <UnitTest name="S2Cognition.Integrations.Monday.Core.Tests.Internal.MondaySystemTests.GetComplexity_Pass" storage="c:\integrations\s2cognition.integrations\s2cognition.integrations.monday.core.tests\bin\debug\net7.0\s2cognition.integrations.monday.core.tests.dll" id="b6024c5e-cc9f-6000-9f44-e91bed693a04">
      <Execution id="caa6c2b6-220a-4cab-839e-1b702ef57b92" />
      <TestMethod codeBase="C:\Integrations\S2Cognition.Integrations\S2Cognition.Integrations.Monday.Core.Tests\bin\Debug\net7.0\S2Cognition.Integrations.Monday.Core.Tests.dll" adapterTypeName="executor://xunit/VsTestRunner2/netcoreapp" className="S2Cognition.Integrations.Monday.Core.Tests.Internal.MondaySystemTests" name="GetComplexity_Pass" />
    </UnitTest>
    <UnitTest name="S2Cognition.Integrations.Monday.Core.Tests.Internal.MondayBoardTests.GetBoard_Pass" storage="c:\integrations\s2cognition.integrations\s2cognition.integrations.monday.core.tests\bin\debug\net7.0\s2cognition.integrations.monday.core.tests.dll" id="7785283e-2fa2-577d-b099-0811bd86332e">
      <Execution id="7f86f01b-9767-4a30-af6c-6166e9022c36" />
      <TestMethod codeBase="C:\Integrations\S2Cognition.Integrations\S2Cognition.Integrations.Monday.Core.Tests\bin\Debug\net7.0\S2Cognition.Integrations.Monday.Core.Tests.dll" adapterTypeName="executor://xunit/VsTestRunner2/netcoreapp" className="S2Cognition.Integrations.Monday.Core.Tests.Internal.MondayBoardTests" name="GetBoard_Pass" />
    </UnitTest>
    <UnitTest name="S2Cognition.Integrations.Monday.Core.Tests.Internal.QueryOptionsTests.EnsureGetTagCanReturnMaximums" storage="c:\integrations\s2cognition.integrations\s2cognition.integrations.monday.core.tests\bin\debug\net7.0\s2cognition.integrations.monday.core.tests.dll" id="1e4cf267-2c9b-233b-e477-c77c4907d14b">
      <Execution id="90d6cdac-3f3f-4187-a035-72121dde0f85" />
      <TestMethod codeBase="C:\Integrations\S2Cognition.Integrations\S2Cognition.Integrations.Monday.Core.Tests\bin\Debug\net7.0\S2Cognition.Integrations.Monday.Core.Tests.dll" adapterTypeName="executor://xunit/VsTestRunner2/netcoreapp" className="S2Cognition.Integrations.Monday.Core.Tests.Internal.QueryOptionsTests" name="EnsureGetTagCanReturnMaximums" />
    </UnitTest>
    <UnitTest name="S2Cognition.Integrations.Monday.Core.Tests.Internal.QueryOptionsTests.EnsureGetTeamsCanReturnMinimums" storage="c:\integrations\s2cognition.integrations\s2cognition.integrations.monday.core.tests\bin\debug\net7.0\s2cognition.integrations.monday.core.tests.dll" id="002eaebf-a01f-d452-7b16-eb46be988df6">
      <Execution id="94060a38-7c5a-4a8a-96fa-3857f7249223" />
      <TestMethod codeBase="C:\Integrations\S2Cognition.Integrations\S2Cognition.Integrations.Monday.Core.Tests\bin\Debug\net7.0\S2Cognition.Integrations.Monday.Core.Tests.dll" adapterTypeName="executor://xunit/VsTestRunner2/netcoreapp" className="S2Cognition.Integrations.Monday.Core.Tests.Internal.QueryOptionsTests" name="EnsureGetTeamsCanReturnMinimums" />
    </UnitTest>
    <UnitTest name="S2Cognition.Integrations.Monday.Core.Tests.Internal.MondayColumnTests.CreateColumn_Pass" storage="c:\integrations\s2cognition.integrations\s2cognition.integrations.monday.core.tests\bin\debug\net7.0\s2cognition.integrations.monday.core.tests.dll" id="fd5759ff-5cef-d692-26f2-712fc30c6007">
      <Execution id="de9528f4-f2b1-43ed-a792-b05046256ab5" />
      <TestMethod codeBase="C:\Integrations\S2Cognition.Integrations\S2Cognition.Integrations.Monday.Core.Tests\bin\Debug\net7.0\S2Cognition.Integrations.Monday.Core.Tests.dll" adapterTypeName="executor://xunit/VsTestRunner2/netcoreapp" className="S2Cognition.Integrations.Monday.Core.Tests.Internal.MondayColumnTests" name="CreateColumn_Pass" />
    </UnitTest>
    <UnitTest name="S2Cognition.Integrations.Monday.Core.Tests.Internal.QueryOptionsTests.EnsureGetUserCanReturnMaximums" storage="c:\integrations\s2cognition.integrations\s2cognition.integrations.monday.core.tests\bin\debug\net7.0\s2cognition.integrations.monday.core.tests.dll" id="8ed8a62c-d6e9-198e-ae0c-26687ea775fc">
      <Execution id="f87aa27d-749a-4104-b7a6-40e0cc89814c" />
      <TestMethod codeBase="C:\Integrations\S2Cognition.Integrations\S2Cognition.Integrations.Monday.Core.Tests\bin\Debug\net7.0\S2Cognition.Integrations.Monday.Core.Tests.dll" adapterTypeName="executor://xunit/VsTestRunner2/netcoreapp" className="S2Cognition.Integrations.Monday.Core.Tests.Internal.QueryOptionsTests" name="EnsureGetUserCanReturnMaximums" />
    </UnitTest>
    <UnitTest name="S2Cognition.Integrations.Monday.Core.Tests.Internal.MondaySystemTests.GetRateLimit_Pass" storage="c:\integrations\s2cognition.integrations\s2cognition.integrations.monday.core.tests\bin\debug\net7.0\s2cognition.integrations.monday.core.tests.dll" id="4de8177c-a3ef-ef0e-c081-9ae3f23c7531">
      <Execution id="2d66ffa0-de4a-4686-b4f9-fd1a447bd4ed" />
      <TestMethod codeBase="C:\Integrations\S2Cognition.Integrations\S2Cognition.Integrations.Monday.Core.Tests\bin\Debug\net7.0\S2Cognition.Integrations.Monday.Core.Tests.dll" adapterTypeName="executor://xunit/VsTestRunner2/netcoreapp" className="S2Cognition.Integrations.Monday.Core.Tests.Internal.MondaySystemTests" name="GetRateLimit_Pass" />
    </UnitTest>
    <UnitTest name="S2Cognition.Integrations.Monday.Core.Tests.Internal.MondayTagsTests.GetTag_Pass" storage="c:\integrations\s2cognition.integrations\s2cognition.integrations.monday.core.tests\bin\debug\net7.0\s2cognition.integrations.monday.core.tests.dll" id="5ff0fe88-c4c8-57d3-5b1a-3f39e1a69737">
      <Execution id="7695469c-0795-4ebe-b123-9697fd092ea9" />
      <TestMethod codeBase="C:\Integrations\S2Cognition.Integrations\S2Cognition.Integrations.Monday.Core.Tests\bin\Debug\net7.0\S2Cognition.Integrations.Monday.Core.Tests.dll" adapterTypeName="executor://xunit/VsTestRunner2/netcoreapp" className="S2Cognition.Integrations.Monday.Core.Tests.Internal.MondayTagsTests" name="GetTag_Pass" />
    </UnitTest>
    <UnitTest name="S2Cognition.Integrations.Monday.Core.Tests.Internal.MondayUpdatesTests.CreateUpdate_Pass" storage="c:\integrations\s2cognition.integrations\s2cognition.integrations.monday.core.tests\bin\debug\net7.0\s2cognition.integrations.monday.core.tests.dll" id="3aa2df7a-4bcf-30d2-3510-215610c27c6a">
      <Execution id="dc81f267-5b61-481d-aa2c-b18d9467ede1" />
      <TestMethod codeBase="C:\Integrations\S2Cognition.Integrations\S2Cognition.Integrations.Monday.Core.Tests\bin\Debug\net7.0\S2Cognition.Integrations.Monday.Core.Tests.dll" adapterTypeName="executor://xunit/VsTestRunner2/netcoreapp" className="S2Cognition.Integrations.Monday.Core.Tests.Internal.MondayUpdatesTests" name="CreateUpdate_Pass" />
    </UnitTest>
    <UnitTest name="S2Cognition.Integrations.Monday.Core.Tests.Internal.MondayBoardTests.ArchiveBoard_Pass" storage="c:\integrations\s2cognition.integrations\s2cognition.integrations.monday.core.tests\bin\debug\net7.0\s2cognition.integrations.monday.core.tests.dll" id="37051fb3-77bb-cf2b-6c03-648a546869cc">
      <Execution id="184c2f4e-ca76-4966-8a6c-c800d980f00f" />
      <TestMethod codeBase="C:\Integrations\S2Cognition.Integrations\S2Cognition.Integrations.Monday.Core.Tests\bin\Debug\net7.0\S2Cognition.Integrations.Monday.Core.Tests.dll" adapterTypeName="executor://xunit/VsTestRunner2/netcoreapp" className="S2Cognition.Integrations.Monday.Core.Tests.Internal.MondayBoardTests" name="ArchiveBoard_Pass" />
    </UnitTest>
    <UnitTest name="S2Cognition.Integrations.Monday.Core.Tests.Internal.MondayBoardTests.GetBoards_Pass" storage="c:\integrations\s2cognition.integrations\s2cognition.integrations.monday.core.tests\bin\debug\net7.0\s2cognition.integrations.monday.core.tests.dll" id="46c88540-33b2-2fcf-a4ea-24e23c1d5ff9">
      <Execution id="b4565882-1ffe-4248-bbfa-31885e617169" />
      <TestMethod codeBase="C:\Integrations\S2Cognition.Integrations\S2Cognition.Integrations.Monday.Core.Tests\bin\Debug\net7.0\S2Cognition.Integrations.Monday.Core.Tests.dll" adapterTypeName="executor://xunit/VsTestRunner2/netcoreapp" className="S2Cognition.Integrations.Monday.Core.Tests.Internal.MondayBoardTests" name="GetBoards_Pass" />
    </UnitTest>
    <UnitTest name="S2Cognition.Integrations.Monday.Core.Tests.Internal.MondayItemsTests.GetItem_Pass" storage="c:\integrations\s2cognition.integrations\s2cognition.integrations.monday.core.tests\bin\debug\net7.0\s2cognition.integrations.monday.core.tests.dll" id="6f70f028-4b1a-be4e-c821-5b04f77f1689">
      <Execution id="215d55b1-a28f-47b4-a5b0-cc58ccd2c3c2" />
      <TestMethod codeBase="C:\Integrations\S2Cognition.Integrations\S2Cognition.Integrations.Monday.Core.Tests\bin\Debug\net7.0\S2Cognition.Integrations.Monday.Core.Tests.dll" adapterTypeName="executor://xunit/VsTestRunner2/netcoreapp" className="S2Cognition.Integrations.Monday.Core.Tests.Internal.MondayItemsTests" name="GetItem_Pass" />
    </UnitTest>
    <UnitTest name="S2Cognition.Integrations.Monday.Core.Tests.Internal.MondayItemsTests.CreateItem_Pass" storage="c:\integrations\s2cognition.integrations\s2cognition.integrations.monday.core.tests\bin\debug\net7.0\s2cognition.integrations.monday.core.tests.dll" id="e200f5e5-ea4d-ef93-2426-d0d7b0ec2c29">
      <Execution id="9b4ab1ad-5ea1-4963-aa0c-3c688dccf636" />
      <TestMethod codeBase="C:\Integrations\S2Cognition.Integrations\S2Cognition.Integrations.Monday.Core.Tests\bin\Debug\net7.0\S2Cognition.Integrations.Monday.Core.Tests.dll" adapterTypeName="executor://xunit/VsTestRunner2/netcoreapp" className="S2Cognition.Integrations.Monday.Core.Tests.Internal.MondayItemsTests" name="CreateItem_Pass" />
    </UnitTest>
    <UnitTest name="S2Cognition.Integrations.Monday.Core.Tests.Internal.QueryOptionsTests.EnsureGetBoardWithNewQueryOptionsDefaultsToSameAsOriginalQuery" storage="c:\integrations\s2cognition.integrations\s2cognition.integrations.monday.core.tests\bin\debug\net7.0\s2cognition.integrations.monday.core.tests.dll" id="37321cf0-c01b-eed6-3d62-c68e4caefa2a">
      <Execution id="c965612d-bee4-4a60-b3a6-5518075e1751" />
      <TestMethod codeBase="C:\Integrations\S2Cognition.Integrations\S2Cognition.Integrations.Monday.Core.Tests\bin\Debug\net7.0\S2Cognition.Integrations.Monday.Core.Tests.dll" adapterTypeName="executor://xunit/VsTestRunner2/netcoreapp" className="S2Cognition.Integrations.Monday.Core.Tests.Internal.QueryOptionsTests" name="EnsureGetBoardWithNewQueryOptionsDefaultsToSameAsOriginalQuery" />
    </UnitTest>
    <UnitTest name="S2Cognition.Integrations.Monday.Core.Tests.Internal.MondayBoardTests.CreateBoard_Pass" storage="c:\integrations\s2cognition.integrations\s2cognition.integrations.monday.core.tests\bin\debug\net7.0\s2cognition.integrations.monday.core.tests.dll" id="5e07aaee-af05-c07d-f2b3-414cd34710c1">
      <Execution id="ac76d988-9c4c-4ef4-9b64-237a3a8c378c" />
      <TestMethod codeBase="C:\Integrations\S2Cognition.Integrations\S2Cognition.Integrations.Monday.Core.Tests\bin\Debug\net7.0\S2Cognition.Integrations.Monday.Core.Tests.dll" adapterTypeName="executor://xunit/VsTestRunner2/netcoreapp" className="S2Cognition.Integrations.Monday.Core.Tests.Internal.MondayBoardTests" name="CreateBoard_Pass" />
    </UnitTest>
    <UnitTest name="S2Cognition.Integrations.Monday.Core.Tests.Internal.MondayItemsTests.CustomQueryOrMutation_Pass" storage="c:\integrations\s2cognition.integrations\s2cognition.integrations.monday.core.tests\bin\debug\net7.0\s2cognition.integrations.monday.core.tests.dll" id="1f28150e-cea8-6a19-096e-e7f09fc4f033">
      <Execution id="bfe798c0-4879-469d-94bf-1d14936acee5" />
      <TestMethod codeBase="C:\Integrations\S2Cognition.Integrations\S2Cognition.Integrations.Monday.Core.Tests\bin\Debug\net7.0\S2Cognition.Integrations.Monday.Core.Tests.dll" adapterTypeName="executor://xunit/VsTestRunner2/netcoreapp" className="S2Cognition.Integrations.Monday.Core.Tests.Internal.MondayItemsTests" name="CustomQueryOrMutation_Pass" />
    </UnitTest>
    <UnitTest name="S2Cognition.Integrations.Monday.Core.Tests.Internal.QueryOptionsTests.EnsureGetUserWithNewQueryOptionsDefaultsToSameAsOriginalQuery" storage="c:\integrations\s2cognition.integrations\s2cognition.integrations.monday.core.tests\bin\debug\net7.0\s2cognition.integrations.monday.core.tests.dll" id="a94027fb-8741-0358-60a0-79da4714131a">
      <Execution id="c0996f3c-b005-4312-9ad8-e6092b863818" />
      <TestMethod codeBase="C:\Integrations\S2Cognition.Integrations\S2Cognition.Integrations.Monday.Core.Tests\bin\Debug\net7.0\S2Cognition.Integrations.Monday.Core.Tests.dll" adapterTypeName="executor://xunit/VsTestRunner2/netcoreapp" className="S2Cognition.Integrations.Monday.Core.Tests.Internal.QueryOptionsTests" name="EnsureGetUserWithNewQueryOptionsDefaultsToSameAsOriginalQuery" />
    </UnitTest>
    <UnitTest name="S2Cognition.Integrations.Monday.Core.Tests.Internal.MondayTeamTests.GetTeam_Pass" storage="c:\integrations\s2cognition.integrations\s2cognition.integrations.monday.core.tests\bin\debug\net7.0\s2cognition.integrations.monday.core.tests.dll" id="699e6104-9a78-55e1-d40b-119cadc433c3">
      <Execution id="1a15117f-bb0e-4df4-a82f-640c45264f29" />
      <TestMethod codeBase="C:\Integrations\S2Cognition.Integrations\S2Cognition.Integrations.Monday.Core.Tests\bin\Debug\net7.0\S2Cognition.Integrations.Monday.Core.Tests.dll" adapterTypeName="executor://xunit/VsTestRunner2/netcoreapp" className="S2Cognition.Integrations.Monday.Core.Tests.Internal.MondayTeamTests" name="GetTeam_Pass" />
    </UnitTest>
    <UnitTest name="S2Cognition.Integrations.Monday.Core.Tests.Internal.QueryOptionsTests.EnsureGetUsersByAccessTypeWithNewQueryOptionsDefaultsToSameAsOriginalQuery" storage="c:\integrations\s2cognition.integrations\s2cognition.integrations.monday.core.tests\bin\debug\net7.0\s2cognition.integrations.monday.core.tests.dll" id="ca8cc89b-95c4-4a59-05b6-133bc1edac9b">
      <Execution id="f82f762d-ee90-465f-bbf3-76b2bdc575db" />
      <TestMethod codeBase="C:\Integrations\S2Cognition.Integrations\S2Cognition.Integrations.Monday.Core.Tests\bin\Debug\net7.0\S2Cognition.Integrations.Monday.Core.Tests.dll" adapterTypeName="executor://xunit/VsTestRunner2/netcoreapp" className="S2Cognition.Integrations.Monday.Core.Tests.Internal.QueryOptionsTests" name="EnsureGetUsersByAccessTypeWithNewQueryOptionsDefaultsToSameAsOriginalQuery" />
    </UnitTest>
    <UnitTest name="S2Cognition.Integrations.Monday.Core.Tests.MondayTests.EnsureGetUsersIsCallable" storage="c:\integrations\s2cognition.integrations\s2cognition.integrations.monday.core.tests\bin\debug\net7.0\s2cognition.integrations.monday.core.tests.dll" id="7879c22d-f4bb-a045-6a39-bd0221cad0a9">
      <Execution id="a563bfbd-2de3-44bf-8ccb-6d4dda94cd00" />
      <TestMethod codeBase="C:\Integrations\S2Cognition.Integrations\S2Cognition.Integrations.Monday.Core.Tests\bin\Debug\net7.0\S2Cognition.Integrations.Monday.Core.Tests.dll" adapterTypeName="executor://xunit/VsTestRunner2/netcoreapp" className="S2Cognition.Integrations.Monday.Core.Tests.MondayTests" name="EnsureGetUsersIsCallable" />
    </UnitTest>
    <UnitTest name="S2Cognition.Integrations.Monday.Core.Tests.Internal.QueryOptionsTests.EnsureGetBoardCanReturnMaximums" storage="c:\integrations\s2cognition.integrations\s2cognition.integrations.monday.core.tests\bin\debug\net7.0\s2cognition.integrations.monday.core.tests.dll" id="856bbfd7-07ce-4e80-13d9-f04e4e3755c8">
      <Execution id="4d3cb7b4-1254-41f6-a677-33d54174ddc4" />
      <TestMethod codeBase="C:\Integrations\S2Cognition.Integrations\S2Cognition.Integrations.Monday.Core.Tests\bin\Debug\net7.0\S2Cognition.Integrations.Monday.Core.Tests.dll" adapterTypeName="executor://xunit/VsTestRunner2/netcoreapp" className="S2Cognition.Integrations.Monday.Core.Tests.Internal.QueryOptionsTests" name="EnsureGetBoardCanReturnMaximums" />
    </UnitTest>
    <UnitTest name="S2Cognition.Integrations.Monday.Core.Tests.Internal.MondayItemsTests.DeleteItem_Pass" storage="c:\integrations\s2cognition.integrations\s2cognition.integrations.monday.core.tests\bin\debug\net7.0\s2cognition.integrations.monday.core.tests.dll" id="e3d40a78-7398-4a22-fa97-68b3e9fe9d7e">
      <Execution id="65be04c8-606e-41f7-a0ff-3d0d3acefeaa" />
      <TestMethod codeBase="C:\Integrations\S2Cognition.Integrations\S2Cognition.Integrations.Monday.Core.Tests\bin\Debug\net7.0\S2Cognition.Integrations.Monday.Core.Tests.dll" adapterTypeName="executor://xunit/VsTestRunner2/netcoreapp" className="S2Cognition.Integrations.Monday.Core.Tests.Internal.MondayItemsTests" name="DeleteItem_Pass" />
    </UnitTest>
    <UnitTest name="S2Cognition.Integrations.Monday.Core.Tests.Internal.QueryOptionsTests.EnsureGetUsersWithNewQueryOptionsDefaultsToSameAsOriginalQuery" storage="c:\integrations\s2cognition.integrations\s2cognition.integrations.monday.core.tests\bin\debug\net7.0\s2cognition.integrations.monday.core.tests.dll" id="4020b962-22b9-9020-b548-6e681ed8f485">
      <Execution id="72cfa455-0a9b-4897-9799-3e3db05034be" />
      <TestMethod codeBase="C:\Integrations\S2Cognition.Integrations\S2Cognition.Integrations.Monday.Core.Tests\bin\Debug\net7.0\S2Cognition.Integrations.Monday.Core.Tests.dll" adapterTypeName="executor://xunit/VsTestRunner2/netcoreapp" className="S2Cognition.Integrations.Monday.Core.Tests.Internal.QueryOptionsTests" name="EnsureGetUsersWithNewQueryOptionsDefaultsToSameAsOriginalQuery" />
    </UnitTest>
    <UnitTest name="S2Cognition.Integrations.Monday.Core.Tests.Internal.QueryOptionsTests.EnsureGetGroupsCanReturnMinimums" storage="c:\integrations\s2cognition.integrations\s2cognition.integrations.monday.core.tests\bin\debug\net7.0\s2cognition.integrations.monday.core.tests.dll" id="7d34bcc7-299a-cd33-e29a-dd50b189da87">
      <Execution id="d76753b6-4a6b-423a-bcf7-1dcaafb184fe" />
      <TestMethod codeBase="C:\Integrations\S2Cognition.Integrations\S2Cognition.Integrations.Monday.Core.Tests\bin\Debug\net7.0\S2Cognition.Integrations.Monday.Core.Tests.dll" adapterTypeName="executor://xunit/VsTestRunner2/netcoreapp" className="S2Cognition.Integrations.Monday.Core.Tests.Internal.QueryOptionsTests" name="EnsureGetGroupsCanReturnMinimums" />
    </UnitTest>
    <UnitTest name="S2Cognition.Integrations.Monday.Core.Tests.Internal.MondayGroupsTests.GetGroups_Pass" storage="c:\integrations\s2cognition.integrations\s2cognition.integrations.monday.core.tests\bin\debug\net7.0\s2cognition.integrations.monday.core.tests.dll" id="6c79372e-ce76-4557-ad0c-f31c0d46e60d">
      <Execution id="788a54fe-1bae-4103-b009-13c91f9df9dc" />
      <TestMethod codeBase="C:\Integrations\S2Cognition.Integrations\S2Cognition.Integrations.Monday.Core.Tests\bin\Debug\net7.0\S2Cognition.Integrations.Monday.Core.Tests.dll" adapterTypeName="executor://xunit/VsTestRunner2/netcoreapp" className="S2Cognition.Integrations.Monday.Core.Tests.Internal.MondayGroupsTests" name="GetGroups_Pass" />
    </UnitTest>
    <UnitTest name="S2Cognition.Integrations.Monday.Core.Tests.Internal.MondayUpdatesTests.ClearItemUpdates_Pass" storage="c:\integrations\s2cognition.integrations\s2cognition.integrations.monday.core.tests\bin\debug\net7.0\s2cognition.integrations.monday.core.tests.dll" id="5ba5d283-3fc5-9bfc-7776-8e3e68851e24">
      <Execution id="914ebaa9-cbc7-4ff3-ae71-344d7b11f666" />
      <TestMethod codeBase="C:\Integrations\S2Cognition.Integrations\S2Cognition.Integrations.Monday.Core.Tests\bin\Debug\net7.0\S2Cognition.Integrations.Monday.Core.Tests.dll" adapterTypeName="executor://xunit/VsTestRunner2/netcoreapp" className="S2Cognition.Integrations.Monday.Core.Tests.Internal.MondayUpdatesTests" name="ClearItemUpdates_Pass" />
    </UnitTest>
    <UnitTest name="S2Cognition.Integrations.Monday.Core.Tests.Internal.QueryOptionsTests.EnsureGetTagCanReturnMinimums" storage="c:\integrations\s2cognition.integrations\s2cognition.integrations.monday.core.tests\bin\debug\net7.0\s2cognition.integrations.monday.core.tests.dll" id="5acd4d80-5c98-c1e6-89be-c4543e302d25">
      <Execution id="546b6beb-c7f4-4afe-959a-f0d8d20a6f86" />
      <TestMethod codeBase="C:\Integrations\S2Cognition.Integrations\S2Cognition.Integrations.Monday.Core.Tests\bin\Debug\net7.0\S2Cognition.Integrations.Monday.Core.Tests.dll" adapterTypeName="executor://xunit/VsTestRunner2/netcoreapp" className="S2Cognition.Integrations.Monday.Core.Tests.Internal.QueryOptionsTests" name="EnsureGetTagCanReturnMinimums" />
    </UnitTest>
    <UnitTest name="S2Cognition.Integrations.Monday.Core.Tests.Internal.QueryOptionsTests.EnsureGetBoardsWithNewQueryOptionsDefaultsToSameAsOriginalQuery" storage="c:\integrations\s2cognition.integrations\s2cognition.integrations.monday.core.tests\bin\debug\net7.0\s2cognition.integrations.monday.core.tests.dll" id="74274b9a-6c05-5e11-57f4-f07a126b1d72">
      <Execution id="63e79cd5-1eff-4f17-948f-b18b9b7b5f58" />
      <TestMethod codeBase="C:\Integrations\S2Cognition.Integrations\S2Cognition.Integrations.Monday.Core.Tests\bin\Debug\net7.0\S2Cognition.Integrations.Monday.Core.Tests.dll" adapterTypeName="executor://xunit/VsTestRunner2/netcoreapp" className="S2Cognition.Integrations.Monday.Core.Tests.Internal.QueryOptionsTests" name="EnsureGetBoardsWithNewQueryOptionsDefaultsToSameAsOriginalQuery" />
    </UnitTest>
    <UnitTest name="S2Cognition.Integrations.Monday.Core.Tests.Internal.QueryOptionsTests.EnsureGetItemsCanReturnMinimums" storage="c:\integrations\s2cognition.integrations\s2cognition.integrations.monday.core.tests\bin\debug\net7.0\s2cognition.integrations.monday.core.tests.dll" id="f40f4a10-7804-b0b1-19cc-183b8b6034d9">
      <Execution id="ab13bfcb-e0ea-48f1-b600-830901fd028a" />
      <TestMethod codeBase="C:\Integrations\S2Cognition.Integrations\S2Cognition.Integrations.Monday.Core.Tests\bin\Debug\net7.0\S2Cognition.Integrations.Monday.Core.Tests.dll" adapterTypeName="executor://xunit/VsTestRunner2/netcoreapp" className="S2Cognition.Integrations.Monday.Core.Tests.Internal.QueryOptionsTests" name="EnsureGetItemsCanReturnMinimums" />
    </UnitTest>
  </TestDefinitions>
  <TestEntries>
    <TestEntry testId="37321cf0-c01b-eed6-3d62-c68e4caefa2a" executionId="c965612d-bee4-4a60-b3a6-5518075e1751" testListId="8c84fa94-04c1-424b-9868-57a2d4851a1d" />
    <TestEntry testId="6f70f028-4b1a-be4e-c821-5b04f77f1689" executionId="215d55b1-a28f-47b4-a5b0-cc58ccd2c3c2" testListId="8c84fa94-04c1-424b-9868-57a2d4851a1d" />
    <TestEntry testId="bf6d4cfe-f7f8-bda4-adec-4a809b3ae095" executionId="d14cdfe5-d5a0-4a72-ba5c-0ddad8dcfe98" testListId="8c84fa94-04c1-424b-9868-57a2d4851a1d" />
    <TestEntry testId="21705279-1176-84a3-7593-433546a218f6" executionId="38eaa56e-5986-42a0-84f1-2a0b74e665af" testListId="8c84fa94-04c1-424b-9868-57a2d4851a1d" />
    <TestEntry testId="002eaebf-a01f-d452-7b16-eb46be988df6" executionId="94060a38-7c5a-4a8a-96fa-3857f7249223" testListId="8c84fa94-04c1-424b-9868-57a2d4851a1d" />
    <TestEntry testId="85571e0c-41e0-2a36-b25a-34ddc2fba4c9" executionId="5b10e5e5-7e26-4dcc-8f62-26427ba88cde" testListId="8c84fa94-04c1-424b-9868-57a2d4851a1d" />
    <TestEntry testId="97c9bf93-e9b6-7153-32b6-e6a19e001765" executionId="8b8a09ec-f84b-4c95-830b-c79d46e1e71e" testListId="8c84fa94-04c1-424b-9868-57a2d4851a1d" />
    <TestEntry testId="4de8177c-a3ef-ef0e-c081-9ae3f23c7531" executionId="2d66ffa0-de4a-4686-b4f9-fd1a447bd4ed" testListId="8c84fa94-04c1-424b-9868-57a2d4851a1d" />
    <TestEntry testId="856bbfd7-07ce-4e80-13d9-f04e4e3755c8" executionId="4d3cb7b4-1254-41f6-a677-33d54174ddc4" testListId="8c84fa94-04c1-424b-9868-57a2d4851a1d" />
    <TestEntry testId="0989752e-4baa-5cb4-5a19-785a2f9a8b1c" executionId="94c903cd-1ba2-405f-8810-5fb70b9ab049" testListId="8c84fa94-04c1-424b-9868-57a2d4851a1d" />
    <TestEntry testId="582bd4da-d563-0a40-db6b-689ff84cf20b" executionId="195e6c6b-52a6-4b41-b516-aaf1962da51b" testListId="8c84fa94-04c1-424b-9868-57a2d4851a1d" />
    <TestEntry testId="fd5759ff-5cef-d692-26f2-712fc30c6007" executionId="de9528f4-f2b1-43ed-a792-b05046256ab5" testListId="8c84fa94-04c1-424b-9868-57a2d4851a1d" />
    <TestEntry testId="f1227b7d-c8f7-8375-5cb6-1b981226c09d" executionId="76185134-7a5f-4fe4-8c83-b8b4008fa1c5" testListId="8c84fa94-04c1-424b-9868-57a2d4851a1d" />
    <TestEntry testId="f40f4a10-7804-b0b1-19cc-183b8b6034d9" executionId="ab13bfcb-e0ea-48f1-b600-830901fd028a" testListId="8c84fa94-04c1-424b-9868-57a2d4851a1d" />
    <TestEntry testId="58de10b4-534b-6f18-2f4c-a723eb0766d0" executionId="dcba0779-c5a6-4b23-aec4-d50e162f0709" testListId="8c84fa94-04c1-424b-9868-57a2d4851a1d" />
    <TestEntry testId="3aa2df7a-4bcf-30d2-3510-215610c27c6a" executionId="dc81f267-5b61-481d-aa2c-b18d9467ede1" testListId="8c84fa94-04c1-424b-9868-57a2d4851a1d" />
    <TestEntry testId="b4784567-afa7-ed1d-3bc1-4928fe30a7c6" executionId="1595f4b3-b7aa-4654-b86d-257a69f6e8dc" testListId="8c84fa94-04c1-424b-9868-57a2d4851a1d" />
    <TestEntry testId="29e39a12-0b1b-13ca-8d6c-998304c252ed" executionId="24a53647-20b3-4d60-b846-5980cf18a2df" testListId="8c84fa94-04c1-424b-9868-57a2d4851a1d" />
    <TestEntry testId="c245435d-b0a3-64c2-7ed0-ff76f4852c23" executionId="c4c74fb5-667b-4a0d-8bb3-6f53fa425023" testListId="8c84fa94-04c1-424b-9868-57a2d4851a1d" />
    <TestEntry testId="f2e1c8e0-2aa8-c927-fab7-283c464add20" executionId="b638f736-0e0f-4286-8829-3e8902c98dcf" testListId="8c84fa94-04c1-424b-9868-57a2d4851a1d" />
    <TestEntry testId="e200f5e5-ea4d-ef93-2426-d0d7b0ec2c29" executionId="9b4ab1ad-5ea1-4963-aa0c-3c688dccf636" testListId="8c84fa94-04c1-424b-9868-57a2d4851a1d" />
    <TestEntry testId="8687e80b-497d-c3e0-d1a0-623791adeab4" executionId="1772674b-d569-498a-bb1e-c92f588767ca" testListId="8c84fa94-04c1-424b-9868-57a2d4851a1d" />
    <TestEntry testId="6a7b4e50-2875-002c-db7c-87121ab38351" executionId="b178f393-8cc8-4e9a-a2d8-783dbfb67979" testListId="8c84fa94-04c1-424b-9868-57a2d4851a1d" />
    <TestEntry testId="7785283e-2fa2-577d-b099-0811bd86332e" executionId="7f86f01b-9767-4a30-af6c-6166e9022c36" testListId="8c84fa94-04c1-424b-9868-57a2d4851a1d" />
    <TestEntry testId="7879c22d-f4bb-a045-6a39-bd0221cad0a9" executionId="a563bfbd-2de3-44bf-8ccb-6d4dda94cd00" testListId="8c84fa94-04c1-424b-9868-57a2d4851a1d" />
    <TestEntry testId="5e07aaee-af05-c07d-f2b3-414cd34710c1" executionId="ac76d988-9c4c-4ef4-9b64-237a3a8c378c" testListId="8c84fa94-04c1-424b-9868-57a2d4851a1d" />
    <TestEntry testId="b0364036-532a-17f0-e240-4b2f7553b7e5" executionId="bf6e2095-240c-4b39-8fac-c2cd7ef0329b" testListId="8c84fa94-04c1-424b-9868-57a2d4851a1d" />
    <TestEntry testId="699e6104-9a78-55e1-d40b-119cadc433c3" executionId="1a15117f-bb0e-4df4-a82f-640c45264f29" testListId="8c84fa94-04c1-424b-9868-57a2d4851a1d" />
    <TestEntry testId="670e15a2-2818-00a1-83de-8910400e8cfd" executionId="5d0d3966-9021-4081-853e-97ac8cf5c9f6" testListId="8c84fa94-04c1-424b-9868-57a2d4851a1d" />
    <TestEntry testId="ca8cc89b-95c4-4a59-05b6-133bc1edac9b" executionId="f82f762d-ee90-465f-bbf3-76b2bdc575db" testListId="8c84fa94-04c1-424b-9868-57a2d4851a1d" />
    <TestEntry testId="4020b962-22b9-9020-b548-6e681ed8f485" executionId="72cfa455-0a9b-4897-9799-3e3db05034be" testListId="8c84fa94-04c1-424b-9868-57a2d4851a1d" />
    <TestEntry testId="5ba5d283-3fc5-9bfc-7776-8e3e68851e24" executionId="914ebaa9-cbc7-4ff3-ae71-344d7b11f666" testListId="8c84fa94-04c1-424b-9868-57a2d4851a1d" />
    <TestEntry testId="74274b9a-6c05-5e11-57f4-f07a126b1d72" executionId="63e79cd5-1eff-4f17-948f-b18b9b7b5f58" testListId="8c84fa94-04c1-424b-9868-57a2d4851a1d" />
    <TestEntry testId="3cc1457a-7db2-e650-a582-3cc4ef74bd86" executionId="327eb2f9-71b0-4e02-bc3b-a6bd1ee3a134" testListId="8c84fa94-04c1-424b-9868-57a2d4851a1d" />
    <TestEntry testId="e1d12073-8a41-eb5a-464c-27f8af3d47be" executionId="facb54c9-68d1-47cc-891d-a430b4d367a5" testListId="8c84fa94-04c1-424b-9868-57a2d4851a1d" />
    <TestEntry testId="70e1e943-d839-5738-2e19-ede049e672ad" executionId="8c741360-1daf-4d9f-9577-abf38cc89a12" testListId="8c84fa94-04c1-424b-9868-57a2d4851a1d" />
    <TestEntry testId="46c88540-33b2-2fcf-a4ea-24e23c1d5ff9" executionId="b4565882-1ffe-4248-bbfa-31885e617169" testListId="8c84fa94-04c1-424b-9868-57a2d4851a1d" />
    <TestEntry testId="5ff0fe88-c4c8-57d3-5b1a-3f39e1a69737" executionId="7695469c-0795-4ebe-b123-9697fd092ea9" testListId="8c84fa94-04c1-424b-9868-57a2d4851a1d" />
    <TestEntry testId="b7d3a67a-8e46-fe49-d504-31fe9e1a6693" executionId="0dbcd54c-1661-45d1-a702-6157464c0573" testListId="8c84fa94-04c1-424b-9868-57a2d4851a1d" />
    <TestEntry testId="286a79c1-cf38-10b2-3c66-6238db8d2e6b" executionId="48d24a46-dd02-4c8a-8f76-0efac8e6213b" testListId="8c84fa94-04c1-424b-9868-57a2d4851a1d" />
    <TestEntry testId="37051fb3-77bb-cf2b-6c03-648a546869cc" executionId="184c2f4e-ca76-4966-8a6c-c800d980f00f" testListId="8c84fa94-04c1-424b-9868-57a2d4851a1d" />
    <TestEntry testId="a6be2696-0cfa-7509-97d1-769ed4f8bc42" executionId="e4e41240-a55b-482e-aebc-d2ee11d1b63b" testListId="8c84fa94-04c1-424b-9868-57a2d4851a1d" />
    <TestEntry testId="8ed8a62c-d6e9-198e-ae0c-26687ea775fc" executionId="f87aa27d-749a-4104-b7a6-40e0cc89814c" testListId="8c84fa94-04c1-424b-9868-57a2d4851a1d" />
    <TestEntry testId="e3d40a78-7398-4a22-fa97-68b3e9fe9d7e" executionId="65be04c8-606e-41f7-a0ff-3d0d3acefeaa" testListId="8c84fa94-04c1-424b-9868-57a2d4851a1d" />
    <TestEntry testId="c72e751f-4715-ef7d-d196-f91200915af9" executionId="b77e5a5f-da7c-4700-a01a-22455e75eb94" testListId="8c84fa94-04c1-424b-9868-57a2d4851a1d" />
    <TestEntry testId="b6298783-c9b1-ba27-491e-9e45d1b4abea" executionId="2c7ef313-72aa-4b6d-8439-53f5b0cb9ebf" testListId="8c84fa94-04c1-424b-9868-57a2d4851a1d" />
    <TestEntry testId="b6024c5e-cc9f-6000-9f44-e91bed693a04" executionId="caa6c2b6-220a-4cab-839e-1b702ef57b92" testListId="8c84fa94-04c1-424b-9868-57a2d4851a1d" />
    <TestEntry testId="e9af5911-ac89-b1d9-f02f-d942b57cba23" executionId="c2773b88-b2b0-49f6-83fc-95543bddb409" testListId="8c84fa94-04c1-424b-9868-57a2d4851a1d" />
    <TestEntry testId="83d01415-0376-964e-248c-a57968d4c4ba" executionId="da1c73d0-ae2f-437e-b88f-c5cfb4ac4b50" testListId="8c84fa94-04c1-424b-9868-57a2d4851a1d" />
    <TestEntry testId="3b41359e-553a-c4ee-01d7-ffa32d869aeb" executionId="8e0bfb4a-f7be-4bda-9de3-70dcdd978402" testListId="8c84fa94-04c1-424b-9868-57a2d4851a1d" />
    <TestEntry testId="904befda-a066-d594-f096-7682165f1bea" executionId="a5894be0-d6ab-4b50-bc21-01125b816bf0" testListId="8c84fa94-04c1-424b-9868-57a2d4851a1d" />
    <TestEntry testId="a94027fb-8741-0358-60a0-79da4714131a" executionId="c0996f3c-b005-4312-9ad8-e6092b863818" testListId="8c84fa94-04c1-424b-9868-57a2d4851a1d" />
    <TestEntry testId="60fd7a38-e994-b056-025f-4b68bd7e74bb" executionId="6b2dd9ab-4afc-4ffd-8f09-a3c99bf0c5ce" testListId="8c84fa94-04c1-424b-9868-57a2d4851a1d" />
    <TestEntry testId="c2cd20d0-54ba-4173-27de-9e34dd6187a2" executionId="0105767f-bbab-414f-bf78-6202c31ac6f7" testListId="8c84fa94-04c1-424b-9868-57a2d4851a1d" />
    <TestEntry testId="7d34bcc7-299a-cd33-e29a-dd50b189da87" executionId="d76753b6-4a6b-423a-bcf7-1dcaafb184fe" testListId="8c84fa94-04c1-424b-9868-57a2d4851a1d" />
    <TestEntry testId="6c79372e-ce76-4557-ad0c-f31c0d46e60d" executionId="788a54fe-1bae-4103-b009-13c91f9df9dc" testListId="8c84fa94-04c1-424b-9868-57a2d4851a1d" />
    <TestEntry testId="b2cf74ef-0af5-e7f1-61af-1a4383953923" executionId="6d7d14ca-d0c0-446d-8d8a-bdc72dc8af51" testListId="8c84fa94-04c1-424b-9868-57a2d4851a1d" />
    <TestEntry testId="1f28150e-cea8-6a19-096e-e7f09fc4f033" executionId="bfe798c0-4879-469d-94bf-1d14936acee5" testListId="8c84fa94-04c1-424b-9868-57a2d4851a1d" />
    <TestEntry testId="9494a386-627a-d9e9-f044-8a9379f54cd7" executionId="e22c3975-9a03-4c57-aa6e-a45567cbbceb" testListId="8c84fa94-04c1-424b-9868-57a2d4851a1d" />
    <TestEntry testId="c4ed5dd6-97b8-f60b-60a1-3ed3850e6fa1" executionId="c25f5967-a637-4e37-8148-4211cc91d827" testListId="8c84fa94-04c1-424b-9868-57a2d4851a1d" />
    <TestEntry testId="6e24f7c2-254d-33e4-faf1-26dea1d1bc54" executionId="44a584c1-2a95-4551-9653-b7bee2dede99" testListId="8c84fa94-04c1-424b-9868-57a2d4851a1d" />
    <TestEntry testId="5acd4d80-5c98-c1e6-89be-c4543e302d25" executionId="546b6beb-c7f4-4afe-959a-f0d8d20a6f86" testListId="8c84fa94-04c1-424b-9868-57a2d4851a1d" />
    <TestEntry testId="1e4cf267-2c9b-233b-e477-c77c4907d14b" executionId="90d6cdac-3f3f-4187-a035-72121dde0f85" testListId="8c84fa94-04c1-424b-9868-57a2d4851a1d" />
    <TestEntry testId="6772f89f-c983-ba69-e6fa-efff4c2a9593" executionId="e7a4c200-9c62-41cb-8633-10971cd89e65" testListId="8c84fa94-04c1-424b-9868-57a2d4851a1d" />
  </TestEntries>
  <TestLists>
    <TestList name="Results Not in a List" id="8c84fa94-04c1-424b-9868-57a2d4851a1d" />
    <TestList name="All Loaded Results" id="19431567-8539-422a-85d7-44ee4e166bda" />
  </TestLists>
  <ResultSummary outcome="Completed">
    <Counters total="64" executed="64" passed="64" failed="0" error="0" timeout="0" aborted="0" inconclusive="0" passedButRunAborted="0" notRunnable="0" notExecuted="0" disconnected="0" warning="0" completed="0" inProgress="0" pending="0" />
    <Output>
      <StdOut>[xUnit.net 00:00:00.00] xUnit.net VSTest Adapter v2.4.5+1caef2f33e (64-bit .NET 7.0.1)&#xD;
[xUnit.net 00:00:00.60]   Discovering: S2Cognition.Integrations.Monday.Core.Tests&#xD;
[xUnit.net 00:00:00.64]   Discovered:  S2Cognition.Integrations.Monday.Core.Tests&#xD;
[xUnit.net 00:00:00.64]   Starting:    S2Cognition.Integrations.Monday.Core.Tests&#xD;
[xUnit.net 00:00:00.89]   Finished:    S2Cognition.Integrations.Monday.Core.Tests&#xD;
</StdOut>
    </Output>
  </ResultSummary>
</TestRun>