<?xml version="1.0" encoding="utf-8"?>
<TestRun id="220ed8d7-a7c9-436c-bcad-f6ac1525b637" name="CharlesMcCullough@MSI 2022-12-29 15:17:18" runUser="AzureAD\CharlesMcCullough" xmlns="http://microsoft.com/schemas/VisualStudio/TeamTest/2010">
  <Times creation="2022-12-29T15:17:18.5029418-06:00" queuing="2022-12-29T15:17:18.5029421-06:00" start="2022-12-29T15:17:17.3591171-06:00" finish="2022-12-29T15:17:18.5867723-06:00" />
  <TestSettings name="default" id="13946546-6179-480a-be15-e8d7e049a624">
    <Deployment runDeploymentRoot="CharlesMcCullough_MSI_2022-12-29_15_17_18" />
  </TestSettings>
  <Results>
    <UnitTestResult executionId="c92de008-b6e2-49f8-ac33-a99df3e8000c" testId="856bbfd7-07ce-4e80-13d9-f04e4e3755c8" testName="S2Cognition.Integrations.Monday.Core.Tests.Internal.QueryOptionsTests.EnsureGetBoardCanReturnMaximums" computerName="MSI" duration="00:00:00.0011724" startTime="2022-12-29T15:17:18.5239522-06:00" endTime="2022-12-29T15:17:18.5239524-06:00" testType="13cdc9d9-ddb5-4fa4-a97d-d965ccfc6d4b" outcome="Passed" testListId="8c84fa94-04c1-424b-9868-57a2d4851a1d" relativeResultsDirectory="c92de008-b6e2-49f8-ac33-a99df3e8000c" />
    <UnitTestResult executionId="2ab3a8cd-9030-4595-8461-61aefec79c90" testId="3b41359e-553a-c4ee-01d7-ffa32d869aeb" testName="S2Cognition.Integrations.Monday.Core.Tests.Internal.QueryOptionsTests.EnsureGetGroupsCanReturnMaximums" computerName="MSI" duration="00:00:00.0008681" startTime="2022-12-29T15:17:18.5198609-06:00" endTime="2022-12-29T15:17:18.5198612-06:00" testType="13cdc9d9-ddb5-4fa4-a97d-d965ccfc6d4b" outcome="Passed" testListId="8c84fa94-04c1-424b-9868-57a2d4851a1d" relativeResultsDirectory="2ab3a8cd-9030-4595-8461-61aefec79c90" />
    <UnitTestResult executionId="0e7552c6-1731-4d84-9c91-4f93fbcdf08e" testId="7785283e-2fa2-577d-b099-0811bd86332e" testName="S2Cognition.Integrations.Monday.Core.Tests.Internal.MondayBoardTests.GetBoard_Pass" computerName="MSI" duration="00:00:00.0050304" startTime="2022-12-29T15:17:18.4921750-06:00" endTime="2022-12-29T15:17:18.4921750-06:00" testType="13cdc9d9-ddb5-4fa4-a97d-d965ccfc6d4b" outcome="Passed" testListId="8c84fa94-04c1-424b-9868-57a2d4851a1d" relativeResultsDirectory="0e7552c6-1731-4d84-9c91-4f93fbcdf08e" />
    <UnitTestResult executionId="de713887-76ab-42ba-ae32-85db8eb3a3b1" testId="5e07aaee-af05-c07d-f2b3-414cd34710c1" testName="S2Cognition.Integrations.Monday.Core.Tests.Internal.MondayBoardTests.CreateBoard_Pass" computerName="MSI" duration="00:00:00.0043086" startTime="2022-12-29T15:17:18.4914763-06:00" endTime="2022-12-29T15:17:18.4914764-06:00" testType="13cdc9d9-ddb5-4fa4-a97d-d965ccfc6d4b" outcome="Passed" testListId="8c84fa94-04c1-424b-9868-57a2d4851a1d" relativeResultsDirectory="de713887-76ab-42ba-ae32-85db8eb3a3b1" />
    <UnitTestResult executionId="b6cca9c5-9516-47d1-b3c4-0be04cbcbb39" testId="e9af5911-ac89-b1d9-f02f-d942b57cba23" testName="S2Cognition.Integrations.Monday.Core.Tests.Internal.QueryOptionsTests.EnsureGetTeamsWithNewQueryOptionsDefaultsToSameAsOriginalQuery" computerName="MSI" duration="00:00:00.0006476" startTime="2022-12-29T15:17:18.5161725-06:00" endTime="2022-12-29T15:17:18.5161726-06:00" testType="13cdc9d9-ddb5-4fa4-a97d-d965ccfc6d4b" outcome="Passed" testListId="8c84fa94-04c1-424b-9868-57a2d4851a1d" relativeResultsDirectory="b6cca9c5-9516-47d1-b3c4-0be04cbcbb39" />
    <UnitTestResult executionId="f3eab5c8-b3c6-4349-8ae5-e0141c227f04" testId="3cc1457a-7db2-e650-a582-3cc4ef74bd86" testName="S2Cognition.Integrations.Monday.Core.Tests.Internal.MondayTagsTests.GetTags_Pass" computerName="MSI" duration="00:00:00.0059394" startTime="2022-12-29T15:17:18.4915479-06:00" endTime="2022-12-29T15:17:18.4915480-06:00" testType="13cdc9d9-ddb5-4fa4-a97d-d965ccfc6d4b" outcome="Passed" testListId="8c84fa94-04c1-424b-9868-57a2d4851a1d" relativeResultsDirectory="f3eab5c8-b3c6-4349-8ae5-e0141c227f04" />
    <UnitTestResult executionId="96c1dcc8-f2de-4362-99c1-54d1ac2cca0e" testId="5acd4d80-5c98-c1e6-89be-c4543e302d25" testName="S2Cognition.Integrations.Monday.Core.Tests.Internal.QueryOptionsTests.EnsureGetTagCanReturnMinimums" computerName="MSI" duration="00:00:00.0012491" startTime="2022-12-29T15:17:18.4952449-06:00" endTime="2022-12-29T15:17:18.4952450-06:00" testType="13cdc9d9-ddb5-4fa4-a97d-d965ccfc6d4b" outcome="Passed" testListId="8c84fa94-04c1-424b-9868-57a2d4851a1d" relativeResultsDirectory="96c1dcc8-f2de-4362-99c1-54d1ac2cca0e" />
    <UnitTestResult executionId="1310a1cc-3d7d-4061-8097-7e43b0e2f8cb" testId="60fd7a38-e994-b056-025f-4b68bd7e74bb" testName="S2Cognition.Integrations.Monday.Core.Tests.Internal.QueryOptionsTests.EnsureGetBoardCanReturnMinimums" computerName="MSI" duration="00:00:00.0008822" startTime="2022-12-29T15:17:18.5094600-06:00" endTime="2022-12-29T15:17:18.5094602-06:00" testType="13cdc9d9-ddb5-4fa4-a97d-d965ccfc6d4b" outcome="Passed" testListId="8c84fa94-04c1-424b-9868-57a2d4851a1d" relativeResultsDirectory="1310a1cc-3d7d-4061-8097-7e43b0e2f8cb" />
    <UnitTestResult executionId="6847d95e-59e3-483a-bcf1-3095d845645c" testId="74274b9a-6c05-5e11-57f4-f07a126b1d72" testName="S2Cognition.Integrations.Monday.Core.Tests.Internal.QueryOptionsTests.EnsureGetBoardsWithNewQueryOptionsDefaultsToSameAsOriginalQuery" computerName="MSI" duration="00:00:00.0012354" startTime="2022-12-29T15:17:18.4978049-06:00" endTime="2022-12-29T15:17:18.4978050-06:00" testType="13cdc9d9-ddb5-4fa4-a97d-d965ccfc6d4b" outcome="Passed" testListId="8c84fa94-04c1-424b-9868-57a2d4851a1d" relativeResultsDirectory="6847d95e-59e3-483a-bcf1-3095d845645c" />
    <UnitTestResult executionId="dddefe27-bbbb-4399-afbf-2336df0cbc4a" testId="7d34bcc7-299a-cd33-e29a-dd50b189da87" testName="S2Cognition.Integrations.Monday.Core.Tests.Internal.QueryOptionsTests.EnsureGetGroupsCanReturnMinimums" computerName="MSI" duration="00:00:00.0014007" startTime="2022-12-29T15:17:18.5000793-06:00" endTime="2022-12-29T15:17:18.5000796-06:00" testType="13cdc9d9-ddb5-4fa4-a97d-d965ccfc6d4b" outcome="Passed" testListId="8c84fa94-04c1-424b-9868-57a2d4851a1d" relativeResultsDirectory="dddefe27-bbbb-4399-afbf-2336df0cbc4a" />
    <UnitTestResult executionId="d4cf1bcb-10b6-4b69-ab15-bda299b44e2b" testId="4de8177c-a3ef-ef0e-c081-9ae3f23c7531" testName="S2Cognition.Integrations.Monday.Core.Tests.Internal.MondaySystemTests.GetRateLimit_Pass" computerName="MSI" duration="00:00:00.0936358" startTime="2022-12-29T15:17:18.4894547-06:00" endTime="2022-12-29T15:17:18.4894549-06:00" testType="13cdc9d9-ddb5-4fa4-a97d-d965ccfc6d4b" outcome="Passed" testListId="8c84fa94-04c1-424b-9868-57a2d4851a1d" relativeResultsDirectory="d4cf1bcb-10b6-4b69-ab15-bda299b44e2b" />
    <UnitTestResult executionId="384a99ee-355b-42d0-a021-08d0f481f5fd" testId="a6be2696-0cfa-7509-97d1-769ed4f8bc42" testName="S2Cognition.Integrations.Monday.Core.Tests.Internal.MondayUserTests.GetUsers_Pass" computerName="MSI" duration="00:00:00.0011397" startTime="2022-12-29T15:17:18.4931024-06:00" endTime="2022-12-29T15:17:18.4931025-06:00" testType="13cdc9d9-ddb5-4fa4-a97d-d965ccfc6d4b" outcome="Passed" testListId="8c84fa94-04c1-424b-9868-57a2d4851a1d" relativeResultsDirectory="384a99ee-355b-42d0-a021-08d0f481f5fd" />
    <UnitTestResult executionId="0ac960c8-6ec0-4fbd-9ba3-3b42d253f750" testId="f2e1c8e0-2aa8-c927-fab7-283c464add20" testName="S2Cognition.Integrations.Monday.Core.Tests.Internal.QueryOptionsTests.EnsureGetTeamWithNewQueryOptionsDefaultsToSameAsOriginalQuery" computerName="MSI" duration="00:00:00.0008310" startTime="2022-12-29T15:17:18.5103510-06:00" endTime="2022-12-29T15:17:18.5103511-06:00" testType="13cdc9d9-ddb5-4fa4-a97d-d965ccfc6d4b" outcome="Passed" testListId="8c84fa94-04c1-424b-9868-57a2d4851a1d" relativeResultsDirectory="0ac960c8-6ec0-4fbd-9ba3-3b42d253f750" />
    <UnitTestResult executionId="725d13ad-6cee-427b-8bc5-f326f08134c0" testId="b4784567-afa7-ed1d-3bc1-4928fe30a7c6" testName="S2Cognition.Integrations.Monday.Core.Tests.Internal.QueryOptionsTests.EnsureGetUsersCanReturnMinimums" computerName="MSI" duration="00:00:00.0007210" startTime="2022-12-29T15:17:18.4985933-06:00" endTime="2022-12-29T15:17:18.4985935-06:00" testType="13cdc9d9-ddb5-4fa4-a97d-d965ccfc6d4b" outcome="Passed" testListId="8c84fa94-04c1-424b-9868-57a2d4851a1d" relativeResultsDirectory="725d13ad-6cee-427b-8bc5-f326f08134c0" />
    <UnitTestResult executionId="53f22fa4-b342-47ae-b9e5-41284f26a0f6" testId="4020b962-22b9-9020-b548-6e681ed8f485" testName="S2Cognition.Integrations.Monday.Core.Tests.Internal.QueryOptionsTests.EnsureGetUsersWithNewQueryOptionsDefaultsToSameAsOriginalQuery" computerName="MSI" duration="00:00:00.0007225" startTime="2022-12-29T15:17:18.5154839-06:00" endTime="2022-12-29T15:17:18.5154840-06:00" testType="13cdc9d9-ddb5-4fa4-a97d-d965ccfc6d4b" outcome="Passed" testListId="8c84fa94-04c1-424b-9868-57a2d4851a1d" relativeResultsDirectory="53f22fa4-b342-47ae-b9e5-41284f26a0f6" />
    <UnitTestResult executionId="00f257a9-7703-4716-a1c9-a22765b7afb2" testId="ca8cc89b-95c4-4a59-05b6-133bc1edac9b" testName="S2Cognition.Integrations.Monday.Core.Tests.Internal.QueryOptionsTests.EnsureGetUsersByAccessTypeWithNewQueryOptionsDefaultsToSameAsOriginalQuery" computerName="MSI" duration="00:00:00.0006697" startTime="2022-12-29T15:17:18.5119421-06:00" endTime="2022-12-29T15:17:18.5119422-06:00" testType="13cdc9d9-ddb5-4fa4-a97d-d965ccfc6d4b" outcome="Passed" testListId="8c84fa94-04c1-424b-9868-57a2d4851a1d" relativeResultsDirectory="00f257a9-7703-4716-a1c9-a22765b7afb2" />
    <UnitTestResult executionId="f98e2f2b-b43f-4092-9f95-440d5929a3eb" testId="c2cd20d0-54ba-4173-27de-9e34dd6187a2" testName="S2Cognition.Integrations.Monday.Core.Tests.Internal.QueryOptionsTests.EnsureGetBoardsCanReturnMinimums" computerName="MSI" duration="00:00:00.0005361" startTime="2022-12-29T15:17:18.5125180-06:00" endTime="2022-12-29T15:17:18.5125181-06:00" testType="13cdc9d9-ddb5-4fa4-a97d-d965ccfc6d4b" outcome="Passed" testListId="8c84fa94-04c1-424b-9868-57a2d4851a1d" relativeResultsDirectory="f98e2f2b-b43f-4092-9f95-440d5929a3eb" />
    <UnitTestResult executionId="1cb97f5c-a0bf-4814-bf38-ba0efe86afa3" testId="e3d40a78-7398-4a22-fa97-68b3e9fe9d7e" testName="S2Cognition.Integrations.Monday.Core.Tests.Internal.MondayItemsTests.DeleteItem_Pass" computerName="MSI" duration="00:00:00.0014074" startTime="2022-12-29T15:17:18.4929816-06:00" endTime="2022-12-29T15:17:18.4929817-06:00" testType="13cdc9d9-ddb5-4fa4-a97d-d965ccfc6d4b" outcome="Passed" testListId="8c84fa94-04c1-424b-9868-57a2d4851a1d" relativeResultsDirectory="1cb97f5c-a0bf-4814-bf38-ba0efe86afa3" />
    <UnitTestResult executionId="419332b4-364d-4ea4-9ec6-30149b00e7d1" testId="8ed8a62c-d6e9-198e-ae0c-26687ea775fc" testName="S2Cognition.Integrations.Monday.Core.Tests.Internal.QueryOptionsTests.EnsureGetUserCanReturnMaximums" computerName="MSI" duration="00:00:00.0023026" startTime="2022-12-29T15:17:18.4932457-06:00" endTime="2022-12-29T15:17:18.4932458-06:00" testType="13cdc9d9-ddb5-4fa4-a97d-d965ccfc6d4b" outcome="Passed" testListId="8c84fa94-04c1-424b-9868-57a2d4851a1d" relativeResultsDirectory="419332b4-364d-4ea4-9ec6-30149b00e7d1" />
    <UnitTestResult executionId="bf920f8a-b6e5-4c42-a438-826aeb3925b8" testId="b0364036-532a-17f0-e240-4b2f7553b7e5" testName="S2Cognition.Integrations.Monday.Core.Tests.Internal.QueryOptionsTests.EnsureGetItemCanReturnMaximums" computerName="MSI" duration="00:00:00.1218874" startTime="2022-12-29T15:17:18.4931442-06:00" endTime="2022-12-29T15:17:18.4931442-06:00" testType="13cdc9d9-ddb5-4fa4-a97d-d965ccfc6d4b" outcome="Passed" testListId="8c84fa94-04c1-424b-9868-57a2d4851a1d" relativeResultsDirectory="bf920f8a-b6e5-4c42-a438-826aeb3925b8" />
    <UnitTestResult executionId="5980bc09-30fc-42af-827d-8687e386c44a" testId="e1d12073-8a41-eb5a-464c-27f8af3d47be" testName="S2Cognition.Integrations.Monday.Core.Tests.Internal.QueryOptionsTests.EnsureGetTeamCanReturnMaximums" computerName="MSI" duration="00:00:00.0006757" startTime="2022-12-29T15:17:18.5189169-06:00" endTime="2022-12-29T15:17:18.5189170-06:00" testType="13cdc9d9-ddb5-4fa4-a97d-d965ccfc6d4b" outcome="Passed" testListId="8c84fa94-04c1-424b-9868-57a2d4851a1d" relativeResultsDirectory="5980bc09-30fc-42af-827d-8687e386c44a" />
    <UnitTestResult executionId="d416f6ee-9dfb-473b-be73-a10d2549628e" testId="c72e751f-4715-ef7d-d196-f91200915af9" testName="S2Cognition.Integrations.Monday.Core.Tests.Internal.QueryOptionsTests.EnsureGetTagWithNewQueryOptionsDefaultsToSameAsOriginalQuery" computerName="MSI" duration="00:00:00.0007573" startTime="2022-12-29T15:17:18.5009132-06:00" endTime="2022-12-29T15:17:18.5009135-06:00" testType="13cdc9d9-ddb5-4fa4-a97d-d965ccfc6d4b" outcome="Passed" testListId="8c84fa94-04c1-424b-9868-57a2d4851a1d" relativeResultsDirectory="d416f6ee-9dfb-473b-be73-a10d2549628e" />
    <UnitTestResult executionId="d5cb7af6-02af-42e8-89c7-b3d4f9d1fc17" testId="83d01415-0376-964e-248c-a57968d4c4ba" testName="S2Cognition.Integrations.Monday.Core.Tests.Internal.QueryOptionsTests.EnsureGetTagsCanReturnMinimums" computerName="MSI" duration="00:00:00.0005932" startTime="2022-12-29T15:17:18.5147109-06:00" endTime="2022-12-29T15:17:18.5147110-06:00" testType="13cdc9d9-ddb5-4fa4-a97d-d965ccfc6d4b" outcome="Passed" testListId="8c84fa94-04c1-424b-9868-57a2d4851a1d" relativeResultsDirectory="d5cb7af6-02af-42e8-89c7-b3d4f9d1fc17" />
    <UnitTestResult executionId="057ef493-f85d-43c9-a948-df94f8f56146" testId="286a79c1-cf38-10b2-3c66-6238db8d2e6b" testName="S2Cognition.Integrations.Monday.Core.Tests.Internal.MondayItemsTests.GetItems_Pass" computerName="MSI" duration="00:00:00.0077722" startTime="2022-12-29T15:17:18.4916098-06:00" endTime="2022-12-29T15:17:18.4916098-06:00" testType="13cdc9d9-ddb5-4fa4-a97d-d965ccfc6d4b" outcome="Passed" testListId="8c84fa94-04c1-424b-9868-57a2d4851a1d" relativeResultsDirectory="057ef493-f85d-43c9-a948-df94f8f56146" />
    <UnitTestResult executionId="93d8b868-553d-41ad-b41f-327ecc06d7fe" testId="bf6d4cfe-f7f8-bda4-adec-4a809b3ae095" testName="S2Cognition.Integrations.Monday.Core.Tests.Internal.QueryOptionsTests.EnsureGetTeamsCanReturnMaximums" computerName="MSI" duration="00:00:00.0006844" startTime="2022-12-29T15:17:18.5181908-06:00" endTime="2022-12-29T15:17:18.5181908-06:00" testType="13cdc9d9-ddb5-4fa4-a97d-d965ccfc6d4b" outcome="Passed" testListId="8c84fa94-04c1-424b-9868-57a2d4851a1d" relativeResultsDirectory="93d8b868-553d-41ad-b41f-327ecc06d7fe" />
    <UnitTestResult executionId="4aa5ebd9-f471-4acc-b97e-50e72a12dfb1" testId="f1227b7d-c8f7-8375-5cb6-1b981226c09d" testName="S2Cognition.Integrations.Monday.Core.Tests.Internal.QueryOptionsTests.EnsureGetItemsCanReturnMaximums" computerName="MSI" duration="00:00:00.0012231" startTime="2022-12-29T15:17:18.5221196-06:00" endTime="2022-12-29T15:17:18.5221198-06:00" testType="13cdc9d9-ddb5-4fa4-a97d-d965ccfc6d4b" outcome="Passed" testListId="8c84fa94-04c1-424b-9868-57a2d4851a1d" relativeResultsDirectory="4aa5ebd9-f471-4acc-b97e-50e72a12dfb1" />
    <UnitTestResult executionId="7516a913-2a6e-42da-98e3-4d817529dc33" testId="1f28150e-cea8-6a19-096e-e7f09fc4f033" testName="S2Cognition.Integrations.Monday.Core.Tests.Internal.MondayItemsTests.CustomQueryOrMutation_Pass" computerName="MSI" duration="00:00:00.0955609" startTime="2022-12-29T15:17:18.4702959-06:00" endTime="2022-12-29T15:17:18.4702960-06:00" testType="13cdc9d9-ddb5-4fa4-a97d-d965ccfc6d4b" outcome="Passed" testListId="8c84fa94-04c1-424b-9868-57a2d4851a1d" relativeResultsDirectory="7516a913-2a6e-42da-98e3-4d817529dc33" />
    <UnitTestResult executionId="645bdd6e-c576-4a4d-858a-cfb79b4bab94" testId="6a7b4e50-2875-002c-db7c-87121ab38351" testName="S2Cognition.Integrations.Monday.Core.Tests.Internal.QueryOptionsTests.EnsureGetTagsCanReturnMaximums" computerName="MSI" duration="00:00:00.0008486" startTime="2022-12-29T15:17:18.5140615-06:00" endTime="2022-12-29T15:17:18.5140616-06:00" testType="13cdc9d9-ddb5-4fa4-a97d-d965ccfc6d4b" outcome="Passed" testListId="8c84fa94-04c1-424b-9868-57a2d4851a1d" relativeResultsDirectory="645bdd6e-c576-4a4d-858a-cfb79b4bab94" />
    <UnitTestResult executionId="2433566f-f47b-4199-bfb4-c145e4fb16a1" testId="b2cf74ef-0af5-e7f1-61af-1a4383953923" testName="S2Cognition.Integrations.Monday.Core.Tests.Internal.MondayGroupsTests.DeleteGroup_Pass" computerName="MSI" duration="00:00:00.0016084" startTime="2022-12-29T15:17:18.4898646-06:00" endTime="2022-12-29T15:17:18.4898648-06:00" testType="13cdc9d9-ddb5-4fa4-a97d-d965ccfc6d4b" outcome="Passed" testListId="8c84fa94-04c1-424b-9868-57a2d4851a1d" relativeResultsDirectory="2433566f-f47b-4199-bfb4-c145e4fb16a1" />
    <UnitTestResult executionId="fdcdda2e-2a75-43d2-80e1-1aaf87ebda06" testId="6f70f028-4b1a-be4e-c821-5b04f77f1689" testName="S2Cognition.Integrations.Monday.Core.Tests.Internal.MondayItemsTests.GetItem_Pass" computerName="MSI" duration="00:00:00.0019916" startTime="2022-12-29T15:17:18.4932046-06:00" endTime="2022-12-29T15:17:18.4932047-06:00" testType="13cdc9d9-ddb5-4fa4-a97d-d965ccfc6d4b" outcome="Passed" testListId="8c84fa94-04c1-424b-9868-57a2d4851a1d" relativeResultsDirectory="fdcdda2e-2a75-43d2-80e1-1aaf87ebda06" />
    <UnitTestResult executionId="2c8c2ebf-5b70-4488-9bb7-93a809503698" testId="002eaebf-a01f-d452-7b16-eb46be988df6" testName="S2Cognition.Integrations.Monday.Core.Tests.Internal.QueryOptionsTests.EnsureGetTeamsCanReturnMinimums" computerName="MSI" duration="00:00:00.0006854" startTime="2022-12-29T15:17:18.5078707-06:00" endTime="2022-12-29T15:17:18.5078708-06:00" testType="13cdc9d9-ddb5-4fa4-a97d-d965ccfc6d4b" outcome="Passed" testListId="8c84fa94-04c1-424b-9868-57a2d4851a1d" relativeResultsDirectory="2c8c2ebf-5b70-4488-9bb7-93a809503698" />
    <UnitTestResult executionId="574bfc09-d39c-4bd1-8788-f422cdf2990d" testId="904befda-a066-d594-f096-7682165f1bea" testName="S2Cognition.Integrations.Monday.Core.Tests.Internal.QueryOptionsTests.EnsureGetTagsWithNewQueryOptionsDefaultsToSameAsOriginalQuery" computerName="MSI" duration="00:00:00.0011979" startTime="2022-12-29T15:17:18.4964921-06:00" endTime="2022-12-29T15:17:18.4964921-06:00" testType="13cdc9d9-ddb5-4fa4-a97d-d965ccfc6d4b" outcome="Passed" testListId="8c84fa94-04c1-424b-9868-57a2d4851a1d" relativeResultsDirectory="574bfc09-d39c-4bd1-8788-f422cdf2990d" />
    <UnitTestResult executionId="7a44713e-d2d4-4a80-9949-f6fa7bc8b21c" testId="699e6104-9a78-55e1-d40b-119cadc433c3" testName="S2Cognition.Integrations.Monday.Core.Tests.Internal.MondayTeamTests.GetTeam_Pass" computerName="MSI" duration="00:00:00.0933660" startTime="2022-12-29T15:17:18.4720361-06:00" endTime="2022-12-29T15:17:18.4720362-06:00" testType="13cdc9d9-ddb5-4fa4-a97d-d965ccfc6d4b" outcome="Passed" testListId="8c84fa94-04c1-424b-9868-57a2d4851a1d" relativeResultsDirectory="7a44713e-d2d4-4a80-9949-f6fa7bc8b21c" />
    <UnitTestResult executionId="7deb2df9-8177-455f-8b11-25fd326226aa" testId="5ba5d283-3fc5-9bfc-7776-8e3e68851e24" testName="S2Cognition.Integrations.Monday.Core.Tests.Internal.MondayUpdatesTests.ClearItemUpdates_Pass" computerName="MSI" duration="00:00:00.0917980" startTime="2022-12-29T15:17:18.4696455-06:00" endTime="2022-12-29T15:17:18.4696457-06:00" testType="13cdc9d9-ddb5-4fa4-a97d-d965ccfc6d4b" outcome="Passed" testListId="8c84fa94-04c1-424b-9868-57a2d4851a1d" relativeResultsDirectory="7deb2df9-8177-455f-8b11-25fd326226aa" />
    <UnitTestResult executionId="7408a878-fe26-4d13-803f-4546cce7ff53" testId="f40f4a10-7804-b0b1-19cc-183b8b6034d9" testName="S2Cognition.Integrations.Monday.Core.Tests.Internal.QueryOptionsTests.EnsureGetItemsCanReturnMinimums" computerName="MSI" duration="00:00:00.0005934" startTime="2022-12-29T15:17:18.5227646-06:00" endTime="2022-12-29T15:17:18.5227647-06:00" testType="13cdc9d9-ddb5-4fa4-a97d-d965ccfc6d4b" outcome="Passed" testListId="8c84fa94-04c1-424b-9868-57a2d4851a1d" relativeResultsDirectory="7408a878-fe26-4d13-803f-4546cce7ff53" />
    <UnitTestResult executionId="8364d5c0-2a14-4766-afc9-5c3598259397" testId="46c88540-33b2-2fcf-a4ea-24e23c1d5ff9" testName="S2Cognition.Integrations.Monday.Core.Tests.Internal.MondayBoardTests.GetBoards_Pass" computerName="MSI" duration="00:00:00.0987046" startTime="2022-12-29T15:17:18.4896035-06:00" endTime="2022-12-29T15:17:18.4896036-06:00" testType="13cdc9d9-ddb5-4fa4-a97d-d965ccfc6d4b" outcome="Passed" testListId="8c84fa94-04c1-424b-9868-57a2d4851a1d" relativeResultsDirectory="8364d5c0-2a14-4766-afc9-5c3598259397" />
    <UnitTestResult executionId="e488248f-ca3d-4e74-b99d-9c8de87d1296" testId="58de10b4-534b-6f18-2f4c-a723eb0766d0" testName="S2Cognition.Integrations.Monday.Core.Tests.Internal.MondayUserTests.GetUsers_UserAccessTypes_Pass" computerName="MSI" duration="00:00:00.0115741" startTime="2022-12-29T15:17:18.4928997-06:00" endTime="2022-12-29T15:17:18.4928998-06:00" testType="13cdc9d9-ddb5-4fa4-a97d-d965ccfc6d4b" outcome="Passed" testListId="8c84fa94-04c1-424b-9868-57a2d4851a1d" relativeResultsDirectory="e488248f-ca3d-4e74-b99d-9c8de87d1296" />
    <UnitTestResult executionId="f23aa9c6-99eb-4c41-9749-487cccbaa6b9" testId="b7d3a67a-8e46-fe49-d504-31fe9e1a6693" testName="S2Cognition.Integrations.Monday.Core.Tests.Internal.QueryOptionsTests.EnsureGetUsersCanReturnMaximums" computerName="MSI" duration="00:00:00.0008244" startTime="2022-12-29T15:17:18.5112244-06:00" endTime="2022-12-29T15:17:18.5112245-06:00" testType="13cdc9d9-ddb5-4fa4-a97d-d965ccfc6d4b" outcome="Passed" testListId="8c84fa94-04c1-424b-9868-57a2d4851a1d" relativeResultsDirectory="f23aa9c6-99eb-4c41-9749-487cccbaa6b9" />
    <UnitTestResult executionId="00ca995f-9d36-49e8-acc8-94f575d5aa47" testId="21705279-1176-84a3-7593-433546a218f6" testName="S2Cognition.Integrations.Monday.Core.Tests.Internal.MondayUserTests.GetUser_Pass" computerName="MSI" duration="00:00:00.1049004" startTime="2022-12-29T15:17:18.4922359-06:00" endTime="2022-12-29T15:17:18.4922360-06:00" testType="13cdc9d9-ddb5-4fa4-a97d-d965ccfc6d4b" outcome="Passed" testListId="8c84fa94-04c1-424b-9868-57a2d4851a1d" relativeResultsDirectory="00ca995f-9d36-49e8-acc8-94f575d5aa47" />
    <UnitTestResult executionId="d873785e-c68e-450d-852b-d3f17b5fc1ac" testId="29e39a12-0b1b-13ca-8d6c-998304c252ed" testName="S2Cognition.Integrations.Monday.Core.Tests.Internal.MondayTeamTests.GetTeams_Pass" computerName="MSI" duration="00:00:00.0042032" startTime="2022-12-29T15:17:18.4913056-06:00" endTime="2022-12-29T15:17:18.4913058-06:00" testType="13cdc9d9-ddb5-4fa4-a97d-d965ccfc6d4b" outcome="Passed" testListId="8c84fa94-04c1-424b-9868-57a2d4851a1d" relativeResultsDirectory="d873785e-c68e-450d-852b-d3f17b5fc1ac" />
    <UnitTestResult executionId="92f2f614-10fc-42e7-ae13-3ae8a4d1cb7c" testId="582bd4da-d563-0a40-db6b-689ff84cf20b" testName="S2Cognition.Integrations.Monday.Core.Tests.Internal.QueryOptionsTests.EnsureGetItemsWithNewQueryOptionsDefaultsToSameAsOriginalQuery" computerName="MSI" duration="00:00:00.0013578" startTime="2022-12-29T15:17:18.5071416-06:00" endTime="2022-12-29T15:17:18.5071419-06:00" testType="13cdc9d9-ddb5-4fa4-a97d-d965ccfc6d4b" outcome="Passed" testListId="8c84fa94-04c1-424b-9868-57a2d4851a1d" relativeResultsDirectory="92f2f614-10fc-42e7-ae13-3ae8a4d1cb7c" />
    <UnitTestResult executionId="42b96a60-8c3c-436c-85bf-301c66a2c56c" testId="7879c22d-f4bb-a045-6a39-bd0221cad0a9" testName="S2Cognition.Integrations.Monday.Core.Tests.MondayTests.EnsureGetUsersIsCallable" computerName="MSI" duration="00:00:00.1211997" startTime="2022-12-29T15:17:18.4930582-06:00" endTime="2022-12-29T15:17:18.4930583-06:00" testType="13cdc9d9-ddb5-4fa4-a97d-d965ccfc6d4b" outcome="Passed" testListId="8c84fa94-04c1-424b-9868-57a2d4851a1d" relativeResultsDirectory="42b96a60-8c3c-436c-85bf-301c66a2c56c" />
    <UnitTestResult executionId="9f5c6dd0-04c0-417a-a8a4-e2ed983bd30e" testId="37051fb3-77bb-cf2b-6c03-648a546869cc" testName="S2Cognition.Integrations.Monday.Core.Tests.Internal.MondayBoardTests.ArchiveBoard_Pass" computerName="MSI" duration="00:00:00.0086085" startTime="2022-12-29T15:17:18.4923824-06:00" endTime="2022-12-29T15:17:18.4923824-06:00" testType="13cdc9d9-ddb5-4fa4-a97d-d965ccfc6d4b" outcome="Passed" testListId="8c84fa94-04c1-424b-9868-57a2d4851a1d" relativeResultsDirectory="9f5c6dd0-04c0-417a-a8a4-e2ed983bd30e" />
    <UnitTestResult executionId="129dd327-d9e9-40d3-9fda-9ee3721122e0" testId="97c9bf93-e9b6-7153-32b6-e6a19e001765" testName="S2Cognition.Integrations.Monday.Core.Tests.Internal.QueryOptionsTests.EnsureGetUserCanReturnMinimums" computerName="MSI" duration="00:00:00.0005615" startTime="2022-12-29T15:17:18.5167812-06:00" endTime="2022-12-29T15:17:18.5167813-06:00" testType="13cdc9d9-ddb5-4fa4-a97d-d965ccfc6d4b" outcome="Passed" testListId="8c84fa94-04c1-424b-9868-57a2d4851a1d" relativeResultsDirectory="129dd327-d9e9-40d3-9fda-9ee3721122e0" />
    <UnitTestResult executionId="26c5941d-6ccd-4e13-8620-e16626b4c685" testId="e200f5e5-ea4d-ef93-2426-d0d7b0ec2c29" testName="S2Cognition.Integrations.Monday.Core.Tests.Internal.MondayItemsTests.CreateItem_Pass" computerName="MSI" duration="00:00:00.0133449" startTime="2022-12-29T15:17:18.4924212-06:00" endTime="2022-12-29T15:17:18.4924213-06:00" testType="13cdc9d9-ddb5-4fa4-a97d-d965ccfc6d4b" outcome="Passed" testListId="8c84fa94-04c1-424b-9868-57a2d4851a1d" relativeResultsDirectory="26c5941d-6ccd-4e13-8620-e16626b4c685" />
    <UnitTestResult executionId="4f487ea4-0e61-45f1-8241-19d95553a71a" testId="85571e0c-41e0-2a36-b25a-34ddc2fba4c9" testName="S2Cognition.Integrations.Monday.Core.Tests.Internal.MondayGroupsTests.UpdateItemGroup_Pass" computerName="MSI" duration="00:00:00.0023016" startTime="2022-12-29T15:17:18.4896670-06:00" endTime="2022-12-29T15:17:18.4896670-06:00" testType="13cdc9d9-ddb5-4fa4-a97d-d965ccfc6d4b" outcome="Passed" testListId="8c84fa94-04c1-424b-9868-57a2d4851a1d" relativeResultsDirectory="4f487ea4-0e61-45f1-8241-19d95553a71a" />
    <UnitTestResult executionId="bc8d327f-f07a-472e-8f02-1b6ec3b2ce9e" testId="6772f89f-c983-ba69-e6fa-efff4c2a9593" testName="S2Cognition.Integrations.Monday.Core.Tests.Internal.MondayGroupsTests.ArchiveGroup_Pass" computerName="MSI" duration="00:00:00.0018203" startTime="2022-12-29T15:17:18.4914167-06:00" endTime="2022-12-29T15:17:18.4914168-06:00" testType="13cdc9d9-ddb5-4fa4-a97d-d965ccfc6d4b" outcome="Passed" testListId="8c84fa94-04c1-424b-9868-57a2d4851a1d" relativeResultsDirectory="bc8d327f-f07a-472e-8f02-1b6ec3b2ce9e" />
    <UnitTestResult executionId="14313b86-2697-451b-8f4e-50d41a69f339" testId="b6024c5e-cc9f-6000-9f44-e91bed693a04" testName="S2Cognition.Integrations.Monday.Core.Tests.Internal.MondaySystemTests.GetComplexity_Pass" computerName="MSI" duration="00:00:00.0018549" startTime="2022-12-29T15:17:18.4897319-06:00" endTime="2022-12-29T15:17:18.4897320-06:00" testType="13cdc9d9-ddb5-4fa4-a97d-d965ccfc6d4b" outcome="Passed" testListId="8c84fa94-04c1-424b-9868-57a2d4851a1d" relativeResultsDirectory="14313b86-2697-451b-8f4e-50d41a69f339" />
    <UnitTestResult executionId="c9df7184-046d-47ed-8789-7ce972f358ce" testId="70e1e943-d839-5738-2e19-ede049e672ad" testName="S2Cognition.Integrations.Monday.Core.Tests.Internal.MondayItemsTests.ArchiveItem_Pass" computerName="MSI" duration="00:00:00.0016826" startTime="2022-12-29T15:17:18.4920744-06:00" endTime="2022-12-29T15:17:18.4920745-06:00" testType="13cdc9d9-ddb5-4fa4-a97d-d965ccfc6d4b" outcome="Passed" testListId="8c84fa94-04c1-424b-9868-57a2d4851a1d" relativeResultsDirectory="c9df7184-046d-47ed-8789-7ce972f358ce" />
    <UnitTestResult executionId="36e1a437-f465-4190-898a-16cf5883b5a2" testId="1e4cf267-2c9b-233b-e477-c77c4907d14b" testName="S2Cognition.Integrations.Monday.Core.Tests.Internal.QueryOptionsTests.EnsureGetTagCanReturnMaximums" computerName="MSI" duration="00:00:00.0005831" startTime="2022-12-29T15:17:18.5131620-06:00" endTime="2022-12-29T15:17:18.5131621-06:00" testType="13cdc9d9-ddb5-4fa4-a97d-d965ccfc6d4b" outcome="Passed" testListId="8c84fa94-04c1-424b-9868-57a2d4851a1d" relativeResultsDirectory="36e1a437-f465-4190-898a-16cf5883b5a2" />
    <UnitTestResult executionId="f7e7b3bb-8a7f-4f08-b446-435d7877412e" testId="fd5759ff-5cef-d692-26f2-712fc30c6007" testName="S2Cognition.Integrations.Monday.Core.Tests.Internal.MondayColumnTests.CreateColumn_Pass" computerName="MSI" duration="00:00:00.0117035" startTime="2022-12-29T15:17:18.4921357-06:00" endTime="2022-12-29T15:17:18.4921357-06:00" testType="13cdc9d9-ddb5-4fa4-a97d-d965ccfc6d4b" outcome="Passed" testListId="8c84fa94-04c1-424b-9868-57a2d4851a1d" relativeResultsDirectory="f7e7b3bb-8a7f-4f08-b446-435d7877412e" />
    <UnitTestResult executionId="3e84da2c-67cf-474f-baa4-215474f46e9e" testId="0989752e-4baa-5cb4-5a19-785a2f9a8b1c" testName="S2Cognition.Integrations.Monday.Core.Tests.Internal.QueryOptionsTests.EnsureGetGroupsWithNewQueryOptionsDefaultsToSameAsOriginalQuery" computerName="MSI" duration="00:00:00.0006254" startTime="2022-12-29T15:17:18.5174540-06:00" endTime="2022-12-29T15:17:18.5174541-06:00" testType="13cdc9d9-ddb5-4fa4-a97d-d965ccfc6d4b" outcome="Passed" testListId="8c84fa94-04c1-424b-9868-57a2d4851a1d" relativeResultsDirectory="3e84da2c-67cf-474f-baa4-215474f46e9e" />
    <UnitTestResult executionId="e8110fd9-7dd5-4e49-9506-ee32c19c69c7" testId="8687e80b-497d-c3e0-d1a0-623791adeab4" testName="S2Cognition.Integrations.Monday.Core.Tests.Internal.MondayGroupsTests.CreateGroup_Pass" computerName="MSI" duration="00:00:00.0956733" startTime="2022-12-29T15:17:18.4718441-06:00" endTime="2022-12-29T15:17:18.4718444-06:00" testType="13cdc9d9-ddb5-4fa4-a97d-d965ccfc6d4b" outcome="Passed" testListId="8c84fa94-04c1-424b-9868-57a2d4851a1d" relativeResultsDirectory="e8110fd9-7dd5-4e49-9506-ee32c19c69c7" />
    <UnitTestResult executionId="a3f7b68a-23f2-4df0-994a-db7333102a1c" testId="6e24f7c2-254d-33e4-faf1-26dea1d1bc54" testName="S2Cognition.Integrations.Monday.Core.Tests.Internal.MondayTagsTests.CreateTag_Pass" computerName="MSI" duration="00:00:00.0976347" startTime="2022-12-29T15:17:18.4895446-06:00" endTime="2022-12-29T15:17:18.4895447-06:00" testType="13cdc9d9-ddb5-4fa4-a97d-d965ccfc6d4b" outcome="Passed" testListId="8c84fa94-04c1-424b-9868-57a2d4851a1d" relativeResultsDirectory="a3f7b68a-23f2-4df0-994a-db7333102a1c" />
    <UnitTestResult executionId="84f83ccb-80e2-4ded-b1b7-2068cc844c52" testId="670e15a2-2818-00a1-83de-8910400e8cfd" testName="S2Cognition.Integrations.Monday.Core.Tests.Internal.QueryOptionsTests.EnsureGetItemCanReturnMinimums" computerName="MSI" duration="00:00:00.0005983" startTime="2022-12-29T15:17:18.5085207-06:00" endTime="2022-12-29T15:17:18.5085208-06:00" testType="13cdc9d9-ddb5-4fa4-a97d-d965ccfc6d4b" outcome="Passed" testListId="8c84fa94-04c1-424b-9868-57a2d4851a1d" relativeResultsDirectory="84f83ccb-80e2-4ded-b1b7-2068cc844c52" />
    <UnitTestResult executionId="2521885a-e90b-49f0-a435-02283157cb3e" testId="a94027fb-8741-0358-60a0-79da4714131a" testName="S2Cognition.Integrations.Monday.Core.Tests.Internal.QueryOptionsTests.EnsureGetUserWithNewQueryOptionsDefaultsToSameAsOriginalQuery" computerName="MSI" duration="00:00:00.0009091" startTime="2022-12-29T15:17:18.4939507-06:00" endTime="2022-12-29T15:17:18.4939509-06:00" testType="13cdc9d9-ddb5-4fa4-a97d-d965ccfc6d4b" outcome="Passed" testListId="8c84fa94-04c1-424b-9868-57a2d4851a1d" relativeResultsDirectory="2521885a-e90b-49f0-a435-02283157cb3e" />
    <UnitTestResult executionId="3e1abdbd-d402-4d63-8005-2071cf94ece1" testId="37321cf0-c01b-eed6-3d62-c68e4caefa2a" testName="S2Cognition.Integrations.Monday.Core.Tests.Internal.QueryOptionsTests.EnsureGetBoardWithNewQueryOptionsDefaultsToSameAsOriginalQuery" computerName="MSI" duration="00:00:00.0008638" startTime="2022-12-29T15:17:18.5208145-06:00" endTime="2022-12-29T15:17:18.5208146-06:00" testType="13cdc9d9-ddb5-4fa4-a97d-d965ccfc6d4b" outcome="Passed" testListId="8c84fa94-04c1-424b-9868-57a2d4851a1d" relativeResultsDirectory="3e1abdbd-d402-4d63-8005-2071cf94ece1" />
    <UnitTestResult executionId="1e2cdc1d-773e-4292-9780-a240ae542aaf" testId="3aa2df7a-4bcf-30d2-3510-215610c27c6a" testName="S2Cognition.Integrations.Monday.Core.Tests.Internal.MondayUpdatesTests.CreateUpdate_Pass" computerName="MSI" duration="00:00:00.0058691" startTime="2022-12-29T15:17:18.4913737-06:00" endTime="2022-12-29T15:17:18.4913738-06:00" testType="13cdc9d9-ddb5-4fa4-a97d-d965ccfc6d4b" outcome="Passed" testListId="8c84fa94-04c1-424b-9868-57a2d4851a1d" relativeResultsDirectory="1e2cdc1d-773e-4292-9780-a240ae542aaf" />
    <UnitTestResult executionId="7d44a5a0-6dfb-4c7b-9886-e4be2d27ce77" testId="b6298783-c9b1-ba27-491e-9e45d1b4abea" testName="S2Cognition.Integrations.Monday.Core.Tests.Internal.QueryOptionsTests.EnsureGetBoardsCanReturnMaximums" computerName="MSI" duration="00:00:00.0036753" startTime="2022-12-29T15:17:18.5046656-06:00" endTime="2022-12-29T15:17:18.5046661-06:00" testType="13cdc9d9-ddb5-4fa4-a97d-d965ccfc6d4b" outcome="Passed" testListId="8c84fa94-04c1-424b-9868-57a2d4851a1d" relativeResultsDirectory="7d44a5a0-6dfb-4c7b-9886-e4be2d27ce77" />
    <UnitTestResult executionId="ff2b0321-767c-4457-b868-6a108a3d24a6" testId="c4ed5dd6-97b8-f60b-60a1-3ed3850e6fa1" testName="S2Cognition.Integrations.Monday.Core.Tests.Internal.QueryOptionsTests.EnsureGetItemWithNewQueryOptionsDefaultsToSameAsOriginalQuery" computerName="MSI" duration="00:00:00.0009945" startTime="2022-12-29T15:17:18.5057203-06:00" endTime="2022-12-29T15:17:18.5057204-06:00" testType="13cdc9d9-ddb5-4fa4-a97d-d965ccfc6d4b" outcome="Passed" testListId="8c84fa94-04c1-424b-9868-57a2d4851a1d" relativeResultsDirectory="ff2b0321-767c-4457-b868-6a108a3d24a6" />
    <UnitTestResult executionId="9e3f8a9f-4215-4865-8321-e5e7483fefa6" testId="6c79372e-ce76-4557-ad0c-f31c0d46e60d" testName="S2Cognition.Integrations.Monday.Core.Tests.Internal.MondayGroupsTests.GetGroups_Pass" computerName="MSI" duration="00:00:00.0073048" startTime="2022-12-29T15:17:18.4923414-06:00" endTime="2022-12-29T15:17:18.4923414-06:00" testType="13cdc9d9-ddb5-4fa4-a97d-d965ccfc6d4b" outcome="Passed" testListId="8c84fa94-04c1-424b-9868-57a2d4851a1d" relativeResultsDirectory="9e3f8a9f-4215-4865-8321-e5e7483fefa6" />
    <UnitTestResult executionId="b7ce8c45-dd84-4696-998c-f694a9322991" testId="c245435d-b0a3-64c2-7ed0-ff76f4852c23" testName="S2Cognition.Integrations.Monday.Core.Tests.Internal.MondayColumnTests.UpdateColumn_Pass" computerName="MSI" duration="00:00:00.0883612" startTime="2022-12-29T15:17:18.4634121-06:00" endTime="2022-12-29T15:17:18.4634598-06:00" testType="13cdc9d9-ddb5-4fa4-a97d-d965ccfc6d4b" outcome="Passed" testListId="8c84fa94-04c1-424b-9868-57a2d4851a1d" relativeResultsDirectory="b7ce8c45-dd84-4696-998c-f694a9322991" />
    <UnitTestResult executionId="90a3659d-7456-4a38-8114-981d4440d88c" testId="5ff0fe88-c4c8-57d3-5b1a-3f39e1a69737" testName="S2Cognition.Integrations.Monday.Core.Tests.Internal.MondayTagsTests.GetTag_Pass" computerName="MSI" duration="00:00:00.0052863" startTime="2022-12-29T15:17:18.4922965-06:00" endTime="2022-12-29T15:17:18.4922966-06:00" testType="13cdc9d9-ddb5-4fa4-a97d-d965ccfc6d4b" outcome="Passed" testListId="8c84fa94-04c1-424b-9868-57a2d4851a1d" relativeResultsDirectory="90a3659d-7456-4a38-8114-981d4440d88c" />
    <UnitTestResult executionId="63e4f73a-1663-4e25-8a30-7dd67ee8bf94" testId="9494a386-627a-d9e9-f044-8a9379f54cd7" testName="S2Cognition.Integrations.Monday.Core.Tests.Internal.QueryOptionsTests.EnsureGetTeamCanReturnMinimums" computerName="MSI" duration="00:00:00.0022282" startTime="2022-12-29T15:17:18.4933001-06:00" endTime="2022-12-29T15:17:18.4933002-06:00" testType="13cdc9d9-ddb5-4fa4-a97d-d965ccfc6d4b" outcome="Passed" testListId="8c84fa94-04c1-424b-9868-57a2d4851a1d" relativeResultsDirectory="63e4f73a-1663-4e25-8a30-7dd67ee8bf94" />
  </Results>
  <TestDefinitions>
    <UnitTest name="S2Cognition.Integrations.Monday.Core.Tests.Internal.QueryOptionsTests.EnsureGetUsersByAccessTypeWithNewQueryOptionsDefaultsToSameAsOriginalQuery" storage="c:\integrations\s2cognition.integrations\s2cognition.integrations.monday.core.tests\bin\debug\net7.0\s2cognition.integrations.monday.core.tests.dll" id="ca8cc89b-95c4-4a59-05b6-133bc1edac9b">
      <Execution id="00f257a9-7703-4716-a1c9-a22765b7afb2" />
      <TestMethod codeBase="C:\Integrations\S2Cognition.Integrations\S2Cognition.Integrations.Monday.Core.Tests\bin\Debug\net7.0\S2Cognition.Integrations.Monday.Core.Tests.dll" adapterTypeName="executor://xunit/VsTestRunner2/netcoreapp" className="S2Cognition.Integrations.Monday.Core.Tests.Internal.QueryOptionsTests" name="EnsureGetUsersByAccessTypeWithNewQueryOptionsDefaultsToSameAsOriginalQuery" />
    </UnitTest>
    <UnitTest name="S2Cognition.Integrations.Monday.Core.Tests.MondayTests.EnsureGetUsersIsCallable" storage="c:\integrations\s2cognition.integrations\s2cognition.integrations.monday.core.tests\bin\debug\net7.0\s2cognition.integrations.monday.core.tests.dll" id="7879c22d-f4bb-a045-6a39-bd0221cad0a9">
      <Execution id="42b96a60-8c3c-436c-85bf-301c66a2c56c" />
      <TestMethod codeBase="C:\Integrations\S2Cognition.Integrations\S2Cognition.Integrations.Monday.Core.Tests\bin\Debug\net7.0\S2Cognition.Integrations.Monday.Core.Tests.dll" adapterTypeName="executor://xunit/VsTestRunner2/netcoreapp" className="S2Cognition.Integrations.Monday.Core.Tests.MondayTests" name="EnsureGetUsersIsCallable" />
    </UnitTest>
    <UnitTest name="S2Cognition.Integrations.Monday.Core.Tests.Internal.MondayItemsTests.ArchiveItem_Pass" storage="c:\integrations\s2cognition.integrations\s2cognition.integrations.monday.core.tests\bin\debug\net7.0\s2cognition.integrations.monday.core.tests.dll" id="70e1e943-d839-5738-2e19-ede049e672ad">
      <Execution id="c9df7184-046d-47ed-8789-7ce972f358ce" />
      <TestMethod codeBase="C:\Integrations\S2Cognition.Integrations\S2Cognition.Integrations.Monday.Core.Tests\bin\Debug\net7.0\S2Cognition.Integrations.Monday.Core.Tests.dll" adapterTypeName="executor://xunit/VsTestRunner2/netcoreapp" className="S2Cognition.Integrations.Monday.Core.Tests.Internal.MondayItemsTests" name="ArchiveItem_Pass" />
    </UnitTest>
    <UnitTest name="S2Cognition.Integrations.Monday.Core.Tests.Internal.QueryOptionsTests.EnsureGetItemsCanReturnMinimums" storage="c:\integrations\s2cognition.integrations\s2cognition.integrations.monday.core.tests\bin\debug\net7.0\s2cognition.integrations.monday.core.tests.dll" id="f40f4a10-7804-b0b1-19cc-183b8b6034d9">
      <Execution id="7408a878-fe26-4d13-803f-4546cce7ff53" />
      <TestMethod codeBase="C:\Integrations\S2Cognition.Integrations\S2Cognition.Integrations.Monday.Core.Tests\bin\Debug\net7.0\S2Cognition.Integrations.Monday.Core.Tests.dll" adapterTypeName="executor://xunit/VsTestRunner2/netcoreapp" className="S2Cognition.Integrations.Monday.Core.Tests.Internal.QueryOptionsTests" name="EnsureGetItemsCanReturnMinimums" />
    </UnitTest>
    <UnitTest name="S2Cognition.Integrations.Monday.Core.Tests.Internal.QueryOptionsTests.EnsureGetTagsWithNewQueryOptionsDefaultsToSameAsOriginalQuery" storage="c:\integrations\s2cognition.integrations\s2cognition.integrations.monday.core.tests\bin\debug\net7.0\s2cognition.integrations.monday.core.tests.dll" id="904befda-a066-d594-f096-7682165f1bea">
      <Execution id="574bfc09-d39c-4bd1-8788-f422cdf2990d" />
      <TestMethod codeBase="C:\Integrations\S2Cognition.Integrations\S2Cognition.Integrations.Monday.Core.Tests\bin\Debug\net7.0\S2Cognition.Integrations.Monday.Core.Tests.dll" adapterTypeName="executor://xunit/VsTestRunner2/netcoreapp" className="S2Cognition.Integrations.Monday.Core.Tests.Internal.QueryOptionsTests" name="EnsureGetTagsWithNewQueryOptionsDefaultsToSameAsOriginalQuery" />
    </UnitTest>
    <UnitTest name="S2Cognition.Integrations.Monday.Core.Tests.Internal.QueryOptionsTests.EnsureGetTagCanReturnMinimums" storage="c:\integrations\s2cognition.integrations\s2cognition.integrations.monday.core.tests\bin\debug\net7.0\s2cognition.integrations.monday.core.tests.dll" id="5acd4d80-5c98-c1e6-89be-c4543e302d25">
      <Execution id="96c1dcc8-f2de-4362-99c1-54d1ac2cca0e" />
      <TestMethod codeBase="C:\Integrations\S2Cognition.Integrations\S2Cognition.Integrations.Monday.Core.Tests\bin\Debug\net7.0\S2Cognition.Integrations.Monday.Core.Tests.dll" adapterTypeName="executor://xunit/VsTestRunner2/netcoreapp" className="S2Cognition.Integrations.Monday.Core.Tests.Internal.QueryOptionsTests" name="EnsureGetTagCanReturnMinimums" />
    </UnitTest>
    <UnitTest name="S2Cognition.Integrations.Monday.Core.Tests.Internal.MondayColumnTests.CreateColumn_Pass" storage="c:\integrations\s2cognition.integrations\s2cognition.integrations.monday.core.tests\bin\debug\net7.0\s2cognition.integrations.monday.core.tests.dll" id="fd5759ff-5cef-d692-26f2-712fc30c6007">
      <Execution id="f7e7b3bb-8a7f-4f08-b446-435d7877412e" />
      <TestMethod codeBase="C:\Integrations\S2Cognition.Integrations\S2Cognition.Integrations.Monday.Core.Tests\bin\Debug\net7.0\S2Cognition.Integrations.Monday.Core.Tests.dll" adapterTypeName="executor://xunit/VsTestRunner2/netcoreapp" className="S2Cognition.Integrations.Monday.Core.Tests.Internal.MondayColumnTests" name="CreateColumn_Pass" />
    </UnitTest>
    <UnitTest name="S2Cognition.Integrations.Monday.Core.Tests.Internal.QueryOptionsTests.EnsureGetBoardWithNewQueryOptionsDefaultsToSameAsOriginalQuery" storage="c:\integrations\s2cognition.integrations\s2cognition.integrations.monday.core.tests\bin\debug\net7.0\s2cognition.integrations.monday.core.tests.dll" id="37321cf0-c01b-eed6-3d62-c68e4caefa2a">
      <Execution id="3e1abdbd-d402-4d63-8005-2071cf94ece1" />
      <TestMethod codeBase="C:\Integrations\S2Cognition.Integrations\S2Cognition.Integrations.Monday.Core.Tests\bin\Debug\net7.0\S2Cognition.Integrations.Monday.Core.Tests.dll" adapterTypeName="executor://xunit/VsTestRunner2/netcoreapp" className="S2Cognition.Integrations.Monday.Core.Tests.Internal.QueryOptionsTests" name="EnsureGetBoardWithNewQueryOptionsDefaultsToSameAsOriginalQuery" />
    </UnitTest>
    <UnitTest name="S2Cognition.Integrations.Monday.Core.Tests.Internal.QueryOptionsTests.EnsureGetGroupsCanReturnMaximums" storage="c:\integrations\s2cognition.integrations\s2cognition.integrations.monday.core.tests\bin\debug\net7.0\s2cognition.integrations.monday.core.tests.dll" id="3b41359e-553a-c4ee-01d7-ffa32d869aeb">
      <Execution id="2ab3a8cd-9030-4595-8461-61aefec79c90" />
      <TestMethod codeBase="C:\Integrations\S2Cognition.Integrations\S2Cognition.Integrations.Monday.Core.Tests\bin\Debug\net7.0\S2Cognition.Integrations.Monday.Core.Tests.dll" adapterTypeName="executor://xunit/VsTestRunner2/netcoreapp" className="S2Cognition.Integrations.Monday.Core.Tests.Internal.QueryOptionsTests" name="EnsureGetGroupsCanReturnMaximums" />
    </UnitTest>
    <UnitTest name="S2Cognition.Integrations.Monday.Core.Tests.Internal.MondayTeamTests.GetTeams_Pass" storage="c:\integrations\s2cognition.integrations\s2cognition.integrations.monday.core.tests\bin\debug\net7.0\s2cognition.integrations.monday.core.tests.dll" id="29e39a12-0b1b-13ca-8d6c-998304c252ed">
      <Execution id="d873785e-c68e-450d-852b-d3f17b5fc1ac" />
      <TestMethod codeBase="C:\Integrations\S2Cognition.Integrations\S2Cognition.Integrations.Monday.Core.Tests\bin\Debug\net7.0\S2Cognition.Integrations.Monday.Core.Tests.dll" adapterTypeName="executor://xunit/VsTestRunner2/netcoreapp" className="S2Cognition.Integrations.Monday.Core.Tests.Internal.MondayTeamTests" name="GetTeams_Pass" />
    </UnitTest>
    <UnitTest name="S2Cognition.Integrations.Monday.Core.Tests.Internal.QueryOptionsTests.EnsureGetUsersCanReturnMaximums" storage="c:\integrations\s2cognition.integrations\s2cognition.integrations.monday.core.tests\bin\debug\net7.0\s2cognition.integrations.monday.core.tests.dll" id="b7d3a67a-8e46-fe49-d504-31fe9e1a6693">
      <Execution id="f23aa9c6-99eb-4c41-9749-487cccbaa6b9" />
      <TestMethod codeBase="C:\Integrations\S2Cognition.Integrations\S2Cognition.Integrations.Monday.Core.Tests\bin\Debug\net7.0\S2Cognition.Integrations.Monday.Core.Tests.dll" adapterTypeName="executor://xunit/VsTestRunner2/netcoreapp" className="S2Cognition.Integrations.Monday.Core.Tests.Internal.QueryOptionsTests" name="EnsureGetUsersCanReturnMaximums" />
    </UnitTest>
    <UnitTest name="S2Cognition.Integrations.Monday.Core.Tests.Internal.MondayItemsTests.DeleteItem_Pass" storage="c:\integrations\s2cognition.integrations\s2cognition.integrations.monday.core.tests\bin\debug\net7.0\s2cognition.integrations.monday.core.tests.dll" id="e3d40a78-7398-4a22-fa97-68b3e9fe9d7e">
      <Execution id="1cb97f5c-a0bf-4814-bf38-ba0efe86afa3" />
      <TestMethod codeBase="C:\Integrations\S2Cognition.Integrations\S2Cognition.Integrations.Monday.Core.Tests\bin\Debug\net7.0\S2Cognition.Integrations.Monday.Core.Tests.dll" adapterTypeName="executor://xunit/VsTestRunner2/netcoreapp" className="S2Cognition.Integrations.Monday.Core.Tests.Internal.MondayItemsTests" name="DeleteItem_Pass" />
    </UnitTest>
    <UnitTest name="S2Cognition.Integrations.Monday.Core.Tests.Internal.QueryOptionsTests.EnsureGetUserCanReturnMinimums" storage="c:\integrations\s2cognition.integrations\s2cognition.integrations.monday.core.tests\bin\debug\net7.0\s2cognition.integrations.monday.core.tests.dll" id="97c9bf93-e9b6-7153-32b6-e6a19e001765">
      <Execution id="129dd327-d9e9-40d3-9fda-9ee3721122e0" />
      <TestMethod codeBase="C:\Integrations\S2Cognition.Integrations\S2Cognition.Integrations.Monday.Core.Tests\bin\Debug\net7.0\S2Cognition.Integrations.Monday.Core.Tests.dll" adapterTypeName="executor://xunit/VsTestRunner2/netcoreapp" className="S2Cognition.Integrations.Monday.Core.Tests.Internal.QueryOptionsTests" name="EnsureGetUserCanReturnMinimums" />
    </UnitTest>
    <UnitTest name="S2Cognition.Integrations.Monday.Core.Tests.Internal.QueryOptionsTests.EnsureGetUserCanReturnMaximums" storage="c:\integrations\s2cognition.integrations\s2cognition.integrations.monday.core.tests\bin\debug\net7.0\s2cognition.integrations.monday.core.tests.dll" id="8ed8a62c-d6e9-198e-ae0c-26687ea775fc">
      <Execution id="419332b4-364d-4ea4-9ec6-30149b00e7d1" />
      <TestMethod codeBase="C:\Integrations\S2Cognition.Integrations\S2Cognition.Integrations.Monday.Core.Tests\bin\Debug\net7.0\S2Cognition.Integrations.Monday.Core.Tests.dll" adapterTypeName="executor://xunit/VsTestRunner2/netcoreapp" className="S2Cognition.Integrations.Monday.Core.Tests.Internal.QueryOptionsTests" name="EnsureGetUserCanReturnMaximums" />
    </UnitTest>
    <UnitTest name="S2Cognition.Integrations.Monday.Core.Tests.Internal.MondaySystemTests.GetComplexity_Pass" storage="c:\integrations\s2cognition.integrations\s2cognition.integrations.monday.core.tests\bin\debug\net7.0\s2cognition.integrations.monday.core.tests.dll" id="b6024c5e-cc9f-6000-9f44-e91bed693a04">
      <Execution id="14313b86-2697-451b-8f4e-50d41a69f339" />
      <TestMethod codeBase="C:\Integrations\S2Cognition.Integrations\S2Cognition.Integrations.Monday.Core.Tests\bin\Debug\net7.0\S2Cognition.Integrations.Monday.Core.Tests.dll" adapterTypeName="executor://xunit/VsTestRunner2/netcoreapp" className="S2Cognition.Integrations.Monday.Core.Tests.Internal.MondaySystemTests" name="GetComplexity_Pass" />
    </UnitTest>
    <UnitTest name="S2Cognition.Integrations.Monday.Core.Tests.Internal.QueryOptionsTests.EnsureGetTagCanReturnMaximums" storage="c:\integrations\s2cognition.integrations\s2cognition.integrations.monday.core.tests\bin\debug\net7.0\s2cognition.integrations.monday.core.tests.dll" id="1e4cf267-2c9b-233b-e477-c77c4907d14b">
      <Execution id="36e1a437-f465-4190-898a-16cf5883b5a2" />
      <TestMethod codeBase="C:\Integrations\S2Cognition.Integrations\S2Cognition.Integrations.Monday.Core.Tests\bin\Debug\net7.0\S2Cognition.Integrations.Monday.Core.Tests.dll" adapterTypeName="executor://xunit/VsTestRunner2/netcoreapp" className="S2Cognition.Integrations.Monday.Core.Tests.Internal.QueryOptionsTests" name="EnsureGetTagCanReturnMaximums" />
    </UnitTest>
    <UnitTest name="S2Cognition.Integrations.Monday.Core.Tests.Internal.MondayTeamTests.GetTeam_Pass" storage="c:\integrations\s2cognition.integrations\s2cognition.integrations.monday.core.tests\bin\debug\net7.0\s2cognition.integrations.monday.core.tests.dll" id="699e6104-9a78-55e1-d40b-119cadc433c3">
      <Execution id="7a44713e-d2d4-4a80-9949-f6fa7bc8b21c" />
      <TestMethod codeBase="C:\Integrations\S2Cognition.Integrations\S2Cognition.Integrations.Monday.Core.Tests\bin\Debug\net7.0\S2Cognition.Integrations.Monday.Core.Tests.dll" adapterTypeName="executor://xunit/VsTestRunner2/netcoreapp" className="S2Cognition.Integrations.Monday.Core.Tests.Internal.MondayTeamTests" name="GetTeam_Pass" />
    </UnitTest>
    <UnitTest name="S2Cognition.Integrations.Monday.Core.Tests.Internal.MondayItemsTests.CustomQueryOrMutation_Pass" storage="c:\integrations\s2cognition.integrations\s2cognition.integrations.monday.core.tests\bin\debug\net7.0\s2cognition.integrations.monday.core.tests.dll" id="1f28150e-cea8-6a19-096e-e7f09fc4f033">
      <Execution id="7516a913-2a6e-42da-98e3-4d817529dc33" />
      <TestMethod codeBase="C:\Integrations\S2Cognition.Integrations\S2Cognition.Integrations.Monday.Core.Tests\bin\Debug\net7.0\S2Cognition.Integrations.Monday.Core.Tests.dll" adapterTypeName="executor://xunit/VsTestRunner2/netcoreapp" className="S2Cognition.Integrations.Monday.Core.Tests.Internal.MondayItemsTests" name="CustomQueryOrMutation_Pass" />
    </UnitTest>
    <UnitTest name="S2Cognition.Integrations.Monday.Core.Tests.Internal.QueryOptionsTests.EnsureGetGroupsCanReturnMinimums" storage="c:\integrations\s2cognition.integrations\s2cognition.integrations.monday.core.tests\bin\debug\net7.0\s2cognition.integrations.monday.core.tests.dll" id="7d34bcc7-299a-cd33-e29a-dd50b189da87">
      <Execution id="dddefe27-bbbb-4399-afbf-2336df0cbc4a" />
      <TestMethod codeBase="C:\Integrations\S2Cognition.Integrations\S2Cognition.Integrations.Monday.Core.Tests\bin\Debug\net7.0\S2Cognition.Integrations.Monday.Core.Tests.dll" adapterTypeName="executor://xunit/VsTestRunner2/netcoreapp" className="S2Cognition.Integrations.Monday.Core.Tests.Internal.QueryOptionsTests" name="EnsureGetGroupsCanReturnMinimums" />
    </UnitTest>
    <UnitTest name="S2Cognition.Integrations.Monday.Core.Tests.Internal.QueryOptionsTests.EnsureGetGroupsWithNewQueryOptionsDefaultsToSameAsOriginalQuery" storage="c:\integrations\s2cognition.integrations\s2cognition.integrations.monday.core.tests\bin\debug\net7.0\s2cognition.integrations.monday.core.tests.dll" id="0989752e-4baa-5cb4-5a19-785a2f9a8b1c">
      <Execution id="3e84da2c-67cf-474f-baa4-215474f46e9e" />
      <TestMethod codeBase="C:\Integrations\S2Cognition.Integrations\S2Cognition.Integrations.Monday.Core.Tests\bin\Debug\net7.0\S2Cognition.Integrations.Monday.Core.Tests.dll" adapterTypeName="executor://xunit/VsTestRunner2/netcoreapp" className="S2Cognition.Integrations.Monday.Core.Tests.Internal.QueryOptionsTests" name="EnsureGetGroupsWithNewQueryOptionsDefaultsToSameAsOriginalQuery" />
    </UnitTest>
    <UnitTest name="S2Cognition.Integrations.Monday.Core.Tests.Internal.MondayColumnTests.UpdateColumn_Pass" storage="c:\integrations\s2cognition.integrations\s2cognition.integrations.monday.core.tests\bin\debug\net7.0\s2cognition.integrations.monday.core.tests.dll" id="c245435d-b0a3-64c2-7ed0-ff76f4852c23">
      <Execution id="b7ce8c45-dd84-4696-998c-f694a9322991" />
      <TestMethod codeBase="C:\Integrations\S2Cognition.Integrations\S2Cognition.Integrations.Monday.Core.Tests\bin\Debug\net7.0\S2Cognition.Integrations.Monday.Core.Tests.dll" adapterTypeName="executor://xunit/VsTestRunner2/netcoreapp" className="S2Cognition.Integrations.Monday.Core.Tests.Internal.MondayColumnTests" name="UpdateColumn_Pass" />
    </UnitTest>
    <UnitTest name="S2Cognition.Integrations.Monday.Core.Tests.Internal.QueryOptionsTests.EnsureGetUsersWithNewQueryOptionsDefaultsToSameAsOriginalQuery" storage="c:\integrations\s2cognition.integrations\s2cognition.integrations.monday.core.tests\bin\debug\net7.0\s2cognition.integrations.monday.core.tests.dll" id="4020b962-22b9-9020-b548-6e681ed8f485">
      <Execution id="53f22fa4-b342-47ae-b9e5-41284f26a0f6" />
      <TestMethod codeBase="C:\Integrations\S2Cognition.Integrations\S2Cognition.Integrations.Monday.Core.Tests\bin\Debug\net7.0\S2Cognition.Integrations.Monday.Core.Tests.dll" adapterTypeName="executor://xunit/VsTestRunner2/netcoreapp" className="S2Cognition.Integrations.Monday.Core.Tests.Internal.QueryOptionsTests" name="EnsureGetUsersWithNewQueryOptionsDefaultsToSameAsOriginalQuery" />
    </UnitTest>
    <UnitTest name="S2Cognition.Integrations.Monday.Core.Tests.Internal.MondayItemsTests.GetItems_Pass" storage="c:\integrations\s2cognition.integrations\s2cognition.integrations.monday.core.tests\bin\debug\net7.0\s2cognition.integrations.monday.core.tests.dll" id="286a79c1-cf38-10b2-3c66-6238db8d2e6b">
      <Execution id="057ef493-f85d-43c9-a948-df94f8f56146" />
      <TestMethod codeBase="C:\Integrations\S2Cognition.Integrations\S2Cognition.Integrations.Monday.Core.Tests\bin\Debug\net7.0\S2Cognition.Integrations.Monday.Core.Tests.dll" adapterTypeName="executor://xunit/VsTestRunner2/netcoreapp" className="S2Cognition.Integrations.Monday.Core.Tests.Internal.MondayItemsTests" name="GetItems_Pass" />
    </UnitTest>
    <UnitTest name="S2Cognition.Integrations.Monday.Core.Tests.Internal.QueryOptionsTests.EnsureGetItemCanReturnMinimums" storage="c:\integrations\s2cognition.integrations\s2cognition.integrations.monday.core.tests\bin\debug\net7.0\s2cognition.integrations.monday.core.tests.dll" id="670e15a2-2818-00a1-83de-8910400e8cfd">
      <Execution id="84f83ccb-80e2-4ded-b1b7-2068cc844c52" />
      <TestMethod codeBase="C:\Integrations\S2Cognition.Integrations\S2Cognition.Integrations.Monday.Core.Tests\bin\Debug\net7.0\S2Cognition.Integrations.Monday.Core.Tests.dll" adapterTypeName="executor://xunit/VsTestRunner2/netcoreapp" className="S2Cognition.Integrations.Monday.Core.Tests.Internal.QueryOptionsTests" name="EnsureGetItemCanReturnMinimums" />
    </UnitTest>
    <UnitTest name="S2Cognition.Integrations.Monday.Core.Tests.Internal.MondayGroupsTests.ArchiveGroup_Pass" storage="c:\integrations\s2cognition.integrations\s2cognition.integrations.monday.core.tests\bin\debug\net7.0\s2cognition.integrations.monday.core.tests.dll" id="6772f89f-c983-ba69-e6fa-efff4c2a9593">
      <Execution id="bc8d327f-f07a-472e-8f02-1b6ec3b2ce9e" />
      <TestMethod codeBase="C:\Integrations\S2Cognition.Integrations\S2Cognition.Integrations.Monday.Core.Tests\bin\Debug\net7.0\S2Cognition.Integrations.Monday.Core.Tests.dll" adapterTypeName="executor://xunit/VsTestRunner2/netcoreapp" className="S2Cognition.Integrations.Monday.Core.Tests.Internal.MondayGroupsTests" name="ArchiveGroup_Pass" />
    </UnitTest>
    <UnitTest name="S2Cognition.Integrations.Monday.Core.Tests.Internal.MondayBoardTests.ArchiveBoard_Pass" storage="c:\integrations\s2cognition.integrations\s2cognition.integrations.monday.core.tests\bin\debug\net7.0\s2cognition.integrations.monday.core.tests.dll" id="37051fb3-77bb-cf2b-6c03-648a546869cc">
      <Execution id="9f5c6dd0-04c0-417a-a8a4-e2ed983bd30e" />
      <TestMethod codeBase="C:\Integrations\S2Cognition.Integrations\S2Cognition.Integrations.Monday.Core.Tests\bin\Debug\net7.0\S2Cognition.Integrations.Monday.Core.Tests.dll" adapterTypeName="executor://xunit/VsTestRunner2/netcoreapp" className="S2Cognition.Integrations.Monday.Core.Tests.Internal.MondayBoardTests" name="ArchiveBoard_Pass" />
    </UnitTest>
    <UnitTest name="S2Cognition.Integrations.Monday.Core.Tests.Internal.QueryOptionsTests.EnsureGetItemsCanReturnMaximums" storage="c:\integrations\s2cognition.integrations\s2cognition.integrations.monday.core.tests\bin\debug\net7.0\s2cognition.integrations.monday.core.tests.dll" id="f1227b7d-c8f7-8375-5cb6-1b981226c09d">
      <Execution id="4aa5ebd9-f471-4acc-b97e-50e72a12dfb1" />
      <TestMethod codeBase="C:\Integrations\S2Cognition.Integrations\S2Cognition.Integrations.Monday.Core.Tests\bin\Debug\net7.0\S2Cognition.Integrations.Monday.Core.Tests.dll" adapterTypeName="executor://xunit/VsTestRunner2/netcoreapp" className="S2Cognition.Integrations.Monday.Core.Tests.Internal.QueryOptionsTests" name="EnsureGetItemsCanReturnMaximums" />
    </UnitTest>
    <UnitTest name="S2Cognition.Integrations.Monday.Core.Tests.Internal.QueryOptionsTests.EnsureGetTagsCanReturnMaximums" storage="c:\integrations\s2cognition.integrations\s2cognition.integrations.monday.core.tests\bin\debug\net7.0\s2cognition.integrations.monday.core.tests.dll" id="6a7b4e50-2875-002c-db7c-87121ab38351">
      <Execution id="645bdd6e-c576-4a4d-858a-cfb79b4bab94" />
      <TestMethod codeBase="C:\Integrations\S2Cognition.Integrations\S2Cognition.Integrations.Monday.Core.Tests\bin\Debug\net7.0\S2Cognition.Integrations.Monday.Core.Tests.dll" adapterTypeName="executor://xunit/VsTestRunner2/netcoreapp" className="S2Cognition.Integrations.Monday.Core.Tests.Internal.QueryOptionsTests" name="EnsureGetTagsCanReturnMaximums" />
    </UnitTest>
    <UnitTest name="S2Cognition.Integrations.Monday.Core.Tests.Internal.QueryOptionsTests.EnsureGetTagWithNewQueryOptionsDefaultsToSameAsOriginalQuery" storage="c:\integrations\s2cognition.integrations\s2cognition.integrations.monday.core.tests\bin\debug\net7.0\s2cognition.integrations.monday.core.tests.dll" id="c72e751f-4715-ef7d-d196-f91200915af9">
      <Execution id="d416f6ee-9dfb-473b-be73-a10d2549628e" />
      <TestMethod codeBase="C:\Integrations\S2Cognition.Integrations\S2Cognition.Integrations.Monday.Core.Tests\bin\Debug\net7.0\S2Cognition.Integrations.Monday.Core.Tests.dll" adapterTypeName="executor://xunit/VsTestRunner2/netcoreapp" className="S2Cognition.Integrations.Monday.Core.Tests.Internal.QueryOptionsTests" name="EnsureGetTagWithNewQueryOptionsDefaultsToSameAsOriginalQuery" />
    </UnitTest>
    <UnitTest name="S2Cognition.Integrations.Monday.Core.Tests.Internal.QueryOptionsTests.EnsureGetTeamCanReturnMaximums" storage="c:\integrations\s2cognition.integrations\s2cognition.integrations.monday.core.tests\bin\debug\net7.0\s2cognition.integrations.monday.core.tests.dll" id="e1d12073-8a41-eb5a-464c-27f8af3d47be">
      <Execution id="5980bc09-30fc-42af-827d-8687e386c44a" />
      <TestMethod codeBase="C:\Integrations\S2Cognition.Integrations\S2Cognition.Integrations.Monday.Core.Tests\bin\Debug\net7.0\S2Cognition.Integrations.Monday.Core.Tests.dll" adapterTypeName="executor://xunit/VsTestRunner2/netcoreapp" className="S2Cognition.Integrations.Monday.Core.Tests.Internal.QueryOptionsTests" name="EnsureGetTeamCanReturnMaximums" />
    </UnitTest>
    <UnitTest name="S2Cognition.Integrations.Monday.Core.Tests.Internal.MondayTagsTests.GetTag_Pass" storage="c:\integrations\s2cognition.integrations\s2cognition.integrations.monday.core.tests\bin\debug\net7.0\s2cognition.integrations.monday.core.tests.dll" id="5ff0fe88-c4c8-57d3-5b1a-3f39e1a69737">
      <Execution id="90a3659d-7456-4a38-8114-981d4440d88c" />
      <TestMethod codeBase="C:\Integrations\S2Cognition.Integrations\S2Cognition.Integrations.Monday.Core.Tests\bin\Debug\net7.0\S2Cognition.Integrations.Monday.Core.Tests.dll" adapterTypeName="executor://xunit/VsTestRunner2/netcoreapp" className="S2Cognition.Integrations.Monday.Core.Tests.Internal.MondayTagsTests" name="GetTag_Pass" />
    </UnitTest>
    <UnitTest name="S2Cognition.Integrations.Monday.Core.Tests.Internal.QueryOptionsTests.EnsureGetTagsCanReturnMinimums" storage="c:\integrations\s2cognition.integrations\s2cognition.integrations.monday.core.tests\bin\debug\net7.0\s2cognition.integrations.monday.core.tests.dll" id="83d01415-0376-964e-248c-a57968d4c4ba">
      <Execution id="d5cb7af6-02af-42e8-89c7-b3d4f9d1fc17" />
      <TestMethod codeBase="C:\Integrations\S2Cognition.Integrations\S2Cognition.Integrations.Monday.Core.Tests\bin\Debug\net7.0\S2Cognition.Integrations.Monday.Core.Tests.dll" adapterTypeName="executor://xunit/VsTestRunner2/netcoreapp" className="S2Cognition.Integrations.Monday.Core.Tests.Internal.QueryOptionsTests" name="EnsureGetTagsCanReturnMinimums" />
    </UnitTest>
    <UnitTest name="S2Cognition.Integrations.Monday.Core.Tests.Internal.MondayUserTests.GetUsers_Pass" storage="c:\integrations\s2cognition.integrations\s2cognition.integrations.monday.core.tests\bin\debug\net7.0\s2cognition.integrations.monday.core.tests.dll" id="a6be2696-0cfa-7509-97d1-769ed4f8bc42">
      <Execution id="384a99ee-355b-42d0-a021-08d0f481f5fd" />
      <TestMethod codeBase="C:\Integrations\S2Cognition.Integrations\S2Cognition.Integrations.Monday.Core.Tests\bin\Debug\net7.0\S2Cognition.Integrations.Monday.Core.Tests.dll" adapterTypeName="executor://xunit/VsTestRunner2/netcoreapp" className="S2Cognition.Integrations.Monday.Core.Tests.Internal.MondayUserTests" name="GetUsers_Pass" />
    </UnitTest>
    <UnitTest name="S2Cognition.Integrations.Monday.Core.Tests.Internal.MondayUpdatesTests.CreateUpdate_Pass" storage="c:\integrations\s2cognition.integrations\s2cognition.integrations.monday.core.tests\bin\debug\net7.0\s2cognition.integrations.monday.core.tests.dll" id="3aa2df7a-4bcf-30d2-3510-215610c27c6a">
      <Execution id="1e2cdc1d-773e-4292-9780-a240ae542aaf" />
      <TestMethod codeBase="C:\Integrations\S2Cognition.Integrations\S2Cognition.Integrations.Monday.Core.Tests\bin\Debug\net7.0\S2Cognition.Integrations.Monday.Core.Tests.dll" adapterTypeName="executor://xunit/VsTestRunner2/netcoreapp" className="S2Cognition.Integrations.Monday.Core.Tests.Internal.MondayUpdatesTests" name="CreateUpdate_Pass" />
    </UnitTest>
    <UnitTest name="S2Cognition.Integrations.Monday.Core.Tests.Internal.QueryOptionsTests.EnsureGetItemWithNewQueryOptionsDefaultsToSameAsOriginalQuery" storage="c:\integrations\s2cognition.integrations\s2cognition.integrations.monday.core.tests\bin\debug\net7.0\s2cognition.integrations.monday.core.tests.dll" id="c4ed5dd6-97b8-f60b-60a1-3ed3850e6fa1">
      <Execution id="ff2b0321-767c-4457-b868-6a108a3d24a6" />
      <TestMethod codeBase="C:\Integrations\S2Cognition.Integrations\S2Cognition.Integrations.Monday.Core.Tests\bin\Debug\net7.0\S2Cognition.Integrations.Monday.Core.Tests.dll" adapterTypeName="executor://xunit/VsTestRunner2/netcoreapp" className="S2Cognition.Integrations.Monday.Core.Tests.Internal.QueryOptionsTests" name="EnsureGetItemWithNewQueryOptionsDefaultsToSameAsOriginalQuery" />
    </UnitTest>
    <UnitTest name="S2Cognition.Integrations.Monday.Core.Tests.Internal.MondayTagsTests.GetTags_Pass" storage="c:\integrations\s2cognition.integrations\s2cognition.integrations.monday.core.tests\bin\debug\net7.0\s2cognition.integrations.monday.core.tests.dll" id="3cc1457a-7db2-e650-a582-3cc4ef74bd86">
      <Execution id="f3eab5c8-b3c6-4349-8ae5-e0141c227f04" />
      <TestMethod codeBase="C:\Integrations\S2Cognition.Integrations\S2Cognition.Integrations.Monday.Core.Tests\bin\Debug\net7.0\S2Cognition.Integrations.Monday.Core.Tests.dll" adapterTypeName="executor://xunit/VsTestRunner2/netcoreapp" className="S2Cognition.Integrations.Monday.Core.Tests.Internal.MondayTagsTests" name="GetTags_Pass" />
    </UnitTest>
    <UnitTest name="S2Cognition.Integrations.Monday.Core.Tests.Internal.MondayBoardTests.GetBoards_Pass" storage="c:\integrations\s2cognition.integrations\s2cognition.integrations.monday.core.tests\bin\debug\net7.0\s2cognition.integrations.monday.core.tests.dll" id="46c88540-33b2-2fcf-a4ea-24e23c1d5ff9">
      <Execution id="8364d5c0-2a14-4766-afc9-5c3598259397" />
      <TestMethod codeBase="C:\Integrations\S2Cognition.Integrations\S2Cognition.Integrations.Monday.Core.Tests\bin\Debug\net7.0\S2Cognition.Integrations.Monday.Core.Tests.dll" adapterTypeName="executor://xunit/VsTestRunner2/netcoreapp" className="S2Cognition.Integrations.Monday.Core.Tests.Internal.MondayBoardTests" name="GetBoards_Pass" />
    </UnitTest>
    <UnitTest name="S2Cognition.Integrations.Monday.Core.Tests.Internal.MondayItemsTests.CreateItem_Pass" storage="c:\integrations\s2cognition.integrations\s2cognition.integrations.monday.core.tests\bin\debug\net7.0\s2cognition.integrations.monday.core.tests.dll" id="e200f5e5-ea4d-ef93-2426-d0d7b0ec2c29">
      <Execution id="26c5941d-6ccd-4e13-8620-e16626b4c685" />
      <TestMethod codeBase="C:\Integrations\S2Cognition.Integrations\S2Cognition.Integrations.Monday.Core.Tests\bin\Debug\net7.0\S2Cognition.Integrations.Monday.Core.Tests.dll" adapterTypeName="executor://xunit/VsTestRunner2/netcoreapp" className="S2Cognition.Integrations.Monday.Core.Tests.Internal.MondayItemsTests" name="CreateItem_Pass" />
    </UnitTest>
    <UnitTest name="S2Cognition.Integrations.Monday.Core.Tests.Internal.QueryOptionsTests.EnsureGetBoardCanReturnMaximums" storage="c:\integrations\s2cognition.integrations\s2cognition.integrations.monday.core.tests\bin\debug\net7.0\s2cognition.integrations.monday.core.tests.dll" id="856bbfd7-07ce-4e80-13d9-f04e4e3755c8">
      <Execution id="c92de008-b6e2-49f8-ac33-a99df3e8000c" />
      <TestMethod codeBase="C:\Integrations\S2Cognition.Integrations\S2Cognition.Integrations.Monday.Core.Tests\bin\Debug\net7.0\S2Cognition.Integrations.Monday.Core.Tests.dll" adapterTypeName="executor://xunit/VsTestRunner2/netcoreapp" className="S2Cognition.Integrations.Monday.Core.Tests.Internal.QueryOptionsTests" name="EnsureGetBoardCanReturnMaximums" />
    </UnitTest>
    <UnitTest name="S2Cognition.Integrations.Monday.Core.Tests.Internal.QueryOptionsTests.EnsureGetTeamsCanReturnMaximums" storage="c:\integrations\s2cognition.integrations\s2cognition.integrations.monday.core.tests\bin\debug\net7.0\s2cognition.integrations.monday.core.tests.dll" id="bf6d4cfe-f7f8-bda4-adec-4a809b3ae095">
      <Execution id="93d8b868-553d-41ad-b41f-327ecc06d7fe" />
      <TestMethod codeBase="C:\Integrations\S2Cognition.Integrations\S2Cognition.Integrations.Monday.Core.Tests\bin\Debug\net7.0\S2Cognition.Integrations.Monday.Core.Tests.dll" adapterTypeName="executor://xunit/VsTestRunner2/netcoreapp" className="S2Cognition.Integrations.Monday.Core.Tests.Internal.QueryOptionsTests" name="EnsureGetTeamsCanReturnMaximums" />
    </UnitTest>
    <UnitTest name="S2Cognition.Integrations.Monday.Core.Tests.Internal.MondayTagsTests.CreateTag_Pass" storage="c:\integrations\s2cognition.integrations\s2cognition.integrations.monday.core.tests\bin\debug\net7.0\s2cognition.integrations.monday.core.tests.dll" id="6e24f7c2-254d-33e4-faf1-26dea1d1bc54">
      <Execution id="a3f7b68a-23f2-4df0-994a-db7333102a1c" />
      <TestMethod codeBase="C:\Integrations\S2Cognition.Integrations\S2Cognition.Integrations.Monday.Core.Tests\bin\Debug\net7.0\S2Cognition.Integrations.Monday.Core.Tests.dll" adapterTypeName="executor://xunit/VsTestRunner2/netcoreapp" className="S2Cognition.Integrations.Monday.Core.Tests.Internal.MondayTagsTests" name="CreateTag_Pass" />
    </UnitTest>
    <UnitTest name="S2Cognition.Integrations.Monday.Core.Tests.Internal.QueryOptionsTests.EnsureGetItemsWithNewQueryOptionsDefaultsToSameAsOriginalQuery" storage="c:\integrations\s2cognition.integrations\s2cognition.integrations.monday.core.tests\bin\debug\net7.0\s2cognition.integrations.monday.core.tests.dll" id="582bd4da-d563-0a40-db6b-689ff84cf20b">
      <Execution id="92f2f614-10fc-42e7-ae13-3ae8a4d1cb7c" />
      <TestMethod codeBase="C:\Integrations\S2Cognition.Integrations\S2Cognition.Integrations.Monday.Core.Tests\bin\Debug\net7.0\S2Cognition.Integrations.Monday.Core.Tests.dll" adapterTypeName="executor://xunit/VsTestRunner2/netcoreapp" className="S2Cognition.Integrations.Monday.Core.Tests.Internal.QueryOptionsTests" name="EnsureGetItemsWithNewQueryOptionsDefaultsToSameAsOriginalQuery" />
    </UnitTest>
    <UnitTest name="S2Cognition.Integrations.Monday.Core.Tests.Internal.MondayUpdatesTests.ClearItemUpdates_Pass" storage="c:\integrations\s2cognition.integrations\s2cognition.integrations.monday.core.tests\bin\debug\net7.0\s2cognition.integrations.monday.core.tests.dll" id="5ba5d283-3fc5-9bfc-7776-8e3e68851e24">
      <Execution id="7deb2df9-8177-455f-8b11-25fd326226aa" />
      <TestMethod codeBase="C:\Integrations\S2Cognition.Integrations\S2Cognition.Integrations.Monday.Core.Tests\bin\Debug\net7.0\S2Cognition.Integrations.Monday.Core.Tests.dll" adapterTypeName="executor://xunit/VsTestRunner2/netcoreapp" className="S2Cognition.Integrations.Monday.Core.Tests.Internal.MondayUpdatesTests" name="ClearItemUpdates_Pass" />
    </UnitTest>
    <UnitTest name="S2Cognition.Integrations.Monday.Core.Tests.Internal.QueryOptionsTests.EnsureGetItemCanReturnMaximums" storage="c:\integrations\s2cognition.integrations\s2cognition.integrations.monday.core.tests\bin\debug\net7.0\s2cognition.integrations.monday.core.tests.dll" id="b0364036-532a-17f0-e240-4b2f7553b7e5">
      <Execution id="bf920f8a-b6e5-4c42-a438-826aeb3925b8" />
      <TestMethod codeBase="C:\Integrations\S2Cognition.Integrations\S2Cognition.Integrations.Monday.Core.Tests\bin\Debug\net7.0\S2Cognition.Integrations.Monday.Core.Tests.dll" adapterTypeName="executor://xunit/VsTestRunner2/netcoreapp" className="S2Cognition.Integrations.Monday.Core.Tests.Internal.QueryOptionsTests" name="EnsureGetItemCanReturnMaximums" />
    </UnitTest>
    <UnitTest name="S2Cognition.Integrations.Monday.Core.Tests.Internal.QueryOptionsTests.EnsureGetUserWithNewQueryOptionsDefaultsToSameAsOriginalQuery" storage="c:\integrations\s2cognition.integrations\s2cognition.integrations.monday.core.tests\bin\debug\net7.0\s2cognition.integrations.monday.core.tests.dll" id="a94027fb-8741-0358-60a0-79da4714131a">
      <Execution id="2521885a-e90b-49f0-a435-02283157cb3e" />
      <TestMethod codeBase="C:\Integrations\S2Cognition.Integrations\S2Cognition.Integrations.Monday.Core.Tests\bin\Debug\net7.0\S2Cognition.Integrations.Monday.Core.Tests.dll" adapterTypeName="executor://xunit/VsTestRunner2/netcoreapp" className="S2Cognition.Integrations.Monday.Core.Tests.Internal.QueryOptionsTests" name="EnsureGetUserWithNewQueryOptionsDefaultsToSameAsOriginalQuery" />
    </UnitTest>
    <UnitTest name="S2Cognition.Integrations.Monday.Core.Tests.Internal.QueryOptionsTests.EnsureGetBoardsCanReturnMaximums" storage="c:\integrations\s2cognition.integrations\s2cognition.integrations.monday.core.tests\bin\debug\net7.0\s2cognition.integrations.monday.core.tests.dll" id="b6298783-c9b1-ba27-491e-9e45d1b4abea">
      <Execution id="7d44a5a0-6dfb-4c7b-9886-e4be2d27ce77" />
      <TestMethod codeBase="C:\Integrations\S2Cognition.Integrations\S2Cognition.Integrations.Monday.Core.Tests\bin\Debug\net7.0\S2Cognition.Integrations.Monday.Core.Tests.dll" adapterTypeName="executor://xunit/VsTestRunner2/netcoreapp" className="S2Cognition.Integrations.Monday.Core.Tests.Internal.QueryOptionsTests" name="EnsureGetBoardsCanReturnMaximums" />
    </UnitTest>
    <UnitTest name="S2Cognition.Integrations.Monday.Core.Tests.Internal.MondayBoardTests.CreateBoard_Pass" storage="c:\integrations\s2cognition.integrations\s2cognition.integrations.monday.core.tests\bin\debug\net7.0\s2cognition.integrations.monday.core.tests.dll" id="5e07aaee-af05-c07d-f2b3-414cd34710c1">
      <Execution id="de713887-76ab-42ba-ae32-85db8eb3a3b1" />
      <TestMethod codeBase="C:\Integrations\S2Cognition.Integrations\S2Cognition.Integrations.Monday.Core.Tests\bin\Debug\net7.0\S2Cognition.Integrations.Monday.Core.Tests.dll" adapterTypeName="executor://xunit/VsTestRunner2/netcoreapp" className="S2Cognition.Integrations.Monday.Core.Tests.Internal.MondayBoardTests" name="CreateBoard_Pass" />
    </UnitTest>
    <UnitTest name="S2Cognition.Integrations.Monday.Core.Tests.Internal.MondaySystemTests.GetRateLimit_Pass" storage="c:\integrations\s2cognition.integrations\s2cognition.integrations.monday.core.tests\bin\debug\net7.0\s2cognition.integrations.monday.core.tests.dll" id="4de8177c-a3ef-ef0e-c081-9ae3f23c7531">
      <Execution id="d4cf1bcb-10b6-4b69-ab15-bda299b44e2b" />
      <TestMethod codeBase="C:\Integrations\S2Cognition.Integrations\S2Cognition.Integrations.Monday.Core.Tests\bin\Debug\net7.0\S2Cognition.Integrations.Monday.Core.Tests.dll" adapterTypeName="executor://xunit/VsTestRunner2/netcoreapp" className="S2Cognition.Integrations.Monday.Core.Tests.Internal.MondaySystemTests" name="GetRateLimit_Pass" />
    </UnitTest>
    <UnitTest name="S2Cognition.Integrations.Monday.Core.Tests.Internal.MondayBoardTests.GetBoard_Pass" storage="c:\integrations\s2cognition.integrations\s2cognition.integrations.monday.core.tests\bin\debug\net7.0\s2cognition.integrations.monday.core.tests.dll" id="7785283e-2fa2-577d-b099-0811bd86332e">
      <Execution id="0e7552c6-1731-4d84-9c91-4f93fbcdf08e" />
      <TestMethod codeBase="C:\Integrations\S2Cognition.Integrations\S2Cognition.Integrations.Monday.Core.Tests\bin\Debug\net7.0\S2Cognition.Integrations.Monday.Core.Tests.dll" adapterTypeName="executor://xunit/VsTestRunner2/netcoreapp" className="S2Cognition.Integrations.Monday.Core.Tests.Internal.MondayBoardTests" name="GetBoard_Pass" />
    </UnitTest>
    <UnitTest name="S2Cognition.Integrations.Monday.Core.Tests.Internal.QueryOptionsTests.EnsureGetTeamsCanReturnMinimums" storage="c:\integrations\s2cognition.integrations\s2cognition.integrations.monday.core.tests\bin\debug\net7.0\s2cognition.integrations.monday.core.tests.dll" id="002eaebf-a01f-d452-7b16-eb46be988df6">
      <Execution id="2c8c2ebf-5b70-4488-9bb7-93a809503698" />
      <TestMethod codeBase="C:\Integrations\S2Cognition.Integrations\S2Cognition.Integrations.Monday.Core.Tests\bin\Debug\net7.0\S2Cognition.Integrations.Monday.Core.Tests.dll" adapterTypeName="executor://xunit/VsTestRunner2/netcoreapp" className="S2Cognition.Integrations.Monday.Core.Tests.Internal.QueryOptionsTests" name="EnsureGetTeamsCanReturnMinimums" />
    </UnitTest>
    <UnitTest name="S2Cognition.Integrations.Monday.Core.Tests.Internal.QueryOptionsTests.EnsureGetTeamCanReturnMinimums" storage="c:\integrations\s2cognition.integrations\s2cognition.integrations.monday.core.tests\bin\debug\net7.0\s2cognition.integrations.monday.core.tests.dll" id="9494a386-627a-d9e9-f044-8a9379f54cd7">
      <Execution id="63e4f73a-1663-4e25-8a30-7dd67ee8bf94" />
      <TestMethod codeBase="C:\Integrations\S2Cognition.Integrations\S2Cognition.Integrations.Monday.Core.Tests\bin\Debug\net7.0\S2Cognition.Integrations.Monday.Core.Tests.dll" adapterTypeName="executor://xunit/VsTestRunner2/netcoreapp" className="S2Cognition.Integrations.Monday.Core.Tests.Internal.QueryOptionsTests" name="EnsureGetTeamCanReturnMinimums" />
    </UnitTest>
    <UnitTest name="S2Cognition.Integrations.Monday.Core.Tests.Internal.QueryOptionsTests.EnsureGetBoardsWithNewQueryOptionsDefaultsToSameAsOriginalQuery" storage="c:\integrations\s2cognition.integrations\s2cognition.integrations.monday.core.tests\bin\debug\net7.0\s2cognition.integrations.monday.core.tests.dll" id="74274b9a-6c05-5e11-57f4-f07a126b1d72">
      <Execution id="6847d95e-59e3-483a-bcf1-3095d845645c" />
      <TestMethod codeBase="C:\Integrations\S2Cognition.Integrations\S2Cognition.Integrations.Monday.Core.Tests\bin\Debug\net7.0\S2Cognition.Integrations.Monday.Core.Tests.dll" adapterTypeName="executor://xunit/VsTestRunner2/netcoreapp" className="S2Cognition.Integrations.Monday.Core.Tests.Internal.QueryOptionsTests" name="EnsureGetBoardsWithNewQueryOptionsDefaultsToSameAsOriginalQuery" />
    </UnitTest>
    <UnitTest name="S2Cognition.Integrations.Monday.Core.Tests.Internal.QueryOptionsTests.EnsureGetTeamWithNewQueryOptionsDefaultsToSameAsOriginalQuery" storage="c:\integrations\s2cognition.integrations\s2cognition.integrations.monday.core.tests\bin\debug\net7.0\s2cognition.integrations.monday.core.tests.dll" id="f2e1c8e0-2aa8-c927-fab7-283c464add20">
      <Execution id="0ac960c8-6ec0-4fbd-9ba3-3b42d253f750" />
      <TestMethod codeBase="C:\Integrations\S2Cognition.Integrations\S2Cognition.Integrations.Monday.Core.Tests\bin\Debug\net7.0\S2Cognition.Integrations.Monday.Core.Tests.dll" adapterTypeName="executor://xunit/VsTestRunner2/netcoreapp" className="S2Cognition.Integrations.Monday.Core.Tests.Internal.QueryOptionsTests" name="EnsureGetTeamWithNewQueryOptionsDefaultsToSameAsOriginalQuery" />
    </UnitTest>
    <UnitTest name="S2Cognition.Integrations.Monday.Core.Tests.Internal.MondayUserTests.GetUsers_UserAccessTypes_Pass" storage="c:\integrations\s2cognition.integrations\s2cognition.integrations.monday.core.tests\bin\debug\net7.0\s2cognition.integrations.monday.core.tests.dll" id="58de10b4-534b-6f18-2f4c-a723eb0766d0">
      <Execution id="e488248f-ca3d-4e74-b99d-9c8de87d1296" />
      <TestMethod codeBase="C:\Integrations\S2Cognition.Integrations\S2Cognition.Integrations.Monday.Core.Tests\bin\Debug\net7.0\S2Cognition.Integrations.Monday.Core.Tests.dll" adapterTypeName="executor://xunit/VsTestRunner2/netcoreapp" className="S2Cognition.Integrations.Monday.Core.Tests.Internal.MondayUserTests" name="GetUsers_UserAccessTypes_Pass" />
    </UnitTest>
    <UnitTest name="S2Cognition.Integrations.Monday.Core.Tests.Internal.MondayGroupsTests.CreateGroup_Pass" storage="c:\integrations\s2cognition.integrations\s2cognition.integrations.monday.core.tests\bin\debug\net7.0\s2cognition.integrations.monday.core.tests.dll" id="8687e80b-497d-c3e0-d1a0-623791adeab4">
      <Execution id="e8110fd9-7dd5-4e49-9506-ee32c19c69c7" />
      <TestMethod codeBase="C:\Integrations\S2Cognition.Integrations\S2Cognition.Integrations.Monday.Core.Tests\bin\Debug\net7.0\S2Cognition.Integrations.Monday.Core.Tests.dll" adapterTypeName="executor://xunit/VsTestRunner2/netcoreapp" className="S2Cognition.Integrations.Monday.Core.Tests.Internal.MondayGroupsTests" name="CreateGroup_Pass" />
    </UnitTest>
    <UnitTest name="S2Cognition.Integrations.Monday.Core.Tests.Internal.QueryOptionsTests.EnsureGetBoardCanReturnMinimums" storage="c:\integrations\s2cognition.integrations\s2cognition.integrations.monday.core.tests\bin\debug\net7.0\s2cognition.integrations.monday.core.tests.dll" id="60fd7a38-e994-b056-025f-4b68bd7e74bb">
      <Execution id="1310a1cc-3d7d-4061-8097-7e43b0e2f8cb" />
      <TestMethod codeBase="C:\Integrations\S2Cognition.Integrations\S2Cognition.Integrations.Monday.Core.Tests\bin\Debug\net7.0\S2Cognition.Integrations.Monday.Core.Tests.dll" adapterTypeName="executor://xunit/VsTestRunner2/netcoreapp" className="S2Cognition.Integrations.Monday.Core.Tests.Internal.QueryOptionsTests" name="EnsureGetBoardCanReturnMinimums" />
    </UnitTest>
    <UnitTest name="S2Cognition.Integrations.Monday.Core.Tests.Internal.QueryOptionsTests.EnsureGetBoardsCanReturnMinimums" storage="c:\integrations\s2cognition.integrations\s2cognition.integrations.monday.core.tests\bin\debug\net7.0\s2cognition.integrations.monday.core.tests.dll" id="c2cd20d0-54ba-4173-27de-9e34dd6187a2">
      <Execution id="f98e2f2b-b43f-4092-9f95-440d5929a3eb" />
      <TestMethod codeBase="C:\Integrations\S2Cognition.Integrations\S2Cognition.Integrations.Monday.Core.Tests\bin\Debug\net7.0\S2Cognition.Integrations.Monday.Core.Tests.dll" adapterTypeName="executor://xunit/VsTestRunner2/netcoreapp" className="S2Cognition.Integrations.Monday.Core.Tests.Internal.QueryOptionsTests" name="EnsureGetBoardsCanReturnMinimums" />
    </UnitTest>
    <UnitTest name="S2Cognition.Integrations.Monday.Core.Tests.Internal.MondayUserTests.GetUser_Pass" storage="c:\integrations\s2cognition.integrations\s2cognition.integrations.monday.core.tests\bin\debug\net7.0\s2cognition.integrations.monday.core.tests.dll" id="21705279-1176-84a3-7593-433546a218f6">
      <Execution id="00ca995f-9d36-49e8-acc8-94f575d5aa47" />
      <TestMethod codeBase="C:\Integrations\S2Cognition.Integrations\S2Cognition.Integrations.Monday.Core.Tests\bin\Debug\net7.0\S2Cognition.Integrations.Monday.Core.Tests.dll" adapterTypeName="executor://xunit/VsTestRunner2/netcoreapp" className="S2Cognition.Integrations.Monday.Core.Tests.Internal.MondayUserTests" name="GetUser_Pass" />
    </UnitTest>
    <UnitTest name="S2Cognition.Integrations.Monday.Core.Tests.Internal.MondayItemsTests.GetItem_Pass" storage="c:\integrations\s2cognition.integrations\s2cognition.integrations.monday.core.tests\bin\debug\net7.0\s2cognition.integrations.monday.core.tests.dll" id="6f70f028-4b1a-be4e-c821-5b04f77f1689">
      <Execution id="fdcdda2e-2a75-43d2-80e1-1aaf87ebda06" />
      <TestMethod codeBase="C:\Integrations\S2Cognition.Integrations\S2Cognition.Integrations.Monday.Core.Tests\bin\Debug\net7.0\S2Cognition.Integrations.Monday.Core.Tests.dll" adapterTypeName="executor://xunit/VsTestRunner2/netcoreapp" className="S2Cognition.Integrations.Monday.Core.Tests.Internal.MondayItemsTests" name="GetItem_Pass" />
    </UnitTest>
    <UnitTest name="S2Cognition.Integrations.Monday.Core.Tests.Internal.MondayGroupsTests.DeleteGroup_Pass" storage="c:\integrations\s2cognition.integrations\s2cognition.integrations.monday.core.tests\bin\debug\net7.0\s2cognition.integrations.monday.core.tests.dll" id="b2cf74ef-0af5-e7f1-61af-1a4383953923">
      <Execution id="2433566f-f47b-4199-bfb4-c145e4fb16a1" />
      <TestMethod codeBase="C:\Integrations\S2Cognition.Integrations\S2Cognition.Integrations.Monday.Core.Tests\bin\Debug\net7.0\S2Cognition.Integrations.Monday.Core.Tests.dll" adapterTypeName="executor://xunit/VsTestRunner2/netcoreapp" className="S2Cognition.Integrations.Monday.Core.Tests.Internal.MondayGroupsTests" name="DeleteGroup_Pass" />
    </UnitTest>
    <UnitTest name="S2Cognition.Integrations.Monday.Core.Tests.Internal.QueryOptionsTests.EnsureGetTeamsWithNewQueryOptionsDefaultsToSameAsOriginalQuery" storage="c:\integrations\s2cognition.integrations\s2cognition.integrations.monday.core.tests\bin\debug\net7.0\s2cognition.integrations.monday.core.tests.dll" id="e9af5911-ac89-b1d9-f02f-d942b57cba23">
      <Execution id="b6cca9c5-9516-47d1-b3c4-0be04cbcbb39" />
      <TestMethod codeBase="C:\Integrations\S2Cognition.Integrations\S2Cognition.Integrations.Monday.Core.Tests\bin\Debug\net7.0\S2Cognition.Integrations.Monday.Core.Tests.dll" adapterTypeName="executor://xunit/VsTestRunner2/netcoreapp" className="S2Cognition.Integrations.Monday.Core.Tests.Internal.QueryOptionsTests" name="EnsureGetTeamsWithNewQueryOptionsDefaultsToSameAsOriginalQuery" />
    </UnitTest>
    <UnitTest name="S2Cognition.Integrations.Monday.Core.Tests.Internal.MondayGroupsTests.UpdateItemGroup_Pass" storage="c:\integrations\s2cognition.integrations\s2cognition.integrations.monday.core.tests\bin\debug\net7.0\s2cognition.integrations.monday.core.tests.dll" id="85571e0c-41e0-2a36-b25a-34ddc2fba4c9">
      <Execution id="4f487ea4-0e61-45f1-8241-19d95553a71a" />
      <TestMethod codeBase="C:\Integrations\S2Cognition.Integrations\S2Cognition.Integrations.Monday.Core.Tests\bin\Debug\net7.0\S2Cognition.Integrations.Monday.Core.Tests.dll" adapterTypeName="executor://xunit/VsTestRunner2/netcoreapp" className="S2Cognition.Integrations.Monday.Core.Tests.Internal.MondayGroupsTests" name="UpdateItemGroup_Pass" />
    </UnitTest>
    <UnitTest name="S2Cognition.Integrations.Monday.Core.Tests.Internal.QueryOptionsTests.EnsureGetUsersCanReturnMinimums" storage="c:\integrations\s2cognition.integrations\s2cognition.integrations.monday.core.tests\bin\debug\net7.0\s2cognition.integrations.monday.core.tests.dll" id="b4784567-afa7-ed1d-3bc1-4928fe30a7c6">
      <Execution id="725d13ad-6cee-427b-8bc5-f326f08134c0" />
      <TestMethod codeBase="C:\Integrations\S2Cognition.Integrations\S2Cognition.Integrations.Monday.Core.Tests\bin\Debug\net7.0\S2Cognition.Integrations.Monday.Core.Tests.dll" adapterTypeName="executor://xunit/VsTestRunner2/netcoreapp" className="S2Cognition.Integrations.Monday.Core.Tests.Internal.QueryOptionsTests" name="EnsureGetUsersCanReturnMinimums" />
    </UnitTest>
    <UnitTest name="S2Cognition.Integrations.Monday.Core.Tests.Internal.MondayGroupsTests.GetGroups_Pass" storage="c:\integrations\s2cognition.integrations\s2cognition.integrations.monday.core.tests\bin\debug\net7.0\s2cognition.integrations.monday.core.tests.dll" id="6c79372e-ce76-4557-ad0c-f31c0d46e60d">
      <Execution id="9e3f8a9f-4215-4865-8321-e5e7483fefa6" />
      <TestMethod codeBase="C:\Integrations\S2Cognition.Integrations\S2Cognition.Integrations.Monday.Core.Tests\bin\Debug\net7.0\S2Cognition.Integrations.Monday.Core.Tests.dll" adapterTypeName="executor://xunit/VsTestRunner2/netcoreapp" className="S2Cognition.Integrations.Monday.Core.Tests.Internal.MondayGroupsTests" name="GetGroups_Pass" />
    </UnitTest>
  </TestDefinitions>
  <TestEntries>
    <TestEntry testId="856bbfd7-07ce-4e80-13d9-f04e4e3755c8" executionId="c92de008-b6e2-49f8-ac33-a99df3e8000c" testListId="8c84fa94-04c1-424b-9868-57a2d4851a1d" />
    <TestEntry testId="3b41359e-553a-c4ee-01d7-ffa32d869aeb" executionId="2ab3a8cd-9030-4595-8461-61aefec79c90" testListId="8c84fa94-04c1-424b-9868-57a2d4851a1d" />
    <TestEntry testId="7785283e-2fa2-577d-b099-0811bd86332e" executionId="0e7552c6-1731-4d84-9c91-4f93fbcdf08e" testListId="8c84fa94-04c1-424b-9868-57a2d4851a1d" />
    <TestEntry testId="5e07aaee-af05-c07d-f2b3-414cd34710c1" executionId="de713887-76ab-42ba-ae32-85db8eb3a3b1" testListId="8c84fa94-04c1-424b-9868-57a2d4851a1d" />
    <TestEntry testId="e9af5911-ac89-b1d9-f02f-d942b57cba23" executionId="b6cca9c5-9516-47d1-b3c4-0be04cbcbb39" testListId="8c84fa94-04c1-424b-9868-57a2d4851a1d" />
    <TestEntry testId="3cc1457a-7db2-e650-a582-3cc4ef74bd86" executionId="f3eab5c8-b3c6-4349-8ae5-e0141c227f04" testListId="8c84fa94-04c1-424b-9868-57a2d4851a1d" />
    <TestEntry testId="5acd4d80-5c98-c1e6-89be-c4543e302d25" executionId="96c1dcc8-f2de-4362-99c1-54d1ac2cca0e" testListId="8c84fa94-04c1-424b-9868-57a2d4851a1d" />
    <TestEntry testId="60fd7a38-e994-b056-025f-4b68bd7e74bb" executionId="1310a1cc-3d7d-4061-8097-7e43b0e2f8cb" testListId="8c84fa94-04c1-424b-9868-57a2d4851a1d" />
    <TestEntry testId="74274b9a-6c05-5e11-57f4-f07a126b1d72" executionId="6847d95e-59e3-483a-bcf1-3095d845645c" testListId="8c84fa94-04c1-424b-9868-57a2d4851a1d" />
    <TestEntry testId="7d34bcc7-299a-cd33-e29a-dd50b189da87" executionId="dddefe27-bbbb-4399-afbf-2336df0cbc4a" testListId="8c84fa94-04c1-424b-9868-57a2d4851a1d" />
    <TestEntry testId="4de8177c-a3ef-ef0e-c081-9ae3f23c7531" executionId="d4cf1bcb-10b6-4b69-ab15-bda299b44e2b" testListId="8c84fa94-04c1-424b-9868-57a2d4851a1d" />
    <TestEntry testId="a6be2696-0cfa-7509-97d1-769ed4f8bc42" executionId="384a99ee-355b-42d0-a021-08d0f481f5fd" testListId="8c84fa94-04c1-424b-9868-57a2d4851a1d" />
    <TestEntry testId="f2e1c8e0-2aa8-c927-fab7-283c464add20" executionId="0ac960c8-6ec0-4fbd-9ba3-3b42d253f750" testListId="8c84fa94-04c1-424b-9868-57a2d4851a1d" />
    <TestEntry testId="b4784567-afa7-ed1d-3bc1-4928fe30a7c6" executionId="725d13ad-6cee-427b-8bc5-f326f08134c0" testListId="8c84fa94-04c1-424b-9868-57a2d4851a1d" />
    <TestEntry testId="4020b962-22b9-9020-b548-6e681ed8f485" executionId="53f22fa4-b342-47ae-b9e5-41284f26a0f6" testListId="8c84fa94-04c1-424b-9868-57a2d4851a1d" />
    <TestEntry testId="ca8cc89b-95c4-4a59-05b6-133bc1edac9b" executionId="00f257a9-7703-4716-a1c9-a22765b7afb2" testListId="8c84fa94-04c1-424b-9868-57a2d4851a1d" />
    <TestEntry testId="c2cd20d0-54ba-4173-27de-9e34dd6187a2" executionId="f98e2f2b-b43f-4092-9f95-440d5929a3eb" testListId="8c84fa94-04c1-424b-9868-57a2d4851a1d" />
    <TestEntry testId="e3d40a78-7398-4a22-fa97-68b3e9fe9d7e" executionId="1cb97f5c-a0bf-4814-bf38-ba0efe86afa3" testListId="8c84fa94-04c1-424b-9868-57a2d4851a1d" />
    <TestEntry testId="8ed8a62c-d6e9-198e-ae0c-26687ea775fc" executionId="419332b4-364d-4ea4-9ec6-30149b00e7d1" testListId="8c84fa94-04c1-424b-9868-57a2d4851a1d" />
    <TestEntry testId="b0364036-532a-17f0-e240-4b2f7553b7e5" executionId="bf920f8a-b6e5-4c42-a438-826aeb3925b8" testListId="8c84fa94-04c1-424b-9868-57a2d4851a1d" />
    <TestEntry testId="e1d12073-8a41-eb5a-464c-27f8af3d47be" executionId="5980bc09-30fc-42af-827d-8687e386c44a" testListId="8c84fa94-04c1-424b-9868-57a2d4851a1d" />
    <TestEntry testId="c72e751f-4715-ef7d-d196-f91200915af9" executionId="d416f6ee-9dfb-473b-be73-a10d2549628e" testListId="8c84fa94-04c1-424b-9868-57a2d4851a1d" />
    <TestEntry testId="83d01415-0376-964e-248c-a57968d4c4ba" executionId="d5cb7af6-02af-42e8-89c7-b3d4f9d1fc17" testListId="8c84fa94-04c1-424b-9868-57a2d4851a1d" />
    <TestEntry testId="286a79c1-cf38-10b2-3c66-6238db8d2e6b" executionId="057ef493-f85d-43c9-a948-df94f8f56146" testListId="8c84fa94-04c1-424b-9868-57a2d4851a1d" />
    <TestEntry testId="bf6d4cfe-f7f8-bda4-adec-4a809b3ae095" executionId="93d8b868-553d-41ad-b41f-327ecc06d7fe" testListId="8c84fa94-04c1-424b-9868-57a2d4851a1d" />
    <TestEntry testId="f1227b7d-c8f7-8375-5cb6-1b981226c09d" executionId="4aa5ebd9-f471-4acc-b97e-50e72a12dfb1" testListId="8c84fa94-04c1-424b-9868-57a2d4851a1d" />
    <TestEntry testId="1f28150e-cea8-6a19-096e-e7f09fc4f033" executionId="7516a913-2a6e-42da-98e3-4d817529dc33" testListId="8c84fa94-04c1-424b-9868-57a2d4851a1d" />
    <TestEntry testId="6a7b4e50-2875-002c-db7c-87121ab38351" executionId="645bdd6e-c576-4a4d-858a-cfb79b4bab94" testListId="8c84fa94-04c1-424b-9868-57a2d4851a1d" />
    <TestEntry testId="b2cf74ef-0af5-e7f1-61af-1a4383953923" executionId="2433566f-f47b-4199-bfb4-c145e4fb16a1" testListId="8c84fa94-04c1-424b-9868-57a2d4851a1d" />
    <TestEntry testId="6f70f028-4b1a-be4e-c821-5b04f77f1689" executionId="fdcdda2e-2a75-43d2-80e1-1aaf87ebda06" testListId="8c84fa94-04c1-424b-9868-57a2d4851a1d" />
    <TestEntry testId="002eaebf-a01f-d452-7b16-eb46be988df6" executionId="2c8c2ebf-5b70-4488-9bb7-93a809503698" testListId="8c84fa94-04c1-424b-9868-57a2d4851a1d" />
    <TestEntry testId="904befda-a066-d594-f096-7682165f1bea" executionId="574bfc09-d39c-4bd1-8788-f422cdf2990d" testListId="8c84fa94-04c1-424b-9868-57a2d4851a1d" />
    <TestEntry testId="699e6104-9a78-55e1-d40b-119cadc433c3" executionId="7a44713e-d2d4-4a80-9949-f6fa7bc8b21c" testListId="8c84fa94-04c1-424b-9868-57a2d4851a1d" />
    <TestEntry testId="5ba5d283-3fc5-9bfc-7776-8e3e68851e24" executionId="7deb2df9-8177-455f-8b11-25fd326226aa" testListId="8c84fa94-04c1-424b-9868-57a2d4851a1d" />
    <TestEntry testId="f40f4a10-7804-b0b1-19cc-183b8b6034d9" executionId="7408a878-fe26-4d13-803f-4546cce7ff53" testListId="8c84fa94-04c1-424b-9868-57a2d4851a1d" />
    <TestEntry testId="46c88540-33b2-2fcf-a4ea-24e23c1d5ff9" executionId="8364d5c0-2a14-4766-afc9-5c3598259397" testListId="8c84fa94-04c1-424b-9868-57a2d4851a1d" />
    <TestEntry testId="58de10b4-534b-6f18-2f4c-a723eb0766d0" executionId="e488248f-ca3d-4e74-b99d-9c8de87d1296" testListId="8c84fa94-04c1-424b-9868-57a2d4851a1d" />
    <TestEntry testId="b7d3a67a-8e46-fe49-d504-31fe9e1a6693" executionId="f23aa9c6-99eb-4c41-9749-487cccbaa6b9" testListId="8c84fa94-04c1-424b-9868-57a2d4851a1d" />
    <TestEntry testId="21705279-1176-84a3-7593-433546a218f6" executionId="00ca995f-9d36-49e8-acc8-94f575d5aa47" testListId="8c84fa94-04c1-424b-9868-57a2d4851a1d" />
    <TestEntry testId="29e39a12-0b1b-13ca-8d6c-998304c252ed" executionId="d873785e-c68e-450d-852b-d3f17b5fc1ac" testListId="8c84fa94-04c1-424b-9868-57a2d4851a1d" />
    <TestEntry testId="582bd4da-d563-0a40-db6b-689ff84cf20b" executionId="92f2f614-10fc-42e7-ae13-3ae8a4d1cb7c" testListId="8c84fa94-04c1-424b-9868-57a2d4851a1d" />
    <TestEntry testId="7879c22d-f4bb-a045-6a39-bd0221cad0a9" executionId="42b96a60-8c3c-436c-85bf-301c66a2c56c" testListId="8c84fa94-04c1-424b-9868-57a2d4851a1d" />
    <TestEntry testId="37051fb3-77bb-cf2b-6c03-648a546869cc" executionId="9f5c6dd0-04c0-417a-a8a4-e2ed983bd30e" testListId="8c84fa94-04c1-424b-9868-57a2d4851a1d" />
    <TestEntry testId="97c9bf93-e9b6-7153-32b6-e6a19e001765" executionId="129dd327-d9e9-40d3-9fda-9ee3721122e0" testListId="8c84fa94-04c1-424b-9868-57a2d4851a1d" />
    <TestEntry testId="e200f5e5-ea4d-ef93-2426-d0d7b0ec2c29" executionId="26c5941d-6ccd-4e13-8620-e16626b4c685" testListId="8c84fa94-04c1-424b-9868-57a2d4851a1d" />
    <TestEntry testId="85571e0c-41e0-2a36-b25a-34ddc2fba4c9" executionId="4f487ea4-0e61-45f1-8241-19d95553a71a" testListId="8c84fa94-04c1-424b-9868-57a2d4851a1d" />
    <TestEntry testId="6772f89f-c983-ba69-e6fa-efff4c2a9593" executionId="bc8d327f-f07a-472e-8f02-1b6ec3b2ce9e" testListId="8c84fa94-04c1-424b-9868-57a2d4851a1d" />
    <TestEntry testId="b6024c5e-cc9f-6000-9f44-e91bed693a04" executionId="14313b86-2697-451b-8f4e-50d41a69f339" testListId="8c84fa94-04c1-424b-9868-57a2d4851a1d" />
    <TestEntry testId="70e1e943-d839-5738-2e19-ede049e672ad" executionId="c9df7184-046d-47ed-8789-7ce972f358ce" testListId="8c84fa94-04c1-424b-9868-57a2d4851a1d" />
    <TestEntry testId="1e4cf267-2c9b-233b-e477-c77c4907d14b" executionId="36e1a437-f465-4190-898a-16cf5883b5a2" testListId="8c84fa94-04c1-424b-9868-57a2d4851a1d" />
    <TestEntry testId="fd5759ff-5cef-d692-26f2-712fc30c6007" executionId="f7e7b3bb-8a7f-4f08-b446-435d7877412e" testListId="8c84fa94-04c1-424b-9868-57a2d4851a1d" />
    <TestEntry testId="0989752e-4baa-5cb4-5a19-785a2f9a8b1c" executionId="3e84da2c-67cf-474f-baa4-215474f46e9e" testListId="8c84fa94-04c1-424b-9868-57a2d4851a1d" />
    <TestEntry testId="8687e80b-497d-c3e0-d1a0-623791adeab4" executionId="e8110fd9-7dd5-4e49-9506-ee32c19c69c7" testListId="8c84fa94-04c1-424b-9868-57a2d4851a1d" />
    <TestEntry testId="6e24f7c2-254d-33e4-faf1-26dea1d1bc54" executionId="a3f7b68a-23f2-4df0-994a-db7333102a1c" testListId="8c84fa94-04c1-424b-9868-57a2d4851a1d" />
    <TestEntry testId="670e15a2-2818-00a1-83de-8910400e8cfd" executionId="84f83ccb-80e2-4ded-b1b7-2068cc844c52" testListId="8c84fa94-04c1-424b-9868-57a2d4851a1d" />
    <TestEntry testId="a94027fb-8741-0358-60a0-79da4714131a" executionId="2521885a-e90b-49f0-a435-02283157cb3e" testListId="8c84fa94-04c1-424b-9868-57a2d4851a1d" />
    <TestEntry testId="37321cf0-c01b-eed6-3d62-c68e4caefa2a" executionId="3e1abdbd-d402-4d63-8005-2071cf94ece1" testListId="8c84fa94-04c1-424b-9868-57a2d4851a1d" />
    <TestEntry testId="3aa2df7a-4bcf-30d2-3510-215610c27c6a" executionId="1e2cdc1d-773e-4292-9780-a240ae542aaf" testListId="8c84fa94-04c1-424b-9868-57a2d4851a1d" />
    <TestEntry testId="b6298783-c9b1-ba27-491e-9e45d1b4abea" executionId="7d44a5a0-6dfb-4c7b-9886-e4be2d27ce77" testListId="8c84fa94-04c1-424b-9868-57a2d4851a1d" />
    <TestEntry testId="c4ed5dd6-97b8-f60b-60a1-3ed3850e6fa1" executionId="ff2b0321-767c-4457-b868-6a108a3d24a6" testListId="8c84fa94-04c1-424b-9868-57a2d4851a1d" />
    <TestEntry testId="6c79372e-ce76-4557-ad0c-f31c0d46e60d" executionId="9e3f8a9f-4215-4865-8321-e5e7483fefa6" testListId="8c84fa94-04c1-424b-9868-57a2d4851a1d" />
    <TestEntry testId="c245435d-b0a3-64c2-7ed0-ff76f4852c23" executionId="b7ce8c45-dd84-4696-998c-f694a9322991" testListId="8c84fa94-04c1-424b-9868-57a2d4851a1d" />
    <TestEntry testId="5ff0fe88-c4c8-57d3-5b1a-3f39e1a69737" executionId="90a3659d-7456-4a38-8114-981d4440d88c" testListId="8c84fa94-04c1-424b-9868-57a2d4851a1d" />
    <TestEntry testId="9494a386-627a-d9e9-f044-8a9379f54cd7" executionId="63e4f73a-1663-4e25-8a30-7dd67ee8bf94" testListId="8c84fa94-04c1-424b-9868-57a2d4851a1d" />
  </TestEntries>
  <TestLists>
    <TestList name="Results Not in a List" id="8c84fa94-04c1-424b-9868-57a2d4851a1d" />
    <TestList name="All Loaded Results" id="19431567-8539-422a-85d7-44ee4e166bda" />
  </TestLists>
  <ResultSummary outcome="Completed">
    <Counters total="64" executed="64" passed="64" failed="0" error="0" timeout="0" aborted="0" inconclusive="0" passedButRunAborted="0" notRunnable="0" notExecuted="0" disconnected="0" warning="0" completed="0" inProgress="0" pending="0" />
    <Output>
      <StdOut>[xUnit.net 00:00:00.00] xUnit.net VSTest Adapter v2.4.5+1caef2f33e (64-bit .NET 7.0.1)&#xD;
[xUnit.net 00:00:00.45]   Discovering: S2Cognition.Integrations.Monday.Core.Tests&#xD;
[xUnit.net 00:00:00.48]   Discovered:  S2Cognition.Integrations.Monday.Core.Tests&#xD;
[xUnit.net 00:00:00.48]   Starting:    S2Cognition.Integrations.Monday.Core.Tests&#xD;
[xUnit.net 00:00:00.69]   Finished:    S2Cognition.Integrations.Monday.Core.Tests&#xD;
</StdOut>
    </Output>
  </ResultSummary>
</TestRun>