<?xml version="1.0" encoding="utf-8"?>
<TestRun id="978a70f3-c7d6-4d08-b535-19fd88d16930" name="CharlesMcCullough@MSI 2022-12-29 15:16:14" runUser="AzureAD\CharlesMcCullough" xmlns="http://microsoft.com/schemas/VisualStudio/TeamTest/2010">
  <Times creation="2022-12-29T15:16:14.0241669-06:00" queuing="2022-12-29T15:16:14.0241672-06:00" start="2022-12-29T15:16:12.8918768-06:00" finish="2022-12-29T15:16:14.1100833-06:00" />
  <TestSettings name="default" id="75f7b080-765a-4165-9f0b-dd786f9827b5">
    <Deployment runDeploymentRoot="CharlesMcCullough_MSI_2022-12-29_15_16_14" />
  </TestSettings>
  <Results>
    <UnitTestResult executionId="fba17fde-0a89-4e4d-8f16-cd0777fb69b6" testId="60fd7a38-e994-b056-025f-4b68bd7e74bb" testName="S2Cognition.Integrations.Monday.Core.Tests.Internal.QueryOptionsTests.EnsureGetBoardCanReturnMinimums" computerName="MSI" duration="00:00:00.0006928" startTime="2022-12-29T15:16:14.0270302-06:00" endTime="2022-12-29T15:16:14.0270303-06:00" testType="13cdc9d9-ddb5-4fa4-a97d-d965ccfc6d4b" outcome="Passed" testListId="8c84fa94-04c1-424b-9868-57a2d4851a1d" relativeResultsDirectory="fba17fde-0a89-4e4d-8f16-cd0777fb69b6" />
    <UnitTestResult executionId="fee1e3c9-d5ee-4049-856c-06b4a7582ea9" testId="8687e80b-497d-c3e0-d1a0-623791adeab4" testName="S2Cognition.Integrations.Monday.Core.Tests.Internal.MondayGroupsTests.CreateGroup_Pass" computerName="MSI" duration="00:00:00.0876104" startTime="2022-12-29T15:16:13.9830661-06:00" endTime="2022-12-29T15:16:13.9830978-06:00" testType="13cdc9d9-ddb5-4fa4-a97d-d965ccfc6d4b" outcome="Passed" testListId="8c84fa94-04c1-424b-9868-57a2d4851a1d" relativeResultsDirectory="fee1e3c9-d5ee-4049-856c-06b4a7582ea9" />
    <UnitTestResult executionId="58b03360-7e6c-4449-8e98-ae120c311377" testId="46c88540-33b2-2fcf-a4ea-24e23c1d5ff9" testName="S2Cognition.Integrations.Monday.Core.Tests.Internal.MondayBoardTests.GetBoards_Pass" computerName="MSI" duration="00:00:00.0923003" startTime="2022-12-29T15:16:13.9926058-06:00" endTime="2022-12-29T15:16:13.9926058-06:00" testType="13cdc9d9-ddb5-4fa4-a97d-d965ccfc6d4b" outcome="Passed" testListId="8c84fa94-04c1-424b-9868-57a2d4851a1d" relativeResultsDirectory="58b03360-7e6c-4449-8e98-ae120c311377" />
    <UnitTestResult executionId="4d32e302-878b-429a-832e-cd5638446dd3" testId="21705279-1176-84a3-7593-433546a218f6" testName="S2Cognition.Integrations.Monday.Core.Tests.Internal.MondayUserTests.GetUser_Pass" computerName="MSI" duration="00:00:00.1039997" startTime="2022-12-29T15:16:14.0111652-06:00" endTime="2022-12-29T15:16:14.0111652-06:00" testType="13cdc9d9-ddb5-4fa4-a97d-d965ccfc6d4b" outcome="Passed" testListId="8c84fa94-04c1-424b-9868-57a2d4851a1d" relativeResultsDirectory="4d32e302-878b-429a-832e-cd5638446dd3" />
    <UnitTestResult executionId="d2e59aaa-baa6-4472-b45d-1d2a7fe33338" testId="58de10b4-534b-6f18-2f4c-a723eb0766d0" testName="S2Cognition.Integrations.Monday.Core.Tests.Internal.MondayUserTests.GetUsers_UserAccessTypes_Pass" computerName="MSI" duration="00:00:00.0110471" startTime="2022-12-29T15:16:14.0115655-06:00" endTime="2022-12-29T15:16:14.0115656-06:00" testType="13cdc9d9-ddb5-4fa4-a97d-d965ccfc6d4b" outcome="Passed" testListId="8c84fa94-04c1-424b-9868-57a2d4851a1d" relativeResultsDirectory="d2e59aaa-baa6-4472-b45d-1d2a7fe33338" />
    <UnitTestResult executionId="035e58b3-233a-4105-be74-5a56099d25d1" testId="74274b9a-6c05-5e11-57f4-f07a126b1d72" testName="S2Cognition.Integrations.Monday.Core.Tests.Internal.QueryOptionsTests.EnsureGetBoardsWithNewQueryOptionsDefaultsToSameAsOriginalQuery" computerName="MSI" duration="00:00:00.0013692" startTime="2022-12-29T15:16:14.0146298-06:00" endTime="2022-12-29T15:16:14.0146302-06:00" testType="13cdc9d9-ddb5-4fa4-a97d-d965ccfc6d4b" outcome="Passed" testListId="8c84fa94-04c1-424b-9868-57a2d4851a1d" relativeResultsDirectory="035e58b3-233a-4105-be74-5a56099d25d1" />
    <UnitTestResult executionId="a9e25ee5-db52-43f0-8d8a-0a67e773ff10" testId="6a7b4e50-2875-002c-db7c-87121ab38351" testName="S2Cognition.Integrations.Monday.Core.Tests.Internal.QueryOptionsTests.EnsureGetTagsCanReturnMaximums" computerName="MSI" duration="00:00:00.0007153" startTime="2022-12-29T15:16:14.0313960-06:00" endTime="2022-12-29T15:16:14.0313961-06:00" testType="13cdc9d9-ddb5-4fa4-a97d-d965ccfc6d4b" outcome="Passed" testListId="8c84fa94-04c1-424b-9868-57a2d4851a1d" relativeResultsDirectory="a9e25ee5-db52-43f0-8d8a-0a67e773ff10" />
    <UnitTestResult executionId="cde14f18-15b1-405f-8b7e-9261c25a4f54" testId="29e39a12-0b1b-13ca-8d6c-998304c252ed" testName="S2Cognition.Integrations.Monday.Core.Tests.Internal.MondayTeamTests.GetTeams_Pass" computerName="MSI" duration="00:00:00.0047278" startTime="2022-12-29T15:16:14.0099430-06:00" endTime="2022-12-29T15:16:14.0099431-06:00" testType="13cdc9d9-ddb5-4fa4-a97d-d965ccfc6d4b" outcome="Passed" testListId="8c84fa94-04c1-424b-9868-57a2d4851a1d" relativeResultsDirectory="cde14f18-15b1-405f-8b7e-9261c25a4f54" />
    <UnitTestResult executionId="7f7a87e2-17bd-4241-92fb-fa9df46e625c" testId="6c79372e-ce76-4557-ad0c-f31c0d46e60d" testName="S2Cognition.Integrations.Monday.Core.Tests.Internal.MondayGroupsTests.GetGroups_Pass" computerName="MSI" duration="00:00:00.0044224" startTime="2022-12-29T15:16:14.0114883-06:00" endTime="2022-12-29T15:16:14.0114883-06:00" testType="13cdc9d9-ddb5-4fa4-a97d-d965ccfc6d4b" outcome="Passed" testListId="8c84fa94-04c1-424b-9868-57a2d4851a1d" relativeResultsDirectory="7f7a87e2-17bd-4241-92fb-fa9df46e625c" />
    <UnitTestResult executionId="4e64b42f-a177-43fd-a9a9-ad53f8380949" testId="a94027fb-8741-0358-60a0-79da4714131a" testName="S2Cognition.Integrations.Monday.Core.Tests.Internal.QueryOptionsTests.EnsureGetUserWithNewQueryOptionsDefaultsToSameAsOriginalQuery" computerName="MSI" duration="00:00:00.0008568" startTime="2022-12-29T15:16:14.0120429-06:00" endTime="2022-12-29T15:16:14.0120430-06:00" testType="13cdc9d9-ddb5-4fa4-a97d-d965ccfc6d4b" outcome="Passed" testListId="8c84fa94-04c1-424b-9868-57a2d4851a1d" relativeResultsDirectory="4e64b42f-a177-43fd-a9a9-ad53f8380949" />
    <UnitTestResult executionId="d8472d0d-1b21-43ea-a8d8-63c36fef78d1" testId="8ed8a62c-d6e9-198e-ae0c-26687ea775fc" testName="S2Cognition.Integrations.Monday.Core.Tests.Internal.QueryOptionsTests.EnsureGetUserCanReturnMaximums" computerName="MSI" duration="00:00:00.0015636" startTime="2022-12-29T15:16:14.0119901-06:00" endTime="2022-12-29T15:16:14.0119901-06:00" testType="13cdc9d9-ddb5-4fa4-a97d-d965ccfc6d4b" outcome="Passed" testListId="8c84fa94-04c1-424b-9868-57a2d4851a1d" relativeResultsDirectory="d8472d0d-1b21-43ea-a8d8-63c36fef78d1" />
    <UnitTestResult executionId="b0294f14-7cb0-4209-8184-bf72b2f9a55d" testId="7785283e-2fa2-577d-b099-0811bd86332e" testName="S2Cognition.Integrations.Monday.Core.Tests.Internal.MondayBoardTests.GetBoard_Pass" computerName="MSI" duration="00:00:00.0049134" startTime="2022-12-29T15:16:14.0115219-06:00" endTime="2022-12-29T15:16:14.0115220-06:00" testType="13cdc9d9-ddb5-4fa4-a97d-d965ccfc6d4b" outcome="Passed" testListId="8c84fa94-04c1-424b-9868-57a2d4851a1d" relativeResultsDirectory="b0294f14-7cb0-4209-8184-bf72b2f9a55d" />
    <UnitTestResult executionId="b6a9a8dc-7a39-42c3-8c7a-a8c16bef803d" testId="002eaebf-a01f-d452-7b16-eb46be988df6" testName="S2Cognition.Integrations.Monday.Core.Tests.Internal.QueryOptionsTests.EnsureGetTeamsCanReturnMinimums" computerName="MSI" duration="00:00:00.0007491" startTime="2022-12-29T15:16:14.0256222-06:00" endTime="2022-12-29T15:16:14.0256223-06:00" testType="13cdc9d9-ddb5-4fa4-a97d-d965ccfc6d4b" outcome="Passed" testListId="8c84fa94-04c1-424b-9868-57a2d4851a1d" relativeResultsDirectory="b6a9a8dc-7a39-42c3-8c7a-a8c16bef803d" />
    <UnitTestResult executionId="24a2631c-f647-4244-9b11-0709f5a120bc" testId="b6298783-c9b1-ba27-491e-9e45d1b4abea" testName="S2Cognition.Integrations.Monday.Core.Tests.Internal.QueryOptionsTests.EnsureGetBoardsCanReturnMaximums" computerName="MSI" duration="00:00:00.0037835" startTime="2022-12-29T15:16:14.0213509-06:00" endTime="2022-12-29T15:16:14.0213511-06:00" testType="13cdc9d9-ddb5-4fa4-a97d-d965ccfc6d4b" outcome="Passed" testListId="8c84fa94-04c1-424b-9868-57a2d4851a1d" relativeResultsDirectory="24a2631c-f647-4244-9b11-0709f5a120bc" />
    <UnitTestResult executionId="b107001d-467e-45a6-96e9-c195fd38118d" testId="904befda-a066-d594-f096-7682165f1bea" testName="S2Cognition.Integrations.Monday.Core.Tests.Internal.QueryOptionsTests.EnsureGetTagsWithNewQueryOptionsDefaultsToSameAsOriginalQuery" computerName="MSI" duration="00:00:00.0012197" startTime="2022-12-29T15:16:14.0131920-06:00" endTime="2022-12-29T15:16:14.0131921-06:00" testType="13cdc9d9-ddb5-4fa4-a97d-d965ccfc6d4b" outcome="Passed" testListId="8c84fa94-04c1-424b-9868-57a2d4851a1d" relativeResultsDirectory="b107001d-467e-45a6-96e9-c195fd38118d" />
    <UnitTestResult executionId="b0907b2c-5f2b-43bb-b5f8-479bfa76ca5e" testId="e3d40a78-7398-4a22-fa97-68b3e9fe9d7e" testName="S2Cognition.Integrations.Monday.Core.Tests.Internal.MondayItemsTests.DeleteItem_Pass" computerName="MSI" duration="00:00:00.0009680" startTime="2022-12-29T15:16:14.0119398-06:00" endTime="2022-12-29T15:16:14.0119398-06:00" testType="13cdc9d9-ddb5-4fa4-a97d-d965ccfc6d4b" outcome="Passed" testListId="8c84fa94-04c1-424b-9868-57a2d4851a1d" relativeResultsDirectory="b0907b2c-5f2b-43bb-b5f8-479bfa76ca5e" />
    <UnitTestResult executionId="72777df5-427a-4a49-a0cc-d42a4d8423db" testId="3aa2df7a-4bcf-30d2-3510-215610c27c6a" testName="S2Cognition.Integrations.Monday.Core.Tests.Internal.MondayUpdatesTests.CreateUpdate_Pass" computerName="MSI" duration="00:00:00.0062030" startTime="2022-12-29T15:16:14.0111015-06:00" endTime="2022-12-29T15:16:14.0111015-06:00" testType="13cdc9d9-ddb5-4fa4-a97d-d965ccfc6d4b" outcome="Passed" testListId="8c84fa94-04c1-424b-9868-57a2d4851a1d" relativeResultsDirectory="72777df5-427a-4a49-a0cc-d42a4d8423db" />
    <UnitTestResult executionId="99401ffd-0cb5-4ba7-9384-24cb991aba55" testId="a6be2696-0cfa-7509-97d1-769ed4f8bc42" testName="S2Cognition.Integrations.Monday.Core.Tests.Internal.MondayUserTests.GetUsers_Pass" computerName="MSI" duration="00:00:00.0014430" startTime="2022-12-29T15:16:14.0116326-06:00" endTime="2022-12-29T15:16:14.0116326-06:00" testType="13cdc9d9-ddb5-4fa4-a97d-d965ccfc6d4b" outcome="Passed" testListId="8c84fa94-04c1-424b-9868-57a2d4851a1d" relativeResultsDirectory="99401ffd-0cb5-4ba7-9384-24cb991aba55" />
    <UnitTestResult executionId="d20a303b-7380-49aa-ad13-76c3d0193675" testId="bf6d4cfe-f7f8-bda4-adec-4a809b3ae095" testName="S2Cognition.Integrations.Monday.Core.Tests.Internal.QueryOptionsTests.EnsureGetTeamsCanReturnMaximums" computerName="MSI" duration="00:00:00.0006645" startTime="2022-12-29T15:16:14.0355825-06:00" endTime="2022-12-29T15:16:14.0355826-06:00" testType="13cdc9d9-ddb5-4fa4-a97d-d965ccfc6d4b" outcome="Passed" testListId="8c84fa94-04c1-424b-9868-57a2d4851a1d" relativeResultsDirectory="d20a303b-7380-49aa-ad13-76c3d0193675" />
    <UnitTestResult executionId="b78866bc-e22c-4a7a-833d-0f312bea3a97" testId="4de8177c-a3ef-ef0e-c081-9ae3f23c7531" testName="S2Cognition.Integrations.Monday.Core.Tests.Internal.MondaySystemTests.GetRateLimit_Pass" computerName="MSI" duration="00:00:00.0892938" startTime="2022-12-29T15:16:13.9926395-06:00" endTime="2022-12-29T15:16:13.9926396-06:00" testType="13cdc9d9-ddb5-4fa4-a97d-d965ccfc6d4b" outcome="Passed" testListId="8c84fa94-04c1-424b-9868-57a2d4851a1d" relativeResultsDirectory="b78866bc-e22c-4a7a-833d-0f312bea3a97" />
    <UnitTestResult executionId="de333ad3-fcd1-429d-aaac-55451e012db3" testId="5acd4d80-5c98-c1e6-89be-c4543e302d25" testName="S2Cognition.Integrations.Monday.Core.Tests.Internal.QueryOptionsTests.EnsureGetTagCanReturnMinimums" computerName="MSI" duration="00:00:00.0012864" startTime="2022-12-29T15:16:14.0120686-06:00" endTime="2022-12-29T15:16:14.0120687-06:00" testType="13cdc9d9-ddb5-4fa4-a97d-d965ccfc6d4b" outcome="Passed" testListId="8c84fa94-04c1-424b-9868-57a2d4851a1d" relativeResultsDirectory="de333ad3-fcd1-429d-aaac-55451e012db3" />
    <UnitTestResult executionId="c062a707-0e44-406c-a80b-bb6ce1bce86b" testId="b2cf74ef-0af5-e7f1-61af-1a4383953923" testName="S2Cognition.Integrations.Monday.Core.Tests.Internal.MondayGroupsTests.DeleteGroup_Pass" computerName="MSI" duration="00:00:00.0015207" startTime="2022-12-29T15:16:14.0099178-06:00" endTime="2022-12-29T15:16:14.0099178-06:00" testType="13cdc9d9-ddb5-4fa4-a97d-d965ccfc6d4b" outcome="Passed" testListId="8c84fa94-04c1-424b-9868-57a2d4851a1d" relativeResultsDirectory="c062a707-0e44-406c-a80b-bb6ce1bce86b" />
    <UnitTestResult executionId="4fd47331-2556-4ed7-9e19-ebba657bf551" testId="37321cf0-c01b-eed6-3d62-c68e4caefa2a" testName="S2Cognition.Integrations.Monday.Core.Tests.Internal.QueryOptionsTests.EnsureGetBoardWithNewQueryOptionsDefaultsToSameAsOriginalQuery" computerName="MSI" duration="00:00:00.0006701" startTime="2022-12-29T15:16:14.0376773-06:00" endTime="2022-12-29T15:16:14.0376773-06:00" testType="13cdc9d9-ddb5-4fa4-a97d-d965ccfc6d4b" outcome="Passed" testListId="8c84fa94-04c1-424b-9868-57a2d4851a1d" relativeResultsDirectory="4fd47331-2556-4ed7-9e19-ebba657bf551" />
    <UnitTestResult executionId="d3aeca9a-ab51-47e7-9b31-8141399012f3" testId="e9af5911-ac89-b1d9-f02f-d942b57cba23" testName="S2Cognition.Integrations.Monday.Core.Tests.Internal.QueryOptionsTests.EnsureGetTeamsWithNewQueryOptionsDefaultsToSameAsOriginalQuery" computerName="MSI" duration="00:00:00.0006441" startTime="2022-12-29T15:16:14.0334580-06:00" endTime="2022-12-29T15:16:14.0334580-06:00" testType="13cdc9d9-ddb5-4fa4-a97d-d965ccfc6d4b" outcome="Passed" testListId="8c84fa94-04c1-424b-9868-57a2d4851a1d" relativeResultsDirectory="d3aeca9a-ab51-47e7-9b31-8141399012f3" />
    <UnitTestResult executionId="80dbad25-2a4a-49a1-ba6b-8fecd5bcfb49" testId="6f70f028-4b1a-be4e-c821-5b04f77f1689" testName="S2Cognition.Integrations.Monday.Core.Tests.Internal.MondayItemsTests.GetItem_Pass" computerName="MSI" duration="00:00:00.0013195" startTime="2022-12-29T15:16:14.0119716-06:00" endTime="2022-12-29T15:16:14.0119716-06:00" testType="13cdc9d9-ddb5-4fa4-a97d-d965ccfc6d4b" outcome="Passed" testListId="8c84fa94-04c1-424b-9868-57a2d4851a1d" relativeResultsDirectory="80dbad25-2a4a-49a1-ba6b-8fecd5bcfb49" />
    <UnitTestResult executionId="18daa9de-a822-49c9-962e-b456e4c317cb" testId="5e07aaee-af05-c07d-f2b3-414cd34710c1" testName="S2Cognition.Integrations.Monday.Core.Tests.Internal.MondayBoardTests.CreateBoard_Pass" computerName="MSI" duration="00:00:00.0061135" startTime="2022-12-29T15:16:14.0110725-06:00" endTime="2022-12-29T15:16:14.0110726-06:00" testType="13cdc9d9-ddb5-4fa4-a97d-d965ccfc6d4b" outcome="Passed" testListId="8c84fa94-04c1-424b-9868-57a2d4851a1d" relativeResultsDirectory="18daa9de-a822-49c9-962e-b456e4c317cb" />
    <UnitTestResult executionId="27b2ffa1-e928-4cd9-a1b6-300288e937e7" testId="699e6104-9a78-55e1-d40b-119cadc433c3" testName="S2Cognition.Integrations.Monday.Core.Tests.Internal.MondayTeamTests.GetTeam_Pass" computerName="MSI" duration="00:00:00.0918958" startTime="2022-12-29T15:16:13.9926334-06:00" endTime="2022-12-29T15:16:13.9926338-06:00" testType="13cdc9d9-ddb5-4fa4-a97d-d965ccfc6d4b" outcome="Passed" testListId="8c84fa94-04c1-424b-9868-57a2d4851a1d" relativeResultsDirectory="27b2ffa1-e928-4cd9-a1b6-300288e937e7" />
    <UnitTestResult executionId="8fd55516-7acf-4170-87ec-4e4c8580e9d9" testId="c72e751f-4715-ef7d-d196-f91200915af9" testName="S2Cognition.Integrations.Monday.Core.Tests.Internal.QueryOptionsTests.EnsureGetTagWithNewQueryOptionsDefaultsToSameAsOriginalQuery" computerName="MSI" duration="00:00:00.0006830" startTime="2022-12-29T15:16:14.0175029-06:00" endTime="2022-12-29T15:16:14.0175030-06:00" testType="13cdc9d9-ddb5-4fa4-a97d-d965ccfc6d4b" outcome="Passed" testListId="8c84fa94-04c1-424b-9868-57a2d4851a1d" relativeResultsDirectory="8fd55516-7acf-4170-87ec-4e4c8580e9d9" />
    <UnitTestResult executionId="f5f09cdd-789c-4da4-98c3-ffe9dc72a523" testId="b4784567-afa7-ed1d-3bc1-4928fe30a7c6" testName="S2Cognition.Integrations.Monday.Core.Tests.Internal.QueryOptionsTests.EnsureGetUsersCanReturnMinimums" computerName="MSI" duration="00:00:00.0006969" startTime="2022-12-29T15:16:14.0153853-06:00" endTime="2022-12-29T15:16:14.0153854-06:00" testType="13cdc9d9-ddb5-4fa4-a97d-d965ccfc6d4b" outcome="Passed" testListId="8c84fa94-04c1-424b-9868-57a2d4851a1d" relativeResultsDirectory="f5f09cdd-789c-4da4-98c3-ffe9dc72a523" />
    <UnitTestResult executionId="99c4ee2d-05fe-4dea-bd9a-a3e79e6d8ce7" testId="3b41359e-553a-c4ee-01d7-ffa32d869aeb" testName="S2Cognition.Integrations.Monday.Core.Tests.Internal.QueryOptionsTests.EnsureGetGroupsCanReturnMaximums" computerName="MSI" duration="00:00:00.0005758" startTime="2022-12-29T15:16:14.0369588-06:00" endTime="2022-12-29T15:16:14.0369589-06:00" testType="13cdc9d9-ddb5-4fa4-a97d-d965ccfc6d4b" outcome="Passed" testListId="8c84fa94-04c1-424b-9868-57a2d4851a1d" relativeResultsDirectory="99c4ee2d-05fe-4dea-bd9a-a3e79e6d8ce7" />
    <UnitTestResult executionId="8040d7fc-c89e-46c7-aa46-70b5db3d572d" testId="5ff0fe88-c4c8-57d3-5b1a-3f39e1a69737" testName="S2Cognition.Integrations.Monday.Core.Tests.Internal.MondayTagsTests.GetTag_Pass" computerName="MSI" duration="00:00:00.0040202" startTime="2022-12-29T15:16:14.0114659-06:00" endTime="2022-12-29T15:16:14.0114659-06:00" testType="13cdc9d9-ddb5-4fa4-a97d-d965ccfc6d4b" outcome="Passed" testListId="8c84fa94-04c1-424b-9868-57a2d4851a1d" relativeResultsDirectory="8040d7fc-c89e-46c7-aa46-70b5db3d572d" />
    <UnitTestResult executionId="6d6510cb-81cb-4b39-9e99-6807f43a3227" testId="c245435d-b0a3-64c2-7ed0-ff76f4852c23" testName="S2Cognition.Integrations.Monday.Core.Tests.Internal.MondayColumnTests.UpdateColumn_Pass" computerName="MSI" duration="00:00:00.0896446" startTime="2022-12-29T15:16:13.9926272-06:00" endTime="2022-12-29T15:16:13.9926272-06:00" testType="13cdc9d9-ddb5-4fa4-a97d-d965ccfc6d4b" outcome="Passed" testListId="8c84fa94-04c1-424b-9868-57a2d4851a1d" relativeResultsDirectory="6d6510cb-81cb-4b39-9e99-6807f43a3227" />
    <UnitTestResult executionId="d76c2b59-84ca-4b55-b690-bb34543c75aa" testId="ca8cc89b-95c4-4a59-05b6-133bc1edac9b" testName="S2Cognition.Integrations.Monday.Core.Tests.Internal.QueryOptionsTests.EnsureGetUsersByAccessTypeWithNewQueryOptionsDefaultsToSameAsOriginalQuery" computerName="MSI" duration="00:00:00.0006407" startTime="2022-12-29T15:16:14.0291788-06:00" endTime="2022-12-29T15:16:14.0291789-06:00" testType="13cdc9d9-ddb5-4fa4-a97d-d965ccfc6d4b" outcome="Passed" testListId="8c84fa94-04c1-424b-9868-57a2d4851a1d" relativeResultsDirectory="d76c2b59-84ca-4b55-b690-bb34543c75aa" />
    <UnitTestResult executionId="58d6125a-534e-4627-88b2-c78577e39a3d" testId="6772f89f-c983-ba69-e6fa-efff4c2a9593" testName="S2Cognition.Integrations.Monday.Core.Tests.Internal.MondayGroupsTests.ArchiveGroup_Pass" computerName="MSI" duration="00:00:00.0017705" startTime="2022-12-29T15:16:14.0099589-06:00" endTime="2022-12-29T15:16:14.0099589-06:00" testType="13cdc9d9-ddb5-4fa4-a97d-d965ccfc6d4b" outcome="Passed" testListId="8c84fa94-04c1-424b-9868-57a2d4851a1d" relativeResultsDirectory="58d6125a-534e-4627-88b2-c78577e39a3d" />
    <UnitTestResult executionId="67845bb9-0f5c-4984-8855-a6ffc670e483" testId="e200f5e5-ea4d-ef93-2426-d0d7b0ec2c29" testName="S2Cognition.Integrations.Monday.Core.Tests.Internal.MondayItemsTests.CreateItem_Pass" computerName="MSI" duration="00:00:00.0129231" startTime="2022-12-29T15:16:14.0116493-06:00" endTime="2022-12-29T15:16:14.0116493-06:00" testType="13cdc9d9-ddb5-4fa4-a97d-d965ccfc6d4b" outcome="Passed" testListId="8c84fa94-04c1-424b-9868-57a2d4851a1d" relativeResultsDirectory="67845bb9-0f5c-4984-8855-a6ffc670e483" />
    <UnitTestResult executionId="c178d828-747b-4e13-9628-0c551d33eb5e" testId="9494a386-627a-d9e9-f044-8a9379f54cd7" testName="S2Cognition.Integrations.Monday.Core.Tests.Internal.QueryOptionsTests.EnsureGetTeamCanReturnMinimums" computerName="MSI" duration="00:00:00.0016355" startTime="2022-12-29T15:16:14.0120161-06:00" endTime="2022-12-29T15:16:14.0120161-06:00" testType="13cdc9d9-ddb5-4fa4-a97d-d965ccfc6d4b" outcome="Passed" testListId="8c84fa94-04c1-424b-9868-57a2d4851a1d" relativeResultsDirectory="c178d828-747b-4e13-9628-0c551d33eb5e" />
    <UnitTestResult executionId="edf7fff9-55d2-4737-b9dc-bca1e3ff764d" testId="37051fb3-77bb-cf2b-6c03-648a546869cc" testName="S2Cognition.Integrations.Monday.Core.Tests.Internal.MondayBoardTests.ArchiveBoard_Pass" computerName="MSI" duration="00:00:00.0011310" startTime="2022-12-29T15:16:14.0115459-06:00" endTime="2022-12-29T15:16:14.0115459-06:00" testType="13cdc9d9-ddb5-4fa4-a97d-d965ccfc6d4b" outcome="Passed" testListId="8c84fa94-04c1-424b-9868-57a2d4851a1d" relativeResultsDirectory="edf7fff9-55d2-4737-b9dc-bca1e3ff764d" />
    <UnitTestResult executionId="2deb496c-52ef-4b64-8b3d-200f4b22e6b8" testId="7d34bcc7-299a-cd33-e29a-dd50b189da87" testName="S2Cognition.Integrations.Monday.Core.Tests.Internal.QueryOptionsTests.EnsureGetGroupsCanReturnMinimums" computerName="MSI" duration="00:00:00.0012723" startTime="2022-12-29T15:16:14.0167173-06:00" endTime="2022-12-29T15:16:14.0167174-06:00" testType="13cdc9d9-ddb5-4fa4-a97d-d965ccfc6d4b" outcome="Passed" testListId="8c84fa94-04c1-424b-9868-57a2d4851a1d" relativeResultsDirectory="2deb496c-52ef-4b64-8b3d-200f4b22e6b8" />
    <UnitTestResult executionId="8e7f4550-8349-45a8-b0d9-6a992b7cc18f" testId="856bbfd7-07ce-4e80-13d9-f04e4e3755c8" testName="S2Cognition.Integrations.Monday.Core.Tests.Internal.QueryOptionsTests.EnsureGetBoardCanReturnMaximums" computerName="MSI" duration="00:00:00.0011934" startTime="2022-12-29T15:16:14.0406472-06:00" endTime="2022-12-29T15:16:14.0406473-06:00" testType="13cdc9d9-ddb5-4fa4-a97d-d965ccfc6d4b" outcome="Passed" testListId="8c84fa94-04c1-424b-9868-57a2d4851a1d" relativeResultsDirectory="8e7f4550-8349-45a8-b0d9-6a992b7cc18f" />
    <UnitTestResult executionId="a3b5c85d-74b0-40ce-ab15-35d0a79c18d4" testId="286a79c1-cf38-10b2-3c66-6238db8d2e6b" testName="S2Cognition.Integrations.Monday.Core.Tests.Internal.MondayItemsTests.GetItems_Pass" computerName="MSI" duration="00:00:00.0079079" startTime="2022-12-29T15:16:14.0111372-06:00" endTime="2022-12-29T15:16:14.0111373-06:00" testType="13cdc9d9-ddb5-4fa4-a97d-d965ccfc6d4b" outcome="Passed" testListId="8c84fa94-04c1-424b-9868-57a2d4851a1d" relativeResultsDirectory="a3b5c85d-74b0-40ce-ab15-35d0a79c18d4" />
    <UnitTestResult executionId="b1f4bd59-e4e1-4b1d-9490-49e11611b14d" testId="b7d3a67a-8e46-fe49-d504-31fe9e1a6693" testName="S2Cognition.Integrations.Monday.Core.Tests.Internal.QueryOptionsTests.EnsureGetUsersCanReturnMaximums" computerName="MSI" duration="00:00:00.0006514" startTime="2022-12-29T15:16:14.0284465-06:00" endTime="2022-12-29T15:16:14.0284466-06:00" testType="13cdc9d9-ddb5-4fa4-a97d-d965ccfc6d4b" outcome="Passed" testListId="8c84fa94-04c1-424b-9868-57a2d4851a1d" relativeResultsDirectory="b1f4bd59-e4e1-4b1d-9490-49e11611b14d" />
    <UnitTestResult executionId="9775712d-37d4-457d-a69d-63b12169a082" testId="1f28150e-cea8-6a19-096e-e7f09fc4f033" testName="S2Cognition.Integrations.Monday.Core.Tests.Internal.MondayItemsTests.CustomQueryOrMutation_Pass" computerName="MSI" duration="00:00:00.0894894" startTime="2022-12-29T15:16:13.9926206-06:00" endTime="2022-12-29T15:16:13.9926206-06:00" testType="13cdc9d9-ddb5-4fa4-a97d-d965ccfc6d4b" outcome="Passed" testListId="8c84fa94-04c1-424b-9868-57a2d4851a1d" relativeResultsDirectory="9775712d-37d4-457d-a69d-63b12169a082" />
    <UnitTestResult executionId="8e77d074-5b05-420e-9884-80ec362a440a" testId="e1d12073-8a41-eb5a-464c-27f8af3d47be" testName="S2Cognition.Integrations.Monday.Core.Tests.Internal.QueryOptionsTests.EnsureGetTeamCanReturnMaximums" computerName="MSI" duration="00:00:00.0006623" startTime="2022-12-29T15:16:14.0362989-06:00" endTime="2022-12-29T15:16:14.0362990-06:00" testType="13cdc9d9-ddb5-4fa4-a97d-d965ccfc6d4b" outcome="Passed" testListId="8c84fa94-04c1-424b-9868-57a2d4851a1d" relativeResultsDirectory="8e77d074-5b05-420e-9884-80ec362a440a" />
    <UnitTestResult executionId="f9760d88-2de8-412b-a006-63a33996077b" testId="c4ed5dd6-97b8-f60b-60a1-3ed3850e6fa1" testName="S2Cognition.Integrations.Monday.Core.Tests.Internal.QueryOptionsTests.EnsureGetItemWithNewQueryOptionsDefaultsToSameAsOriginalQuery" computerName="MSI" duration="00:00:00.0015413" startTime="2022-12-29T15:16:14.0229848-06:00" endTime="2022-12-29T15:16:14.0229849-06:00" testType="13cdc9d9-ddb5-4fa4-a97d-d965ccfc6d4b" outcome="Passed" testListId="8c84fa94-04c1-424b-9868-57a2d4851a1d" relativeResultsDirectory="f9760d88-2de8-412b-a006-63a33996077b" />
    <UnitTestResult executionId="e0d84d10-86f4-4460-99f3-1a636697b7d1" testId="3cc1457a-7db2-e650-a582-3cc4ef74bd86" testName="S2Cognition.Integrations.Monday.Core.Tests.Internal.MondayTagsTests.GetTags_Pass" computerName="MSI" duration="00:00:00.0060203" startTime="2022-12-29T15:16:14.0109805-06:00" endTime="2022-12-29T15:16:14.0109806-06:00" testType="13cdc9d9-ddb5-4fa4-a97d-d965ccfc6d4b" outcome="Passed" testListId="8c84fa94-04c1-424b-9868-57a2d4851a1d" relativeResultsDirectory="e0d84d10-86f4-4460-99f3-1a636697b7d1" />
    <UnitTestResult executionId="74c28102-656e-4714-9a8b-f3d178b6bfa9" testId="4020b962-22b9-9020-b548-6e681ed8f485" testName="S2Cognition.Integrations.Monday.Core.Tests.Internal.QueryOptionsTests.EnsureGetUsersWithNewQueryOptionsDefaultsToSameAsOriginalQuery" computerName="MSI" duration="00:00:00.0006512" startTime="2022-12-29T15:16:14.0327586-06:00" endTime="2022-12-29T15:16:14.0327587-06:00" testType="13cdc9d9-ddb5-4fa4-a97d-d965ccfc6d4b" outcome="Passed" testListId="8c84fa94-04c1-424b-9868-57a2d4851a1d" relativeResultsDirectory="74c28102-656e-4714-9a8b-f3d178b6bfa9" />
    <UnitTestResult executionId="03a49811-0e37-4267-8098-d4e22b9bfcdd" testId="582bd4da-d563-0a40-db6b-689ff84cf20b" testName="S2Cognition.Integrations.Monday.Core.Tests.Internal.QueryOptionsTests.EnsureGetItemsWithNewQueryOptionsDefaultsToSameAsOriginalQuery" computerName="MSI" duration="00:00:00.0017351" startTime="2022-12-29T15:16:14.0248534-06:00" endTime="2022-12-29T15:16:14.0248539-06:00" testType="13cdc9d9-ddb5-4fa4-a97d-d965ccfc6d4b" outcome="Passed" testListId="8c84fa94-04c1-424b-9868-57a2d4851a1d" relativeResultsDirectory="03a49811-0e37-4267-8098-d4e22b9bfcdd" />
    <UnitTestResult executionId="5c792b4d-b1a4-4a27-a7af-adae17f1f139" testId="c2cd20d0-54ba-4173-27de-9e34dd6187a2" testName="S2Cognition.Integrations.Monday.Core.Tests.Internal.QueryOptionsTests.EnsureGetBoardsCanReturnMinimums" computerName="MSI" duration="00:00:00.0006187" startTime="2022-12-29T15:16:14.0298255-06:00" endTime="2022-12-29T15:16:14.0298256-06:00" testType="13cdc9d9-ddb5-4fa4-a97d-d965ccfc6d4b" outcome="Passed" testListId="8c84fa94-04c1-424b-9868-57a2d4851a1d" relativeResultsDirectory="5c792b4d-b1a4-4a27-a7af-adae17f1f139" />
    <UnitTestResult executionId="ca3517b7-2991-41cf-b80b-a8e2a4dc49b4" testId="70e1e943-d839-5738-2e19-ede049e672ad" testName="S2Cognition.Integrations.Monday.Core.Tests.Internal.MondayItemsTests.ArchiveItem_Pass" computerName="MSI" duration="00:00:00.0016010" startTime="2022-12-29T15:16:14.0111903-06:00" endTime="2022-12-29T15:16:14.0111903-06:00" testType="13cdc9d9-ddb5-4fa4-a97d-d965ccfc6d4b" outcome="Passed" testListId="8c84fa94-04c1-424b-9868-57a2d4851a1d" relativeResultsDirectory="ca3517b7-2991-41cf-b80b-a8e2a4dc49b4" />
    <UnitTestResult executionId="17d95913-0aa7-4b7b-8cf7-393c9819dd47" testId="670e15a2-2818-00a1-83de-8910400e8cfd" testName="S2Cognition.Integrations.Monday.Core.Tests.Internal.QueryOptionsTests.EnsureGetItemCanReturnMinimums" computerName="MSI" duration="00:00:00.0006074" startTime="2022-12-29T15:16:14.0262877-06:00" endTime="2022-12-29T15:16:14.0262877-06:00" testType="13cdc9d9-ddb5-4fa4-a97d-d965ccfc6d4b" outcome="Passed" testListId="8c84fa94-04c1-424b-9868-57a2d4851a1d" relativeResultsDirectory="17d95913-0aa7-4b7b-8cf7-393c9819dd47" />
    <UnitTestResult executionId="9ffe3c9f-d995-4dcf-be60-1e948ca392f3" testId="97c9bf93-e9b6-7153-32b6-e6a19e001765" testName="S2Cognition.Integrations.Monday.Core.Tests.Internal.QueryOptionsTests.EnsureGetUserCanReturnMinimums" computerName="MSI" duration="00:00:00.0006181" startTime="2022-12-29T15:16:14.0341342-06:00" endTime="2022-12-29T15:16:14.0341343-06:00" testType="13cdc9d9-ddb5-4fa4-a97d-d965ccfc6d4b" outcome="Passed" testListId="8c84fa94-04c1-424b-9868-57a2d4851a1d" relativeResultsDirectory="9ffe3c9f-d995-4dcf-be60-1e948ca392f3" />
    <UnitTestResult executionId="872838d3-2b02-4ef6-ad1a-c87942a7b67b" testId="0989752e-4baa-5cb4-5a19-785a2f9a8b1c" testName="S2Cognition.Integrations.Monday.Core.Tests.Internal.QueryOptionsTests.EnsureGetGroupsWithNewQueryOptionsDefaultsToSameAsOriginalQuery" computerName="MSI" duration="00:00:00.0006815" startTime="2022-12-29T15:16:14.0349071-06:00" endTime="2022-12-29T15:16:14.0349072-06:00" testType="13cdc9d9-ddb5-4fa4-a97d-d965ccfc6d4b" outcome="Passed" testListId="8c84fa94-04c1-424b-9868-57a2d4851a1d" relativeResultsDirectory="872838d3-2b02-4ef6-ad1a-c87942a7b67b" />
    <UnitTestResult executionId="25e73059-d708-4e24-8546-203608e6c2ef" testId="f2e1c8e0-2aa8-c927-fab7-283c464add20" testName="S2Cognition.Integrations.Monday.Core.Tests.Internal.QueryOptionsTests.EnsureGetTeamWithNewQueryOptionsDefaultsToSameAsOriginalQuery" computerName="MSI" duration="00:00:00.0006738" startTime="2022-12-29T15:16:14.0277473-06:00" endTime="2022-12-29T15:16:14.0277474-06:00" testType="13cdc9d9-ddb5-4fa4-a97d-d965ccfc6d4b" outcome="Passed" testListId="8c84fa94-04c1-424b-9868-57a2d4851a1d" relativeResultsDirectory="25e73059-d708-4e24-8546-203608e6c2ef" />
    <UnitTestResult executionId="e29f27ea-e929-438c-aadd-a8b906231ee5" testId="7879c22d-f4bb-a045-6a39-bd0221cad0a9" testName="S2Cognition.Integrations.Monday.Core.Tests.MondayTests.EnsureGetUsersIsCallable" computerName="MSI" duration="00:00:00.1166158" startTime="2022-12-29T15:16:14.0116127-06:00" endTime="2022-12-29T15:16:14.0116127-06:00" testType="13cdc9d9-ddb5-4fa4-a97d-d965ccfc6d4b" outcome="Passed" testListId="8c84fa94-04c1-424b-9868-57a2d4851a1d" relativeResultsDirectory="e29f27ea-e929-438c-aadd-a8b906231ee5" />
    <UnitTestResult executionId="3581706f-58b6-4959-a8be-458a3b4147d5" testId="f1227b7d-c8f7-8375-5cb6-1b981226c09d" testName="S2Cognition.Integrations.Monday.Core.Tests.Internal.QueryOptionsTests.EnsureGetItemsCanReturnMaximums" computerName="MSI" duration="00:00:00.0010518" startTime="2022-12-29T15:16:14.0387746-06:00" endTime="2022-12-29T15:16:14.0387746-06:00" testType="13cdc9d9-ddb5-4fa4-a97d-d965ccfc6d4b" outcome="Passed" testListId="8c84fa94-04c1-424b-9868-57a2d4851a1d" relativeResultsDirectory="3581706f-58b6-4959-a8be-458a3b4147d5" />
    <UnitTestResult executionId="87d6e13b-209c-4dea-9240-5c2a67c2071a" testId="5ba5d283-3fc5-9bfc-7776-8e3e68851e24" testName="S2Cognition.Integrations.Monday.Core.Tests.Internal.MondayUpdatesTests.ClearItemUpdates_Pass" computerName="MSI" duration="00:00:00.0895687" startTime="2022-12-29T15:16:13.9916296-06:00" endTime="2022-12-29T15:16:13.9916298-06:00" testType="13cdc9d9-ddb5-4fa4-a97d-d965ccfc6d4b" outcome="Passed" testListId="8c84fa94-04c1-424b-9868-57a2d4851a1d" relativeResultsDirectory="87d6e13b-209c-4dea-9240-5c2a67c2071a" />
    <UnitTestResult executionId="3a63aa19-fac9-4806-9aed-4d56e1e0e76b" testId="83d01415-0376-964e-248c-a57968d4c4ba" testName="S2Cognition.Integrations.Monday.Core.Tests.Internal.QueryOptionsTests.EnsureGetTagsCanReturnMinimums" computerName="MSI" duration="00:00:00.0006013" startTime="2022-12-29T15:16:14.0320588-06:00" endTime="2022-12-29T15:16:14.0320589-06:00" testType="13cdc9d9-ddb5-4fa4-a97d-d965ccfc6d4b" outcome="Passed" testListId="8c84fa94-04c1-424b-9868-57a2d4851a1d" relativeResultsDirectory="3a63aa19-fac9-4806-9aed-4d56e1e0e76b" />
    <UnitTestResult executionId="be1cea47-f16a-43f8-8443-50227410b484" testId="6e24f7c2-254d-33e4-faf1-26dea1d1bc54" testName="S2Cognition.Integrations.Monday.Core.Tests.Internal.MondayTagsTests.CreateTag_Pass" computerName="MSI" duration="00:00:00.0915369" startTime="2022-12-29T15:16:13.9926501-06:00" endTime="2022-12-29T15:16:13.9926501-06:00" testType="13cdc9d9-ddb5-4fa4-a97d-d965ccfc6d4b" outcome="Passed" testListId="8c84fa94-04c1-424b-9868-57a2d4851a1d" relativeResultsDirectory="be1cea47-f16a-43f8-8443-50227410b484" />
    <UnitTestResult executionId="189640b0-4eb3-4645-8cb8-f6287a0f4707" testId="b6024c5e-cc9f-6000-9f44-e91bed693a04" testName="S2Cognition.Integrations.Monday.Core.Tests.Internal.MondaySystemTests.GetComplexity_Pass" computerName="MSI" duration="00:00:00.0018626" startTime="2022-12-29T15:16:14.0097844-06:00" endTime="2022-12-29T15:16:14.0097844-06:00" testType="13cdc9d9-ddb5-4fa4-a97d-d965ccfc6d4b" outcome="Passed" testListId="8c84fa94-04c1-424b-9868-57a2d4851a1d" relativeResultsDirectory="189640b0-4eb3-4645-8cb8-f6287a0f4707" />
    <UnitTestResult executionId="283095b0-0904-4703-a7c6-a67d33c860cc" testId="fd5759ff-5cef-d692-26f2-712fc30c6007" testName="S2Cognition.Integrations.Monday.Core.Tests.Internal.MondayColumnTests.CreateColumn_Pass" computerName="MSI" duration="00:00:00.0102951" startTime="2022-12-29T15:16:14.0115050-06:00" endTime="2022-12-29T15:16:14.0115051-06:00" testType="13cdc9d9-ddb5-4fa4-a97d-d965ccfc6d4b" outcome="Passed" testListId="8c84fa94-04c1-424b-9868-57a2d4851a1d" relativeResultsDirectory="283095b0-0904-4703-a7c6-a67d33c860cc" />
    <UnitTestResult executionId="3c38cd46-ca41-431b-b194-89fed4577924" testId="f40f4a10-7804-b0b1-19cc-183b8b6034d9" testName="S2Cognition.Integrations.Monday.Core.Tests.Internal.QueryOptionsTests.EnsureGetItemsCanReturnMinimums" computerName="MSI" duration="00:00:00.0005787" startTime="2022-12-29T15:16:14.0393609-06:00" endTime="2022-12-29T15:16:14.0393611-06:00" testType="13cdc9d9-ddb5-4fa4-a97d-d965ccfc6d4b" outcome="Passed" testListId="8c84fa94-04c1-424b-9868-57a2d4851a1d" relativeResultsDirectory="3c38cd46-ca41-431b-b194-89fed4577924" />
    <UnitTestResult executionId="6f4730c8-5ad3-4bba-b2c7-eabfa6cba743" testId="85571e0c-41e0-2a36-b25a-34ddc2fba4c9" testName="S2Cognition.Integrations.Monday.Core.Tests.Internal.MondayGroupsTests.UpdateItemGroup_Pass" computerName="MSI" duration="00:00:00.0023224" startTime="2022-12-29T15:16:14.0098870-06:00" endTime="2022-12-29T15:16:14.0098871-06:00" testType="13cdc9d9-ddb5-4fa4-a97d-d965ccfc6d4b" outcome="Passed" testListId="8c84fa94-04c1-424b-9868-57a2d4851a1d" relativeResultsDirectory="6f4730c8-5ad3-4bba-b2c7-eabfa6cba743" />
    <UnitTestResult executionId="2ce48f3c-b3d7-4217-90ed-5e47a7e834f9" testId="1e4cf267-2c9b-233b-e477-c77c4907d14b" testName="S2Cognition.Integrations.Monday.Core.Tests.Internal.QueryOptionsTests.EnsureGetTagCanReturnMaximums" computerName="MSI" duration="00:00:00.0007202" startTime="2022-12-29T15:16:14.0306130-06:00" endTime="2022-12-29T15:16:14.0306131-06:00" testType="13cdc9d9-ddb5-4fa4-a97d-d965ccfc6d4b" outcome="Passed" testListId="8c84fa94-04c1-424b-9868-57a2d4851a1d" relativeResultsDirectory="2ce48f3c-b3d7-4217-90ed-5e47a7e834f9" />
    <UnitTestResult executionId="00a64b26-5a42-4dce-b3df-a24d4fe497da" testId="b0364036-532a-17f0-e240-4b2f7553b7e5" testName="S2Cognition.Integrations.Monday.Core.Tests.Internal.QueryOptionsTests.EnsureGetItemCanReturnMaximums" computerName="MSI" duration="00:00:00.1188456" startTime="2022-12-29T15:16:14.0119100-06:00" endTime="2022-12-29T15:16:14.0119100-06:00" testType="13cdc9d9-ddb5-4fa4-a97d-d965ccfc6d4b" outcome="Passed" testListId="8c84fa94-04c1-424b-9868-57a2d4851a1d" relativeResultsDirectory="00a64b26-5a42-4dce-b3df-a24d4fe497da" />
  </Results>
  <TestDefinitions>
    <UnitTest name="S2Cognition.Integrations.Monday.Core.Tests.Internal.QueryOptionsTests.EnsureGetUsersByAccessTypeWithNewQueryOptionsDefaultsToSameAsOriginalQuery" storage="c:\integrations\s2cognition.integrations\s2cognition.integrations.monday.core.tests\bin\debug\net7.0\s2cognition.integrations.monday.core.tests.dll" id="ca8cc89b-95c4-4a59-05b6-133bc1edac9b">
      <Execution id="d76c2b59-84ca-4b55-b690-bb34543c75aa" />
      <TestMethod codeBase="C:\Integrations\S2Cognition.Integrations\S2Cognition.Integrations.Monday.Core.Tests\bin\Debug\net7.0\S2Cognition.Integrations.Monday.Core.Tests.dll" adapterTypeName="executor://xunit/VsTestRunner2/netcoreapp" className="S2Cognition.Integrations.Monday.Core.Tests.Internal.QueryOptionsTests" name="EnsureGetUsersByAccessTypeWithNewQueryOptionsDefaultsToSameAsOriginalQuery" />
    </UnitTest>
    <UnitTest name="S2Cognition.Integrations.Monday.Core.Tests.MondayTests.EnsureGetUsersIsCallable" storage="c:\integrations\s2cognition.integrations\s2cognition.integrations.monday.core.tests\bin\debug\net7.0\s2cognition.integrations.monday.core.tests.dll" id="7879c22d-f4bb-a045-6a39-bd0221cad0a9">
      <Execution id="e29f27ea-e929-438c-aadd-a8b906231ee5" />
      <TestMethod codeBase="C:\Integrations\S2Cognition.Integrations\S2Cognition.Integrations.Monday.Core.Tests\bin\Debug\net7.0\S2Cognition.Integrations.Monday.Core.Tests.dll" adapterTypeName="executor://xunit/VsTestRunner2/netcoreapp" className="S2Cognition.Integrations.Monday.Core.Tests.MondayTests" name="EnsureGetUsersIsCallable" />
    </UnitTest>
    <UnitTest name="S2Cognition.Integrations.Monday.Core.Tests.Internal.MondayItemsTests.ArchiveItem_Pass" storage="c:\integrations\s2cognition.integrations\s2cognition.integrations.monday.core.tests\bin\debug\net7.0\s2cognition.integrations.monday.core.tests.dll" id="70e1e943-d839-5738-2e19-ede049e672ad">
      <Execution id="ca3517b7-2991-41cf-b80b-a8e2a4dc49b4" />
      <TestMethod codeBase="C:\Integrations\S2Cognition.Integrations\S2Cognition.Integrations.Monday.Core.Tests\bin\Debug\net7.0\S2Cognition.Integrations.Monday.Core.Tests.dll" adapterTypeName="executor://xunit/VsTestRunner2/netcoreapp" className="S2Cognition.Integrations.Monday.Core.Tests.Internal.MondayItemsTests" name="ArchiveItem_Pass" />
    </UnitTest>
    <UnitTest name="S2Cognition.Integrations.Monday.Core.Tests.Internal.QueryOptionsTests.EnsureGetItemsCanReturnMinimums" storage="c:\integrations\s2cognition.integrations\s2cognition.integrations.monday.core.tests\bin\debug\net7.0\s2cognition.integrations.monday.core.tests.dll" id="f40f4a10-7804-b0b1-19cc-183b8b6034d9">
      <Execution id="3c38cd46-ca41-431b-b194-89fed4577924" />
      <TestMethod codeBase="C:\Integrations\S2Cognition.Integrations\S2Cognition.Integrations.Monday.Core.Tests\bin\Debug\net7.0\S2Cognition.Integrations.Monday.Core.Tests.dll" adapterTypeName="executor://xunit/VsTestRunner2/netcoreapp" className="S2Cognition.Integrations.Monday.Core.Tests.Internal.QueryOptionsTests" name="EnsureGetItemsCanReturnMinimums" />
    </UnitTest>
    <UnitTest name="S2Cognition.Integrations.Monday.Core.Tests.Internal.QueryOptionsTests.EnsureGetTagsWithNewQueryOptionsDefaultsToSameAsOriginalQuery" storage="c:\integrations\s2cognition.integrations\s2cognition.integrations.monday.core.tests\bin\debug\net7.0\s2cognition.integrations.monday.core.tests.dll" id="904befda-a066-d594-f096-7682165f1bea">
      <Execution id="b107001d-467e-45a6-96e9-c195fd38118d" />
      <TestMethod codeBase="C:\Integrations\S2Cognition.Integrations\S2Cognition.Integrations.Monday.Core.Tests\bin\Debug\net7.0\S2Cognition.Integrations.Monday.Core.Tests.dll" adapterTypeName="executor://xunit/VsTestRunner2/netcoreapp" className="S2Cognition.Integrations.Monday.Core.Tests.Internal.QueryOptionsTests" name="EnsureGetTagsWithNewQueryOptionsDefaultsToSameAsOriginalQuery" />
    </UnitTest>
    <UnitTest name="S2Cognition.Integrations.Monday.Core.Tests.Internal.QueryOptionsTests.EnsureGetTagCanReturnMinimums" storage="c:\integrations\s2cognition.integrations\s2cognition.integrations.monday.core.tests\bin\debug\net7.0\s2cognition.integrations.monday.core.tests.dll" id="5acd4d80-5c98-c1e6-89be-c4543e302d25">
      <Execution id="de333ad3-fcd1-429d-aaac-55451e012db3" />
      <TestMethod codeBase="C:\Integrations\S2Cognition.Integrations\S2Cognition.Integrations.Monday.Core.Tests\bin\Debug\net7.0\S2Cognition.Integrations.Monday.Core.Tests.dll" adapterTypeName="executor://xunit/VsTestRunner2/netcoreapp" className="S2Cognition.Integrations.Monday.Core.Tests.Internal.QueryOptionsTests" name="EnsureGetTagCanReturnMinimums" />
    </UnitTest>
    <UnitTest name="S2Cognition.Integrations.Monday.Core.Tests.Internal.MondayColumnTests.CreateColumn_Pass" storage="c:\integrations\s2cognition.integrations\s2cognition.integrations.monday.core.tests\bin\debug\net7.0\s2cognition.integrations.monday.core.tests.dll" id="fd5759ff-5cef-d692-26f2-712fc30c6007">
      <Execution id="283095b0-0904-4703-a7c6-a67d33c860cc" />
      <TestMethod codeBase="C:\Integrations\S2Cognition.Integrations\S2Cognition.Integrations.Monday.Core.Tests\bin\Debug\net7.0\S2Cognition.Integrations.Monday.Core.Tests.dll" adapterTypeName="executor://xunit/VsTestRunner2/netcoreapp" className="S2Cognition.Integrations.Monday.Core.Tests.Internal.MondayColumnTests" name="CreateColumn_Pass" />
    </UnitTest>
    <UnitTest name="S2Cognition.Integrations.Monday.Core.Tests.Internal.QueryOptionsTests.EnsureGetBoardWithNewQueryOptionsDefaultsToSameAsOriginalQuery" storage="c:\integrations\s2cognition.integrations\s2cognition.integrations.monday.core.tests\bin\debug\net7.0\s2cognition.integrations.monday.core.tests.dll" id="37321cf0-c01b-eed6-3d62-c68e4caefa2a">
      <Execution id="4fd47331-2556-4ed7-9e19-ebba657bf551" />
      <TestMethod codeBase="C:\Integrations\S2Cognition.Integrations\S2Cognition.Integrations.Monday.Core.Tests\bin\Debug\net7.0\S2Cognition.Integrations.Monday.Core.Tests.dll" adapterTypeName="executor://xunit/VsTestRunner2/netcoreapp" className="S2Cognition.Integrations.Monday.Core.Tests.Internal.QueryOptionsTests" name="EnsureGetBoardWithNewQueryOptionsDefaultsToSameAsOriginalQuery" />
    </UnitTest>
    <UnitTest name="S2Cognition.Integrations.Monday.Core.Tests.Internal.QueryOptionsTests.EnsureGetGroupsCanReturnMaximums" storage="c:\integrations\s2cognition.integrations\s2cognition.integrations.monday.core.tests\bin\debug\net7.0\s2cognition.integrations.monday.core.tests.dll" id="3b41359e-553a-c4ee-01d7-ffa32d869aeb">
      <Execution id="99c4ee2d-05fe-4dea-bd9a-a3e79e6d8ce7" />
      <TestMethod codeBase="C:\Integrations\S2Cognition.Integrations\S2Cognition.Integrations.Monday.Core.Tests\bin\Debug\net7.0\S2Cognition.Integrations.Monday.Core.Tests.dll" adapterTypeName="executor://xunit/VsTestRunner2/netcoreapp" className="S2Cognition.Integrations.Monday.Core.Tests.Internal.QueryOptionsTests" name="EnsureGetGroupsCanReturnMaximums" />
    </UnitTest>
    <UnitTest name="S2Cognition.Integrations.Monday.Core.Tests.Internal.MondayTeamTests.GetTeams_Pass" storage="c:\integrations\s2cognition.integrations\s2cognition.integrations.monday.core.tests\bin\debug\net7.0\s2cognition.integrations.monday.core.tests.dll" id="29e39a12-0b1b-13ca-8d6c-998304c252ed">
      <Execution id="cde14f18-15b1-405f-8b7e-9261c25a4f54" />
      <TestMethod codeBase="C:\Integrations\S2Cognition.Integrations\S2Cognition.Integrations.Monday.Core.Tests\bin\Debug\net7.0\S2Cognition.Integrations.Monday.Core.Tests.dll" adapterTypeName="executor://xunit/VsTestRunner2/netcoreapp" className="S2Cognition.Integrations.Monday.Core.Tests.Internal.MondayTeamTests" name="GetTeams_Pass" />
    </UnitTest>
    <UnitTest name="S2Cognition.Integrations.Monday.Core.Tests.Internal.QueryOptionsTests.EnsureGetUsersCanReturnMaximums" storage="c:\integrations\s2cognition.integrations\s2cognition.integrations.monday.core.tests\bin\debug\net7.0\s2cognition.integrations.monday.core.tests.dll" id="b7d3a67a-8e46-fe49-d504-31fe9e1a6693">
      <Execution id="b1f4bd59-e4e1-4b1d-9490-49e11611b14d" />
      <TestMethod codeBase="C:\Integrations\S2Cognition.Integrations\S2Cognition.Integrations.Monday.Core.Tests\bin\Debug\net7.0\S2Cognition.Integrations.Monday.Core.Tests.dll" adapterTypeName="executor://xunit/VsTestRunner2/netcoreapp" className="S2Cognition.Integrations.Monday.Core.Tests.Internal.QueryOptionsTests" name="EnsureGetUsersCanReturnMaximums" />
    </UnitTest>
    <UnitTest name="S2Cognition.Integrations.Monday.Core.Tests.Internal.MondayItemsTests.DeleteItem_Pass" storage="c:\integrations\s2cognition.integrations\s2cognition.integrations.monday.core.tests\bin\debug\net7.0\s2cognition.integrations.monday.core.tests.dll" id="e3d40a78-7398-4a22-fa97-68b3e9fe9d7e">
      <Execution id="b0907b2c-5f2b-43bb-b5f8-479bfa76ca5e" />
      <TestMethod codeBase="C:\Integrations\S2Cognition.Integrations\S2Cognition.Integrations.Monday.Core.Tests\bin\Debug\net7.0\S2Cognition.Integrations.Monday.Core.Tests.dll" adapterTypeName="executor://xunit/VsTestRunner2/netcoreapp" className="S2Cognition.Integrations.Monday.Core.Tests.Internal.MondayItemsTests" name="DeleteItem_Pass" />
    </UnitTest>
    <UnitTest name="S2Cognition.Integrations.Monday.Core.Tests.Internal.QueryOptionsTests.EnsureGetUserCanReturnMinimums" storage="c:\integrations\s2cognition.integrations\s2cognition.integrations.monday.core.tests\bin\debug\net7.0\s2cognition.integrations.monday.core.tests.dll" id="97c9bf93-e9b6-7153-32b6-e6a19e001765">
      <Execution id="9ffe3c9f-d995-4dcf-be60-1e948ca392f3" />
      <TestMethod codeBase="C:\Integrations\S2Cognition.Integrations\S2Cognition.Integrations.Monday.Core.Tests\bin\Debug\net7.0\S2Cognition.Integrations.Monday.Core.Tests.dll" adapterTypeName="executor://xunit/VsTestRunner2/netcoreapp" className="S2Cognition.Integrations.Monday.Core.Tests.Internal.QueryOptionsTests" name="EnsureGetUserCanReturnMinimums" />
    </UnitTest>
    <UnitTest name="S2Cognition.Integrations.Monday.Core.Tests.Internal.QueryOptionsTests.EnsureGetUserCanReturnMaximums" storage="c:\integrations\s2cognition.integrations\s2cognition.integrations.monday.core.tests\bin\debug\net7.0\s2cognition.integrations.monday.core.tests.dll" id="8ed8a62c-d6e9-198e-ae0c-26687ea775fc">
      <Execution id="d8472d0d-1b21-43ea-a8d8-63c36fef78d1" />
      <TestMethod codeBase="C:\Integrations\S2Cognition.Integrations\S2Cognition.Integrations.Monday.Core.Tests\bin\Debug\net7.0\S2Cognition.Integrations.Monday.Core.Tests.dll" adapterTypeName="executor://xunit/VsTestRunner2/netcoreapp" className="S2Cognition.Integrations.Monday.Core.Tests.Internal.QueryOptionsTests" name="EnsureGetUserCanReturnMaximums" />
    </UnitTest>
    <UnitTest name="S2Cognition.Integrations.Monday.Core.Tests.Internal.MondaySystemTests.GetComplexity_Pass" storage="c:\integrations\s2cognition.integrations\s2cognition.integrations.monday.core.tests\bin\debug\net7.0\s2cognition.integrations.monday.core.tests.dll" id="b6024c5e-cc9f-6000-9f44-e91bed693a04">
      <Execution id="189640b0-4eb3-4645-8cb8-f6287a0f4707" />
      <TestMethod codeBase="C:\Integrations\S2Cognition.Integrations\S2Cognition.Integrations.Monday.Core.Tests\bin\Debug\net7.0\S2Cognition.Integrations.Monday.Core.Tests.dll" adapterTypeName="executor://xunit/VsTestRunner2/netcoreapp" className="S2Cognition.Integrations.Monday.Core.Tests.Internal.MondaySystemTests" name="GetComplexity_Pass" />
    </UnitTest>
    <UnitTest name="S2Cognition.Integrations.Monday.Core.Tests.Internal.QueryOptionsTests.EnsureGetTagCanReturnMaximums" storage="c:\integrations\s2cognition.integrations\s2cognition.integrations.monday.core.tests\bin\debug\net7.0\s2cognition.integrations.monday.core.tests.dll" id="1e4cf267-2c9b-233b-e477-c77c4907d14b">
      <Execution id="2ce48f3c-b3d7-4217-90ed-5e47a7e834f9" />
      <TestMethod codeBase="C:\Integrations\S2Cognition.Integrations\S2Cognition.Integrations.Monday.Core.Tests\bin\Debug\net7.0\S2Cognition.Integrations.Monday.Core.Tests.dll" adapterTypeName="executor://xunit/VsTestRunner2/netcoreapp" className="S2Cognition.Integrations.Monday.Core.Tests.Internal.QueryOptionsTests" name="EnsureGetTagCanReturnMaximums" />
    </UnitTest>
    <UnitTest name="S2Cognition.Integrations.Monday.Core.Tests.Internal.MondayTeamTests.GetTeam_Pass" storage="c:\integrations\s2cognition.integrations\s2cognition.integrations.monday.core.tests\bin\debug\net7.0\s2cognition.integrations.monday.core.tests.dll" id="699e6104-9a78-55e1-d40b-119cadc433c3">
      <Execution id="27b2ffa1-e928-4cd9-a1b6-300288e937e7" />
      <TestMethod codeBase="C:\Integrations\S2Cognition.Integrations\S2Cognition.Integrations.Monday.Core.Tests\bin\Debug\net7.0\S2Cognition.Integrations.Monday.Core.Tests.dll" adapterTypeName="executor://xunit/VsTestRunner2/netcoreapp" className="S2Cognition.Integrations.Monday.Core.Tests.Internal.MondayTeamTests" name="GetTeam_Pass" />
    </UnitTest>
    <UnitTest name="S2Cognition.Integrations.Monday.Core.Tests.Internal.MondayItemsTests.CustomQueryOrMutation_Pass" storage="c:\integrations\s2cognition.integrations\s2cognition.integrations.monday.core.tests\bin\debug\net7.0\s2cognition.integrations.monday.core.tests.dll" id="1f28150e-cea8-6a19-096e-e7f09fc4f033">
      <Execution id="9775712d-37d4-457d-a69d-63b12169a082" />
      <TestMethod codeBase="C:\Integrations\S2Cognition.Integrations\S2Cognition.Integrations.Monday.Core.Tests\bin\Debug\net7.0\S2Cognition.Integrations.Monday.Core.Tests.dll" adapterTypeName="executor://xunit/VsTestRunner2/netcoreapp" className="S2Cognition.Integrations.Monday.Core.Tests.Internal.MondayItemsTests" name="CustomQueryOrMutation_Pass" />
    </UnitTest>
    <UnitTest name="S2Cognition.Integrations.Monday.Core.Tests.Internal.QueryOptionsTests.EnsureGetGroupsCanReturnMinimums" storage="c:\integrations\s2cognition.integrations\s2cognition.integrations.monday.core.tests\bin\debug\net7.0\s2cognition.integrations.monday.core.tests.dll" id="7d34bcc7-299a-cd33-e29a-dd50b189da87">
      <Execution id="2deb496c-52ef-4b64-8b3d-200f4b22e6b8" />
      <TestMethod codeBase="C:\Integrations\S2Cognition.Integrations\S2Cognition.Integrations.Monday.Core.Tests\bin\Debug\net7.0\S2Cognition.Integrations.Monday.Core.Tests.dll" adapterTypeName="executor://xunit/VsTestRunner2/netcoreapp" className="S2Cognition.Integrations.Monday.Core.Tests.Internal.QueryOptionsTests" name="EnsureGetGroupsCanReturnMinimums" />
    </UnitTest>
    <UnitTest name="S2Cognition.Integrations.Monday.Core.Tests.Internal.QueryOptionsTests.EnsureGetGroupsWithNewQueryOptionsDefaultsToSameAsOriginalQuery" storage="c:\integrations\s2cognition.integrations\s2cognition.integrations.monday.core.tests\bin\debug\net7.0\s2cognition.integrations.monday.core.tests.dll" id="0989752e-4baa-5cb4-5a19-785a2f9a8b1c">
      <Execution id="872838d3-2b02-4ef6-ad1a-c87942a7b67b" />
      <TestMethod codeBase="C:\Integrations\S2Cognition.Integrations\S2Cognition.Integrations.Monday.Core.Tests\bin\Debug\net7.0\S2Cognition.Integrations.Monday.Core.Tests.dll" adapterTypeName="executor://xunit/VsTestRunner2/netcoreapp" className="S2Cognition.Integrations.Monday.Core.Tests.Internal.QueryOptionsTests" name="EnsureGetGroupsWithNewQueryOptionsDefaultsToSameAsOriginalQuery" />
    </UnitTest>
    <UnitTest name="S2Cognition.Integrations.Monday.Core.Tests.Internal.MondayColumnTests.UpdateColumn_Pass" storage="c:\integrations\s2cognition.integrations\s2cognition.integrations.monday.core.tests\bin\debug\net7.0\s2cognition.integrations.monday.core.tests.dll" id="c245435d-b0a3-64c2-7ed0-ff76f4852c23">
      <Execution id="6d6510cb-81cb-4b39-9e99-6807f43a3227" />
      <TestMethod codeBase="C:\Integrations\S2Cognition.Integrations\S2Cognition.Integrations.Monday.Core.Tests\bin\Debug\net7.0\S2Cognition.Integrations.Monday.Core.Tests.dll" adapterTypeName="executor://xunit/VsTestRunner2/netcoreapp" className="S2Cognition.Integrations.Monday.Core.Tests.Internal.MondayColumnTests" name="UpdateColumn_Pass" />
    </UnitTest>
    <UnitTest name="S2Cognition.Integrations.Monday.Core.Tests.Internal.QueryOptionsTests.EnsureGetUsersWithNewQueryOptionsDefaultsToSameAsOriginalQuery" storage="c:\integrations\s2cognition.integrations\s2cognition.integrations.monday.core.tests\bin\debug\net7.0\s2cognition.integrations.monday.core.tests.dll" id="4020b962-22b9-9020-b548-6e681ed8f485">
      <Execution id="74c28102-656e-4714-9a8b-f3d178b6bfa9" />
      <TestMethod codeBase="C:\Integrations\S2Cognition.Integrations\S2Cognition.Integrations.Monday.Core.Tests\bin\Debug\net7.0\S2Cognition.Integrations.Monday.Core.Tests.dll" adapterTypeName="executor://xunit/VsTestRunner2/netcoreapp" className="S2Cognition.Integrations.Monday.Core.Tests.Internal.QueryOptionsTests" name="EnsureGetUsersWithNewQueryOptionsDefaultsToSameAsOriginalQuery" />
    </UnitTest>
    <UnitTest name="S2Cognition.Integrations.Monday.Core.Tests.Internal.MondayItemsTests.GetItems_Pass" storage="c:\integrations\s2cognition.integrations\s2cognition.integrations.monday.core.tests\bin\debug\net7.0\s2cognition.integrations.monday.core.tests.dll" id="286a79c1-cf38-10b2-3c66-6238db8d2e6b">
      <Execution id="a3b5c85d-74b0-40ce-ab15-35d0a79c18d4" />
      <TestMethod codeBase="C:\Integrations\S2Cognition.Integrations\S2Cognition.Integrations.Monday.Core.Tests\bin\Debug\net7.0\S2Cognition.Integrations.Monday.Core.Tests.dll" adapterTypeName="executor://xunit/VsTestRunner2/netcoreapp" className="S2Cognition.Integrations.Monday.Core.Tests.Internal.MondayItemsTests" name="GetItems_Pass" />
    </UnitTest>
    <UnitTest name="S2Cognition.Integrations.Monday.Core.Tests.Internal.QueryOptionsTests.EnsureGetItemCanReturnMinimums" storage="c:\integrations\s2cognition.integrations\s2cognition.integrations.monday.core.tests\bin\debug\net7.0\s2cognition.integrations.monday.core.tests.dll" id="670e15a2-2818-00a1-83de-8910400e8cfd">
      <Execution id="17d95913-0aa7-4b7b-8cf7-393c9819dd47" />
      <TestMethod codeBase="C:\Integrations\S2Cognition.Integrations\S2Cognition.Integrations.Monday.Core.Tests\bin\Debug\net7.0\S2Cognition.Integrations.Monday.Core.Tests.dll" adapterTypeName="executor://xunit/VsTestRunner2/netcoreapp" className="S2Cognition.Integrations.Monday.Core.Tests.Internal.QueryOptionsTests" name="EnsureGetItemCanReturnMinimums" />
    </UnitTest>
    <UnitTest name="S2Cognition.Integrations.Monday.Core.Tests.Internal.MondayGroupsTests.ArchiveGroup_Pass" storage="c:\integrations\s2cognition.integrations\s2cognition.integrations.monday.core.tests\bin\debug\net7.0\s2cognition.integrations.monday.core.tests.dll" id="6772f89f-c983-ba69-e6fa-efff4c2a9593">
      <Execution id="58d6125a-534e-4627-88b2-c78577e39a3d" />
      <TestMethod codeBase="C:\Integrations\S2Cognition.Integrations\S2Cognition.Integrations.Monday.Core.Tests\bin\Debug\net7.0\S2Cognition.Integrations.Monday.Core.Tests.dll" adapterTypeName="executor://xunit/VsTestRunner2/netcoreapp" className="S2Cognition.Integrations.Monday.Core.Tests.Internal.MondayGroupsTests" name="ArchiveGroup_Pass" />
    </UnitTest>
    <UnitTest name="S2Cognition.Integrations.Monday.Core.Tests.Internal.MondayBoardTests.ArchiveBoard_Pass" storage="c:\integrations\s2cognition.integrations\s2cognition.integrations.monday.core.tests\bin\debug\net7.0\s2cognition.integrations.monday.core.tests.dll" id="37051fb3-77bb-cf2b-6c03-648a546869cc">
      <Execution id="edf7fff9-55d2-4737-b9dc-bca1e3ff764d" />
      <TestMethod codeBase="C:\Integrations\S2Cognition.Integrations\S2Cognition.Integrations.Monday.Core.Tests\bin\Debug\net7.0\S2Cognition.Integrations.Monday.Core.Tests.dll" adapterTypeName="executor://xunit/VsTestRunner2/netcoreapp" className="S2Cognition.Integrations.Monday.Core.Tests.Internal.MondayBoardTests" name="ArchiveBoard_Pass" />
    </UnitTest>
    <UnitTest name="S2Cognition.Integrations.Monday.Core.Tests.Internal.QueryOptionsTests.EnsureGetItemsCanReturnMaximums" storage="c:\integrations\s2cognition.integrations\s2cognition.integrations.monday.core.tests\bin\debug\net7.0\s2cognition.integrations.monday.core.tests.dll" id="f1227b7d-c8f7-8375-5cb6-1b981226c09d">
      <Execution id="3581706f-58b6-4959-a8be-458a3b4147d5" />
      <TestMethod codeBase="C:\Integrations\S2Cognition.Integrations\S2Cognition.Integrations.Monday.Core.Tests\bin\Debug\net7.0\S2Cognition.Integrations.Monday.Core.Tests.dll" adapterTypeName="executor://xunit/VsTestRunner2/netcoreapp" className="S2Cognition.Integrations.Monday.Core.Tests.Internal.QueryOptionsTests" name="EnsureGetItemsCanReturnMaximums" />
    </UnitTest>
    <UnitTest name="S2Cognition.Integrations.Monday.Core.Tests.Internal.QueryOptionsTests.EnsureGetTagsCanReturnMaximums" storage="c:\integrations\s2cognition.integrations\s2cognition.integrations.monday.core.tests\bin\debug\net7.0\s2cognition.integrations.monday.core.tests.dll" id="6a7b4e50-2875-002c-db7c-87121ab38351">
      <Execution id="a9e25ee5-db52-43f0-8d8a-0a67e773ff10" />
      <TestMethod codeBase="C:\Integrations\S2Cognition.Integrations\S2Cognition.Integrations.Monday.Core.Tests\bin\Debug\net7.0\S2Cognition.Integrations.Monday.Core.Tests.dll" adapterTypeName="executor://xunit/VsTestRunner2/netcoreapp" className="S2Cognition.Integrations.Monday.Core.Tests.Internal.QueryOptionsTests" name="EnsureGetTagsCanReturnMaximums" />
    </UnitTest>
    <UnitTest name="S2Cognition.Integrations.Monday.Core.Tests.Internal.QueryOptionsTests.EnsureGetTagWithNewQueryOptionsDefaultsToSameAsOriginalQuery" storage="c:\integrations\s2cognition.integrations\s2cognition.integrations.monday.core.tests\bin\debug\net7.0\s2cognition.integrations.monday.core.tests.dll" id="c72e751f-4715-ef7d-d196-f91200915af9">
      <Execution id="8fd55516-7acf-4170-87ec-4e4c8580e9d9" />
      <TestMethod codeBase="C:\Integrations\S2Cognition.Integrations\S2Cognition.Integrations.Monday.Core.Tests\bin\Debug\net7.0\S2Cognition.Integrations.Monday.Core.Tests.dll" adapterTypeName="executor://xunit/VsTestRunner2/netcoreapp" className="S2Cognition.Integrations.Monday.Core.Tests.Internal.QueryOptionsTests" name="EnsureGetTagWithNewQueryOptionsDefaultsToSameAsOriginalQuery" />
    </UnitTest>
    <UnitTest name="S2Cognition.Integrations.Monday.Core.Tests.Internal.QueryOptionsTests.EnsureGetTeamCanReturnMaximums" storage="c:\integrations\s2cognition.integrations\s2cognition.integrations.monday.core.tests\bin\debug\net7.0\s2cognition.integrations.monday.core.tests.dll" id="e1d12073-8a41-eb5a-464c-27f8af3d47be">
      <Execution id="8e77d074-5b05-420e-9884-80ec362a440a" />
      <TestMethod codeBase="C:\Integrations\S2Cognition.Integrations\S2Cognition.Integrations.Monday.Core.Tests\bin\Debug\net7.0\S2Cognition.Integrations.Monday.Core.Tests.dll" adapterTypeName="executor://xunit/VsTestRunner2/netcoreapp" className="S2Cognition.Integrations.Monday.Core.Tests.Internal.QueryOptionsTests" name="EnsureGetTeamCanReturnMaximums" />
    </UnitTest>
    <UnitTest name="S2Cognition.Integrations.Monday.Core.Tests.Internal.MondayTagsTests.GetTag_Pass" storage="c:\integrations\s2cognition.integrations\s2cognition.integrations.monday.core.tests\bin\debug\net7.0\s2cognition.integrations.monday.core.tests.dll" id="5ff0fe88-c4c8-57d3-5b1a-3f39e1a69737">
      <Execution id="8040d7fc-c89e-46c7-aa46-70b5db3d572d" />
      <TestMethod codeBase="C:\Integrations\S2Cognition.Integrations\S2Cognition.Integrations.Monday.Core.Tests\bin\Debug\net7.0\S2Cognition.Integrations.Monday.Core.Tests.dll" adapterTypeName="executor://xunit/VsTestRunner2/netcoreapp" className="S2Cognition.Integrations.Monday.Core.Tests.Internal.MondayTagsTests" name="GetTag_Pass" />
    </UnitTest>
    <UnitTest name="S2Cognition.Integrations.Monday.Core.Tests.Internal.QueryOptionsTests.EnsureGetTagsCanReturnMinimums" storage="c:\integrations\s2cognition.integrations\s2cognition.integrations.monday.core.tests\bin\debug\net7.0\s2cognition.integrations.monday.core.tests.dll" id="83d01415-0376-964e-248c-a57968d4c4ba">
      <Execution id="3a63aa19-fac9-4806-9aed-4d56e1e0e76b" />
      <TestMethod codeBase="C:\Integrations\S2Cognition.Integrations\S2Cognition.Integrations.Monday.Core.Tests\bin\Debug\net7.0\S2Cognition.Integrations.Monday.Core.Tests.dll" adapterTypeName="executor://xunit/VsTestRunner2/netcoreapp" className="S2Cognition.Integrations.Monday.Core.Tests.Internal.QueryOptionsTests" name="EnsureGetTagsCanReturnMinimums" />
    </UnitTest>
    <UnitTest name="S2Cognition.Integrations.Monday.Core.Tests.Internal.MondayUserTests.GetUsers_Pass" storage="c:\integrations\s2cognition.integrations\s2cognition.integrations.monday.core.tests\bin\debug\net7.0\s2cognition.integrations.monday.core.tests.dll" id="a6be2696-0cfa-7509-97d1-769ed4f8bc42">
      <Execution id="99401ffd-0cb5-4ba7-9384-24cb991aba55" />
      <TestMethod codeBase="C:\Integrations\S2Cognition.Integrations\S2Cognition.Integrations.Monday.Core.Tests\bin\Debug\net7.0\S2Cognition.Integrations.Monday.Core.Tests.dll" adapterTypeName="executor://xunit/VsTestRunner2/netcoreapp" className="S2Cognition.Integrations.Monday.Core.Tests.Internal.MondayUserTests" name="GetUsers_Pass" />
    </UnitTest>
    <UnitTest name="S2Cognition.Integrations.Monday.Core.Tests.Internal.MondayUpdatesTests.CreateUpdate_Pass" storage="c:\integrations\s2cognition.integrations\s2cognition.integrations.monday.core.tests\bin\debug\net7.0\s2cognition.integrations.monday.core.tests.dll" id="3aa2df7a-4bcf-30d2-3510-215610c27c6a">
      <Execution id="72777df5-427a-4a49-a0cc-d42a4d8423db" />
      <TestMethod codeBase="C:\Integrations\S2Cognition.Integrations\S2Cognition.Integrations.Monday.Core.Tests\bin\Debug\net7.0\S2Cognition.Integrations.Monday.Core.Tests.dll" adapterTypeName="executor://xunit/VsTestRunner2/netcoreapp" className="S2Cognition.Integrations.Monday.Core.Tests.Internal.MondayUpdatesTests" name="CreateUpdate_Pass" />
    </UnitTest>
    <UnitTest name="S2Cognition.Integrations.Monday.Core.Tests.Internal.QueryOptionsTests.EnsureGetItemWithNewQueryOptionsDefaultsToSameAsOriginalQuery" storage="c:\integrations\s2cognition.integrations\s2cognition.integrations.monday.core.tests\bin\debug\net7.0\s2cognition.integrations.monday.core.tests.dll" id="c4ed5dd6-97b8-f60b-60a1-3ed3850e6fa1">
      <Execution id="f9760d88-2de8-412b-a006-63a33996077b" />
      <TestMethod codeBase="C:\Integrations\S2Cognition.Integrations\S2Cognition.Integrations.Monday.Core.Tests\bin\Debug\net7.0\S2Cognition.Integrations.Monday.Core.Tests.dll" adapterTypeName="executor://xunit/VsTestRunner2/netcoreapp" className="S2Cognition.Integrations.Monday.Core.Tests.Internal.QueryOptionsTests" name="EnsureGetItemWithNewQueryOptionsDefaultsToSameAsOriginalQuery" />
    </UnitTest>
    <UnitTest name="S2Cognition.Integrations.Monday.Core.Tests.Internal.MondayTagsTests.GetTags_Pass" storage="c:\integrations\s2cognition.integrations\s2cognition.integrations.monday.core.tests\bin\debug\net7.0\s2cognition.integrations.monday.core.tests.dll" id="3cc1457a-7db2-e650-a582-3cc4ef74bd86">
      <Execution id="e0d84d10-86f4-4460-99f3-1a636697b7d1" />
      <TestMethod codeBase="C:\Integrations\S2Cognition.Integrations\S2Cognition.Integrations.Monday.Core.Tests\bin\Debug\net7.0\S2Cognition.Integrations.Monday.Core.Tests.dll" adapterTypeName="executor://xunit/VsTestRunner2/netcoreapp" className="S2Cognition.Integrations.Monday.Core.Tests.Internal.MondayTagsTests" name="GetTags_Pass" />
    </UnitTest>
    <UnitTest name="S2Cognition.Integrations.Monday.Core.Tests.Internal.MondayBoardTests.GetBoards_Pass" storage="c:\integrations\s2cognition.integrations\s2cognition.integrations.monday.core.tests\bin\debug\net7.0\s2cognition.integrations.monday.core.tests.dll" id="46c88540-33b2-2fcf-a4ea-24e23c1d5ff9">
      <Execution id="58b03360-7e6c-4449-8e98-ae120c311377" />
      <TestMethod codeBase="C:\Integrations\S2Cognition.Integrations\S2Cognition.Integrations.Monday.Core.Tests\bin\Debug\net7.0\S2Cognition.Integrations.Monday.Core.Tests.dll" adapterTypeName="executor://xunit/VsTestRunner2/netcoreapp" className="S2Cognition.Integrations.Monday.Core.Tests.Internal.MondayBoardTests" name="GetBoards_Pass" />
    </UnitTest>
    <UnitTest name="S2Cognition.Integrations.Monday.Core.Tests.Internal.MondayItemsTests.CreateItem_Pass" storage="c:\integrations\s2cognition.integrations\s2cognition.integrations.monday.core.tests\bin\debug\net7.0\s2cognition.integrations.monday.core.tests.dll" id="e200f5e5-ea4d-ef93-2426-d0d7b0ec2c29">
      <Execution id="67845bb9-0f5c-4984-8855-a6ffc670e483" />
      <TestMethod codeBase="C:\Integrations\S2Cognition.Integrations\S2Cognition.Integrations.Monday.Core.Tests\bin\Debug\net7.0\S2Cognition.Integrations.Monday.Core.Tests.dll" adapterTypeName="executor://xunit/VsTestRunner2/netcoreapp" className="S2Cognition.Integrations.Monday.Core.Tests.Internal.MondayItemsTests" name="CreateItem_Pass" />
    </UnitTest>
    <UnitTest name="S2Cognition.Integrations.Monday.Core.Tests.Internal.QueryOptionsTests.EnsureGetBoardCanReturnMaximums" storage="c:\integrations\s2cognition.integrations\s2cognition.integrations.monday.core.tests\bin\debug\net7.0\s2cognition.integrations.monday.core.tests.dll" id="856bbfd7-07ce-4e80-13d9-f04e4e3755c8">
      <Execution id="8e7f4550-8349-45a8-b0d9-6a992b7cc18f" />
      <TestMethod codeBase="C:\Integrations\S2Cognition.Integrations\S2Cognition.Integrations.Monday.Core.Tests\bin\Debug\net7.0\S2Cognition.Integrations.Monday.Core.Tests.dll" adapterTypeName="executor://xunit/VsTestRunner2/netcoreapp" className="S2Cognition.Integrations.Monday.Core.Tests.Internal.QueryOptionsTests" name="EnsureGetBoardCanReturnMaximums" />
    </UnitTest>
    <UnitTest name="S2Cognition.Integrations.Monday.Core.Tests.Internal.QueryOptionsTests.EnsureGetTeamsCanReturnMaximums" storage="c:\integrations\s2cognition.integrations\s2cognition.integrations.monday.core.tests\bin\debug\net7.0\s2cognition.integrations.monday.core.tests.dll" id="bf6d4cfe-f7f8-bda4-adec-4a809b3ae095">
      <Execution id="d20a303b-7380-49aa-ad13-76c3d0193675" />
      <TestMethod codeBase="C:\Integrations\S2Cognition.Integrations\S2Cognition.Integrations.Monday.Core.Tests\bin\Debug\net7.0\S2Cognition.Integrations.Monday.Core.Tests.dll" adapterTypeName="executor://xunit/VsTestRunner2/netcoreapp" className="S2Cognition.Integrations.Monday.Core.Tests.Internal.QueryOptionsTests" name="EnsureGetTeamsCanReturnMaximums" />
    </UnitTest>
    <UnitTest name="S2Cognition.Integrations.Monday.Core.Tests.Internal.MondayTagsTests.CreateTag_Pass" storage="c:\integrations\s2cognition.integrations\s2cognition.integrations.monday.core.tests\bin\debug\net7.0\s2cognition.integrations.monday.core.tests.dll" id="6e24f7c2-254d-33e4-faf1-26dea1d1bc54">
      <Execution id="be1cea47-f16a-43f8-8443-50227410b484" />
      <TestMethod codeBase="C:\Integrations\S2Cognition.Integrations\S2Cognition.Integrations.Monday.Core.Tests\bin\Debug\net7.0\S2Cognition.Integrations.Monday.Core.Tests.dll" adapterTypeName="executor://xunit/VsTestRunner2/netcoreapp" className="S2Cognition.Integrations.Monday.Core.Tests.Internal.MondayTagsTests" name="CreateTag_Pass" />
    </UnitTest>
    <UnitTest name="S2Cognition.Integrations.Monday.Core.Tests.Internal.QueryOptionsTests.EnsureGetItemsWithNewQueryOptionsDefaultsToSameAsOriginalQuery" storage="c:\integrations\s2cognition.integrations\s2cognition.integrations.monday.core.tests\bin\debug\net7.0\s2cognition.integrations.monday.core.tests.dll" id="582bd4da-d563-0a40-db6b-689ff84cf20b">
      <Execution id="03a49811-0e37-4267-8098-d4e22b9bfcdd" />
      <TestMethod codeBase="C:\Integrations\S2Cognition.Integrations\S2Cognition.Integrations.Monday.Core.Tests\bin\Debug\net7.0\S2Cognition.Integrations.Monday.Core.Tests.dll" adapterTypeName="executor://xunit/VsTestRunner2/netcoreapp" className="S2Cognition.Integrations.Monday.Core.Tests.Internal.QueryOptionsTests" name="EnsureGetItemsWithNewQueryOptionsDefaultsToSameAsOriginalQuery" />
    </UnitTest>
    <UnitTest name="S2Cognition.Integrations.Monday.Core.Tests.Internal.MondayUpdatesTests.ClearItemUpdates_Pass" storage="c:\integrations\s2cognition.integrations\s2cognition.integrations.monday.core.tests\bin\debug\net7.0\s2cognition.integrations.monday.core.tests.dll" id="5ba5d283-3fc5-9bfc-7776-8e3e68851e24">
      <Execution id="87d6e13b-209c-4dea-9240-5c2a67c2071a" />
      <TestMethod codeBase="C:\Integrations\S2Cognition.Integrations\S2Cognition.Integrations.Monday.Core.Tests\bin\Debug\net7.0\S2Cognition.Integrations.Monday.Core.Tests.dll" adapterTypeName="executor://xunit/VsTestRunner2/netcoreapp" className="S2Cognition.Integrations.Monday.Core.Tests.Internal.MondayUpdatesTests" name="ClearItemUpdates_Pass" />
    </UnitTest>
    <UnitTest name="S2Cognition.Integrations.Monday.Core.Tests.Internal.QueryOptionsTests.EnsureGetItemCanReturnMaximums" storage="c:\integrations\s2cognition.integrations\s2cognition.integrations.monday.core.tests\bin\debug\net7.0\s2cognition.integrations.monday.core.tests.dll" id="b0364036-532a-17f0-e240-4b2f7553b7e5">
      <Execution id="00a64b26-5a42-4dce-b3df-a24d4fe497da" />
      <TestMethod codeBase="C:\Integrations\S2Cognition.Integrations\S2Cognition.Integrations.Monday.Core.Tests\bin\Debug\net7.0\S2Cognition.Integrations.Monday.Core.Tests.dll" adapterTypeName="executor://xunit/VsTestRunner2/netcoreapp" className="S2Cognition.Integrations.Monday.Core.Tests.Internal.QueryOptionsTests" name="EnsureGetItemCanReturnMaximums" />
    </UnitTest>
    <UnitTest name="S2Cognition.Integrations.Monday.Core.Tests.Internal.QueryOptionsTests.EnsureGetUserWithNewQueryOptionsDefaultsToSameAsOriginalQuery" storage="c:\integrations\s2cognition.integrations\s2cognition.integrations.monday.core.tests\bin\debug\net7.0\s2cognition.integrations.monday.core.tests.dll" id="a94027fb-8741-0358-60a0-79da4714131a">
      <Execution id="4e64b42f-a177-43fd-a9a9-ad53f8380949" />
      <TestMethod codeBase="C:\Integrations\S2Cognition.Integrations\S2Cognition.Integrations.Monday.Core.Tests\bin\Debug\net7.0\S2Cognition.Integrations.Monday.Core.Tests.dll" adapterTypeName="executor://xunit/VsTestRunner2/netcoreapp" className="S2Cognition.Integrations.Monday.Core.Tests.Internal.QueryOptionsTests" name="EnsureGetUserWithNewQueryOptionsDefaultsToSameAsOriginalQuery" />
    </UnitTest>
    <UnitTest name="S2Cognition.Integrations.Monday.Core.Tests.Internal.QueryOptionsTests.EnsureGetBoardsCanReturnMaximums" storage="c:\integrations\s2cognition.integrations\s2cognition.integrations.monday.core.tests\bin\debug\net7.0\s2cognition.integrations.monday.core.tests.dll" id="b6298783-c9b1-ba27-491e-9e45d1b4abea">
      <Execution id="24a2631c-f647-4244-9b11-0709f5a120bc" />
      <TestMethod codeBase="C:\Integrations\S2Cognition.Integrations\S2Cognition.Integrations.Monday.Core.Tests\bin\Debug\net7.0\S2Cognition.Integrations.Monday.Core.Tests.dll" adapterTypeName="executor://xunit/VsTestRunner2/netcoreapp" className="S2Cognition.Integrations.Monday.Core.Tests.Internal.QueryOptionsTests" name="EnsureGetBoardsCanReturnMaximums" />
    </UnitTest>
    <UnitTest name="S2Cognition.Integrations.Monday.Core.Tests.Internal.MondayBoardTests.CreateBoard_Pass" storage="c:\integrations\s2cognition.integrations\s2cognition.integrations.monday.core.tests\bin\debug\net7.0\s2cognition.integrations.monday.core.tests.dll" id="5e07aaee-af05-c07d-f2b3-414cd34710c1">
      <Execution id="18daa9de-a822-49c9-962e-b456e4c317cb" />
      <TestMethod codeBase="C:\Integrations\S2Cognition.Integrations\S2Cognition.Integrations.Monday.Core.Tests\bin\Debug\net7.0\S2Cognition.Integrations.Monday.Core.Tests.dll" adapterTypeName="executor://xunit/VsTestRunner2/netcoreapp" className="S2Cognition.Integrations.Monday.Core.Tests.Internal.MondayBoardTests" name="CreateBoard_Pass" />
    </UnitTest>
    <UnitTest name="S2Cognition.Integrations.Monday.Core.Tests.Internal.MondaySystemTests.GetRateLimit_Pass" storage="c:\integrations\s2cognition.integrations\s2cognition.integrations.monday.core.tests\bin\debug\net7.0\s2cognition.integrations.monday.core.tests.dll" id="4de8177c-a3ef-ef0e-c081-9ae3f23c7531">
      <Execution id="b78866bc-e22c-4a7a-833d-0f312bea3a97" />
      <TestMethod codeBase="C:\Integrations\S2Cognition.Integrations\S2Cognition.Integrations.Monday.Core.Tests\bin\Debug\net7.0\S2Cognition.Integrations.Monday.Core.Tests.dll" adapterTypeName="executor://xunit/VsTestRunner2/netcoreapp" className="S2Cognition.Integrations.Monday.Core.Tests.Internal.MondaySystemTests" name="GetRateLimit_Pass" />
    </UnitTest>
    <UnitTest name="S2Cognition.Integrations.Monday.Core.Tests.Internal.MondayBoardTests.GetBoard_Pass" storage="c:\integrations\s2cognition.integrations\s2cognition.integrations.monday.core.tests\bin\debug\net7.0\s2cognition.integrations.monday.core.tests.dll" id="7785283e-2fa2-577d-b099-0811bd86332e">
      <Execution id="b0294f14-7cb0-4209-8184-bf72b2f9a55d" />
      <TestMethod codeBase="C:\Integrations\S2Cognition.Integrations\S2Cognition.Integrations.Monday.Core.Tests\bin\Debug\net7.0\S2Cognition.Integrations.Monday.Core.Tests.dll" adapterTypeName="executor://xunit/VsTestRunner2/netcoreapp" className="S2Cognition.Integrations.Monday.Core.Tests.Internal.MondayBoardTests" name="GetBoard_Pass" />
    </UnitTest>
    <UnitTest name="S2Cognition.Integrations.Monday.Core.Tests.Internal.QueryOptionsTests.EnsureGetTeamsCanReturnMinimums" storage="c:\integrations\s2cognition.integrations\s2cognition.integrations.monday.core.tests\bin\debug\net7.0\s2cognition.integrations.monday.core.tests.dll" id="002eaebf-a01f-d452-7b16-eb46be988df6">
      <Execution id="b6a9a8dc-7a39-42c3-8c7a-a8c16bef803d" />
      <TestMethod codeBase="C:\Integrations\S2Cognition.Integrations\S2Cognition.Integrations.Monday.Core.Tests\bin\Debug\net7.0\S2Cognition.Integrations.Monday.Core.Tests.dll" adapterTypeName="executor://xunit/VsTestRunner2/netcoreapp" className="S2Cognition.Integrations.Monday.Core.Tests.Internal.QueryOptionsTests" name="EnsureGetTeamsCanReturnMinimums" />
    </UnitTest>
    <UnitTest name="S2Cognition.Integrations.Monday.Core.Tests.Internal.QueryOptionsTests.EnsureGetTeamCanReturnMinimums" storage="c:\integrations\s2cognition.integrations\s2cognition.integrations.monday.core.tests\bin\debug\net7.0\s2cognition.integrations.monday.core.tests.dll" id="9494a386-627a-d9e9-f044-8a9379f54cd7">
      <Execution id="c178d828-747b-4e13-9628-0c551d33eb5e" />
      <TestMethod codeBase="C:\Integrations\S2Cognition.Integrations\S2Cognition.Integrations.Monday.Core.Tests\bin\Debug\net7.0\S2Cognition.Integrations.Monday.Core.Tests.dll" adapterTypeName="executor://xunit/VsTestRunner2/netcoreapp" className="S2Cognition.Integrations.Monday.Core.Tests.Internal.QueryOptionsTests" name="EnsureGetTeamCanReturnMinimums" />
    </UnitTest>
    <UnitTest name="S2Cognition.Integrations.Monday.Core.Tests.Internal.QueryOptionsTests.EnsureGetBoardsWithNewQueryOptionsDefaultsToSameAsOriginalQuery" storage="c:\integrations\s2cognition.integrations\s2cognition.integrations.monday.core.tests\bin\debug\net7.0\s2cognition.integrations.monday.core.tests.dll" id="74274b9a-6c05-5e11-57f4-f07a126b1d72">
      <Execution id="035e58b3-233a-4105-be74-5a56099d25d1" />
      <TestMethod codeBase="C:\Integrations\S2Cognition.Integrations\S2Cognition.Integrations.Monday.Core.Tests\bin\Debug\net7.0\S2Cognition.Integrations.Monday.Core.Tests.dll" adapterTypeName="executor://xunit/VsTestRunner2/netcoreapp" className="S2Cognition.Integrations.Monday.Core.Tests.Internal.QueryOptionsTests" name="EnsureGetBoardsWithNewQueryOptionsDefaultsToSameAsOriginalQuery" />
    </UnitTest>
    <UnitTest name="S2Cognition.Integrations.Monday.Core.Tests.Internal.QueryOptionsTests.EnsureGetTeamWithNewQueryOptionsDefaultsToSameAsOriginalQuery" storage="c:\integrations\s2cognition.integrations\s2cognition.integrations.monday.core.tests\bin\debug\net7.0\s2cognition.integrations.monday.core.tests.dll" id="f2e1c8e0-2aa8-c927-fab7-283c464add20">
      <Execution id="25e73059-d708-4e24-8546-203608e6c2ef" />
      <TestMethod codeBase="C:\Integrations\S2Cognition.Integrations\S2Cognition.Integrations.Monday.Core.Tests\bin\Debug\net7.0\S2Cognition.Integrations.Monday.Core.Tests.dll" adapterTypeName="executor://xunit/VsTestRunner2/netcoreapp" className="S2Cognition.Integrations.Monday.Core.Tests.Internal.QueryOptionsTests" name="EnsureGetTeamWithNewQueryOptionsDefaultsToSameAsOriginalQuery" />
    </UnitTest>
    <UnitTest name="S2Cognition.Integrations.Monday.Core.Tests.Internal.MondayUserTests.GetUsers_UserAccessTypes_Pass" storage="c:\integrations\s2cognition.integrations\s2cognition.integrations.monday.core.tests\bin\debug\net7.0\s2cognition.integrations.monday.core.tests.dll" id="58de10b4-534b-6f18-2f4c-a723eb0766d0">
      <Execution id="d2e59aaa-baa6-4472-b45d-1d2a7fe33338" />
      <TestMethod codeBase="C:\Integrations\S2Cognition.Integrations\S2Cognition.Integrations.Monday.Core.Tests\bin\Debug\net7.0\S2Cognition.Integrations.Monday.Core.Tests.dll" adapterTypeName="executor://xunit/VsTestRunner2/netcoreapp" className="S2Cognition.Integrations.Monday.Core.Tests.Internal.MondayUserTests" name="GetUsers_UserAccessTypes_Pass" />
    </UnitTest>
    <UnitTest name="S2Cognition.Integrations.Monday.Core.Tests.Internal.MondayGroupsTests.CreateGroup_Pass" storage="c:\integrations\s2cognition.integrations\s2cognition.integrations.monday.core.tests\bin\debug\net7.0\s2cognition.integrations.monday.core.tests.dll" id="8687e80b-497d-c3e0-d1a0-623791adeab4">
      <Execution id="fee1e3c9-d5ee-4049-856c-06b4a7582ea9" />
      <TestMethod codeBase="C:\Integrations\S2Cognition.Integrations\S2Cognition.Integrations.Monday.Core.Tests\bin\Debug\net7.0\S2Cognition.Integrations.Monday.Core.Tests.dll" adapterTypeName="executor://xunit/VsTestRunner2/netcoreapp" className="S2Cognition.Integrations.Monday.Core.Tests.Internal.MondayGroupsTests" name="CreateGroup_Pass" />
    </UnitTest>
    <UnitTest name="S2Cognition.Integrations.Monday.Core.Tests.Internal.QueryOptionsTests.EnsureGetBoardCanReturnMinimums" storage="c:\integrations\s2cognition.integrations\s2cognition.integrations.monday.core.tests\bin\debug\net7.0\s2cognition.integrations.monday.core.tests.dll" id="60fd7a38-e994-b056-025f-4b68bd7e74bb">
      <Execution id="fba17fde-0a89-4e4d-8f16-cd0777fb69b6" />
      <TestMethod codeBase="C:\Integrations\S2Cognition.Integrations\S2Cognition.Integrations.Monday.Core.Tests\bin\Debug\net7.0\S2Cognition.Integrations.Monday.Core.Tests.dll" adapterTypeName="executor://xunit/VsTestRunner2/netcoreapp" className="S2Cognition.Integrations.Monday.Core.Tests.Internal.QueryOptionsTests" name="EnsureGetBoardCanReturnMinimums" />
    </UnitTest>
    <UnitTest name="S2Cognition.Integrations.Monday.Core.Tests.Internal.QueryOptionsTests.EnsureGetBoardsCanReturnMinimums" storage="c:\integrations\s2cognition.integrations\s2cognition.integrations.monday.core.tests\bin\debug\net7.0\s2cognition.integrations.monday.core.tests.dll" id="c2cd20d0-54ba-4173-27de-9e34dd6187a2">
      <Execution id="5c792b4d-b1a4-4a27-a7af-adae17f1f139" />
      <TestMethod codeBase="C:\Integrations\S2Cognition.Integrations\S2Cognition.Integrations.Monday.Core.Tests\bin\Debug\net7.0\S2Cognition.Integrations.Monday.Core.Tests.dll" adapterTypeName="executor://xunit/VsTestRunner2/netcoreapp" className="S2Cognition.Integrations.Monday.Core.Tests.Internal.QueryOptionsTests" name="EnsureGetBoardsCanReturnMinimums" />
    </UnitTest>
    <UnitTest name="S2Cognition.Integrations.Monday.Core.Tests.Internal.MondayUserTests.GetUser_Pass" storage="c:\integrations\s2cognition.integrations\s2cognition.integrations.monday.core.tests\bin\debug\net7.0\s2cognition.integrations.monday.core.tests.dll" id="21705279-1176-84a3-7593-433546a218f6">
      <Execution id="4d32e302-878b-429a-832e-cd5638446dd3" />
      <TestMethod codeBase="C:\Integrations\S2Cognition.Integrations\S2Cognition.Integrations.Monday.Core.Tests\bin\Debug\net7.0\S2Cognition.Integrations.Monday.Core.Tests.dll" adapterTypeName="executor://xunit/VsTestRunner2/netcoreapp" className="S2Cognition.Integrations.Monday.Core.Tests.Internal.MondayUserTests" name="GetUser_Pass" />
    </UnitTest>
    <UnitTest name="S2Cognition.Integrations.Monday.Core.Tests.Internal.MondayItemsTests.GetItem_Pass" storage="c:\integrations\s2cognition.integrations\s2cognition.integrations.monday.core.tests\bin\debug\net7.0\s2cognition.integrations.monday.core.tests.dll" id="6f70f028-4b1a-be4e-c821-5b04f77f1689">
      <Execution id="80dbad25-2a4a-49a1-ba6b-8fecd5bcfb49" />
      <TestMethod codeBase="C:\Integrations\S2Cognition.Integrations\S2Cognition.Integrations.Monday.Core.Tests\bin\Debug\net7.0\S2Cognition.Integrations.Monday.Core.Tests.dll" adapterTypeName="executor://xunit/VsTestRunner2/netcoreapp" className="S2Cognition.Integrations.Monday.Core.Tests.Internal.MondayItemsTests" name="GetItem_Pass" />
    </UnitTest>
    <UnitTest name="S2Cognition.Integrations.Monday.Core.Tests.Internal.MondayGroupsTests.DeleteGroup_Pass" storage="c:\integrations\s2cognition.integrations\s2cognition.integrations.monday.core.tests\bin\debug\net7.0\s2cognition.integrations.monday.core.tests.dll" id="b2cf74ef-0af5-e7f1-61af-1a4383953923">
      <Execution id="c062a707-0e44-406c-a80b-bb6ce1bce86b" />
      <TestMethod codeBase="C:\Integrations\S2Cognition.Integrations\S2Cognition.Integrations.Monday.Core.Tests\bin\Debug\net7.0\S2Cognition.Integrations.Monday.Core.Tests.dll" adapterTypeName="executor://xunit/VsTestRunner2/netcoreapp" className="S2Cognition.Integrations.Monday.Core.Tests.Internal.MondayGroupsTests" name="DeleteGroup_Pass" />
    </UnitTest>
    <UnitTest name="S2Cognition.Integrations.Monday.Core.Tests.Internal.QueryOptionsTests.EnsureGetTeamsWithNewQueryOptionsDefaultsToSameAsOriginalQuery" storage="c:\integrations\s2cognition.integrations\s2cognition.integrations.monday.core.tests\bin\debug\net7.0\s2cognition.integrations.monday.core.tests.dll" id="e9af5911-ac89-b1d9-f02f-d942b57cba23">
      <Execution id="d3aeca9a-ab51-47e7-9b31-8141399012f3" />
      <TestMethod codeBase="C:\Integrations\S2Cognition.Integrations\S2Cognition.Integrations.Monday.Core.Tests\bin\Debug\net7.0\S2Cognition.Integrations.Monday.Core.Tests.dll" adapterTypeName="executor://xunit/VsTestRunner2/netcoreapp" className="S2Cognition.Integrations.Monday.Core.Tests.Internal.QueryOptionsTests" name="EnsureGetTeamsWithNewQueryOptionsDefaultsToSameAsOriginalQuery" />
    </UnitTest>
    <UnitTest name="S2Cognition.Integrations.Monday.Core.Tests.Internal.MondayGroupsTests.UpdateItemGroup_Pass" storage="c:\integrations\s2cognition.integrations\s2cognition.integrations.monday.core.tests\bin\debug\net7.0\s2cognition.integrations.monday.core.tests.dll" id="85571e0c-41e0-2a36-b25a-34ddc2fba4c9">
      <Execution id="6f4730c8-5ad3-4bba-b2c7-eabfa6cba743" />
      <TestMethod codeBase="C:\Integrations\S2Cognition.Integrations\S2Cognition.Integrations.Monday.Core.Tests\bin\Debug\net7.0\S2Cognition.Integrations.Monday.Core.Tests.dll" adapterTypeName="executor://xunit/VsTestRunner2/netcoreapp" className="S2Cognition.Integrations.Monday.Core.Tests.Internal.MondayGroupsTests" name="UpdateItemGroup_Pass" />
    </UnitTest>
    <UnitTest name="S2Cognition.Integrations.Monday.Core.Tests.Internal.QueryOptionsTests.EnsureGetUsersCanReturnMinimums" storage="c:\integrations\s2cognition.integrations\s2cognition.integrations.monday.core.tests\bin\debug\net7.0\s2cognition.integrations.monday.core.tests.dll" id="b4784567-afa7-ed1d-3bc1-4928fe30a7c6">
      <Execution id="f5f09cdd-789c-4da4-98c3-ffe9dc72a523" />
      <TestMethod codeBase="C:\Integrations\S2Cognition.Integrations\S2Cognition.Integrations.Monday.Core.Tests\bin\Debug\net7.0\S2Cognition.Integrations.Monday.Core.Tests.dll" adapterTypeName="executor://xunit/VsTestRunner2/netcoreapp" className="S2Cognition.Integrations.Monday.Core.Tests.Internal.QueryOptionsTests" name="EnsureGetUsersCanReturnMinimums" />
    </UnitTest>
    <UnitTest name="S2Cognition.Integrations.Monday.Core.Tests.Internal.MondayGroupsTests.GetGroups_Pass" storage="c:\integrations\s2cognition.integrations\s2cognition.integrations.monday.core.tests\bin\debug\net7.0\s2cognition.integrations.monday.core.tests.dll" id="6c79372e-ce76-4557-ad0c-f31c0d46e60d">
      <Execution id="7f7a87e2-17bd-4241-92fb-fa9df46e625c" />
      <TestMethod codeBase="C:\Integrations\S2Cognition.Integrations\S2Cognition.Integrations.Monday.Core.Tests\bin\Debug\net7.0\S2Cognition.Integrations.Monday.Core.Tests.dll" adapterTypeName="executor://xunit/VsTestRunner2/netcoreapp" className="S2Cognition.Integrations.Monday.Core.Tests.Internal.MondayGroupsTests" name="GetGroups_Pass" />
    </UnitTest>
  </TestDefinitions>
  <TestEntries>
    <TestEntry testId="60fd7a38-e994-b056-025f-4b68bd7e74bb" executionId="fba17fde-0a89-4e4d-8f16-cd0777fb69b6" testListId="8c84fa94-04c1-424b-9868-57a2d4851a1d" />
    <TestEntry testId="8687e80b-497d-c3e0-d1a0-623791adeab4" executionId="fee1e3c9-d5ee-4049-856c-06b4a7582ea9" testListId="8c84fa94-04c1-424b-9868-57a2d4851a1d" />
    <TestEntry testId="46c88540-33b2-2fcf-a4ea-24e23c1d5ff9" executionId="58b03360-7e6c-4449-8e98-ae120c311377" testListId="8c84fa94-04c1-424b-9868-57a2d4851a1d" />
    <TestEntry testId="21705279-1176-84a3-7593-433546a218f6" executionId="4d32e302-878b-429a-832e-cd5638446dd3" testListId="8c84fa94-04c1-424b-9868-57a2d4851a1d" />
    <TestEntry testId="58de10b4-534b-6f18-2f4c-a723eb0766d0" executionId="d2e59aaa-baa6-4472-b45d-1d2a7fe33338" testListId="8c84fa94-04c1-424b-9868-57a2d4851a1d" />
    <TestEntry testId="74274b9a-6c05-5e11-57f4-f07a126b1d72" executionId="035e58b3-233a-4105-be74-5a56099d25d1" testListId="8c84fa94-04c1-424b-9868-57a2d4851a1d" />
    <TestEntry testId="6a7b4e50-2875-002c-db7c-87121ab38351" executionId="a9e25ee5-db52-43f0-8d8a-0a67e773ff10" testListId="8c84fa94-04c1-424b-9868-57a2d4851a1d" />
    <TestEntry testId="29e39a12-0b1b-13ca-8d6c-998304c252ed" executionId="cde14f18-15b1-405f-8b7e-9261c25a4f54" testListId="8c84fa94-04c1-424b-9868-57a2d4851a1d" />
    <TestEntry testId="6c79372e-ce76-4557-ad0c-f31c0d46e60d" executionId="7f7a87e2-17bd-4241-92fb-fa9df46e625c" testListId="8c84fa94-04c1-424b-9868-57a2d4851a1d" />
    <TestEntry testId="a94027fb-8741-0358-60a0-79da4714131a" executionId="4e64b42f-a177-43fd-a9a9-ad53f8380949" testListId="8c84fa94-04c1-424b-9868-57a2d4851a1d" />
    <TestEntry testId="8ed8a62c-d6e9-198e-ae0c-26687ea775fc" executionId="d8472d0d-1b21-43ea-a8d8-63c36fef78d1" testListId="8c84fa94-04c1-424b-9868-57a2d4851a1d" />
    <TestEntry testId="7785283e-2fa2-577d-b099-0811bd86332e" executionId="b0294f14-7cb0-4209-8184-bf72b2f9a55d" testListId="8c84fa94-04c1-424b-9868-57a2d4851a1d" />
    <TestEntry testId="002eaebf-a01f-d452-7b16-eb46be988df6" executionId="b6a9a8dc-7a39-42c3-8c7a-a8c16bef803d" testListId="8c84fa94-04c1-424b-9868-57a2d4851a1d" />
    <TestEntry testId="b6298783-c9b1-ba27-491e-9e45d1b4abea" executionId="24a2631c-f647-4244-9b11-0709f5a120bc" testListId="8c84fa94-04c1-424b-9868-57a2d4851a1d" />
    <TestEntry testId="904befda-a066-d594-f096-7682165f1bea" executionId="b107001d-467e-45a6-96e9-c195fd38118d" testListId="8c84fa94-04c1-424b-9868-57a2d4851a1d" />
    <TestEntry testId="e3d40a78-7398-4a22-fa97-68b3e9fe9d7e" executionId="b0907b2c-5f2b-43bb-b5f8-479bfa76ca5e" testListId="8c84fa94-04c1-424b-9868-57a2d4851a1d" />
    <TestEntry testId="3aa2df7a-4bcf-30d2-3510-215610c27c6a" executionId="72777df5-427a-4a49-a0cc-d42a4d8423db" testListId="8c84fa94-04c1-424b-9868-57a2d4851a1d" />
    <TestEntry testId="a6be2696-0cfa-7509-97d1-769ed4f8bc42" executionId="99401ffd-0cb5-4ba7-9384-24cb991aba55" testListId="8c84fa94-04c1-424b-9868-57a2d4851a1d" />
    <TestEntry testId="bf6d4cfe-f7f8-bda4-adec-4a809b3ae095" executionId="d20a303b-7380-49aa-ad13-76c3d0193675" testListId="8c84fa94-04c1-424b-9868-57a2d4851a1d" />
    <TestEntry testId="4de8177c-a3ef-ef0e-c081-9ae3f23c7531" executionId="b78866bc-e22c-4a7a-833d-0f312bea3a97" testListId="8c84fa94-04c1-424b-9868-57a2d4851a1d" />
    <TestEntry testId="5acd4d80-5c98-c1e6-89be-c4543e302d25" executionId="de333ad3-fcd1-429d-aaac-55451e012db3" testListId="8c84fa94-04c1-424b-9868-57a2d4851a1d" />
    <TestEntry testId="b2cf74ef-0af5-e7f1-61af-1a4383953923" executionId="c062a707-0e44-406c-a80b-bb6ce1bce86b" testListId="8c84fa94-04c1-424b-9868-57a2d4851a1d" />
    <TestEntry testId="37321cf0-c01b-eed6-3d62-c68e4caefa2a" executionId="4fd47331-2556-4ed7-9e19-ebba657bf551" testListId="8c84fa94-04c1-424b-9868-57a2d4851a1d" />
    <TestEntry testId="e9af5911-ac89-b1d9-f02f-d942b57cba23" executionId="d3aeca9a-ab51-47e7-9b31-8141399012f3" testListId="8c84fa94-04c1-424b-9868-57a2d4851a1d" />
    <TestEntry testId="6f70f028-4b1a-be4e-c821-5b04f77f1689" executionId="80dbad25-2a4a-49a1-ba6b-8fecd5bcfb49" testListId="8c84fa94-04c1-424b-9868-57a2d4851a1d" />
    <TestEntry testId="5e07aaee-af05-c07d-f2b3-414cd34710c1" executionId="18daa9de-a822-49c9-962e-b456e4c317cb" testListId="8c84fa94-04c1-424b-9868-57a2d4851a1d" />
    <TestEntry testId="699e6104-9a78-55e1-d40b-119cadc433c3" executionId="27b2ffa1-e928-4cd9-a1b6-300288e937e7" testListId="8c84fa94-04c1-424b-9868-57a2d4851a1d" />
    <TestEntry testId="c72e751f-4715-ef7d-d196-f91200915af9" executionId="8fd55516-7acf-4170-87ec-4e4c8580e9d9" testListId="8c84fa94-04c1-424b-9868-57a2d4851a1d" />
    <TestEntry testId="b4784567-afa7-ed1d-3bc1-4928fe30a7c6" executionId="f5f09cdd-789c-4da4-98c3-ffe9dc72a523" testListId="8c84fa94-04c1-424b-9868-57a2d4851a1d" />
    <TestEntry testId="3b41359e-553a-c4ee-01d7-ffa32d869aeb" executionId="99c4ee2d-05fe-4dea-bd9a-a3e79e6d8ce7" testListId="8c84fa94-04c1-424b-9868-57a2d4851a1d" />
    <TestEntry testId="5ff0fe88-c4c8-57d3-5b1a-3f39e1a69737" executionId="8040d7fc-c89e-46c7-aa46-70b5db3d572d" testListId="8c84fa94-04c1-424b-9868-57a2d4851a1d" />
    <TestEntry testId="c245435d-b0a3-64c2-7ed0-ff76f4852c23" executionId="6d6510cb-81cb-4b39-9e99-6807f43a3227" testListId="8c84fa94-04c1-424b-9868-57a2d4851a1d" />
    <TestEntry testId="ca8cc89b-95c4-4a59-05b6-133bc1edac9b" executionId="d76c2b59-84ca-4b55-b690-bb34543c75aa" testListId="8c84fa94-04c1-424b-9868-57a2d4851a1d" />
    <TestEntry testId="6772f89f-c983-ba69-e6fa-efff4c2a9593" executionId="58d6125a-534e-4627-88b2-c78577e39a3d" testListId="8c84fa94-04c1-424b-9868-57a2d4851a1d" />
    <TestEntry testId="e200f5e5-ea4d-ef93-2426-d0d7b0ec2c29" executionId="67845bb9-0f5c-4984-8855-a6ffc670e483" testListId="8c84fa94-04c1-424b-9868-57a2d4851a1d" />
    <TestEntry testId="9494a386-627a-d9e9-f044-8a9379f54cd7" executionId="c178d828-747b-4e13-9628-0c551d33eb5e" testListId="8c84fa94-04c1-424b-9868-57a2d4851a1d" />
    <TestEntry testId="37051fb3-77bb-cf2b-6c03-648a546869cc" executionId="edf7fff9-55d2-4737-b9dc-bca1e3ff764d" testListId="8c84fa94-04c1-424b-9868-57a2d4851a1d" />
    <TestEntry testId="7d34bcc7-299a-cd33-e29a-dd50b189da87" executionId="2deb496c-52ef-4b64-8b3d-200f4b22e6b8" testListId="8c84fa94-04c1-424b-9868-57a2d4851a1d" />
    <TestEntry testId="856bbfd7-07ce-4e80-13d9-f04e4e3755c8" executionId="8e7f4550-8349-45a8-b0d9-6a992b7cc18f" testListId="8c84fa94-04c1-424b-9868-57a2d4851a1d" />
    <TestEntry testId="286a79c1-cf38-10b2-3c66-6238db8d2e6b" executionId="a3b5c85d-74b0-40ce-ab15-35d0a79c18d4" testListId="8c84fa94-04c1-424b-9868-57a2d4851a1d" />
    <TestEntry testId="b7d3a67a-8e46-fe49-d504-31fe9e1a6693" executionId="b1f4bd59-e4e1-4b1d-9490-49e11611b14d" testListId="8c84fa94-04c1-424b-9868-57a2d4851a1d" />
    <TestEntry testId="1f28150e-cea8-6a19-096e-e7f09fc4f033" executionId="9775712d-37d4-457d-a69d-63b12169a082" testListId="8c84fa94-04c1-424b-9868-57a2d4851a1d" />
    <TestEntry testId="e1d12073-8a41-eb5a-464c-27f8af3d47be" executionId="8e77d074-5b05-420e-9884-80ec362a440a" testListId="8c84fa94-04c1-424b-9868-57a2d4851a1d" />
    <TestEntry testId="c4ed5dd6-97b8-f60b-60a1-3ed3850e6fa1" executionId="f9760d88-2de8-412b-a006-63a33996077b" testListId="8c84fa94-04c1-424b-9868-57a2d4851a1d" />
    <TestEntry testId="3cc1457a-7db2-e650-a582-3cc4ef74bd86" executionId="e0d84d10-86f4-4460-99f3-1a636697b7d1" testListId="8c84fa94-04c1-424b-9868-57a2d4851a1d" />
    <TestEntry testId="4020b962-22b9-9020-b548-6e681ed8f485" executionId="74c28102-656e-4714-9a8b-f3d178b6bfa9" testListId="8c84fa94-04c1-424b-9868-57a2d4851a1d" />
    <TestEntry testId="582bd4da-d563-0a40-db6b-689ff84cf20b" executionId="03a49811-0e37-4267-8098-d4e22b9bfcdd" testListId="8c84fa94-04c1-424b-9868-57a2d4851a1d" />
    <TestEntry testId="c2cd20d0-54ba-4173-27de-9e34dd6187a2" executionId="5c792b4d-b1a4-4a27-a7af-adae17f1f139" testListId="8c84fa94-04c1-424b-9868-57a2d4851a1d" />
    <TestEntry testId="70e1e943-d839-5738-2e19-ede049e672ad" executionId="ca3517b7-2991-41cf-b80b-a8e2a4dc49b4" testListId="8c84fa94-04c1-424b-9868-57a2d4851a1d" />
    <TestEntry testId="670e15a2-2818-00a1-83de-8910400e8cfd" executionId="17d95913-0aa7-4b7b-8cf7-393c9819dd47" testListId="8c84fa94-04c1-424b-9868-57a2d4851a1d" />
    <TestEntry testId="97c9bf93-e9b6-7153-32b6-e6a19e001765" executionId="9ffe3c9f-d995-4dcf-be60-1e948ca392f3" testListId="8c84fa94-04c1-424b-9868-57a2d4851a1d" />
    <TestEntry testId="0989752e-4baa-5cb4-5a19-785a2f9a8b1c" executionId="872838d3-2b02-4ef6-ad1a-c87942a7b67b" testListId="8c84fa94-04c1-424b-9868-57a2d4851a1d" />
    <TestEntry testId="f2e1c8e0-2aa8-c927-fab7-283c464add20" executionId="25e73059-d708-4e24-8546-203608e6c2ef" testListId="8c84fa94-04c1-424b-9868-57a2d4851a1d" />
    <TestEntry testId="7879c22d-f4bb-a045-6a39-bd0221cad0a9" executionId="e29f27ea-e929-438c-aadd-a8b906231ee5" testListId="8c84fa94-04c1-424b-9868-57a2d4851a1d" />
    <TestEntry testId="f1227b7d-c8f7-8375-5cb6-1b981226c09d" executionId="3581706f-58b6-4959-a8be-458a3b4147d5" testListId="8c84fa94-04c1-424b-9868-57a2d4851a1d" />
    <TestEntry testId="5ba5d283-3fc5-9bfc-7776-8e3e68851e24" executionId="87d6e13b-209c-4dea-9240-5c2a67c2071a" testListId="8c84fa94-04c1-424b-9868-57a2d4851a1d" />
    <TestEntry testId="83d01415-0376-964e-248c-a57968d4c4ba" executionId="3a63aa19-fac9-4806-9aed-4d56e1e0e76b" testListId="8c84fa94-04c1-424b-9868-57a2d4851a1d" />
    <TestEntry testId="6e24f7c2-254d-33e4-faf1-26dea1d1bc54" executionId="be1cea47-f16a-43f8-8443-50227410b484" testListId="8c84fa94-04c1-424b-9868-57a2d4851a1d" />
    <TestEntry testId="b6024c5e-cc9f-6000-9f44-e91bed693a04" executionId="189640b0-4eb3-4645-8cb8-f6287a0f4707" testListId="8c84fa94-04c1-424b-9868-57a2d4851a1d" />
    <TestEntry testId="fd5759ff-5cef-d692-26f2-712fc30c6007" executionId="283095b0-0904-4703-a7c6-a67d33c860cc" testListId="8c84fa94-04c1-424b-9868-57a2d4851a1d" />
    <TestEntry testId="f40f4a10-7804-b0b1-19cc-183b8b6034d9" executionId="3c38cd46-ca41-431b-b194-89fed4577924" testListId="8c84fa94-04c1-424b-9868-57a2d4851a1d" />
    <TestEntry testId="85571e0c-41e0-2a36-b25a-34ddc2fba4c9" executionId="6f4730c8-5ad3-4bba-b2c7-eabfa6cba743" testListId="8c84fa94-04c1-424b-9868-57a2d4851a1d" />
    <TestEntry testId="1e4cf267-2c9b-233b-e477-c77c4907d14b" executionId="2ce48f3c-b3d7-4217-90ed-5e47a7e834f9" testListId="8c84fa94-04c1-424b-9868-57a2d4851a1d" />
    <TestEntry testId="b0364036-532a-17f0-e240-4b2f7553b7e5" executionId="00a64b26-5a42-4dce-b3df-a24d4fe497da" testListId="8c84fa94-04c1-424b-9868-57a2d4851a1d" />
  </TestEntries>
  <TestLists>
    <TestList name="Results Not in a List" id="8c84fa94-04c1-424b-9868-57a2d4851a1d" />
    <TestList name="All Loaded Results" id="19431567-8539-422a-85d7-44ee4e166bda" />
  </TestLists>
  <ResultSummary outcome="Completed">
    <Counters total="64" executed="64" passed="64" failed="0" error="0" timeout="0" aborted="0" inconclusive="0" passedButRunAborted="0" notRunnable="0" notExecuted="0" disconnected="0" warning="0" completed="0" inProgress="0" pending="0" />
    <Output>
      <StdOut>[xUnit.net 00:00:00.00] xUnit.net VSTest Adapter v2.4.5+1caef2f33e (64-bit .NET 7.0.1)&#xD;
[xUnit.net 00:00:00.47]   Discovering: S2Cognition.Integrations.Monday.Core.Tests&#xD;
[xUnit.net 00:00:00.50]   Discovered:  S2Cognition.Integrations.Monday.Core.Tests&#xD;
[xUnit.net 00:00:00.50]   Starting:    S2Cognition.Integrations.Monday.Core.Tests&#xD;
[xUnit.net 00:00:00.70]   Finished:    S2Cognition.Integrations.Monday.Core.Tests&#xD;
</StdOut>
    </Output>
  </ResultSummary>
</TestRun>