<?xml version="1.0" encoding="utf-8"?>
<TestRun id="56565d1b-3352-4675-b027-d0cdd0e86dcf" name="CharlesMcCullough@MSI 2022-12-29 12:07:09" runUser="AzureAD\CharlesMcCullough" xmlns="http://microsoft.com/schemas/VisualStudio/TeamTest/2010">
  <Times creation="2022-12-29T12:07:09.7332679-06:00" queuing="2022-12-29T12:07:09.7332684-06:00" start="2022-12-29T12:07:06.5809822-06:00" finish="2022-12-29T12:07:09.7339299-06:00" />
  <TestSettings name="default" id="803243b5-bb30-49e6-a47d-bb09a6f312e5">
    <Deployment runDeploymentRoot="CharlesMcCullough_MSI_2022-12-29_12_07_09" />
  </TestSettings>
  <TestLists>
    <TestList name="Results Not in a List" id="8c84fa94-04c1-424b-9868-57a2d4851a1d" />
    <TestList name="All Loaded Results" id="19431567-8539-422a-85d7-44ee4e166bda" />
  </TestLists>
  <ResultSummary outcome="Completed">
    <Counters total="0" executed="0" passed="0" failed="0" error="0" timeout="0" aborted="0" inconclusive="0" passedButRunAborted="0" notRunnable="0" notExecuted="0" disconnected="0" warning="0" completed="0" inProgress="0" pending="0" />
    <Output>
      <StdOut>[xUnit.net 00:00:00.00] xUnit.net VSTest Adapter v2.4.5+1caef2f33e (64-bit .NET 7.0.1)&#xD;
[xUnit.net 00:00:00.99]   Discovering: S2Cognition.Integrations.Microsoft.AzureDevOps.Tests&#xD;
[xUnit.net 00:00:01.00]   Discovered:  S2Cognition.Integrations.Microsoft.AzureDevOps.Tests&#xD;
</StdOut>
    </Output>
    <RunInfos>
      <RunInfo computerName="MSI" outcome="Warning" timestamp="2022-12-29T12:07:09.5856441-06:00">
        <Text>No test is available in C:\Integrations\S2Cognition.Integrations\S2Cognition.Integrations.Microsoft.AzureDevOps.Tests\bin\Debug\net7.0\S2Cognition.Integrations.Microsoft.AzureDevOps.Tests.dll. Make sure that test discoverer &amp; executors are registered and platform &amp; framework version settings are appropriate and try again.</Text>
      </RunInfo>
    </RunInfos>
  </ResultSummary>
</TestRun>